Log file open, 06/02/15 09:15:33
LogInit:Display: Running engine for game: Shooter
LogInit: Version: 4.7.6-2513093+++depot+UE4-Releases+4.7
LogInit: API Version: 2455222
LogInit: Compiled (64-bit): Apr 15 2015 12:09:54
LogInit: Compiled with Visual C++: 18.00.21005.01
LogInit: Build Configuration: Development
LogInit: Branch Name: ++depot+UE4-Releases+4.7
LogInit: Command line: 
LogInit: Base directory: D:/Epic Games/4.7/Engine/Binaries/Win64/
LogInit: Rocket: 1
[2015.06.02-13.15.33:599][  0]LogTaskGraph: Started task graph with 3 named threads and 6 total threads.
[2015.06.02-13.15.33:676][  0]LogOnline:Warning: No default platform service specified for OnlineSubsystem
[2015.06.02-13.15.33:701][  0]LogInit: Presizing for 0 objects not considered by GC, pre-allocating 0 bytes.
[2015.06.02-13.15.33:713][  0]LogInit: Object subsystem initialized
[2015.06.02-13.15.33:715][  0]LogConsoleResponse:Warning: Skipping Unknown console variable: 'TranslucentSortAxis = (X=0.000000,Y=-1.000000,Z=0.000000)'
[2015.06.02-13.15.33:715][  0]LogConsoleResponse:Warning:   Found in ini file 'C:/Users/guillaume/Documents/Unreal Projects/Shooter/Saved/Config/Windows/Engine.ini', in section '[/Script/Engine.RendererSettings]'
[2015.06.02-13.15.33:715][  0]LogConsoleResponse:Warning: Skipping Unknown console variable: 'UIScaleRule = ShortestSide'
[2015.06.02-13.15.33:715][  0]LogConsoleResponse:Warning:   Found in ini file 'C:/Users/guillaume/Documents/Unreal Projects/Shooter/Saved/Config/Windows/Engine.ini', in section '[/Script/Engine.RendererSettings]'
[2015.06.02-13.15.33:715][  0]LogConsoleResponse:Warning: Skipping Unknown console variable: 'UIScaleCurve = (EditorCurveData=(Keys=),ExternalCurve=None)'
[2015.06.02-13.15.33:715][  0]LogConsoleResponse:Warning:   Found in ini file 'C:/Users/guillaume/Documents/Unreal Projects/Shooter/Saved/Config/Windows/Engine.ini', in section '[/Script/Engine.RendererSettings]'
[2015.06.02-13.15.33:716][  0]LogInit: Selected Device Profile: [Windows]
[2015.06.02-13.15.33:716][  0]LogInit: Applying CVar settings loaded from the selected device profile: [Windows]
[2015.06.02-13.15.33:725][  0]LogInit: Computer: MSI-GUILLAUME
[2015.06.02-13.15.33:725][  0]LogInit: User: guillaume
[2015.06.02-13.15.33:725][  0]LogInit: CPU Page size=4096, Cores=4
[2015.06.02-13.15.33:725][  0]LogInit: High frequency timer resolution =2.435773 MHz
[2015.06.02-13.15.33:725][  0]LogMemory: Memory total: Physical=16.0GB (16GB approx) Virtual=131072.0GB
[2015.06.02-13.15.33:725][  0]LogMemory: Platform Memory Stats for Windows
[2015.06.02-13.15.33:725][  0]LogMemory: Process Physical Memory: 46.88 MB used, 46.88 MB peak
[2015.06.02-13.15.33:725][  0]LogMemory: Process Virtual Memory: 25.43 MB used, 25.43 MB peak
[2015.06.02-13.15.33:725][  0]LogMemory: Physical Memory: 3319.55 MB used, 16336.83 MB total
[2015.06.02-13.15.33:725][  0]LogMemory: Virtual Memory: 298.74 MB used, 134217728.00 MB total
[2015.06.02-13.15.33:799][  0]LogD3D11RHI: Found D3D11 adapter 0: NVIDIA GeForce GTX 970M    (Feature Level 11_0)
[2015.06.02-13.15.33:799][  0]LogD3D11RHI: Adapter has 5980MB of dedicated video memory, 0MB of dedicated system memory, and 8168MB of shared system memory, 1 output[s]
[2015.06.02-13.15.33:802][  0]LogD3D11RHI: Found D3D11 adapter 1: Microsoft Basic Render Driver (Feature Level 11_0)
[2015.06.02-13.15.33:802][  0]LogD3D11RHI: Adapter has 0MB of dedicated video memory, 0MB of dedicated system memory, and 256MB of shared system memory, 0 output[s]
[2015.06.02-13.15.33:802][  0]LogD3D11RHI: Chosen D3D11 Adapter Id = 0
[2015.06.02-13.15.33:809][  0]LogRHI: Texture pool is 1361 MB (70% of 1945 MB)
[2015.06.02-13.15.33:836][  0]LogD3D11RHI: Async texture creation enabled
[2015.06.02-13.15.33:922][  0]LogTextLocalizationManager: The requested culture ('fr_CA') has no localization data; falling back to 'en' for localization and internationalization data.
[2015.06.02-13.15.34:012][  0]LogTextLocalizationManager:Warning: Loading localization resources contain conflicting entries for (Namespace:UICommands, Key:Save_ToolTip):
Resource: (D:/Epic Games/4.7/Engine/Content/Localization/Editor/en/Editor.locres) Hash: (-29098895) String: (Saves the current level to disk)
Resource: (D:/Epic Games/4.7/Engine/Content/Localization/Engine/en/Engine.locres) Hash: (-1280300587) String: (Save selected data to vlog file)
[2015.06.02-13.15.34:012][  0]LogTextLocalizationManager:Warning: Loading localization resources contain conflicting entries for (Namespace:ContentBrowser, Key:ImportAssetToolTip):
Resource: (D:/Epic Games/4.7/Engine/Content/Localization/Editor/en/Editor.locres) Hash: (-630476809) String: (Import to {0}...)
Resource: (D:/Epic Games/4.7/Engine/Content/Localization/Editor/en/Editor.locres) Hash: (1271782899) String: (Imports an asset from file to this folder.)
[2015.06.02-13.15.34:081][  0]LogContentStreaming: Texture pool size is 0.000000MB
[2015.06.02-13.15.35:975][  0]LogTargetPlatformManager:Display: Building Assets For Windows
[2015.06.02-13.15.36:412][  0]LogTargetPlatformManager:Display: Building Assets For Windows
[2015.06.02-13.15.36:482][  0]LogDerivedDataCache:Display: Max Cache Size: 512 MB
[2015.06.02-13.15.36:519][  0]LogDerivedDataCache: Loaded boot cache 0.04s 39MB C:/Users/guillaume/AppData/Local/UnrealEngine/4.7/DerivedDataCache/Boot.ddc.
[2015.06.02-13.15.36:519][  0]LogDerivedDataCache:Display: Loaded Boot cache: C:/Users/guillaume/AppData/Local/UnrealEngine/4.7/DerivedDataCache/Boot.ddc
[2015.06.02-13.15.36:519][  0]LogDerivedDataCache: FDerivedDataBackendGraph:  Pak pak cache file C:/Users/guillaume/Documents/Unreal Projects/Shooter/DerivedDataCache/DDC.ddp not found, will not use a pak cache.
[2015.06.02-13.15.36:519][  0]LogDerivedDataCache: Unable to find inner node Pak for hierarchical cache Hierarchy.
[2015.06.02-13.15.36:618][  0]LogDerivedDataCache:Display: Pak cache opened for reading ../../../Engine/DerivedDataCache/Compressed.ddp.
[2015.06.02-13.15.36:630][  0]LogDerivedDataCache: Using Local data cache path C:/Users/guillaume/AppData/Local/UnrealEngine/Common/DerivedDataCache: Writable
[2015.06.02-13.15.36:854][  0]LogMeshUtilities: No automatic mesh reduction module available
[2015.06.02-13.15.36:854][  0]LogMeshUtilities: No automatic mesh merging module available
[2015.06.02-13.15.37:282][  0]LogInit: WinSock: version 1.1 (2.2), MaxSocks=32767, MaxUdp=65467
[2015.06.02-13.15.37:335][  0]LogSlate:Warning: Failed to load font data from '../../../Engine/Content/Slate/Fonts/Roboto-Italic.ttf'
[2015.06.02-13.15.37:988][  0]UdpMessaging: Initializing bridge on interface 0.0.0.0:0 to multicast group 230.0.0.1:6666.
[2015.06.02-13.15.38:182][  0]SourceControl: Info Source control is disabled
[2015.06.02-13.15.38:182][  0]SourceControl: Info Source control is disabled
[2015.06.02-13.15.38:182][  0]SourceControl: Info Source control is disabled
[2015.06.02-13.15.38:188][  0]LogSourceControl: RunCommandInternalRaw: 'git version'
[2015.06.02-13.15.38:457][  0]LogSourceControl: RunCommandInternalRaw: ExecProcess ReturnCode=0 OutResults='git version 1.9.5.msysgit.1
'
[2015.06.02-13.15.38:588][  0]LogObj: 24232 objects as part of root set at end of initial load.
[2015.06.02-13.15.38:588][  0]LogUObjectAllocator: 5137176 out of 0 bytes used by permanent object pool.
[2015.06.02-13.15.38:656][  0]LogEngine: Initializing Engine...
[2015.06.02-13.15.40:851][  0]LogInit: XAudio2 using 'Speakers (Realtek High Definition Audio)' : 2 channels at 48 kHz using 32 bits per sample (channel mask 0x3)
[2015.06.02-13.15.40:873][  0]LogInit: FAudioDevice initialized.
[2015.06.02-13.15.40:899][  0]LogAIModule: Creating AISystem for world NewWorld
[2015.06.02-13.15.40:918][  0]LogDerivedDataCache: Saved boot cache 0.02s 39MB C:/Users/guillaume/AppData/Local/UnrealEngine/4.7/DerivedDataCache/Boot.ddc.
[2015.06.02-13.15.40:921][  0]LogInit: Texture streaming: Enabled
[2015.06.02-13.15.41:024][  0]LogAnalytics: Creating configured Analytics provider AnalyticsET
[2015.06.02-13.15.41:024][  0]LogAnalytics: ET APIKey = Rocket.Release. APIServer = http://et2.epicgames.com/ET2/. AppVersion = 4.7.6-2513093+++depot+UE4-Releases+4.7
[2015.06.02-13.15.41:024][  0]LogAnalytics: ET APIKey = Rocket.Release. DataRouterUploadURL = https://datarouter-public-service-gamedev.ol.epicgames.net/datarouter/api/v1/public/data. AppVersion = 4.7.6-2513093+++depot+UE4-Releases+4.7
[2015.06.02-13.15.41:025][  0]LogAnalytics: SetUserId e3487cae44029761e470c8b4123de03d|c7a288572b714f9898c556981a74ab33|66f320fe-673b-44ee-aa7f-b0a8f0fff000
[2015.06.02-13.15.41:025][  0]LogAnalytics: AnalyticsET::StartSession [Rocket.Release]
[2015.06.02-13.15.41:043][  0]LogInit: Transaction tracking system initialized
[2015.06.02-13.15.41:164][  0]BlueprintLog: New page: Editor Load
[2015.06.02-13.15.41:191][  0]LogAssetRegistry: FAssetRegistry took 0.0107 seconds to start up
[2015.06.02-13.15.41:191][  0]LogDirectoryWatcher:Warning: Failed to begin reading directory changes for ../../../Engine/Plugins/Experimental/CharacterAI/Content/. Error: 0
[2015.06.02-13.15.41:625][  0]LogTargetPlatformManager:Display: Building Assets For Windows
[2015.06.02-13.15.41:946][  0]LogTargetPlatformManager:Display: Building Assets For Windows
[2015.06.02-13.15.42:174][  0]LogSlate:Warning: Failed to load font data from '../../../Engine/Content/Editor/Slate/Fonts/Roboto-Regular.ttf'
[2015.06.02-13.15.42:175][  0]LogSlate:Warning: Failed to load font data from '../../../Engine/Content/Editor/Slate/Fonts/Roboto-Bold.ttf'
[2015.06.02-13.15.42:249][  0]LogConsoleResponse:Display: 
[2015.06.02-13.15.42:628][  0]LogCook:Display: Done creating registry. It took  0.00s.
[2015.06.02-13.15.42:809][  0]LogSourceControl: RunCommandInternalRaw: 'git version'
[2015.06.02-13.15.42:849][  0]LogSourceControl: RunCommandInternalRaw: ExecProcess ReturnCode=0 OutResults='git version 1.9.5.msysgit.1
'
[2015.06.02-13.15.42:849][  0]Cmd: MAP LOAD FILE="C:/Users/guillaume/Documents/Unreal Projects/Shooter/Content/FirstPersonBP/Maps/FirstPersonExampleMap.umap" TEMPLATE=0 SHOWPROGRESS=1 FEATURELEVEL=3
[2015.06.02-13.15.42:852][  0]LightingResults: New page: Lighting Build
[2015.06.02-13.15.42:860][  0]MapCheck: New page: Map Check
[2015.06.02-13.15.42:860][  0]LightingResults: New page: Lighting Build
[2015.06.02-13.15.42:870][  0]LogParticles: Destroying 0 GPU particle simulations for FXSystem 0x0000006E12F7E980
[2015.06.02-13.15.42:906][  0]LogLinker:Warning: Asset '../../../Engine/Content/EngineMeshes/Humanoid.uasset' has been saved with empty engine version. The asset will be loaded but may be incompatible.
[2015.06.02-13.15.46:628][  0]LogEditorServer: Finished looking for orphan Actors (0.000 secs)
[2015.06.02-13.15.47:506][  0]LogAIModule: Creating AISystem for world FirstPersonExampleMap
[2015.06.02-13.15.47:545][  0]Cmd: MAP CHECKDEP
[2015.06.02-13.15.47:545][  0]MapCheck: New page: FirstPersonExampleMap - Jun 2, 2015, 5:15:47 AM
[2015.06.02-13.15.47:670][  0]MapCheck: Info Map check complete: 0 Error(s), 0 Warning(s), took 125.151ms to complete.
[2015.06.02-13.15.47:670][  0]LogFileHelpers: Loading map 'FirstPersonExampleMap' took 4.821
[2015.06.02-13.15.48:222][  0]LogSourceControl: RunCommandInternalRaw: 'git status'
[2015.06.02-13.15.48:223][  0]LogSourceControl: RunCommandInternalRaw: ExecProcess ReturnCode=0 OutResults='On branch Guillaume
Your branch is up-to-date with 'GitHubShooter/Guillaume'.

Changes not staged for commit:
  (use "git add/rm <file>..." to update what will be committed)
  (use "git checkout -- <file>..." to discard changes in working directory)

	modified:   Intermediate/CachedAssetRegistry.bin
	modified:   Saved/AutoScreenshot.png
	modified:   Saved/Config/Windows/Editor.ini
	modified:   Saved/Config/Windows/EditorLayout.ini
	modified:   Saved/Config/Windows/EditorUserSettings.ini
	deleted:    Saved/Logs/Shooter-backup-2015.05.19-13.48.28.log
	deleted:    Saved/Logs/Shooter-backup-2015.05.19-16.15.40.log
	deleted:    Saved/Logs/Shooter-backup-2015.05.20-09.09.26.log
	deleted:    Saved/Logs/Shooter-backup-2015.05.23-10.16.03.log
	deleted:    Saved/Logs/Shooter-backup-2015.05.23-11.24.25.log
	deleted:    Saved/Logs/Shooter-backup-2015.05.23-12.02.12.log
	deleted:    Saved/Logs/Shooter-backup-2015.05.23-21.52.18.log
	deleted:    Saved/Logs/Shooter-backup-2015.05.24-12.05.32.log
	modified:   Saved/Logs/Shooter.log

Untracked files:
  (use "git add <file>..." to include in what will be committed)

	Saved/Logs/Shooter-backup-2015.06.02-09.15.33.log

no changes added to commit (use "git add" and/or "git commit -a")
'
[2015.06.02-13.15.48:223][  0]LogSourceControl: RunCommandInternalRaw: 'git symbolic-ref --short HEAD'
[2015.06.02-13.15.48:223][  0]LogCollectionManager: Loaded 0 collections in 0.001118 seconds
[2015.06.02-13.15.48:231][  0]LogSourceControl: RunCommandInternalRaw: ExecProcess ReturnCode=0 OutResults='Guillaume
'
[2015.06.02-13.15.48:231][  0]LogContentBrowser: Native class hierarchy populated in 0.0084 seconds. Added 1696 classes and 261 folders.
[2015.06.02-13.15.48:353][  0]LogContentBrowser: Native class hierarchy updated for 'SceneOutliner' in 0.0016 seconds. Added 1 classes and 2 folders.
[2015.06.02-13.15.48:816][  0]LogCrashTracker: Crashtracker disabled due to settings.
[2015.06.02-13.15.48:849][  0]LogSlate:Warning: Failed to load font data from 'Veranda'
[2015.06.02-13.15.48:859][  0]LogUObjectGlobals:Warning: Failed to find object 'Class None.'
[2015.06.02-13.15.48:898][  0]LogLoad: Full Startup: 17.14 seconds (BP compile: 1.42 seconds)
[2015.06.02-13.15.48:961][  0]LogContentBrowser:Verbose: The content browser source was changed by the sources view to '/Game/FirstPersonBP/Blueprints'
[2015.06.02-13.15.49:274][  0]SourceControl: Info Guillaume
[2015.06.02-13.15.49:439][  0]LogRenderer:Warning: Reallocating scene render targets to support 32x32 (Frame:2).
[2015.06.02-13.15.49:956][  0]LogRenderer:Warning: Reallocating scene render targets to support 1208x576 (Frame:3).
[2015.06.02-13.15.51:167][  6]LogAssetRegistry: Asset discovery search completed in 9.9865 seconds
[2015.06.02-13.15.51:440][ 21]LogSourceControl: RunCommandInternalRaw: 'git status --porcelain --ignored "C:/Users/guillaume/Documents/Unreal Projects/Shooter/Content/FirstPersonBP/Blueprints/AmmoBox.uasset" "C:/Users/guillaume/Documents/Unreal Projects/Shooter/Content/FirstPersonBP/Blueprints/CheckpointCube_Blueprint.uasset" "C:/Users/guillaume/Documents/Unreal Projects/Shooter/Content/FirstPersonBP/Blueprints/DamageCube_Blueprint.uasset" "C:/Users/guillaume/Documents/Unreal Projects/Shooter/Content/FirstPersonBP/Blueprints/FirstPersonCharacter.uasset" "C:/Users/guillaume/Documents/Unreal Projects/Shooter/Content/FirstPersonBP/Blueprints/FirstPersonProjectile.uasset" "C:/Users/guillaume/Documents/Unreal Projects/Shooter/Content/FirstPersonBP/Blueprints/HealthBox.uasset" "C:/Users/guillaume/Documents/Unreal Projects/Shooter/Content/FirstPersonBP/Blueprints/HealthCube.uasset" "C:/Users/guillaume/Documents/Unreal Projects/Shooter/Content/FirstPersonBP/Blueprints/HookCube.uasset" "C:/Users/guillaume/Documents/Unreal Projects/Shooter/Content/FirstPersonBP/Blueprints/HookWall.uasset" "C:/Users/guillaume/Documents/Unreal Projects/Shooter/Content/FirstPersonBP/Blueprints/Killzone_Blueprint.uasset" "C:/Users/guillaume/Documents/Unreal Projects/Shooter/Content/FirstPersonBP/Blueprints/MyShake.uasset" "C:/Users/guillaume/Documents/Unreal Projects/Shooter/Content/FirstPersonBP/Blueprints/WidgetHUD.uasset"'
[2015.06.02-13.15.51:506][ 24]LogSourceControl: RunCommandInternalRaw: ExecProcess ReturnCode=0 OutResults=''
[2015.06.02-13.15.54:779][215]LogSourceControl: RunCommandInternalRaw: 'git status --porcelain --ignored "C:/Users/guillaume/Documents/Unreal Projects/Shooter/Content/FirstPersonBP/Blueprints/FirstPersonGameMode.uasset" "C:/Users/guillaume/Documents/Unreal Projects/Shooter/Content/FirstPersonBP/Blueprints/FirstPersonHUD.uasset"'
[2015.06.02-13.15.54:830][218]LogSourceControl: RunCommandInternalRaw: ExecProcess ReturnCode=0 OutResults=''
[2015.06.02-13.16.09:191][ 21]LogContentBrowser:Verbose: The content browser source was changed by the sources view to '/Game/FirstPersonBP/Blueprints'
[2015.06.02-13.16.10:202][ 80]LogSourceControl: RunCommandInternalRaw: 'git status --porcelain --ignored "C:/Users/guillaume/Documents/Unreal Projects/Shooter/Content/FirstPersonBP/Blueprints/AmmoBox.uasset" "C:/Users/guillaume/Documents/Unreal Projects/Shooter/Content/FirstPersonBP/Blueprints/CheckpointCube_Blueprint.uasset" "C:/Users/guillaume/Documents/Unreal Projects/Shooter/Content/FirstPersonBP/Blueprints/DamageCube_Blueprint.uasset" "C:/Users/guillaume/Documents/Unreal Projects/Shooter/Content/FirstPersonBP/Blueprints/FirstPersonCharacter.uasset" "C:/Users/guillaume/Documents/Unreal Projects/Shooter/Content/FirstPersonBP/Blueprints/FirstPersonGameMode.uasset" "C:/Users/guillaume/Documents/Unreal Projects/Shooter/Content/FirstPersonBP/Blueprints/FirstPersonHUD.uasset" "C:/Users/guillaume/Documents/Unreal Projects/Shooter/Content/FirstPersonBP/Blueprints/FirstPersonProjectile.uasset" "C:/Users/guillaume/Documents/Unreal Projects/Shooter/Content/FirstPersonBP/Blueprints/HealthBox.uasset" "C:/Users/guillaume/Documents/Unreal Projects/Shooter/Content/FirstPersonBP/Blueprints/HealthCube.uasset" "C:/Users/guillaume/Documents/Unreal Projects/Shooter/Content/FirstPersonBP/Blueprints/HookCube.uasset" "C:/Users/guillaume/Documents/Unreal Projects/Shooter/Content/FirstPersonBP/Blueprints/HookWall.uasset" "C:/Users/guillaume/Documents/Unreal Projects/Shooter/Content/FirstPersonBP/Blueprints/Killzone_Blueprint.uasset" "C:/Users/guillaume/Documents/Unreal Projects/Shooter/Content/FirstPersonBP/Blueprints/MyShake.uasset" "C:/Users/guillaume/Documents/Unreal Projects/Shooter/Content/FirstPersonBP/Blueprints/WidgetHUD.uasset"'
[2015.06.02-13.16.10:267][ 84]LogSourceControl: RunCommandInternalRaw: ExecProcess ReturnCode=0 OutResults=''
[2015.06.02-13.16.13:946][304]LogContentBrowser:Verbose: The content browser source was changed by the sources view to '/Game/FirstPersonBP/Blueprints/AI'
[2015.06.02-13.16.15:904][411]LogContentBrowser:Verbose: The content browser source was changed by the sources view to '/Game/FirstPersonBP/Blueprints/AI'
[2015.06.02-13.16.22:631][811]LogContentBrowser:Verbose: The content browser source was changed by the sources view to '/Game/FirstPersonBP/Blueprints/AI'
[2015.06.02-13.16.27:582][108]LogContentBrowser:Verbose: The content browser source was changed by the sources view to '/Game/FirstPersonBP/Blueprints/AI/Kamikaze'
[2015.06.02-13.16.40:836][903]LogContentBrowser:Verbose: The content browser source was changed by the sources view to 'None'
[2015.06.02-13.16.41:846][958]LogSourceControl: RunCommandInternalRaw: 'git status --porcelain --ignored "C:/Users/guillaume/Documents/Unreal Projects/Shooter/Content/StarterContent/Maps/Advanced_Lighting.umap"'
[2015.06.02-13.16.41:895][961]LogSourceControl: RunCommandInternalRaw: ExecProcess ReturnCode=0 OutResults=''
[2015.06.02-13.16.42:805][ 15]LogContentBrowser:Verbose: The content browser source was changed by the sources view to '/Game/FirstPersonBP/Blueprints'
[2015.06.02-13.16.43:827][ 74]LogSourceControl: RunCommandInternalRaw: 'git status --porcelain --ignored "C:/Users/guillaume/Documents/Unreal Projects/Shooter/Content/FirstPersonBP/Blueprints/AmmoBox.uasset" "C:/Users/guillaume/Documents/Unreal Projects/Shooter/Content/FirstPersonBP/Blueprints/CheckpointCube_Blueprint.uasset" "C:/Users/guillaume/Documents/Unreal Projects/Shooter/Content/FirstPersonBP/Blueprints/DamageCube_Blueprint.uasset" "C:/Users/guillaume/Documents/Unreal Projects/Shooter/Content/FirstPersonBP/Blueprints/FirstPersonCharacter.uasset" "C:/Users/guillaume/Documents/Unreal Projects/Shooter/Content/FirstPersonBP/Blueprints/FirstPersonGameMode.uasset" "C:/Users/guillaume/Documents/Unreal Projects/Shooter/Content/FirstPersonBP/Blueprints/FirstPersonHUD.uasset" "C:/Users/guillaume/Documents/Unreal Projects/Shooter/Content/FirstPersonBP/Blueprints/FirstPersonProjectile.uasset" "C:/Users/guillaume/Documents/Unreal Projects/Shooter/Content/FirstPersonBP/Blueprints/HealthBox.uasset" "C:/Users/guillaume/Documents/Unreal Projects/Shooter/Content/FirstPersonBP/Blueprints/HealthCube.uasset" "C:/Users/guillaume/Documents/Unreal Projects/Shooter/Content/FirstPersonBP/Blueprints/HookCube.uasset" "C:/Users/guillaume/Documents/Unreal Projects/Shooter/Content/FirstPersonBP/Blueprints/HookWall.uasset" "C:/Users/guillaume/Documents/Unreal Projects/Shooter/Content/FirstPersonBP/Blueprints/Killzone_Blueprint.uasset" "C:/Users/guillaume/Documents/Unreal Projects/Shooter/Content/FirstPersonBP/Blueprints/MyShake.uasset" "C:/Users/guillaume/Documents/Unreal Projects/Shooter/Content/FirstPersonBP/Blueprints/WidgetHUD.uasset"'
[2015.06.02-13.16.43:911][ 79]LogSourceControl: RunCommandInternalRaw: ExecProcess ReturnCode=0 OutResults=''
[2015.06.02-13.16.44:318][103]LogContentBrowser:Verbose: The content browser source was changed by the sources view to '/Game/FirstPersonBP/Blueprints/AI'
[2015.06.02-13.16.44:872][136]LogContentBrowser:Verbose: The content browser source was changed by the sources view to '/Game/FirstPersonBP/Blueprints/AI/Kamikaze'
[2015.06.02-13.16.45:755][189]LogContentBrowser:Verbose: The content browser source was changed by the sources view to '/Game/FirstPersonBP/Blueprints/AI'
[2015.06.02-13.16.46:239][218]LogContentBrowser:Verbose: The content browser source was changed by the sources view to '/Game/FirstPersonBP/Blueprints'
[2015.06.02-13.16.47:257][278]LogSourceControl: RunCommandInternalRaw: 'git status --porcelain --ignored "C:/Users/guillaume/Documents/Unreal Projects/Shooter/Content/FirstPersonBP/Blueprints/AmmoBox.uasset" "C:/Users/guillaume/Documents/Unreal Projects/Shooter/Content/FirstPersonBP/Blueprints/CheckpointCube_Blueprint.uasset" "C:/Users/guillaume/Documents/Unreal Projects/Shooter/Content/FirstPersonBP/Blueprints/DamageCube_Blueprint.uasset" "C:/Users/guillaume/Documents/Unreal Projects/Shooter/Content/FirstPersonBP/Blueprints/FirstPersonCharacter.uasset" "C:/Users/guillaume/Documents/Unreal Projects/Shooter/Content/FirstPersonBP/Blueprints/FirstPersonGameMode.uasset" "C:/Users/guillaume/Documents/Unreal Projects/Shooter/Content/FirstPersonBP/Blueprints/FirstPersonHUD.uasset" "C:/Users/guillaume/Documents/Unreal Projects/Shooter/Content/FirstPersonBP/Blueprints/FirstPersonProjectile.uasset" "C:/Users/guillaume/Documents/Unreal Projects/Shooter/Content/FirstPersonBP/Blueprints/HealthBox.uasset" "C:/Users/guillaume/Documents/Unreal Projects/Shooter/Content/FirstPersonBP/Blueprints/HealthCube.uasset" "C:/Users/guillaume/Documents/Unreal Projects/Shooter/Content/FirstPersonBP/Blueprints/HookCube.uasset" "C:/Users/guillaume/Documents/Unreal Projects/Shooter/Content/FirstPersonBP/Blueprints/HookWall.uasset" "C:/Users/guillaume/Documents/Unreal Projects/Shooter/Content/FirstPersonBP/Blueprints/Killzone_Blueprint.uasset" "C:/Users/guillaume/Documents/Unreal Projects/Shooter/Content/FirstPersonBP/Blueprints/MyShake.uasset" "C:/Users/guillaume/Documents/Unreal Projects/Shooter/Content/FirstPersonBP/Blueprints/WidgetHUD.uasset"'
[2015.06.02-13.16.47:353][284]LogSourceControl: RunCommandInternalRaw: ExecProcess ReturnCode=0 OutResults=''
[2015.06.02-13.23.53:079][862]LogContentBrowser:Verbose: The content browser source was changed by the sources view to '/Game/FirstPersonBP/Blueprints/AI/Turret'
[2015.06.02-13.23.53:684][910]LogContentBrowser:Verbose: The content browser source was changed by the sources view to '/Game/FirstPersonBP/Maps'
[2015.06.02-13.23.54:127][962]LogContentBrowser:Verbose: The content browser source was changed by the sources view to '/Game/FirstPersonBP/Meshes'
[2015.06.02-13.23.55:138][ 39]LogSourceControl: RunCommandInternalRaw: 'git status --porcelain --ignored "C:/Users/guillaume/Documents/Unreal Projects/Shooter/Content/FirstPersonBP/Meshes/CheckpointCubeMaterial.uasset" "C:/Users/guillaume/Documents/Unreal Projects/Shooter/Content/FirstPersonBP/Meshes/CheckpointCubeMaterial_Activated.uasset" "C:/Users/guillaume/Documents/Unreal Projects/Shooter/Content/FirstPersonBP/Meshes/CubeMaterial.uasset" "C:/Users/guillaume/Documents/Unreal Projects/Shooter/Content/FirstPersonBP/Meshes/CubeMesh.uasset" "C:/Users/guillaume/Documents/Unreal Projects/Shooter/Content/FirstPersonBP/Meshes/DamageCubeMaterial.uasset" "C:/Users/guillaume/Documents/Unreal Projects/Shooter/Content/FirstPersonBP/Meshes/FirstPerson_ProjectileMesh.uasset" "C:/Users/guillaume/Documents/Unreal Projects/Shooter/Content/FirstPersonBP/Meshes/FirstPersonCube_Rounded.uasset" "C:/Users/guillaume/Documents/Unreal Projects/Shooter/Content/FirstPersonBP/Meshes/HealthCubeMaterial.uasset" "C:/Users/guillaume/Documents/Unreal Projects/Shooter/Content/FirstPersonBP/Meshes/HookCubeMaterial.uasset" "C:/Users/guillaume/Documents/Unreal Projects/Shooter/Content/FirstPersonBP/Meshes/Material_1.uasset" "C:/Users/guillaume/Documents/Unreal Projects/Shooter/Content/FirstPersonBP/Meshes/Material_2.uasset" "C:/Users/guillaume/Documents/Unreal Projects/Shooter/Content/FirstPersonBP/Meshes/SimpleHealthPack.uasset"'
[2015.06.02-13.23.55:197][ 46]LogSourceControl: RunCommandInternalRaw: ExecProcess ReturnCode=0 OutResults=''
[2015.06.02-13.25.28:504][951]LogActorComponent: UnregisterComponent: (/Engine/Transient.CharMoveComp) Not registered. Aborting.
[2015.06.02-13.25.28:504][951]LogActorComponent: UnregisterComponent: (/Engine/Transient.ProjectileMovementComponent_40__A6522401) Not registered. Aborting.
[2015.06.02-13.25.28:570][951]LogSourceControl: RunCommandInternalRaw: 'git status --porcelain --ignored "C:/Users/guillaume/Documents/Unreal Projects/Shooter/Content/FirstPersonBP/Maps/FirstPersonExampleMap.umap"'
[2015.06.02-13.25.28:627][951]LogSourceControl: RunCommandInternalRaw: ExecProcess ReturnCode=0 OutResults=''
[2015.06.02-13.25.30:902][951]LogSavePackage: Save=1712.941284ms
[2015.06.02-13.25.30:902][951]LogSavePackage: Moving 'C:/Users/guillaume/Documents/Unreal Projects/Shooter/Saved/FirstPersonExampleMap2B3EBBDC4F26533CA42378BAE3A9EF20.tmp' to 'C:/Users/guillaume/Documents/Unreal Projects/Shooter/Content/FirstPersonBP/Maps/FirstPersonExampleMap.umap'
[2015.06.02-13.25.30:935][951]LogFileHelpers: Saving map 'FirstPersonExampleMap' took 1.923
[2015.06.02-13.25.30:945][952]LogSourceControl: RunCommandInternalRaw: 'git status --porcelain --ignored "C:/Users/guillaume/Documents/Unreal Projects/Shooter/Content/FirstPersonBP/Maps/FirstPersonExampleMap.umap"'
[2015.06.02-13.25.31:008][960]LogSourceControl: RunCommandInternalRaw: ExecProcess ReturnCode=0 OutResults=' M Content/FirstPersonBP/Maps/FirstPersonExampleMap.umap
'
[2015.06.02-13.25.46:233][193]LogSourceControl: RunCommandInternalRaw: 'git status --porcelain --ignored "C:/Users/guillaume/Documents/Unreal Projects/Shooter/Content/FirstPersonBP/Maps/FirstPersonExampleMap.umap"'
[2015.06.02-13.25.46:294][193]LogSourceControl: RunCommandInternalRaw: ExecProcess ReturnCode=0 OutResults=' M Content/FirstPersonBP/Maps/FirstPersonExampleMap.umap
'
[2015.06.02-13.25.48:067][193]LogSavePackage: Save=1655.232666ms
[2015.06.02-13.25.48:067][193]LogSavePackage: Moving 'C:/Users/guillaume/Documents/Unreal Projects/Shooter/Saved/FirstPersonExampleMap2A216A3149EC39B558B3EABF576CF102.tmp' to 'C:/Users/guillaume/Documents/Unreal Projects/Shooter/Content/FirstPersonBP/Maps/FirstPersonExampleMap.umap'
[2015.06.02-13.25.48:097][194]LogSourceControl: RunCommandInternalRaw: 'git status --porcelain --ignored "C:/Users/guillaume/Documents/Unreal Projects/Shooter/Content/FirstPersonBP/Maps/FirstPersonExampleMap.umap"'
[2015.06.02-13.25.48:151][199]LogSourceControl: RunCommandInternalRaw: ExecProcess ReturnCode=0 OutResults=' M Content/FirstPersonBP/Maps/FirstPersonExampleMap.umap
'
[2015.06.02-13.25.50:344][321]Cmd: QUIT_EDITOR
[2015.06.02-13.25.50:549][321]LogExit: Preparing to exit.
[2015.06.02-13.25.51:503][321]LogExit: Editor shut down
[2015.06.02-13.25.51:503][321]LogExit: Transaction tracking system shut down
[2015.06.02-13.25.51:505][321]LogParticles: Destroying 0 GPU particle simulations for FXSystem 0x0000006E0D5F82C0
[2015.06.02-13.25.51:506][321]LogParticles: Destroying 0 GPU particle simulations for FXSystem 0x0000006E1822E2A0
[2015.06.02-13.25.51:506][321]LogParticles: Destroying 0 GPU particle simulations for FXSystem 0x0000006E3D4AAA20
[2015.06.02-13.25.51:506][321]LogParticles: Destroying 0 GPU particle simulations for FXSystem 0x0000006E40ED82C0
[2015.06.02-13.25.51:506][321]LogParticles: Destroying 0 GPU particle simulations for FXSystem 0x0000006E408E3CE0
[2015.06.02-13.25.51:587][321]LogExit: Object subsystem successfully closed.
[2015.06.02-13.25.51:627][321]LogModuleManager: Shutting down and abandoning module CrashTracker (177)
[2015.06.02-13.25.51:627][321]LogModuleManager: Shutting down and abandoning module SuperSearch (176)
[2015.06.02-13.25.51:627][321]LogModuleManager: Shutting down and abandoning module SceneOutliner (175)
[2015.06.02-13.25.51:702][321]LogModuleManager: Shutting down and abandoning module EditorWidgets (174)
[2015.06.02-13.25.51:702][321]LogModuleManager: Shutting down and abandoning module CollectionManager (173)
[2015.06.02-13.25.51:702][321]LogModuleManager: Shutting down and abandoning module StatsViewer (172)
[2015.06.02-13.25.51:702][321]LogModuleManager: Shutting down and abandoning module FoliageEdit (171)
[2015.06.02-13.25.51:702][321]LogModuleManager: Shutting down and abandoning module LandscapeEditor (170)
[2015.06.02-13.25.51:702][321]LogModuleManager: Shutting down and abandoning module MeshPaint (169)
[2015.06.02-13.25.51:702][321]LogModuleManager: Shutting down and abandoning module ActorPickerMode (168)
[2015.06.02-13.25.51:702][321]LogModuleManager: Shutting down and abandoning module GeometryMode (167)
[2015.06.02-13.25.51:702][321]LogModuleManager: Shutting down and abandoning module TextureAlignMode (166)
[2015.06.02-13.25.51:703][321]LogModuleManager: Shutting down and abandoning module BspMode (165)
[2015.06.02-13.25.51:703][321]LogModuleManager: Shutting down and abandoning module PlacementMode (164)
[2015.06.02-13.25.51:703][321]LogModuleManager: Shutting down and abandoning module AutomationWorker (163)
[2015.06.02-13.25.51:703][321]LogModuleManager: Shutting down and abandoning module CharacterAI (162)
[2015.06.02-13.25.51:703][321]LogModuleManager: Shutting down and abandoning module SmartSnapping (161)
[2015.06.02-13.25.51:703][321]LogModuleManager: Shutting down and abandoning module ViewportSnapping (160)
[2015.06.02-13.25.51:703][321]LogModuleManager: Shutting down and abandoning module LogVisualizer (159)
[2015.06.02-13.25.51:703][321]LogModuleManager: Shutting down and abandoning module GameProjectGeneration (158)
[2015.06.02-13.25.51:703][321]LogModuleManager: Shutting down and abandoning module IntroTutorials (157)
[2015.06.02-13.25.51:703][321]LogModuleManager: Shutting down and abandoning module EditorLiveStreaming (156)
[2015.06.02-13.25.51:703][321]LogModuleManager: Shutting down and abandoning module HardwareTargeting (155)
[2015.06.02-13.25.51:703][321]LogModuleManager: Shutting down and abandoning module DeviceProfileEditor (154)
[2015.06.02-13.25.51:704][321]LogModuleManager: Shutting down and abandoning module UndoHistory (153)
[2015.06.02-13.25.51:704][321]LogModuleManager: Shutting down and abandoning module GameplayTagsEditor (152)
[2015.06.02-13.25.51:704][321]LogModuleManager: Shutting down and abandoning module UserFeedback (151)
[2015.06.02-13.25.51:704][321]LogModuleManager: Shutting down and abandoning module XmlParser (150)
[2015.06.02-13.25.51:704][321]LogModuleManager: Shutting down and abandoning module Blutility (149)
[2015.06.02-13.25.51:704][321]LogModuleManager: Shutting down and abandoning module IOSPlatformEditor (148)
[2015.06.02-13.25.51:704][321]LogModuleManager: Shutting down and abandoning module IOSRuntimeSettings (147)
[2015.06.02-13.25.51:704][321]LogModuleManager: Shutting down and abandoning module AndroidDeviceDetection (146)
[2015.06.02-13.25.52:295][321]LogModuleManager: Shutting down and abandoning module AndroidPlatformEditor (145)
[2015.06.02-13.25.52:295][321]LogModuleManager: Shutting down and abandoning module AndroidRuntimeSettings (144)
[2015.06.02-13.25.52:295][321]LogModuleManager: Shutting down and abandoning module ProjectTargetPlatformEditor (143)
[2015.06.02-13.25.52:296][321]LogModuleManager: Shutting down and abandoning module ProjectSettingsViewer (142)
[2015.06.02-13.25.52:296][321]LogModuleManager: Shutting down and abandoning module InputBindingEditor (141)
[2015.06.02-13.25.52:296][321]LogModuleManager: Shutting down and abandoning module EditorSettingsViewer (140)
[2015.06.02-13.25.52:296][321]LogModuleManager: Shutting down and abandoning module SettingsEditor (139)
[2015.06.02-13.25.52:296][321]LogModuleManager: Shutting down and abandoning module ProjectLauncher (138)
[2015.06.02-13.25.52:296][321]LogModuleManager: Shutting down and abandoning module SessionFrontend (137)
[2015.06.02-13.25.52:297][321]LogModuleManager: Shutting down and abandoning module ProfilerClient (136)
[2015.06.02-13.25.52:297][321]LogModuleManager: Shutting down and abandoning module TargetDeviceServices (135)
[2015.06.02-13.25.52:297][321]LogModuleManager: Shutting down and abandoning module DeviceManager (134)
[2015.06.02-13.25.52:297][321]LogModuleManager: Shutting down and abandoning module AutomationController (133)
[2015.06.02-13.25.52:297][321]LogModuleManager: Shutting down and abandoning module AutomationWindow (132)
[2015.06.02-13.25.52:297][321]LogModuleManager: Shutting down and abandoning module Layers (131)
[2015.06.02-13.25.52:297][321]LogModuleManager: Shutting down and abandoning module ComponentVisualizers (130)
[2015.06.02-13.25.52:297][321]LogModuleManager: Shutting down and abandoning module DetailCustomizations (129)
[2015.06.02-13.25.52:297][321]LogModuleManager: Shutting down and abandoning module PackagesDialog (128)
[2015.06.02-13.25.52:298][321]LogModuleManager: Shutting down and abandoning module AssetRegistry (127)
[2015.06.02-13.25.52:352][321]LogModuleManager: Shutting down and abandoning module Persona (126)
[2015.06.02-13.25.52:352][321]LogModuleManager: Shutting down and abandoning module SlateReflector (125)
[2015.06.02-13.25.52:352][321]LogModuleManager: Shutting down and abandoning module LevelEditor (124)
[2015.06.02-13.25.52:354][321]LogModuleManager: Shutting down and abandoning module Kismet (123)
[2015.06.02-13.25.52:354][321]LogModuleManager: Shutting down and abandoning module GraphEditor (122)
[2015.06.02-13.25.52:354][321]LogModuleManager: Shutting down and abandoning module ClassViewer (121)
[2015.06.02-13.25.52:354][321]LogModuleManager: Shutting down and abandoning module Toolbox (120)
[2015.06.02-13.25.52:354][321]LogModuleManager: Shutting down and abandoning module ModuleUI (119)
[2015.06.02-13.25.52:354][321]LogModuleManager: Shutting down and abandoning module MovieSceneTools (118)
[2015.06.02-13.25.52:354][321]LogModuleManager: Shutting down and abandoning module OutputLog (117)
[2015.06.02-13.25.52:354][321]LogModuleManager: Shutting down and abandoning module GammaUI (116)
[2015.06.02-13.25.52:354][321]LogModuleManager: Shutting down and abandoning module Documentation (115)
[2015.06.02-13.25.52:354][321]LogModuleManager: Shutting down and abandoning module GameLiveStreaming (114)
[2015.06.02-13.25.52:354][321]LogModuleManager: Shutting down and abandoning module StreamingPauseRendering (113)
[2015.06.02-13.25.52:354][321]LogModuleManager: Shutting down and abandoning module HTTP (112)
[2015.06.02-13.25.52:354][321]LogModuleManager: Shutting down and abandoning module AnalyticsET (111)
[2015.06.02-13.25.52:354][321]LogModuleManager: Shutting down and abandoning module Analytics (110)
[2015.06.02-13.25.52:354][321]LogModuleManager: Shutting down and abandoning module AITestSuite (109)
[2015.06.02-13.25.52:354][321]LogModuleManager: Shutting down and abandoning module GameplayDebugger (108)
[2015.06.02-13.25.52:354][321]LogModuleManager: Shutting down and abandoning module AIModule (107)
[2015.06.02-13.25.52:354][321]LogModuleManager: Shutting down and abandoning module ProfilerService (106)
[2015.06.02-13.25.52:466][321]LogModuleManager: Shutting down and abandoning module TaskGraph (105)
[2015.06.02-13.25.52:466][321]LogModuleManager: Shutting down and abandoning module SlateRemote (104)
[2015.06.02-13.25.52:466][321]LogModuleManager: Shutting down and abandoning module ScriptEditorPlugin (103)
[2015.06.02-13.25.52:466][321]LogModuleManager: Shutting down and abandoning module CustomMeshComponent (102)
[2015.06.02-13.25.52:466][321]LogModuleManager: Shutting down and abandoning module CableComponent (101)
[2015.06.02-13.25.52:466][321]LogModuleManager: Shutting down and abandoning module MessagingDebugger (100)
[2015.06.02-13.25.52:467][321]LogModuleManager: Shutting down and abandoning module MediaPlayerEditor (99)
[2015.06.02-13.25.52:467][321]LogModuleManager: Shutting down and abandoning module SpeedTreeImporter (98)
[2015.06.02-13.25.52:467][321]LogModuleManager: Shutting down and abandoning module PluginsEditor (97)
[2015.06.02-13.25.52:467][321]LogModuleManager: Shutting down and abandoning module MainFrame (96)
[2015.06.02-13.25.52:467][321]LogModuleManager: Shutting down and abandoning module EpicSurvey (95)
[2015.06.02-13.25.52:467][321]LogModuleManager: Shutting down and abandoning module DesktopPlatform (94)
[2015.06.02-13.25.52:467][321]LogModuleManager: Shutting down and abandoning module DirectoryWatcher (93)
[2015.06.02-13.25.52:468][321]LogModuleManager: Shutting down and abandoning module HotReload (92)
[2015.06.02-13.25.52:468][321]LogModuleManager: Shutting down and abandoning module VisualStudioSourceCodeAccess (91)
[2015.06.02-13.25.52:468][321]LogModuleManager: Shutting down and abandoning module UObjectPlugin (90)
[2015.06.02-13.25.52:468][321]LogModuleManager: Shutting down and abandoning module SubversionSourceControl (89)
[2015.06.02-13.25.52:468][321]LogModuleManager: Shutting down and abandoning module PerforceSourceControl (88)
[2015.06.02-13.25.52:468][321]LogModuleManager: Shutting down and abandoning module SourceControl (87)
[2015.06.02-13.25.52:468][321]LogModuleManager: Shutting down and abandoning module GitSourceControl (86)
[2015.06.02-13.25.52:468][321]LogModuleManager: Shutting down and abandoning module BlankPlugin (85)
[2015.06.02-13.25.52:468][321]LogModuleManager: Shutting down and abandoning module PaperTiledImporter (84)
[2015.06.02-13.25.52:468][321]LogModuleManager: Shutting down and abandoning module PaperJsonImporter (83)
[2015.06.02-13.25.52:468][321]LogModuleManager: Shutting down and abandoning module ContentBrowser (82)
[2015.06.02-13.25.52:470][321]LogModuleManager: Shutting down and abandoning module Paper2DEditor (81)
[2015.06.02-13.25.52:470][321]LogModuleManager: Shutting down and abandoning module ScriptPlugin (80)
[2015.06.02-13.25.52:470][321]LogModuleManager: Shutting down and abandoning module UdpMessaging (79)
[2015.06.02-13.25.52:571][321]LogModuleManager: Shutting down and abandoning module Paper2D (78)
[2015.06.02-13.25.52:571][321]LogModuleManager: Shutting down and abandoning module WindowsMoviePlayer (77)
[2015.06.02-13.25.52:578][321]LogModuleManager: Shutting down and abandoning module Media (76)
[2015.06.02-13.25.52:578][321]LogModuleManager: Shutting down and abandoning module WmfMedia (75)
[2015.06.02-13.25.52:578][321]LogModuleManager: Shutting down and abandoning module OnlineBlueprintSupport (74)
[2015.06.02-13.25.52:578][321]LogModuleManager: Shutting down and abandoning module PropertyEditor (73)
[2015.06.02-13.25.52:578][321]LogModuleManager: Shutting down and abandoning module BehaviorTreeEditor (72)
[2015.06.02-13.25.52:578][321]LogModuleManager: Shutting down and abandoning module FunctionalTesting (71)
[2015.06.02-13.25.52:578][321]LogModuleManager: Shutting down and abandoning module CollisionAnalyzer (70)
[2015.06.02-13.25.52:578][321]LogModuleManager: Shutting down and abandoning module WorkspaceMenuStructure (69)
[2015.06.02-13.25.52:578][321]LogModuleManager: Shutting down and abandoning module MessageLog (68)
[2015.06.02-13.25.52:578][321]LogModuleManager: Shutting down and abandoning module Sequencer (67)
[2015.06.02-13.25.52:578][321]LogModuleManager: Shutting down and abandoning module AssetTools (66)
[2015.06.02-13.25.52:578][321]LogModuleManager: Shutting down and abandoning module UMGEditor (65)
[2015.06.02-13.25.52:578][321]LogModuleManager: Shutting down and abandoning module UMG (64)
[2015.06.02-13.25.52:579][321]LogModuleManager: Shutting down and abandoning module Slate (63)
[2015.06.02-13.25.52:579][321]LogModuleManager: Shutting down and abandoning module EditorStyle (62)
[2015.06.02-13.25.52:592][321]LogModuleManager: Shutting down and abandoning module SessionServices (61)
[2015.06.02-13.25.52:592][321]LogModuleManager: Shutting down and abandoning module SourceCodeAccess (60)
[2015.06.02-13.25.52:592][321]LogModuleManager: Shutting down and abandoning module HeadMountedDisplay (59)
[2015.06.02-13.25.52:592][321]LogModuleManager: Shutting down and abandoning module XAudio2 (58)
[2015.06.02-13.25.52:592][321]LogModuleManager: Shutting down and abandoning module Networking (56)
[2015.06.02-13.25.52:592][321]LogModuleManager: Shutting down and abandoning module Core (55)
[2015.06.02-13.25.52:592][321]LogModuleManager: Shutting down and abandoning module KismetCompiler (54)
[2015.06.02-13.25.52:592][321]LogModuleManager: Shutting down and abandoning module PhysXFormats (53)
[2015.06.02-13.25.52:592][321]LogModuleManager: Shutting down and abandoning module MeshUtilities (52)
[2015.06.02-13.25.52:592][321]LogModuleManager: Shutting down and abandoning module DerivedDataCache (51)
[2015.06.02-13.25.52:658][321]LogDerivedDataCache: Shutdown
[2015.06.02-13.25.52:658][321]LogModuleManager: Shutting down and abandoning module ShaderFormatOpenGL (50)
[2015.06.02-13.25.52:658][321]LogModuleManager: Shutting down and abandoning module ShaderFormatD3D (49)
[2015.06.02-13.25.52:658][321]LogModuleManager: Shutting down and abandoning module MetalShaderFormat (48)
[2015.06.02-13.25.52:658][321]LogModuleManager: Shutting down and abandoning module TextureFormatUncompressed (47)
[2015.06.02-13.25.52:658][321]LogModuleManager: Shutting down and abandoning module TextureFormatPVR (46)
[2015.06.02-13.25.52:658][321]LogModuleManager: Shutting down and abandoning module TextureFormatIntelISPCTexComp (45)
[2015.06.02-13.25.52:658][321]LogModuleManager: Shutting down and abandoning module TextureFormatDXT (44)
[2015.06.02-13.25.52:658][321]LogModuleManager: Shutting down and abandoning module ImageWrapper (43)
[2015.06.02-13.25.52:658][321]LogModuleManager: Shutting down and abandoning module TextureFormatASTC (42)
[2015.06.02-13.25.52:658][321]LogModuleManager: Shutting down and abandoning module TextureFormatAndroid (41)
[2015.06.02-13.25.52:658][321]LogModuleManager: Shutting down and abandoning module AudioFormatOpus (40)
[2015.06.02-13.25.52:658][321]LogModuleManager: Shutting down and abandoning module AudioFormatOgg (39)
[2015.06.02-13.25.52:658][321]LogModuleManager: Shutting down and abandoning module AudioFormatADPCM (38)
[2015.06.02-13.25.52:658][321]LogModuleManager: Shutting down and abandoning module LinuxTargetPlatform (37)
[2015.06.02-13.25.52:658][321]LogModuleManager: Shutting down and abandoning module LinuxServerTargetPlatform (36)
[2015.06.02-13.25.52:658][321]LogModuleManager: Shutting down and abandoning module LinuxNoEditorTargetPlatform (35)
[2015.06.02-13.25.52:658][321]LogModuleManager: Shutting down and abandoning module Messaging (34)
[2015.06.02-13.25.52:658][321]LogModuleManager: Shutting down and abandoning module IOSTargetPlatform (33)
[2015.06.02-13.25.52:658][321]LogModuleManager: Shutting down and abandoning module HTML5TargetPlatform (32)
[2015.06.02-13.25.52:658][321]LogModuleManager: Shutting down and abandoning module Android_PVRTCTargetPlatform (31)
[2015.06.02-13.25.52:658][321]LogModuleManager: Shutting down and abandoning module Android_ETC2TargetPlatform (30)
[2015.06.02-13.25.52:658][321]LogModuleManager: Shutting down and abandoning module Android_ETC1TargetPlatform (29)
[2015.06.02-13.25.52:658][321]LogModuleManager: Shutting down and abandoning module Android_ES31TargetPlatform (28)
[2015.06.02-13.25.52:658][321]LogModuleManager: Shutting down and abandoning module Android_DXTTargetPlatform (27)
[2015.06.02-13.25.52:658][321]LogModuleManager: Shutting down and abandoning module Android_ATCTargetPlatform (26)
[2015.06.02-13.25.52:658][321]LogModuleManager: Shutting down and abandoning module AndroidTargetPlatform (25)
[2015.06.02-13.25.52:658][321]LogModuleManager: Shutting down and abandoning module WindowsTargetPlatform (24)
[2015.06.02-13.25.52:658][321]LogModuleManager: Shutting down and abandoning module WindowsServerTargetPlatform (23)
[2015.06.02-13.25.52:658][321]LogModuleManager: Shutting down and abandoning module WindowsNoEditorTargetPlatform (22)
[2015.06.02-13.25.52:658][321]LogModuleManager: Shutting down and abandoning module WindowsClientTargetPlatform (21)
[2015.06.02-13.25.52:658][321]LogModuleManager: Shutting down and abandoning module TargetPlatform (20)
[2015.06.02-13.25.52:658][321]LogModuleManager: Shutting down and abandoning module InputCore (19)
[2015.06.02-13.25.52:658][321]LogModuleManager: Shutting down and abandoning module Settings (18)
[2015.06.02-13.25.52:658][321]LogModuleManager: Shutting down and abandoning module OnlineSubsystem (16)
[2015.06.02-13.25.52:658][321]LogModuleManager: Shutting down and abandoning module OculusRift (15)
[2015.06.02-13.25.52:658][321]LogModuleManager: Shutting down and abandoning module ExampleDeviceProfileSelector (14)
[2015.06.02-13.25.52:658][321]LogModuleManager: Shutting down and abandoning module TextureCompressor (13)
[2015.06.02-13.25.52:658][321]LogModuleManager: Shutting down and abandoning module ShaderCore (12)
[2015.06.02-13.25.52:658][321]LogModuleManager: Shutting down and abandoning module Landscape (11)
[2015.06.02-13.25.52:658][321]LogModuleManager: Shutting down and abandoning module SlateRHIRenderer (10)
[2015.06.02-13.25.52:660][321]LogModuleManager: Shutting down and abandoning module OpenGLDrv (9)
[2015.06.02-13.25.52:660][321]LogModuleManager: Shutting down and abandoning module D3D11RHI (8)
[2015.06.02-13.25.52:660][321]LogModuleManager: Shutting down and abandoning module Renderer (7)
[2015.06.02-13.25.52:660][321]LogModuleManager: Shutting down and abandoning module Engine (6)
[2015.06.02-13.25.52:660][321]LogModuleManager: Shutting down and abandoning module CoreUObject (5)
[2015.06.02-13.25.52:660][321]LogModuleManager: Shutting down and abandoning module NetworkFile (4)
[2015.06.02-13.25.52:660][321]LogModuleManager: Shutting down and abandoning module StreamingFile (3)
[2015.06.02-13.25.52:660][321]LogModuleManager: Shutting down and abandoning module SandboxFile (2)
[2015.06.02-13.25.52:660][321]LogModuleManager: Shutting down and abandoning module PakFile (1)
[2015.06.02-13.25.52:660][321]LogExit: Exiting.
[2015.06.02-13.25.52:664][321]Log file closed, 06/02/15 09:25:52
