Log file open, 05/19/15 16:15:40
LogInit:Display: Running engine for game: Shooter
LogInit: Version: 4.7.6-2513093+++depot+UE4-Releases+4.7
LogInit: API Version: 2455222
LogInit: Compiled (64-bit): Apr 15 2015 12:09:54
LogInit: Compiled with Visual C++: 18.00.21005.01
LogInit: Build Configuration: Development
LogInit: Branch Name: ++depot+UE4-Releases+4.7
LogInit: Command line:  
LogInit: Base directory: D:/Epic Games/4.7/Engine/Binaries/Win64/
LogInit: Rocket: 1
[2015.05.19-20.15.40:969][  0]LogTaskGraph: Started task graph with 3 named threads and 6 total threads.
[2015.05.19-20.15.41:037][  0]LogOnline:Warning: No default platform service specified for OnlineSubsystem
[2015.05.19-20.15.41:054][  0]LogInit: Presizing for 0 objects not considered by GC, pre-allocating 0 bytes.
[2015.05.19-20.15.41:062][  0]LogInit: Object subsystem initialized
[2015.05.19-20.15.41:063][  0]LogConsoleResponse:Warning: Skipping Unknown console variable: 'TranslucentSortAxis = (X=0.000000,Y=-1.000000,Z=0.000000)'
[2015.05.19-20.15.41:063][  0]LogConsoleResponse:Warning:   Found in ini file 'C:/Users/guillaume/Documents/Unreal Projects/Shooter/Saved/Config/Windows/Engine.ini', in section '[/Script/Engine.RendererSettings]'
[2015.05.19-20.15.41:063][  0]LogConsoleResponse:Warning: Skipping Unknown console variable: 'UIScaleRule = ShortestSide'
[2015.05.19-20.15.41:063][  0]LogConsoleResponse:Warning:   Found in ini file 'C:/Users/guillaume/Documents/Unreal Projects/Shooter/Saved/Config/Windows/Engine.ini', in section '[/Script/Engine.RendererSettings]'
[2015.05.19-20.15.41:063][  0]LogConsoleResponse:Warning: Skipping Unknown console variable: 'UIScaleCurve = (EditorCurveData=(Keys=),ExternalCurve=None)'
[2015.05.19-20.15.41:063][  0]LogConsoleResponse:Warning:   Found in ini file 'C:/Users/guillaume/Documents/Unreal Projects/Shooter/Saved/Config/Windows/Engine.ini', in section '[/Script/Engine.RendererSettings]'
[2015.05.19-20.15.41:063][  0]LogInit: Selected Device Profile: [Windows]
[2015.05.19-20.15.41:063][  0]LogInit: Applying CVar settings loaded from the selected device profile: [Windows]
[2015.05.19-20.15.41:069][  0]LogInit: Computer: MSI-GUILLAUME
[2015.05.19-20.15.41:069][  0]LogInit: User: guillaume
[2015.05.19-20.15.41:069][  0]LogInit: CPU Page size=4096, Cores=4
[2015.05.19-20.15.41:069][  0]LogInit: High frequency timer resolution =2.435777 MHz
[2015.05.19-20.15.41:069][  0]LogMemory: Memory total: Physical=16.0GB (16GB approx) Virtual=131072.0GB
[2015.05.19-20.15.41:070][  0]LogMemory: Platform Memory Stats for Windows
[2015.05.19-20.15.41:070][  0]LogMemory: Process Physical Memory: 46.89 MB used, 46.89 MB peak
[2015.05.19-20.15.41:070][  0]LogMemory: Process Virtual Memory: 27.43 MB used, 27.44 MB peak
[2015.05.19-20.15.41:070][  0]LogMemory: Physical Memory: 3403.25 MB used, 16336.83 MB total
[2015.05.19-20.15.41:070][  0]LogMemory: Virtual Memory: 300.68 MB used, 134217728.00 MB total
[2015.05.19-20.15.41:102][  0]LogD3D11RHI: Found D3D11 adapter 0: NVIDIA GeForce GTX 970M    (Feature Level 11_0)
[2015.05.19-20.15.41:102][  0]LogD3D11RHI: Adapter has 5980MB of dedicated video memory, 0MB of dedicated system memory, and 8168MB of shared system memory, 1 output[s]
[2015.05.19-20.15.41:103][  0]LogD3D11RHI: Found D3D11 adapter 1: Microsoft Basic Render Driver (Feature Level 11_0)
[2015.05.19-20.15.41:103][  0]LogD3D11RHI: Adapter has 0MB of dedicated video memory, 0MB of dedicated system memory, and 256MB of shared system memory, 0 output[s]
[2015.05.19-20.15.41:103][  0]LogD3D11RHI: Chosen D3D11 Adapter Id = 0
[2015.05.19-20.15.41:141][  0]LogRHI: Texture pool is 1361 MB (70% of 1945 MB)
[2015.05.19-20.15.41:171][  0]LogD3D11RHI: Async texture creation enabled
[2015.05.19-20.15.41:283][  0]LogTextLocalizationManager: The requested culture ('fr_CA') has no localization data; falling back to 'en' for localization and internationalization data.
[2015.05.19-20.15.41:360][  0]LogTextLocalizationManager:Warning: Loading localization resources contain conflicting entries for (Namespace:UICommands, Key:Save_ToolTip):
Resource: (D:/Epic Games/4.7/Engine/Content/Localization/Editor/en/Editor.locres) Hash: (-29098895) String: (Saves the current level to disk)
Resource: (D:/Epic Games/4.7/Engine/Content/Localization/Engine/en/Engine.locres) Hash: (-1280300587) String: (Save selected data to vlog file)
[2015.05.19-20.15.41:360][  0]LogTextLocalizationManager:Warning: Loading localization resources contain conflicting entries for (Namespace:ContentBrowser, Key:ImportAssetToolTip):
Resource: (D:/Epic Games/4.7/Engine/Content/Localization/Editor/en/Editor.locres) Hash: (-630476809) String: (Import to {0}...)
Resource: (D:/Epic Games/4.7/Engine/Content/Localization/Editor/en/Editor.locres) Hash: (1271782899) String: (Imports an asset from file to this folder.)
[2015.05.19-20.15.41:431][  0]LogContentStreaming: Texture pool size is 0.000000MB
[2015.05.19-20.15.43:342][  0]LogTargetPlatformManager:Display: Building Assets For Windows
[2015.05.19-20.15.43:812][  0]LogTargetPlatformManager:Display: Building Assets For Windows
[2015.05.19-20.15.43:859][  0]LogDerivedDataCache:Display: Max Cache Size: 512 MB
[2015.05.19-20.15.43:894][  0]LogDerivedDataCache: Loaded boot cache 0.03s 39MB C:/Users/guillaume/AppData/Local/UnrealEngine/4.7/DerivedDataCache/Boot.ddc.
[2015.05.19-20.15.43:894][  0]LogDerivedDataCache:Display: Loaded Boot cache: C:/Users/guillaume/AppData/Local/UnrealEngine/4.7/DerivedDataCache/Boot.ddc
[2015.05.19-20.15.43:894][  0]LogDerivedDataCache: FDerivedDataBackendGraph:  Pak pak cache file C:/Users/guillaume/Documents/Unreal Projects/Shooter/DerivedDataCache/DDC.ddp not found, will not use a pak cache.
[2015.05.19-20.15.43:894][  0]LogDerivedDataCache: Unable to find inner node Pak for hierarchical cache Hierarchy.
[2015.05.19-20.15.43:997][  0]LogDerivedDataCache:Display: Pak cache opened for reading ../../../Engine/DerivedDataCache/Compressed.ddp.
[2015.05.19-20.15.44:009][  0]LogDerivedDataCache: Using Local data cache path C:/Users/guillaume/AppData/Local/UnrealEngine/Common/DerivedDataCache: Writable
[2015.05.19-20.15.44:244][  0]LogMeshUtilities: No automatic mesh reduction module available
[2015.05.19-20.15.44:244][  0]LogMeshUtilities: No automatic mesh merging module available
[2015.05.19-20.15.44:561][  0]LogInit: WinSock: version 1.1 (2.2), MaxSocks=32767, MaxUdp=65467
[2015.05.19-20.15.44:616][  0]LogSlate:Warning: Failed to load font data from '../../../Engine/Content/Slate/Fonts/Roboto-Italic.ttf'
[2015.05.19-20.15.45:268][  0]UdpMessaging: Initializing bridge on interface 0.0.0.0:0 to multicast group 230.0.0.1:6666.
[2015.05.19-20.15.45:474][  0]SourceControl: Info Source control is disabled
[2015.05.19-20.15.45:474][  0]SourceControl: Info Source control is disabled
[2015.05.19-20.15.45:474][  0]SourceControl: Info Source control is disabled
[2015.05.19-20.15.45:480][  0]SourceControl: Info Source control is disabled
[2015.05.19-20.15.45:613][  0]LogObj: 24232 objects as part of root set at end of initial load.
[2015.05.19-20.15.45:613][  0]LogUObjectAllocator: 5137176 out of 0 bytes used by permanent object pool.
[2015.05.19-20.15.45:680][  0]LogEngine: Initializing Engine...
[2015.05.19-20.15.47:836][  0]LogInit: XAudio2 using 'Speakers (Realtek High Definition Audio)' : 2 channels at 48 kHz using 32 bits per sample (channel mask 0x3)
[2015.05.19-20.15.47:845][  0]LogInit: FAudioDevice initialized.
[2015.05.19-20.15.47:872][  0]LogAIModule: Creating AISystem for world NewWorld
[2015.05.19-20.15.47:890][  0]LogDerivedDataCache: Saved boot cache 0.02s 39MB C:/Users/guillaume/AppData/Local/UnrealEngine/4.7/DerivedDataCache/Boot.ddc.
[2015.05.19-20.15.47:893][  0]LogInit: Texture streaming: Enabled
[2015.05.19-20.15.47:962][  0]LogAnalytics: Creating configured Analytics provider AnalyticsET
[2015.05.19-20.15.47:962][  0]LogAnalytics: ET APIKey = Rocket.Release. APIServer = http://et2.epicgames.com/ET2/. AppVersion = 4.7.6-2513093+++depot+UE4-Releases+4.7
[2015.05.19-20.15.47:962][  0]LogAnalytics: ET APIKey = Rocket.Release. DataRouterUploadURL = https://datarouter-public-service-gamedev.ol.epicgames.net/datarouter/api/v1/public/data. AppVersion = 4.7.6-2513093+++depot+UE4-Releases+4.7
[2015.05.19-20.15.47:962][  0]LogAnalytics: SetUserId e3487cae44029761e470c8b4123de03d|c7a288572b714f9898c556981a74ab33|66f320fe-673b-44ee-aa7f-b0a8f0fff000
[2015.05.19-20.15.47:962][  0]LogAnalytics: AnalyticsET::StartSession [Rocket.Release]
[2015.05.19-20.15.47:983][  0]LogInit: Transaction tracking system initialized
[2015.05.19-20.15.48:107][  0]BlueprintLog: New page: Editor Load
[2015.05.19-20.15.48:135][  0]LogAssetRegistry: FAssetRegistry took 0.0111 seconds to start up
[2015.05.19-20.15.48:135][  0]LogDirectoryWatcher:Warning: Failed to begin reading directory changes for ../../../Engine/Plugins/Experimental/CharacterAI/Content/. Error: 0
[2015.05.19-20.15.48:612][  0]LogTargetPlatformManager:Display: Building Assets For Windows
[2015.05.19-20.15.48:968][  0]LogTargetPlatformManager:Display: Building Assets For Windows
[2015.05.19-20.15.49:186][  0]LogSlate:Warning: Failed to load font data from '../../../Engine/Content/Editor/Slate/Fonts/Roboto-Regular.ttf'
[2015.05.19-20.15.49:187][  0]LogSlate:Warning: Failed to load font data from '../../../Engine/Content/Editor/Slate/Fonts/Roboto-Bold.ttf'
[2015.05.19-20.15.49:226][  0]LogConsoleResponse:Display: 
[2015.05.19-20.15.49:327][  0]LogCook:Display: Done creating registry. It took  0.00s.
[2015.05.19-20.15.49:427][  0]SourceControl: Info Source control is disabled
[2015.05.19-20.15.49:427][  0]Cmd: MAP LOAD FILE="C:/Users/guillaume/Documents/Unreal Projects/Shooter/Content/FirstPersonBP/Maps/FirstPersonExampleMap.umap" TEMPLATE=0 SHOWPROGRESS=1 FEATURELEVEL=3
[2015.05.19-20.15.49:428][  0]LightingResults: New page: Lighting Build
[2015.05.19-20.15.49:436][  0]MapCheck: New page: Map Check
[2015.05.19-20.15.49:436][  0]LightingResults: New page: Lighting Build
[2015.05.19-20.15.49:443][  0]LogParticles: Destroying 0 GPU particle simulations for FXSystem 0x000000F977D8A980
[2015.05.19-20.15.49:455][  0]LogLinker:Warning: Asset '../../../Engine/Content/EngineMeshes/Humanoid.uasset' has been saved with empty engine version. The asset will be loaded but may be incompatible.
[2015.05.19-20.15.51:333][  0]LogEditorServer: Finished looking for orphan Actors (0.000 secs)
[2015.05.19-20.15.52:172][  0]LogAIModule: Creating AISystem for world FirstPersonExampleMap
[2015.05.19-20.15.52:173][  0]Cmd: MAP CHECKDEP
[2015.05.19-20.15.52:173][  0]MapCheck: New page: FirstPersonExampleMap - May 19, 2015, 12:15:52 PM
[2015.05.19-20.15.52:249][  0]MapCheck: Info Map check complete: 0 Error(s), 0 Warning(s), took 76.237ms to complete.
[2015.05.19-20.15.52:249][  0]LogFileHelpers: Loading map 'FirstPersonExampleMap' took 2.822
[2015.05.19-20.15.52:446][  0]LogCollectionManager: Loaded 0 collections in 0.001023 seconds
[2015.05.19-20.15.52:454][  0]LogContentBrowser: Native class hierarchy populated in 0.0079 seconds. Added 1696 classes and 261 folders.
[2015.05.19-20.15.52:476][  0]LogContentBrowser: Native class hierarchy updated for 'SceneOutliner' in 0.0011 seconds. Added 1 classes and 2 folders.
[2015.05.19-20.15.52:512][  0]LogCrashTracker: Crashtracker disabled due to settings.
[2015.05.19-20.15.52:513][  0]LogSlate:Warning: Failed to load font data from 'Veranda'
[2015.05.19-20.15.52:573][  0]LogUObjectGlobals:Warning: Failed to find object 'Class None.'
[2015.05.19-20.15.52:601][  0]LogLoad: Full Startup: 13.28 seconds (BP compile: 0.82 seconds)
[2015.05.19-20.15.53:009][  0]LogContentBrowser:Verbose: The content browser source was changed by the sources view to '/Game/FirstPersonBP/Blueprints'
[2015.05.19-20.15.53:119][  0]LogRenderer:Warning: Reallocating scene render targets to support 32x32 (Frame:2).
[2015.05.19-20.15.53:296][  0]LogRenderer:Warning: Reallocating scene render targets to support 1208x576 (Frame:9).
[2015.05.19-20.15.54:450][  5]LogAssetRegistry: Asset discovery search completed in 6.3261 seconds
[2015.05.19-20.15.59:708][608]BlueprintLog: New page: Pre-PIE auto-recompile
[2015.05.19-20.15.59:708][608]LogPlayLevel: [PIE] Compiling FirstPersonExampleMap before PIE...
[2015.05.19-20.15.59:745][608]LogActorComponent: UnregisterComponent: (/Engine/Transient.CharMoveComp) Not registered. Aborting.
[2015.05.19-20.15.59:745][608]LogActorComponent: UnregisterComponent: (/Engine/Transient.ProjectileMovementComponent_40__A6522401) Not registered. Aborting.
[2015.05.19-20.15.59:775][608]LogPlayLevel: PIE:  Blueprint regeneration took 66 ms (1 blueprints)
[2015.05.19-20.15.59:775][608]PIE: New page: PIE session: FirstPersonExampleMap (May 19, 2015, 12:15:59 PM)
[2015.05.19-20.15.59:801][608]LogBlueprint:Warning: FMemberReference::ResolveMember (K2_GetActorLocation) bSelfContext == true, but no scope supplied!
[2015.05.19-20.15.59:801][608]LogBlueprint:Warning: FMemberReference::ResolveMember (K2_GetActorLocation) bSelfContext == true, but no scope supplied!
[2015.05.19-20.15.59:803][608]LogPlayLevel: PIE: StaticDuplicateObject took: (0.027656s)
[2015.05.19-20.15.59:804][608]LogPlayLevel: PIE: World Init took: (0.000886s)
[2015.05.19-20.15.59:807][608]LogPlayLevel: PIE: Created PIE world by copying editor world from /Game/FirstPersonBP/Maps/FirstPersonExampleMap.FirstPersonExampleMap to /Game/FirstPersonBP/Maps/UEDPIE_0_FirstPersonExampleMap.FirstPersonExampleMap (0.031001s)
[2015.05.19-20.16.00:017][608]LogWorld: Game class is 'FirstPersonGameMode_C'
[2015.05.19-20.16.00:019][608]LogAIModule: Creating AISystem for world FirstPersonExampleMap
[2015.05.19-20.16.00:027][608]LogWorld: Bringing World /Game/FirstPersonBP/Maps/UEDPIE_0_FirstPersonExampleMap.FirstPersonExampleMap up for play (max tick rate 0) at 2015.05.19-16.16.00
[2015.05.19-20.16.00:028][608]LogWorld: Bringing up level for play took: 0.008319
[2015.05.19-20.16.00:033][608]PIE: Info Play in editor start time for /Game/FirstPersonBP/Maps/UEDPIE_0_FirstPersonExampleMap 0.878
[2015.05.19-20.16.05:550][251]LogParticles: Destroying 0 GPU particle simulations for FXSystem 0x000000F97E36E0C0
[2015.05.19-20.16.14:634][225]LogContentBrowser:Verbose: The content browser source was changed by the sources view to '/Game/FirstPersonBP/Maps'
[2015.05.19-20.16.22:191][129]LogContentBrowser:Verbose: The content browser source was changed by the sources view to '/Game/FirstPersonBP/Animations'
[2015.05.19-20.16.23:111][208]LogContentBrowser:Verbose: The content browser source was changed by the sources view to '/Game/FirstPersonBP/Audio'
[2015.05.19-20.16.23:533][257]LogContentBrowser:Verbose: The content browser source was changed by the sources view to '/Game/FirstPersonBP/Blueprints'
[2015.05.19-20.16.26:903][579]LogContentBrowser:Verbose: The content browser source was changed by the sources view to '/Game/FirstPersonBP/Character'
[2015.05.19-20.16.27:601][645]LogContentBrowser:Verbose: The content browser source was changed by the sources view to '/Game/FirstPersonBP/Blueprints'
[2015.05.19-20.16.41:789][187]BlueprintLog: New page: Pre-PIE auto-recompile
[2015.05.19-20.16.41:793][187]LogPlayLevel: [PIE] Compiling FirstPersonExampleMap before PIE...
[2015.05.19-20.16.41:837][187]LogActorComponent: UnregisterComponent: (/Engine/Transient.ProjectileMovementComponent_40__A6522401) Not registered. Aborting.
[2015.05.19-20.16.41:837][187]LogActorComponent: UnregisterComponent: (/Engine/Transient.CharMoveComp) Not registered. Aborting.
[2015.05.19-20.16.41:856][187]LogPlayLevel: PIE:  Blueprint regeneration took 66 ms (1 blueprints)
[2015.05.19-20.16.41:856][187]PIE: New page: PIE session: FirstPersonExampleMap (May 19, 2015, 12:16:41 PM)
[2015.05.19-20.16.41:885][187]LogBlueprint:Warning: FMemberReference::ResolveMember (K2_GetActorLocation) bSelfContext == true, but no scope supplied!
[2015.05.19-20.16.41:885][187]LogBlueprint:Warning: FMemberReference::ResolveMember (K2_GetActorLocation) bSelfContext == true, but no scope supplied!
[2015.05.19-20.16.41:887][187]LogPlayLevel: PIE: StaticDuplicateObject took: (0.031050s)
[2015.05.19-20.16.41:888][187]LogPlayLevel: PIE: World Init took: (0.001174s)
[2015.05.19-20.16.41:889][187]LogPlayLevel: PIE: Created PIE world by copying editor world from /Game/FirstPersonBP/Maps/FirstPersonExampleMap.FirstPersonExampleMap to /Game/FirstPersonBP/Maps/UEDPIE_0_FirstPersonExampleMap.FirstPersonExampleMap (0.032428s)
[2015.05.19-20.16.41:935][187]LogWorld: Game class is 'FirstPersonGameMode_C'
[2015.05.19-20.16.41:937][187]LogAIModule: Creating AISystem for world FirstPersonExampleMap
[2015.05.19-20.16.41:945][187]LogWorld: Bringing World /Game/FirstPersonBP/Maps/UEDPIE_0_FirstPersonExampleMap.FirstPersonExampleMap up for play (max tick rate 0) at 2015.05.19-16.16.41
[2015.05.19-20.16.41:946][187]LogWorld: Bringing up level for play took: 0.008077
[2015.05.19-20.16.41:960][187]PIE: Info Play in editor start time for /Game/FirstPersonBP/Maps/UEDPIE_0_FirstPersonExampleMap 0.806
[2015.05.19-20.16.41:996][187]LogRenderer:Warning: Reallocating scene render targets to support 1296x760 (Frame:5448).
[2015.05.19-20.16.47:997][882]LogParticles: Destroying 0 GPU particle simulations for FXSystem 0x000000F97E36E200
[2015.05.19-20.16.53:871][520]BlueprintLog: New page: Pre-PIE auto-recompile
[2015.05.19-20.16.53:875][520]LogPlayLevel: [PIE] Compiling FirstPersonExampleMap before PIE...
[2015.05.19-20.16.53:932][520]LogPlayLevel: PIE:  Blueprint regeneration took 61 ms (1 blueprints)
[2015.05.19-20.16.53:932][520]PIE: New page: PIE session: FirstPersonExampleMap (May 19, 2015, 12:16:53 PM)
[2015.05.19-20.16.53:959][520]LogBlueprint:Warning: FMemberReference::ResolveMember (K2_GetActorLocation) bSelfContext == true, but no scope supplied!
[2015.05.19-20.16.53:959][520]LogBlueprint:Warning: FMemberReference::ResolveMember (K2_GetActorLocation) bSelfContext == true, but no scope supplied!
[2015.05.19-20.16.53:962][520]LogPlayLevel: PIE: StaticDuplicateObject took: (0.029499s)
[2015.05.19-20.16.53:963][520]LogPlayLevel: PIE: World Init took: (0.001312s)
[2015.05.19-20.16.53:963][520]LogPlayLevel: PIE: Created PIE world by copying editor world from /Game/FirstPersonBP/Maps/FirstPersonExampleMap.FirstPersonExampleMap to /Game/FirstPersonBP/Maps/UEDPIE_0_FirstPersonExampleMap.FirstPersonExampleMap (0.031037s)
[2015.05.19-20.16.54:010][520]LogWorld: Game class is 'FirstPersonGameMode_C'
[2015.05.19-20.16.54:012][520]LogAIModule: Creating AISystem for world FirstPersonExampleMap
[2015.05.19-20.16.54:020][520]LogWorld: Bringing World /Game/FirstPersonBP/Maps/UEDPIE_0_FirstPersonExampleMap.FirstPersonExampleMap up for play (max tick rate 0) at 2015.05.19-16.16.54
[2015.05.19-20.16.54:020][520]LogWorld: Bringing up level for play took: 0.008091
[2015.05.19-20.16.54:028][520]PIE: Info Play in editor start time for /Game/FirstPersonBP/Maps/UEDPIE_0_FirstPersonExampleMap 0.874
[2015.05.19-20.16.58:517][ 42]LogParticles: Destroying 0 GPU particle simulations for FXSystem 0x000000F926985440
[2015.05.19-20.16.59:492][149]LogSlate:Warning: Prevented a slow task dialog from being summoned while a context menu was open
[2015.05.19-20.17.01:236][335]BlueprintLog: New page: Pre-PIE auto-recompile
[2015.05.19-20.17.01:242][335]LogPlayLevel: [PIE] Compiling FirstPersonExampleMap before PIE...
[2015.05.19-20.17.01:301][335]LogPlayLevel: PIE:  Blueprint regeneration took 65 ms (1 blueprints)
[2015.05.19-20.17.01:301][335]PIE: New page: PIE session: FirstPersonExampleMap (May 19, 2015, 12:17:01 PM)
[2015.05.19-20.17.01:332][335]LogBlueprint:Warning: FMemberReference::ResolveMember (K2_GetActorLocation) bSelfContext == true, but no scope supplied!
[2015.05.19-20.17.01:332][335]LogBlueprint:Warning: FMemberReference::ResolveMember (K2_GetActorLocation) bSelfContext == true, but no scope supplied!
[2015.05.19-20.17.01:335][335]LogPlayLevel: PIE: StaticDuplicateObject took: (0.033217s)
[2015.05.19-20.17.01:337][335]LogPlayLevel: PIE: World Init took: (0.001885s)
[2015.05.19-20.17.01:337][335]LogPlayLevel: PIE: Created PIE world by copying editor world from /Game/FirstPersonBP/Maps/FirstPersonExampleMap.FirstPersonExampleMap to /Game/FirstPersonBP/Maps/UEDPIE_0_FirstPersonExampleMap.FirstPersonExampleMap (0.035304s)
[2015.05.19-20.17.01:382][335]LogWorld: Game class is 'FirstPersonGameMode_C'
[2015.05.19-20.17.01:384][335]LogAIModule: Creating AISystem for world FirstPersonExampleMap
[2015.05.19-20.17.01:392][335]LogWorld: Bringing World /Game/FirstPersonBP/Maps/UEDPIE_0_FirstPersonExampleMap.FirstPersonExampleMap up for play (max tick rate 0) at 2015.05.19-16.17.01
[2015.05.19-20.17.01:393][335]LogWorld: Bringing up level for play took: 0.008492
[2015.05.19-20.17.01:400][335]PIE: Info Play in editor start time for /Game/FirstPersonBP/Maps/UEDPIE_0_FirstPersonExampleMap 0.246
[2015.05.19-20.17.02:111][404]LogParticles: Destroying 0 GPU particle simulations for FXSystem 0x000000F926984CC0
[2015.05.19-20.17.36:174][ 80]LogD3D11RHI:Warning: Temp texture streaming buffer not large enough, needed 8388608 bytes
[2015.05.19-20.17.56:818][492]LogSlate:Warning: Prevented a slow task dialog from being summoned while a context menu was open
[2015.05.19-20.18.03:593][223]BlueprintLog: New page: Pre-PIE auto-recompile
[2015.05.19-20.18.03:599][223]LogPlayLevel: [PIE] Compiling FirstPersonExampleMap before PIE...
[2015.05.19-20.18.03:639][223]LogActorComponent: UnregisterComponent: (/Engine/Transient.ProjectileMovementComponent_40__A6522401) Not registered. Aborting.
[2015.05.19-20.18.03:640][223]LogActorComponent: UnregisterComponent: (/Engine/Transient.CharMoveComp) Not registered. Aborting.
[2015.05.19-20.18.03:655][223]LogParticles: Destroying 0 GPU particle simulations for FXSystem 0x000000F97319DF80
[2015.05.19-20.18.03:658][223]LogPlayLevel: PIE:  Blueprint regeneration took 65 ms (1 blueprints)
[2015.05.19-20.18.03:658][223]PIE: New page: PIE session: FirstPersonExampleMap (May 19, 2015, 12:18:03 PM)
[2015.05.19-20.18.03:688][223]LogBlueprint:Warning: FMemberReference::ResolveMember (K2_GetActorLocation) bSelfContext == true, but no scope supplied!
[2015.05.19-20.18.03:688][223]LogBlueprint:Warning: FMemberReference::ResolveMember (K2_GetActorLocation) bSelfContext == true, but no scope supplied!
[2015.05.19-20.18.03:691][223]LogPlayLevel: PIE: StaticDuplicateObject took: (0.032248s)
[2015.05.19-20.18.03:692][223]LogPlayLevel: PIE: World Init took: (0.000774s)
[2015.05.19-20.18.03:692][223]LogPlayLevel: PIE: Created PIE world by copying editor world from /Game/FirstPersonBP/Maps/FirstPersonExampleMap.FirstPersonExampleMap to /Game/FirstPersonBP/Maps/UEDPIE_0_FirstPersonExampleMap.FirstPersonExampleMap (0.033221s)
[2015.05.19-20.18.03:734][223]LogWorld: Game class is 'FirstPersonGameMode_C'
[2015.05.19-20.18.03:736][223]LogAIModule: Creating AISystem for world FirstPersonExampleMap
[2015.05.19-20.18.03:744][223]LogWorld: Bringing World /Game/FirstPersonBP/Maps/UEDPIE_0_FirstPersonExampleMap.FirstPersonExampleMap up for play (max tick rate 0) at 2015.05.19-16.18.03
[2015.05.19-20.18.03:745][223]LogWorld: Bringing up level for play took: 0.008440
[2015.05.19-20.18.03:753][223]PIE: Info Play in editor start time for /Game/FirstPersonBP/Maps/UEDPIE_0_FirstPersonExampleMap 0.599
[2015.05.19-20.18.09:334][873]LogParticles: Destroying 0 GPU particle simulations for FXSystem 0x000000F92C980860
[2015.05.19-20.18.20:567][ 69]BlueprintLog: New page: Pre-PIE auto-recompile
[2015.05.19-20.18.20:573][ 69]LogPlayLevel: [PIE] Compiling FirstPersonExampleMap before PIE...
[2015.05.19-20.18.20:632][ 69]LogPlayLevel: PIE:  Blueprint regeneration took 66 ms (1 blueprints)
[2015.05.19-20.18.20:633][ 69]PIE: New page: PIE session: FirstPersonExampleMap (May 19, 2015, 12:18:20 PM)
[2015.05.19-20.18.20:663][ 69]LogBlueprint:Warning: FMemberReference::ResolveMember (K2_GetActorLocation) bSelfContext == true, but no scope supplied!
[2015.05.19-20.18.20:663][ 69]LogBlueprint:Warning: FMemberReference::ResolveMember (K2_GetActorLocation) bSelfContext == true, but no scope supplied!
[2015.05.19-20.18.20:667][ 69]LogPlayLevel: PIE: StaticDuplicateObject took: (0.033796s)
[2015.05.19-20.18.20:668][ 69]LogPlayLevel: PIE: World Init took: (0.001138s)
[2015.05.19-20.18.20:668][ 69]LogPlayLevel: PIE: Created PIE world by copying editor world from /Game/FirstPersonBP/Maps/FirstPersonExampleMap.FirstPersonExampleMap to /Game/FirstPersonBP/Maps/UEDPIE_0_FirstPersonExampleMap.FirstPersonExampleMap (0.035165s)
[2015.05.19-20.18.20:713][ 69]LogWorld: Game class is 'FirstPersonGameMode_C'
[2015.05.19-20.18.20:715][ 69]LogAIModule: Creating AISystem for world FirstPersonExampleMap
[2015.05.19-20.18.20:723][ 69]LogWorld: Bringing World /Game/FirstPersonBP/Maps/UEDPIE_0_FirstPersonExampleMap.FirstPersonExampleMap up for play (max tick rate 0) at 2015.05.19-16.18.20
[2015.05.19-20.18.20:723][ 69]LogWorld: Bringing up level for play took: 0.008392
[2015.05.19-20.18.20:731][ 69]PIE: Info Play in editor start time for /Game/FirstPersonBP/Maps/UEDPIE_0_FirstPersonExampleMap -0.423
[2015.05.19-20.18.22:559][282]LogBlueprintUserMessages: Hello
[2015.05.19-20.18.26:159][704]LogParticles: Destroying 0 GPU particle simulations for FXSystem 0x000000F927442E80
[2015.05.19-20.18.31:360][297]BlueprintLog: New page: Pre-PIE auto-recompile
[2015.05.19-20.18.31:364][297]LogPlayLevel: [PIE] Compiling FirstPersonExampleMap before PIE...
[2015.05.19-20.18.31:419][297]LogPlayLevel: PIE:  Blueprint regeneration took 59 ms (1 blueprints)
[2015.05.19-20.18.31:419][297]PIE: New page: PIE session: FirstPersonExampleMap (May 19, 2015, 12:18:31 PM)
[2015.05.19-20.18.31:448][297]LogBlueprint:Warning: FMemberReference::ResolveMember (K2_GetActorLocation) bSelfContext == true, but no scope supplied!
[2015.05.19-20.18.31:448][297]LogBlueprint:Warning: FMemberReference::ResolveMember (K2_GetActorLocation) bSelfContext == true, but no scope supplied!
[2015.05.19-20.18.31:451][297]LogPlayLevel: PIE: StaticDuplicateObject took: (0.031200s)
[2015.05.19-20.18.31:452][297]LogPlayLevel: PIE: World Init took: (0.000885s)
[2015.05.19-20.18.31:452][297]LogPlayLevel: PIE: Created PIE world by copying editor world from /Game/FirstPersonBP/Maps/FirstPersonExampleMap.FirstPersonExampleMap to /Game/FirstPersonBP/Maps/UEDPIE_0_FirstPersonExampleMap.FirstPersonExampleMap (0.032287s)
[2015.05.19-20.18.31:499][297]LogWorld: Game class is 'FirstPersonGameMode_C'
[2015.05.19-20.18.31:501][297]LogAIModule: Creating AISystem for world FirstPersonExampleMap
[2015.05.19-20.18.31:509][297]LogWorld: Bringing World /Game/FirstPersonBP/Maps/UEDPIE_0_FirstPersonExampleMap.FirstPersonExampleMap up for play (max tick rate 0) at 2015.05.19-16.18.31
[2015.05.19-20.18.31:510][297]LogWorld: Bringing up level for play took: 0.008208
[2015.05.19-20.18.31:517][297]PIE: Info Play in editor start time for /Game/FirstPersonBP/Maps/UEDPIE_0_FirstPersonExampleMap 0.363
[2015.05.19-20.18.36:582][888]LogParticles: Destroying 0 GPU particle simulations for FXSystem 0x000000F927440360
[2015.05.19-20.18.39:082][175]BlueprintLog: New page: Compile FirstPersonExampleMap
[2015.05.19-20.18.39:138][175]BlueprintEditorCompileResults: Info [0179.82] Compile of FirstPersonExampleMap successful! [in 56 ms]
[2015.05.19-20.18.41:862][278]LogSavePackage: Save=1684.870972ms
[2015.05.19-20.18.41:862][278]LogSavePackage: Moving 'C:/Users/guillaume/Documents/Unreal Projects/Shooter/Saved/FirstPersonExampleMap38D8581F4D5267352A3AF0B8A2379CBF.tmp' to 'C:/Users/guillaume/Documents/Unreal Projects/Shooter/Content/FirstPersonBP/Maps/FirstPersonExampleMap.umap'
[2015.05.19-20.18.41:885][278]LogFileHelpers: Saving map 'FirstPersonExampleMap' took 1.812
[2015.05.19-20.18.42:444][344]BlueprintLog: New page: Pre-PIE auto-recompile
[2015.05.19-20.18.42:450][344]LogPlayLevel: [PIE] Compiling FirstPersonExampleMap before PIE...
[2015.05.19-20.18.42:508][344]LogPlayLevel: PIE:  Blueprint regeneration took 64 ms (1 blueprints)
[2015.05.19-20.18.42:508][344]PIE: New page: PIE session: FirstPersonExampleMap (May 19, 2015, 12:18:42 PM)
[2015.05.19-20.18.42:537][344]LogBlueprint:Warning: FMemberReference::ResolveMember (K2_GetActorLocation) bSelfContext == true, but no scope supplied!
[2015.05.19-20.18.42:537][344]LogBlueprint:Warning: FMemberReference::ResolveMember (K2_GetActorLocation) bSelfContext == true, but no scope supplied!
[2015.05.19-20.18.42:540][344]LogPlayLevel: PIE: StaticDuplicateObject took: (0.031046s)
[2015.05.19-20.18.42:541][344]LogPlayLevel: PIE: World Init took: (0.000721s)
[2015.05.19-20.18.42:541][344]LogPlayLevel: PIE: Created PIE world by copying editor world from /Game/FirstPersonBP/Maps/FirstPersonExampleMap.FirstPersonExampleMap to /Game/FirstPersonBP/Maps/UEDPIE_0_FirstPersonExampleMap.FirstPersonExampleMap (0.031994s)
[2015.05.19-20.18.42:580][344]LogWorld: Game class is 'FirstPersonGameMode_C'
[2015.05.19-20.18.42:583][344]LogAIModule: Creating AISystem for world FirstPersonExampleMap
[2015.05.19-20.18.42:591][344]LogWorld: Bringing World /Game/FirstPersonBP/Maps/UEDPIE_0_FirstPersonExampleMap.FirstPersonExampleMap up for play (max tick rate 0) at 2015.05.19-16.18.42
[2015.05.19-20.18.42:592][344]LogWorld: Bringing up level for play took: 0.008594
[2015.05.19-20.18.42:599][344]PIE: Info Play in editor start time for /Game/FirstPersonBP/Maps/UEDPIE_0_FirstPersonExampleMap -0.555
[2015.05.19-20.18.48:044][980]LogParticles: Destroying 0 GPU particle simulations for FXSystem 0x000000F92F7ABBA0
[2015.05.19-20.18.49:514][155]BlueprintLog: New page: Pre-PIE auto-recompile
[2015.05.19-20.18.49:520][155]LogPlayLevel: [PIE] Compiling FirstPersonExampleMap before PIE...
[2015.05.19-20.18.49:579][155]LogPlayLevel: PIE:  Blueprint regeneration took 64 ms (1 blueprints)
[2015.05.19-20.18.49:579][155]PIE: New page: PIE session: FirstPersonExampleMap (May 19, 2015, 12:18:49 PM)
[2015.05.19-20.18.49:608][155]LogBlueprint:Warning: FMemberReference::ResolveMember (K2_GetActorLocation) bSelfContext == true, but no scope supplied!
[2015.05.19-20.18.49:608][155]LogBlueprint:Warning: FMemberReference::ResolveMember (K2_GetActorLocation) bSelfContext == true, but no scope supplied!
[2015.05.19-20.18.49:611][155]LogPlayLevel: PIE: StaticDuplicateObject took: (0.031278s)
[2015.05.19-20.18.49:612][155]LogPlayLevel: PIE: World Init took: (0.000866s)
[2015.05.19-20.18.49:612][155]LogPlayLevel: PIE: Created PIE world by copying editor world from /Game/FirstPersonBP/Maps/FirstPersonExampleMap.FirstPersonExampleMap to /Game/FirstPersonBP/Maps/UEDPIE_0_FirstPersonExampleMap.FirstPersonExampleMap (0.032388s)
[2015.05.19-20.18.49:661][155]LogWorld: Game class is 'FirstPersonGameMode_C'
[2015.05.19-20.18.49:663][155]LogAIModule: Creating AISystem for world FirstPersonExampleMap
[2015.05.19-20.18.49:671][155]LogWorld: Bringing World /Game/FirstPersonBP/Maps/UEDPIE_0_FirstPersonExampleMap.FirstPersonExampleMap up for play (max tick rate 0) at 2015.05.19-16.18.49
[2015.05.19-20.18.49:671][155]LogWorld: Bringing up level for play took: 0.008273
[2015.05.19-20.18.49:679][155]PIE: Info Play in editor start time for /Game/FirstPersonBP/Maps/UEDPIE_0_FirstPersonExampleMap 0.525
[2015.05.19-20.18.52:867][521]LogParticles: Destroying 0 GPU particle simulations for FXSystem 0x000000F927440860
[2015.05.19-20.18.53:954][650]BlueprintLog: New page: Pre-PIE auto-recompile
[2015.05.19-20.18.53:960][650]LogPlayLevel: [PIE] Compiling FirstPersonExampleMap before PIE...
[2015.05.19-20.18.54:020][650]LogPlayLevel: PIE:  Blueprint regeneration took 65 ms (1 blueprints)
[2015.05.19-20.18.54:020][650]PIE: New page: PIE session: FirstPersonExampleMap (May 19, 2015, 12:18:54 PM)
[2015.05.19-20.18.54:049][650]LogBlueprint:Warning: FMemberReference::ResolveMember (K2_GetActorLocation) bSelfContext == true, but no scope supplied!
[2015.05.19-20.18.54:049][650]LogBlueprint:Warning: FMemberReference::ResolveMember (K2_GetActorLocation) bSelfContext == true, but no scope supplied!
[2015.05.19-20.18.54:052][650]LogPlayLevel: PIE: StaticDuplicateObject took: (0.031379s)
[2015.05.19-20.18.54:053][650]LogPlayLevel: PIE: World Init took: (0.001001s)
[2015.05.19-20.18.54:053][650]LogPlayLevel: PIE: Created PIE world by copying editor world from /Game/FirstPersonBP/Maps/FirstPersonExampleMap.FirstPersonExampleMap to /Game/FirstPersonBP/Maps/UEDPIE_0_FirstPersonExampleMap.FirstPersonExampleMap (0.032605s)
[2015.05.19-20.18.54:097][650]LogWorld: Game class is 'FirstPersonGameMode_C'
[2015.05.19-20.18.54:101][650]LogAIModule: Creating AISystem for world FirstPersonExampleMap
[2015.05.19-20.18.54:118][650]LogWorld: Bringing World /Game/FirstPersonBP/Maps/UEDPIE_0_FirstPersonExampleMap.FirstPersonExampleMap up for play (max tick rate 0) at 2015.05.19-16.18.54
[2015.05.19-20.18.54:119][650]LogWorld: Bringing up level for play took: 0.017243
[2015.05.19-20.18.54:132][650]PIE: Info Play in editor start time for /Game/FirstPersonBP/Maps/UEDPIE_0_FirstPersonExampleMap 0.978
[2015.05.19-20.18.58:234][127]LogParticles: Destroying 0 GPU particle simulations for FXSystem 0x000000F973089F80
[2015.05.19-20.19.01:758][547]BlueprintLog: New page: Pre-PIE auto-recompile
[2015.05.19-20.19.01:763][547]LogPlayLevel: [PIE] Compiling FirstPersonExampleMap before PIE...
[2015.05.19-20.19.01:821][547]LogPlayLevel: PIE:  Blueprint regeneration took 61 ms (1 blueprints)
[2015.05.19-20.19.01:821][547]PIE: New page: PIE session: FirstPersonExampleMap (May 19, 2015, 12:19:01 PM)
[2015.05.19-20.19.01:850][547]LogBlueprint:Warning: FMemberReference::ResolveMember (K2_GetActorLocation) bSelfContext == true, but no scope supplied!
[2015.05.19-20.19.01:850][547]LogBlueprint:Warning: FMemberReference::ResolveMember (K2_GetActorLocation) bSelfContext == true, but no scope supplied!
[2015.05.19-20.19.01:853][547]LogPlayLevel: PIE: StaticDuplicateObject took: (0.031229s)
[2015.05.19-20.19.01:854][547]LogPlayLevel: PIE: World Init took: (0.001437s)
[2015.05.19-20.19.01:854][547]LogPlayLevel: PIE: Created PIE world by copying editor world from /Game/FirstPersonBP/Maps/FirstPersonExampleMap.FirstPersonExampleMap to /Game/FirstPersonBP/Maps/UEDPIE_0_FirstPersonExampleMap.FirstPersonExampleMap (0.032857s)
[2015.05.19-20.19.01:900][547]LogWorld: Game class is 'FirstPersonGameMode_C'
[2015.05.19-20.19.01:902][547]LogAIModule: Creating AISystem for world FirstPersonExampleMap
[2015.05.19-20.19.01:910][547]LogWorld: Bringing World /Game/FirstPersonBP/Maps/UEDPIE_0_FirstPersonExampleMap.FirstPersonExampleMap up for play (max tick rate 0) at 2015.05.19-16.19.01
[2015.05.19-20.19.01:911][547]LogWorld: Bringing up level for play took: 0.008606
[2015.05.19-20.19.01:919][547]PIE: Info Play in editor start time for /Game/FirstPersonBP/Maps/UEDPIE_0_FirstPersonExampleMap 0.765
[2015.05.19-20.19.04:934][893]LogParticles: Destroying 0 GPU particle simulations for FXSystem 0x000000F92C980F40
[2015.05.19-20.19.07:446][193]BlueprintLog: New page: Pre-PIE auto-recompile
[2015.05.19-20.19.07:451][193]LogPlayLevel: [PIE] Compiling FirstPersonExampleMap before PIE...
[2015.05.19-20.19.07:509][193]LogPlayLevel: PIE:  Blueprint regeneration took 62 ms (1 blueprints)
[2015.05.19-20.19.07:509][193]PIE: New page: PIE session: FirstPersonExampleMap (May 19, 2015, 12:19:07 PM)
[2015.05.19-20.19.07:537][193]LogBlueprint:Warning: FMemberReference::ResolveMember (K2_GetActorLocation) bSelfContext == true, but no scope supplied!
[2015.05.19-20.19.07:537][193]LogBlueprint:Warning: FMemberReference::ResolveMember (K2_GetActorLocation) bSelfContext == true, but no scope supplied!
[2015.05.19-20.19.07:540][193]LogPlayLevel: PIE: StaticDuplicateObject took: (0.030261s)
[2015.05.19-20.19.07:541][193]LogPlayLevel: PIE: World Init took: (0.001124s)
[2015.05.19-20.19.07:541][193]LogPlayLevel: PIE: Created PIE world by copying editor world from /Game/FirstPersonBP/Maps/FirstPersonExampleMap.FirstPersonExampleMap to /Game/FirstPersonBP/Maps/UEDPIE_0_FirstPersonExampleMap.FirstPersonExampleMap (0.031575s)
[2015.05.19-20.19.07:588][193]LogWorld: Game class is 'FirstPersonGameMode_C'
[2015.05.19-20.19.07:590][193]LogAIModule: Creating AISystem for world FirstPersonExampleMap
[2015.05.19-20.19.07:598][193]LogWorld: Bringing World /Game/FirstPersonBP/Maps/UEDPIE_0_FirstPersonExampleMap.FirstPersonExampleMap up for play (max tick rate 0) at 2015.05.19-16.19.07
[2015.05.19-20.19.07:599][193]LogWorld: Bringing up level for play took: 0.008281
[2015.05.19-20.19.07:606][193]PIE: Info Play in editor start time for /Game/FirstPersonBP/Maps/UEDPIE_0_FirstPersonExampleMap 0.452
[2015.05.19-20.19.10:935][577]LogParticles: Destroying 0 GPU particle simulations for FXSystem 0x000000F933B439C0
[2015.05.19-20.19.18:336][341]BlueprintLog: New page: Pre-PIE auto-recompile
[2015.05.19-20.19.18:341][341]LogPlayLevel: [PIE] Compiling FirstPersonExampleMap before PIE...
[2015.05.19-20.19.18:402][341]LogPlayLevel: PIE:  Blueprint regeneration took 66 ms (1 blueprints)
[2015.05.19-20.19.18:402][341]PIE: New page: PIE session: FirstPersonExampleMap (May 19, 2015, 12:19:18 PM)
[2015.05.19-20.19.18:431][341]LogBlueprint:Warning: FMemberReference::ResolveMember (K2_GetActorLocation) bSelfContext == true, but no scope supplied!
[2015.05.19-20.19.18:431][341]LogBlueprint:Warning: FMemberReference::ResolveMember (K2_GetActorLocation) bSelfContext == true, but no scope supplied!
[2015.05.19-20.19.18:434][341]LogPlayLevel: PIE: StaticDuplicateObject took: (0.030937s)
[2015.05.19-20.19.18:435][341]LogPlayLevel: PIE: World Init took: (0.001098s)
[2015.05.19-20.19.18:435][341]LogPlayLevel: PIE: Created PIE world by copying editor world from /Game/FirstPersonBP/Maps/FirstPersonExampleMap.FirstPersonExampleMap to /Game/FirstPersonBP/Maps/UEDPIE_0_FirstPersonExampleMap.FirstPersonExampleMap (0.032235s)
[2015.05.19-20.19.18:488][341]LogWorld: Game class is 'FirstPersonGameMode_C'
[2015.05.19-20.19.18:489][341]LogAIModule: Creating AISystem for world FirstPersonExampleMap
[2015.05.19-20.19.18:498][341]LogWorld: Bringing World /Game/FirstPersonBP/Maps/UEDPIE_0_FirstPersonExampleMap.FirstPersonExampleMap up for play (max tick rate 0) at 2015.05.19-16.19.18
[2015.05.19-20.19.18:499][341]LogWorld: Bringing up level for play took: 0.008538
[2015.05.19-20.19.18:501][341]PIE: Info Play in editor start time for /Game/FirstPersonBP/Maps/UEDPIE_0_FirstPersonExampleMap -0.653
[2015.05.19-20.19.23:329][905]LogParticles: Destroying 0 GPU particle simulations for FXSystem 0x000000F926BE9B20
[2015.05.19-20.19.24:944][ 96]BlueprintLog: New page: Pre-PIE auto-recompile
[2015.05.19-20.19.24:950][ 96]LogPlayLevel: [PIE] Compiling FirstPersonExampleMap before PIE...
[2015.05.19-20.19.25:013][ 96]LogPlayLevel: PIE:  Blueprint regeneration took 68 ms (1 blueprints)
[2015.05.19-20.19.25:013][ 96]PIE: New page: PIE session: FirstPersonExampleMap (May 19, 2015, 12:19:25 PM)
[2015.05.19-20.19.25:041][ 96]LogBlueprint:Warning: FMemberReference::ResolveMember (K2_GetActorLocation) bSelfContext == true, but no scope supplied!
[2015.05.19-20.19.25:041][ 96]LogBlueprint:Warning: FMemberReference::ResolveMember (K2_GetActorLocation) bSelfContext == true, but no scope supplied!
[2015.05.19-20.19.25:044][ 96]LogPlayLevel: PIE: StaticDuplicateObject took: (0.030618s)
[2015.05.19-20.19.25:045][ 96]LogPlayLevel: PIE: World Init took: (0.000670s)
[2015.05.19-20.19.25:045][ 96]LogPlayLevel: PIE: Created PIE world by copying editor world from /Game/FirstPersonBP/Maps/FirstPersonExampleMap.FirstPersonExampleMap to /Game/FirstPersonBP/Maps/UEDPIE_0_FirstPersonExampleMap.FirstPersonExampleMap (0.031469s)
[2015.05.19-20.19.25:086][ 96]LogWorld: Game class is 'FirstPersonGameMode_C'
[2015.05.19-20.19.25:088][ 96]LogAIModule: Creating AISystem for world FirstPersonExampleMap
[2015.05.19-20.19.25:096][ 96]LogWorld: Bringing World /Game/FirstPersonBP/Maps/UEDPIE_0_FirstPersonExampleMap.FirstPersonExampleMap up for play (max tick rate 0) at 2015.05.19-16.19.25
[2015.05.19-20.19.25:097][ 96]LogWorld: Bringing up level for play took: 0.008378
[2015.05.19-20.19.25:105][ 96]PIE: Info Play in editor start time for /Game/FirstPersonBP/Maps/UEDPIE_0_FirstPersonExampleMap -0.049
[2015.05.19-20.19.27:845][410]LogParticles: Destroying 0 GPU particle simulations for FXSystem 0x000000F933B40E00
[2015.05.19-20.19.29:604][608]LogSlate:Warning: Prevented a slow task dialog from being summoned while a context menu was open
[2015.05.19-20.19.33:722][850]LogSavePackage: Save=1693.024902ms
[2015.05.19-20.19.33:722][850]LogSavePackage: Moving 'C:/Users/guillaume/Documents/Unreal Projects/Shooter/Saved/FirstPersonExampleMapB8E9A63C4740D404E822D59699B6CA49.tmp' to 'C:/Users/guillaume/Documents/Unreal Projects/Shooter/Content/FirstPersonBP/Maps/FirstPersonExampleMap.umap'
[2015.05.19-20.19.33:743][850]LogFileHelpers: Saving map 'FirstPersonExampleMap' took 1.853
[2015.05.19-20.19.34:147][895]BlueprintLog: New page: Compile FirstPersonExampleMap
[2015.05.19-20.19.34:206][895]BlueprintEditorCompileResults: Info [0234.89] Compile of FirstPersonExampleMap successful! [in 59 ms]
[2015.05.19-20.19.34:951][983]BlueprintLog: New page: Pre-PIE auto-recompile
[2015.05.19-20.19.34:957][983]LogPlayLevel: [PIE] Compiling FirstPersonExampleMap before PIE...
[2015.05.19-20.19.35:016][983]LogPlayLevel: PIE:  Blueprint regeneration took 65 ms (1 blueprints)
[2015.05.19-20.19.35:016][983]PIE: New page: PIE session: FirstPersonExampleMap (May 19, 2015, 12:19:35 PM)
[2015.05.19-20.19.35:045][983]LogBlueprint:Warning: FMemberReference::ResolveMember (K2_GetActorLocation) bSelfContext == true, but no scope supplied!
[2015.05.19-20.19.35:045][983]LogBlueprint:Warning: FMemberReference::ResolveMember (K2_GetActorLocation) bSelfContext == true, but no scope supplied!
[2015.05.19-20.19.35:047][983]LogPlayLevel: PIE: StaticDuplicateObject took: (0.030424s)
[2015.05.19-20.19.35:049][983]LogPlayLevel: PIE: World Init took: (0.001232s)
[2015.05.19-20.19.35:049][983]LogPlayLevel: PIE: Created PIE world by copying editor world from /Game/FirstPersonBP/Maps/FirstPersonExampleMap.FirstPersonExampleMap to /Game/FirstPersonBP/Maps/UEDPIE_0_FirstPersonExampleMap.FirstPersonExampleMap (0.031870s)
[2015.05.19-20.19.35:090][983]LogWorld: Game class is 'FirstPersonGameMode_C'
[2015.05.19-20.19.35:092][983]LogAIModule: Creating AISystem for world FirstPersonExampleMap
[2015.05.19-20.19.35:100][983]LogWorld: Bringing World /Game/FirstPersonBP/Maps/UEDPIE_0_FirstPersonExampleMap.FirstPersonExampleMap up for play (max tick rate 0) at 2015.05.19-16.19.35
[2015.05.19-20.19.35:101][983]LogWorld: Bringing up level for play took: 0.008115
[2015.05.19-20.19.35:108][983]PIE: Info Play in editor start time for /Game/FirstPersonBP/Maps/UEDPIE_0_FirstPersonExampleMap -0.046
[2015.05.19-20.19.37:774][287]LogParticles: Destroying 0 GPU particle simulations for FXSystem 0x000000F933B41F80
[2015.05.19-20.19.38:621][382]LogSlate:Warning: Prevented a slow task dialog from being summoned while a context menu was open
[2015.05.19-20.19.42:958][642]LogSavePackage: Save=1688.579102ms
[2015.05.19-20.19.42:958][642]LogSavePackage: Moving 'C:/Users/guillaume/Documents/Unreal Projects/Shooter/Saved/FirstPersonExampleMap8A5CEBFF492BEA361A27C382C7ECAF45.tmp' to 'C:/Users/guillaume/Documents/Unreal Projects/Shooter/Content/FirstPersonBP/Maps/FirstPersonExampleMap.umap'
[2015.05.19-20.19.42:978][642]LogFileHelpers: Saving map 'FirstPersonExampleMap' took 1.814
[2015.05.19-20.19.43:436][697]BlueprintLog: New page: Compile FirstPersonExampleMap
[2015.05.19-20.19.43:494][697]BlueprintEditorCompileResults: Info [0244.18] Compile of FirstPersonExampleMap successful! [in 58 ms]
[2015.05.19-20.19.43:935][750]BlueprintLog: New page: Compile FirstPersonExampleMap
[2015.05.19-20.19.43:994][750]BlueprintEditorCompileResults: Info [0244.68] Compile of FirstPersonExampleMap successful! [in 58 ms]
[2015.05.19-20.19.45:458][919]BlueprintLog: New page: Pre-PIE auto-recompile
[2015.05.19-20.19.45:463][919]LogPlayLevel: [PIE] Compiling FirstPersonExampleMap before PIE...
[2015.05.19-20.19.45:520][919]LogPlayLevel: PIE:  Blueprint regeneration took 62 ms (1 blueprints)
[2015.05.19-20.19.45:520][919]PIE: New page: PIE session: FirstPersonExampleMap (May 19, 2015, 12:19:45 PM)
[2015.05.19-20.19.45:549][919]LogBlueprint:Warning: FMemberReference::ResolveMember (K2_GetActorLocation) bSelfContext == true, but no scope supplied!
[2015.05.19-20.19.45:549][919]LogBlueprint:Warning: FMemberReference::ResolveMember (K2_GetActorLocation) bSelfContext == true, but no scope supplied!
[2015.05.19-20.19.45:552][919]LogPlayLevel: PIE: StaticDuplicateObject took: (0.031105s)
[2015.05.19-20.19.45:552][919]LogPlayLevel: PIE: World Init took: (0.000701s)
[2015.05.19-20.19.45:553][919]LogPlayLevel: PIE: Created PIE world by copying editor world from /Game/FirstPersonBP/Maps/FirstPersonExampleMap.FirstPersonExampleMap to /Game/FirstPersonBP/Maps/UEDPIE_0_FirstPersonExampleMap.FirstPersonExampleMap (0.032026s)
[2015.05.19-20.19.45:601][919]LogWorld: Game class is 'FirstPersonGameMode_C'
[2015.05.19-20.19.45:603][919]LogAIModule: Creating AISystem for world FirstPersonExampleMap
[2015.05.19-20.19.45:611][919]LogWorld: Bringing World /Game/FirstPersonBP/Maps/UEDPIE_0_FirstPersonExampleMap.FirstPersonExampleMap up for play (max tick rate 0) at 2015.05.19-16.19.45
[2015.05.19-20.19.45:611][919]LogWorld: Bringing up level for play took: 0.008206
[2015.05.19-20.19.45:613][919]PIE: Info Play in editor start time for /Game/FirstPersonBP/Maps/UEDPIE_0_FirstPersonExampleMap 0.459
[2015.05.19-20.19.48:048][198]LogParticles: Destroying 0 GPU particle simulations for FXSystem 0x000000F92BB63740
[2015.05.19-20.19.49:995][420]BlueprintLog: New page: Pre-PIE auto-recompile
[2015.05.19-20.19.49:999][420]LogPlayLevel: [PIE] Compiling FirstPersonExampleMap before PIE...
[2015.05.19-20.19.50:059][420]LogPlayLevel: PIE:  Blueprint regeneration took 64 ms (1 blueprints)
[2015.05.19-20.19.50:059][420]PIE: New page: PIE session: FirstPersonExampleMap (May 19, 2015, 12:19:50 PM)
[2015.05.19-20.19.50:088][420]LogBlueprint:Warning: FMemberReference::ResolveMember (K2_GetActorLocation) bSelfContext == true, but no scope supplied!
[2015.05.19-20.19.50:088][420]LogBlueprint:Warning: FMemberReference::ResolveMember (K2_GetActorLocation) bSelfContext == true, but no scope supplied!
[2015.05.19-20.19.50:091][420]LogPlayLevel: PIE: StaticDuplicateObject took: (0.031187s)
[2015.05.19-20.19.50:092][420]LogPlayLevel: PIE: World Init took: (0.001123s)
[2015.05.19-20.19.50:092][420]LogPlayLevel: PIE: Created PIE world by copying editor world from /Game/FirstPersonBP/Maps/FirstPersonExampleMap.FirstPersonExampleMap to /Game/FirstPersonBP/Maps/UEDPIE_0_FirstPersonExampleMap.FirstPersonExampleMap (0.032514s)
[2015.05.19-20.19.50:138][420]LogWorld: Game class is 'FirstPersonGameMode_C'
[2015.05.19-20.19.50:140][420]LogAIModule: Creating AISystem for world FirstPersonExampleMap
[2015.05.19-20.19.50:148][420]LogWorld: Bringing World /Game/FirstPersonBP/Maps/UEDPIE_0_FirstPersonExampleMap.FirstPersonExampleMap up for play (max tick rate 0) at 2015.05.19-16.19.50
[2015.05.19-20.19.50:149][420]LogWorld: Bringing up level for play took: 0.008374
[2015.05.19-20.19.50:156][420]PIE: Info Play in editor start time for /Game/FirstPersonBP/Maps/UEDPIE_0_FirstPersonExampleMap 1.003
[2015.05.19-20.19.53:847][849]LogParticles: Destroying 0 GPU particle simulations for FXSystem 0x000000F9274432E0
[2015.05.19-20.20.18:358][700]BlueprintLog: New page: Pre-PIE auto-recompile
[2015.05.19-20.20.18:364][700]LogPlayLevel: [PIE] Compiling FirstPersonExampleMap before PIE...
[2015.05.19-20.20.18:426][700]LogPlayLevel: PIE:  Blueprint regeneration took 67 ms (1 blueprints)
[2015.05.19-20.20.18:426][700]PIE: New page: PIE session: FirstPersonExampleMap (May 19, 2015, 12:20:18 PM)
[2015.05.19-20.20.18:455][700]LogBlueprint:Warning: FMemberReference::ResolveMember (K2_GetActorLocation) bSelfContext == true, but no scope supplied!
[2015.05.19-20.20.18:455][700]LogBlueprint:Warning: FMemberReference::ResolveMember (K2_GetActorLocation) bSelfContext == true, but no scope supplied!
[2015.05.19-20.20.18:458][700]LogPlayLevel: PIE: StaticDuplicateObject took: (0.031766s)
[2015.05.19-20.20.18:459][700]LogPlayLevel: PIE: World Init took: (0.000828s)
[2015.05.19-20.20.18:459][700]LogPlayLevel: PIE: Created PIE world by copying editor world from /Game/FirstPersonBP/Maps/FirstPersonExampleMap.FirstPersonExampleMap to /Game/FirstPersonBP/Maps/UEDPIE_0_FirstPersonExampleMap.FirstPersonExampleMap (0.032831s)
[2015.05.19-20.20.18:502][700]LogWorld: Game class is 'FirstPersonGameMode_C'
[2015.05.19-20.20.18:503][700]LogAIModule: Creating AISystem for world FirstPersonExampleMap
[2015.05.19-20.20.18:512][700]LogWorld: Bringing World /Game/FirstPersonBP/Maps/UEDPIE_0_FirstPersonExampleMap.FirstPersonExampleMap up for play (max tick rate 0) at 2015.05.19-16.20.18
[2015.05.19-20.20.18:512][700]LogWorld: Bringing up level for play took: 0.008414
[2015.05.19-20.20.18:520][700]PIE: Info Play in editor start time for /Game/FirstPersonBP/Maps/UEDPIE_0_FirstPersonExampleMap -0.633
[2015.05.19-20.20.20:855][963]LogParticles: Destroying 0 GPU particle simulations for FXSystem 0x000000F92F059760
[2015.05.19-20.20.22:438][149]BlueprintLog: New page: Pre-PIE auto-recompile
[2015.05.19-20.20.22:444][149]LogPlayLevel: [PIE] Compiling FirstPersonExampleMap before PIE...
[2015.05.19-20.20.22:506][149]LogPlayLevel: PIE:  Blueprint regeneration took 67 ms (1 blueprints)
[2015.05.19-20.20.22:506][149]PIE: New page: PIE session: FirstPersonExampleMap (May 19, 2015, 12:20:22 PM)
[2015.05.19-20.20.22:535][149]LogBlueprint:Warning: FMemberReference::ResolveMember (K2_GetActorLocation) bSelfContext == true, but no scope supplied!
[2015.05.19-20.20.22:536][149]LogBlueprint:Warning: FMemberReference::ResolveMember (K2_GetActorLocation) bSelfContext == true, but no scope supplied!
[2015.05.19-20.20.22:538][149]LogPlayLevel: PIE: StaticDuplicateObject took: (0.031505s)
[2015.05.19-20.20.22:539][149]LogPlayLevel: PIE: World Init took: (0.000890s)
[2015.05.19-20.20.22:539][149]LogPlayLevel: PIE: Created PIE world by copying editor world from /Game/FirstPersonBP/Maps/FirstPersonExampleMap.FirstPersonExampleMap to /Game/FirstPersonBP/Maps/UEDPIE_0_FirstPersonExampleMap.FirstPersonExampleMap (0.032620s)
[2015.05.19-20.20.22:590][149]LogWorld: Game class is 'FirstPersonGameMode_C'
[2015.05.19-20.20.22:593][149]LogAIModule: Creating AISystem for world FirstPersonExampleMap
[2015.05.19-20.20.22:600][149]LogWorld: Bringing World /Game/FirstPersonBP/Maps/UEDPIE_0_FirstPersonExampleMap.FirstPersonExampleMap up for play (max tick rate 0) at 2015.05.19-16.20.22
[2015.05.19-20.20.22:601][149]LogWorld: Bringing up level for play took: 0.008140
[2015.05.19-20.20.22:603][149]PIE: Info Play in editor start time for /Game/FirstPersonBP/Maps/UEDPIE_0_FirstPersonExampleMap -0.551
[2015.05.19-20.20.25:353][467]LogParticles: Destroying 0 GPU particle simulations for FXSystem 0x000000F92F058680
[2015.05.19-20.20.33:387][390]BlueprintLog: New page: Pre-PIE auto-recompile
[2015.05.19-20.20.33:392][390]LogPlayLevel: [PIE] Compiling FirstPersonExampleMap before PIE...
[2015.05.19-20.20.33:448][390]LogPlayLevel: PIE:  Blueprint regeneration took 60 ms (1 blueprints)
[2015.05.19-20.20.33:448][390]PIE: New page: PIE session: FirstPersonExampleMap (May 19, 2015, 12:20:33 PM)
[2015.05.19-20.20.33:477][390]LogBlueprint:Warning: FMemberReference::ResolveMember (K2_GetActorLocation) bSelfContext == true, but no scope supplied!
[2015.05.19-20.20.33:477][390]LogBlueprint:Warning: FMemberReference::ResolveMember (K2_GetActorLocation) bSelfContext == true, but no scope supplied!
[2015.05.19-20.20.33:479][390]LogPlayLevel: PIE: StaticDuplicateObject took: (0.031232s)
[2015.05.19-20.20.33:480][390]LogPlayLevel: PIE: World Init took: (0.000868s)
[2015.05.19-20.20.33:481][390]LogPlayLevel: PIE: Created PIE world by copying editor world from /Game/FirstPersonBP/Maps/FirstPersonExampleMap.FirstPersonExampleMap to /Game/FirstPersonBP/Maps/UEDPIE_0_FirstPersonExampleMap.FirstPersonExampleMap (0.032337s)
[2015.05.19-20.20.33:524][390]LogWorld: Game class is 'FirstPersonGameMode_C'
[2015.05.19-20.20.33:526][390]LogAIModule: Creating AISystem for world FirstPersonExampleMap
[2015.05.19-20.20.33:534][390]LogWorld: Bringing World /Game/FirstPersonBP/Maps/UEDPIE_0_FirstPersonExampleMap.FirstPersonExampleMap up for play (max tick rate 0) at 2015.05.19-16.20.33
[2015.05.19-20.20.33:535][390]LogWorld: Bringing up level for play took: 0.008399
[2015.05.19-20.20.33:543][390]PIE: Info Play in editor start time for /Game/FirstPersonBP/Maps/UEDPIE_0_FirstPersonExampleMap 0.389
[2015.05.19-20.20.36:958][785]LogParticles: Destroying 0 GPU particle simulations for FXSystem 0x000000F92C9828E0
[2015.05.19-20.20.41:630][113]LogSavePackage: Save=1667.721680ms
[2015.05.19-20.20.41:630][113]LogSavePackage: Moving 'C:/Users/guillaume/Documents/Unreal Projects/Shooter/Saved/FirstPersonExampleMapBE7A08F74E319ACF1642F191613EABC6.tmp' to 'C:/Users/guillaume/Documents/Unreal Projects/Shooter/Content/FirstPersonBP/Maps/FirstPersonExampleMap.umap'
[2015.05.19-20.20.41:650][113]LogFileHelpers: Saving map 'FirstPersonExampleMap' took 1.794
[2015.05.19-20.20.41:995][153]BlueprintLog: New page: Pre-PIE auto-recompile
[2015.05.19-20.20.41:999][153]LogPlayLevel: [PIE] Compiling FirstPersonExampleMap before PIE...
[2015.05.19-20.20.42:059][153]LogPlayLevel: PIE:  Blueprint regeneration took 64 ms (1 blueprints)
[2015.05.19-20.20.42:059][153]PIE: New page: PIE session: FirstPersonExampleMap (May 19, 2015, 12:20:42 PM)
[2015.05.19-20.20.42:088][153]LogBlueprint:Warning: FMemberReference::ResolveMember (K2_GetActorLocation) bSelfContext == true, but no scope supplied!
[2015.05.19-20.20.42:088][153]LogBlueprint:Warning: FMemberReference::ResolveMember (K2_GetActorLocation) bSelfContext == true, but no scope supplied!
[2015.05.19-20.20.42:091][153]LogPlayLevel: PIE: StaticDuplicateObject took: (0.031422s)
[2015.05.19-20.20.42:092][153]LogPlayLevel: PIE: World Init took: (0.000742s)
[2015.05.19-20.20.42:092][153]LogPlayLevel: PIE: Created PIE world by copying editor world from /Game/FirstPersonBP/Maps/FirstPersonExampleMap.FirstPersonExampleMap to /Game/FirstPersonBP/Maps/UEDPIE_0_FirstPersonExampleMap.FirstPersonExampleMap (0.032374s)
[2015.05.19-20.20.42:139][153]LogWorld: Game class is 'FirstPersonGameMode_C'
[2015.05.19-20.20.42:141][153]LogAIModule: Creating AISystem for world FirstPersonExampleMap
[2015.05.19-20.20.42:149][153]LogWorld: Bringing World /Game/FirstPersonBP/Maps/UEDPIE_0_FirstPersonExampleMap.FirstPersonExampleMap up for play (max tick rate 0) at 2015.05.19-16.20.42
[2015.05.19-20.20.42:150][153]LogWorld: Bringing up level for play took: 0.008769
[2015.05.19-20.20.42:152][153]PIE: Info Play in editor start time for /Game/FirstPersonBP/Maps/UEDPIE_0_FirstPersonExampleMap 0.999
[2015.05.19-20.20.44:707][448]LogParticles: Destroying 0 GPU particle simulations for FXSystem 0x000000F926984C20
[2015.05.19-20.20.49:521][ 20]BlueprintLog: New page: Pre-PIE auto-recompile
[2015.05.19-20.20.49:527][ 20]LogPlayLevel: [PIE] Compiling FirstPersonExampleMap before PIE...
[2015.05.19-20.20.49:586][ 20]LogPlayLevel: PIE:  Blueprint regeneration took 64 ms (1 blueprints)
[2015.05.19-20.20.49:586][ 20]PIE: New page: PIE session: FirstPersonExampleMap (May 19, 2015, 12:20:49 PM)
[2015.05.19-20.20.49:615][ 20]LogBlueprint:Warning: FMemberReference::ResolveMember (K2_GetActorLocation) bSelfContext == true, but no scope supplied!
[2015.05.19-20.20.49:615][ 20]LogBlueprint:Warning: FMemberReference::ResolveMember (K2_GetActorLocation) bSelfContext == true, but no scope supplied!
[2015.05.19-20.20.49:617][ 20]LogPlayLevel: PIE: StaticDuplicateObject took: (0.031132s)
[2015.05.19-20.20.49:618][ 20]LogPlayLevel: PIE: World Init took: (0.000974s)
[2015.05.19-20.20.49:618][ 20]LogPlayLevel: PIE: Created PIE world by copying editor world from /Game/FirstPersonBP/Maps/FirstPersonExampleMap.FirstPersonExampleMap to /Game/FirstPersonBP/Maps/UEDPIE_0_FirstPersonExampleMap.FirstPersonExampleMap (0.032295s)
[2015.05.19-20.20.49:668][ 20]LogWorld: Game class is 'FirstPersonGameMode_C'
[2015.05.19-20.20.49:671][ 20]LogAIModule: Creating AISystem for world FirstPersonExampleMap
[2015.05.19-20.20.49:688][ 20]LogWorld: Bringing World /Game/FirstPersonBP/Maps/UEDPIE_0_FirstPersonExampleMap.FirstPersonExampleMap up for play (max tick rate 0) at 2015.05.19-16.20.49
[2015.05.19-20.20.49:689][ 20]LogWorld: Bringing up level for play took: 0.016732
[2015.05.19-20.20.49:691][ 20]PIE: Info Play in editor start time for /Game/FirstPersonBP/Maps/UEDPIE_0_FirstPersonExampleMap 0.537
[2015.05.19-20.20.52:765][377]LogParticles: Destroying 0 GPU particle simulations for FXSystem 0x000000F92C9820C0
[2015.05.19-20.21.15:551][ 52]BlueprintLog: New page: Pre-PIE auto-recompile
[2015.05.19-20.21.15:557][ 52]LogPlayLevel: [PIE] Compiling FirstPersonExampleMap before PIE...
[2015.05.19-20.21.15:614][ 52]LogPlayLevel: PIE:  Blueprint regeneration took 63 ms (1 blueprints)
[2015.05.19-20.21.15:614][ 52]PIE: New page: PIE session: FirstPersonExampleMap (May 19, 2015, 12:21:15 PM)
[2015.05.19-20.21.15:644][ 52]LogBlueprint:Warning: FMemberReference::ResolveMember (K2_GetActorLocation) bSelfContext == true, but no scope supplied!
[2015.05.19-20.21.15:644][ 52]LogBlueprint:Warning: FMemberReference::ResolveMember (K2_GetActorLocation) bSelfContext == true, but no scope supplied!
[2015.05.19-20.21.15:646][ 52]LogPlayLevel: PIE: StaticDuplicateObject took: (0.031333s)
[2015.05.19-20.21.15:647][ 52]LogPlayLevel: PIE: World Init took: (0.000746s)
[2015.05.19-20.21.15:647][ 52]LogPlayLevel: PIE: Created PIE world by copying editor world from /Game/FirstPersonBP/Maps/FirstPersonExampleMap.FirstPersonExampleMap to /Game/FirstPersonBP/Maps/UEDPIE_0_FirstPersonExampleMap.FirstPersonExampleMap (0.032296s)
[2015.05.19-20.21.15:693][ 52]LogWorld: Game class is 'FirstPersonGameMode_C'
[2015.05.19-20.21.15:695][ 52]LogAIModule: Creating AISystem for world FirstPersonExampleMap
[2015.05.19-20.21.15:703][ 52]LogWorld: Bringing World /Game/FirstPersonBP/Maps/UEDPIE_0_FirstPersonExampleMap.FirstPersonExampleMap up for play (max tick rate 0) at 2015.05.19-16.21.15
[2015.05.19-20.21.15:704][ 52]LogWorld: Bringing up level for play took: 0.008322
[2015.05.19-20.21.15:711][ 52]PIE: Info Play in editor start time for /Game/FirstPersonBP/Maps/UEDPIE_0_FirstPersonExampleMap 0.557
[2015.05.19-20.21.18:873][411]LogParticles: Destroying 0 GPU particle simulations for FXSystem 0x000000F933B40A40
[2015.05.19-20.21.28:123][492]BlueprintLog: New page: Pre-PIE auto-recompile
[2015.05.19-20.21.28:128][492]LogPlayLevel: [PIE] Compiling FirstPersonExampleMap before PIE...
[2015.05.19-20.21.28:183][492]LogPlayLevel: PIE:  Blueprint regeneration took 60 ms (1 blueprints)
[2015.05.19-20.21.28:183][492]PIE: New page: PIE session: FirstPersonExampleMap (May 19, 2015, 12:21:28 PM)
[2015.05.19-20.21.28:213][492]LogBlueprint:Warning: FMemberReference::ResolveMember (K2_GetActorLocation) bSelfContext == true, but no scope supplied!
[2015.05.19-20.21.28:213][492]LogBlueprint:Warning: FMemberReference::ResolveMember (K2_GetActorLocation) bSelfContext == true, but no scope supplied!
[2015.05.19-20.21.28:215][492]LogPlayLevel: PIE: StaticDuplicateObject took: (0.031434s)
[2015.05.19-20.21.28:216][492]LogPlayLevel: PIE: World Init took: (0.000713s)
[2015.05.19-20.21.28:216][492]LogPlayLevel: PIE: Created PIE world by copying editor world from /Game/FirstPersonBP/Maps/FirstPersonExampleMap.FirstPersonExampleMap to /Game/FirstPersonBP/Maps/UEDPIE_0_FirstPersonExampleMap.FirstPersonExampleMap (0.032332s)
[2015.05.19-20.21.28:261][492]LogWorld: Game class is 'FirstPersonGameMode_C'
[2015.05.19-20.21.28:263][492]LogAIModule: Creating AISystem for world FirstPersonExampleMap
[2015.05.19-20.21.28:272][492]LogWorld: Bringing World /Game/FirstPersonBP/Maps/UEDPIE_0_FirstPersonExampleMap.FirstPersonExampleMap up for play (max tick rate 0) at 2015.05.19-16.21.28
[2015.05.19-20.21.28:272][492]LogWorld: Bringing up level for play took: 0.008547
[2015.05.19-20.21.28:280][492]PIE: Info Play in editor start time for /Game/FirstPersonBP/Maps/UEDPIE_0_FirstPersonExampleMap 1.126
[2015.05.19-20.21.31:311][840]LogParticles: Destroying 0 GPU particle simulations for FXSystem 0x000000F92C4D6B60
[2015.05.19-20.21.44:825][386]BlueprintLog: New page: Pre-PIE auto-recompile
[2015.05.19-20.21.44:831][386]LogPlayLevel: [PIE] Compiling FirstPersonExampleMap before PIE...
[2015.05.19-20.21.44:890][386]LogPlayLevel: PIE:  Blueprint regeneration took 65 ms (1 blueprints)
[2015.05.19-20.21.44:891][386]PIE: New page: PIE session: FirstPersonExampleMap (May 19, 2015, 12:21:44 PM)
[2015.05.19-20.21.44:920][386]LogBlueprint:Warning: FMemberReference::ResolveMember (K2_GetActorLocation) bSelfContext == true, but no scope supplied!
[2015.05.19-20.21.44:920][386]LogBlueprint:Warning: FMemberReference::ResolveMember (K2_GetActorLocation) bSelfContext == true, but no scope supplied!
[2015.05.19-20.21.44:922][386]LogPlayLevel: PIE: StaticDuplicateObject took: (0.031376s)
[2015.05.19-20.21.44:923][386]LogPlayLevel: PIE: World Init took: (0.000756s)
[2015.05.19-20.21.44:923][386]LogPlayLevel: PIE: Created PIE world by copying editor world from /Game/FirstPersonBP/Maps/FirstPersonExampleMap.FirstPersonExampleMap to /Game/FirstPersonBP/Maps/UEDPIE_0_FirstPersonExampleMap.FirstPersonExampleMap (0.032363s)
[2015.05.19-20.21.44:967][386]LogWorld: Game class is 'FirstPersonGameMode_C'
[2015.05.19-20.21.44:969][386]LogAIModule: Creating AISystem for world FirstPersonExampleMap
[2015.05.19-20.21.44:977][386]LogWorld: Bringing World /Game/FirstPersonBP/Maps/UEDPIE_0_FirstPersonExampleMap.FirstPersonExampleMap up for play (max tick rate 0) at 2015.05.19-16.21.44
[2015.05.19-20.21.44:978][386]LogWorld: Bringing up level for play took: 0.008158
[2015.05.19-20.21.44:985][386]PIE: Info Play in editor start time for /Game/FirstPersonBP/Maps/UEDPIE_0_FirstPersonExampleMap -0.169
[2015.05.19-20.21.47:686][696]LogParticles: Destroying 0 GPU particle simulations for FXSystem 0x000000F92C980CC0
[2015.05.19-20.22.40:258][720]LogSavePackage: Save=1672.291870ms
[2015.05.19-20.22.40:258][720]LogSavePackage: Moving 'C:/Users/guillaume/Documents/Unreal Projects/Shooter/Saved/FirstPersonExampleMapAC9C8DF24AFB942466AD4591120E238C.tmp' to 'C:/Users/guillaume/Documents/Unreal Projects/Shooter/Content/FirstPersonBP/Maps/FirstPersonExampleMap.umap'
[2015.05.19-20.22.40:278][720]LogFileHelpers: Saving map 'FirstPersonExampleMap' took 1.809
[2015.05.19-20.23.56:363][621]LogSavePackage: Save=1660.408203ms
[2015.05.19-20.23.56:363][621]LogSavePackage: Moving 'C:/Users/guillaume/Documents/Unreal Projects/Shooter/Saved/FirstPersonExampleMapC68B86A44E873EA54CD4F9A1442099E1.tmp' to 'C:/Users/guillaume/Documents/Unreal Projects/Shooter/Content/FirstPersonBP/Maps/FirstPersonExampleMap.umap'
[2015.05.19-20.23.56:384][621]LogFileHelpers: Saving map 'FirstPersonExampleMap' took 1.787
[2015.05.19-20.33.54:457][210]LogActorComponent: UnregisterComponent: (/Engine/Transient.ProjectileMovementComponent_40__A6522401) Not registered. Aborting.
[2015.05.19-20.33.54:457][210]LogActorComponent: UnregisterComponent: (/Engine/Transient.CharMoveComp) Not registered. Aborting.
[2015.05.19-20.33.54:474][210]LogParticles: Destroying 0 GPU particle simulations for FXSystem 0x000000F979E022A0
[2015.05.19-20.33.54:479][210]LogFileHelpers: Editor autosave (incl. sublevels) for '/Game/FirstPersonBP/Maps/FirstPersonExampleMap' took 0.021
[2015.05.19-20.45.06:457][748]LogEditorViewport: Clicking on Actor (LMB): StaticMeshActor (Floor2)
[2015.05.19-20.45.08:778][  7]LogActorComponent: UnregisterComponent: (/Engine/Transient.ProjectileMovementComponent_40__A6522401) Not registered. Aborting.
[2015.05.19-20.45.08:778][  7]LogActorComponent: UnregisterComponent: (/Engine/Transient.CharMoveComp) Not registered. Aborting.
[2015.05.19-20.57.34:841][574]LogActorComponent: UnregisterComponent: (/Engine/Transient.ProjectileMovementComponent_40__A6522401) Not registered. Aborting.
[2015.05.19-20.57.34:841][574]LogActorComponent: UnregisterComponent: (/Engine/Transient.CharMoveComp) Not registered. Aborting.
[2015.05.19-20.57.35:275][575]Cmd: QUIT_EDITOR
[2015.05.19-20.57.35:460][575]LogExit: Preparing to exit.
[2015.05.19-20.57.36:605][575]LogExit: Editor shut down
[2015.05.19-20.57.36:606][575]LogExit: Transaction tracking system shut down
[2015.05.19-20.57.36:608][575]LogParticles: Destroying 0 GPU particle simulations for FXSystem 0x000000F979794FE0
[2015.05.19-20.57.36:610][575]LogParticles: Destroying 0 GPU particle simulations for FXSystem 0x000000F9797956C0
[2015.05.19-20.57.36:610][575]LogParticles: Destroying 0 GPU particle simulations for FXSystem 0x000000F97DBA7C40
[2015.05.19-20.57.36:610][575]LogParticles: Destroying 0 GPU particle simulations for FXSystem 0x000000F97EDEB560
[2015.05.19-20.57.36:610][575]LogParticles: Destroying 0 GPU particle simulations for FXSystem 0x000000F923F14C20
[2015.05.19-20.57.36:610][575]LogParticles: Destroying 0 GPU particle simulations for FXSystem 0x000000F924029940
[2015.05.19-20.57.36:864][575]LogParticles: Destroying 0 GPU particle simulations for FXSystem 0x000000F979796D40
[2015.05.19-20.57.36:864][575]LogParticles: Destroying 0 GPU particle simulations for FXSystem 0x000000F977A25760
[2015.05.19-20.57.36:864][575]LogExit: Object subsystem successfully closed.
[2015.05.19-20.57.36:905][575]LogModuleManager: Shutting down and abandoning module CrashTracker (177)
[2015.05.19-20.57.36:905][575]LogModuleManager: Shutting down and abandoning module SuperSearch (176)
[2015.05.19-20.57.36:905][575]LogModuleManager: Shutting down and abandoning module SceneOutliner (175)
[2015.05.19-20.57.36:905][575]LogModuleManager: Shutting down and abandoning module EditorWidgets (174)
[2015.05.19-20.57.36:905][575]LogModuleManager: Shutting down and abandoning module CollectionManager (173)
[2015.05.19-20.57.36:905][575]LogModuleManager: Shutting down and abandoning module StatsViewer (172)
[2015.05.19-20.57.36:905][575]LogModuleManager: Shutting down and abandoning module FoliageEdit (171)
[2015.05.19-20.57.36:905][575]LogModuleManager: Shutting down and abandoning module LandscapeEditor (170)
[2015.05.19-20.57.36:905][575]LogModuleManager: Shutting down and abandoning module MeshPaint (169)
[2015.05.19-20.57.36:905][575]LogModuleManager: Shutting down and abandoning module ActorPickerMode (168)
[2015.05.19-20.57.36:905][575]LogModuleManager: Shutting down and abandoning module GeometryMode (167)
[2015.05.19-20.57.36:905][575]LogModuleManager: Shutting down and abandoning module TextureAlignMode (166)
[2015.05.19-20.57.36:905][575]LogModuleManager: Shutting down and abandoning module BspMode (165)
[2015.05.19-20.57.36:905][575]LogModuleManager: Shutting down and abandoning module PlacementMode (164)
[2015.05.19-20.57.36:905][575]LogModuleManager: Shutting down and abandoning module AutomationWorker (163)
[2015.05.19-20.57.36:905][575]LogModuleManager: Shutting down and abandoning module CharacterAI (162)
[2015.05.19-20.57.36:905][575]LogModuleManager: Shutting down and abandoning module SmartSnapping (161)
[2015.05.19-20.57.36:905][575]LogModuleManager: Shutting down and abandoning module ViewportSnapping (160)
[2015.05.19-20.57.36:905][575]LogModuleManager: Shutting down and abandoning module LogVisualizer (159)
[2015.05.19-20.57.36:906][575]LogModuleManager: Shutting down and abandoning module GameProjectGeneration (158)
[2015.05.19-20.57.36:906][575]LogModuleManager: Shutting down and abandoning module IntroTutorials (157)
[2015.05.19-20.57.36:906][575]LogModuleManager: Shutting down and abandoning module EditorLiveStreaming (156)
[2015.05.19-20.57.36:906][575]LogModuleManager: Shutting down and abandoning module HardwareTargeting (155)
[2015.05.19-20.57.36:906][575]LogModuleManager: Shutting down and abandoning module DeviceProfileEditor (154)
[2015.05.19-20.57.36:906][575]LogModuleManager: Shutting down and abandoning module UndoHistory (153)
[2015.05.19-20.57.36:906][575]LogModuleManager: Shutting down and abandoning module GameplayTagsEditor (152)
[2015.05.19-20.57.36:906][575]LogModuleManager: Shutting down and abandoning module UserFeedback (151)
[2015.05.19-20.57.36:906][575]LogModuleManager: Shutting down and abandoning module XmlParser (150)
[2015.05.19-20.57.36:906][575]LogModuleManager: Shutting down and abandoning module Blutility (149)
[2015.05.19-20.57.36:906][575]LogModuleManager: Shutting down and abandoning module IOSPlatformEditor (148)
[2015.05.19-20.57.36:906][575]LogModuleManager: Shutting down and abandoning module IOSRuntimeSettings (147)
[2015.05.19-20.57.36:906][575]LogModuleManager: Shutting down and abandoning module AndroidDeviceDetection (146)
[2015.05.19-20.57.37:360][575]LogModuleManager: Shutting down and abandoning module AndroidPlatformEditor (145)
[2015.05.19-20.57.37:360][575]LogModuleManager: Shutting down and abandoning module AndroidRuntimeSettings (144)
[2015.05.19-20.57.37:360][575]LogModuleManager: Shutting down and abandoning module ProjectTargetPlatformEditor (143)
[2015.05.19-20.57.37:360][575]LogModuleManager: Shutting down and abandoning module ProjectSettingsViewer (142)
[2015.05.19-20.57.37:361][575]LogModuleManager: Shutting down and abandoning module InputBindingEditor (141)
[2015.05.19-20.57.37:361][575]LogModuleManager: Shutting down and abandoning module EditorSettingsViewer (140)
[2015.05.19-20.57.37:361][575]LogModuleManager: Shutting down and abandoning module SettingsEditor (139)
[2015.05.19-20.57.37:361][575]LogModuleManager: Shutting down and abandoning module ProjectLauncher (138)
[2015.05.19-20.57.37:361][575]LogModuleManager: Shutting down and abandoning module SessionFrontend (137)
[2015.05.19-20.57.37:361][575]LogModuleManager: Shutting down and abandoning module ProfilerClient (136)
[2015.05.19-20.57.37:361][575]LogModuleManager: Shutting down and abandoning module TargetDeviceServices (135)
[2015.05.19-20.57.37:361][575]LogModuleManager: Shutting down and abandoning module DeviceManager (134)
[2015.05.19-20.57.37:361][575]LogModuleManager: Shutting down and abandoning module AutomationController (133)
[2015.05.19-20.57.37:362][575]LogModuleManager: Shutting down and abandoning module AutomationWindow (132)
[2015.05.19-20.57.37:362][575]LogModuleManager: Shutting down and abandoning module Layers (131)
[2015.05.19-20.57.37:362][575]LogModuleManager: Shutting down and abandoning module ComponentVisualizers (130)
[2015.05.19-20.57.37:362][575]LogModuleManager: Shutting down and abandoning module DetailCustomizations (129)
[2015.05.19-20.57.37:362][575]LogModuleManager: Shutting down and abandoning module PackagesDialog (128)
[2015.05.19-20.57.37:362][575]LogModuleManager: Shutting down and abandoning module AssetRegistry (127)
[2015.05.19-20.57.37:460][575]LogModuleManager: Shutting down and abandoning module Persona (126)
[2015.05.19-20.57.37:460][575]LogModuleManager: Shutting down and abandoning module SlateReflector (125)
[2015.05.19-20.57.37:460][575]LogModuleManager: Shutting down and abandoning module LevelEditor (124)
[2015.05.19-20.57.37:461][575]LogModuleManager: Shutting down and abandoning module Kismet (123)
[2015.05.19-20.57.37:462][575]LogModuleManager: Shutting down and abandoning module GraphEditor (122)
[2015.05.19-20.57.37:462][575]LogModuleManager: Shutting down and abandoning module ClassViewer (121)
[2015.05.19-20.57.37:462][575]LogModuleManager: Shutting down and abandoning module Toolbox (120)
[2015.05.19-20.57.37:462][575]LogModuleManager: Shutting down and abandoning module ModuleUI (119)
[2015.05.19-20.57.37:462][575]LogModuleManager: Shutting down and abandoning module MovieSceneTools (118)
[2015.05.19-20.57.37:462][575]LogModuleManager: Shutting down and abandoning module OutputLog (117)
[2015.05.19-20.57.37:462][575]LogModuleManager: Shutting down and abandoning module GammaUI (116)
[2015.05.19-20.57.37:462][575]LogModuleManager: Shutting down and abandoning module Documentation (115)
[2015.05.19-20.57.37:462][575]LogModuleManager: Shutting down and abandoning module GameLiveStreaming (114)
[2015.05.19-20.57.37:462][575]LogModuleManager: Shutting down and abandoning module StreamingPauseRendering (113)
[2015.05.19-20.57.37:462][575]LogModuleManager: Shutting down and abandoning module HTTP (112)
[2015.05.19-20.57.37:462][575]LogModuleManager: Shutting down and abandoning module AnalyticsET (111)
[2015.05.19-20.57.37:462][575]LogModuleManager: Shutting down and abandoning module Analytics (110)
[2015.05.19-20.57.37:462][575]LogModuleManager: Shutting down and abandoning module AITestSuite (109)
[2015.05.19-20.57.37:462][575]LogModuleManager: Shutting down and abandoning module GameplayDebugger (108)
[2015.05.19-20.57.37:462][575]LogModuleManager: Shutting down and abandoning module AIModule (107)
[2015.05.19-20.57.37:462][575]LogModuleManager: Shutting down and abandoning module ProfilerService (106)
[2015.05.19-20.57.37:569][575]LogModuleManager: Shutting down and abandoning module TaskGraph (105)
[2015.05.19-20.57.37:569][575]LogModuleManager: Shutting down and abandoning module SlateRemote (104)
[2015.05.19-20.57.37:569][575]LogModuleManager: Shutting down and abandoning module ScriptEditorPlugin (103)
[2015.05.19-20.57.37:569][575]LogModuleManager: Shutting down and abandoning module CustomMeshComponent (102)
[2015.05.19-20.57.37:569][575]LogModuleManager: Shutting down and abandoning module CableComponent (101)
[2015.05.19-20.57.37:569][575]LogModuleManager: Shutting down and abandoning module MessagingDebugger (100)
[2015.05.19-20.57.37:570][575]LogModuleManager: Shutting down and abandoning module MediaPlayerEditor (99)
[2015.05.19-20.57.37:570][575]LogModuleManager: Shutting down and abandoning module SpeedTreeImporter (98)
[2015.05.19-20.57.37:570][575]LogModuleManager: Shutting down and abandoning module PluginsEditor (97)
[2015.05.19-20.57.37:570][575]LogModuleManager: Shutting down and abandoning module MainFrame (96)
[2015.05.19-20.57.37:570][575]LogModuleManager: Shutting down and abandoning module EpicSurvey (95)
[2015.05.19-20.57.37:570][575]LogModuleManager: Shutting down and abandoning module DesktopPlatform (94)
[2015.05.19-20.57.37:570][575]LogModuleManager: Shutting down and abandoning module DirectoryWatcher (93)
[2015.05.19-20.57.37:572][575]LogModuleManager: Shutting down and abandoning module HotReload (92)
[2015.05.19-20.57.37:572][575]LogModuleManager: Shutting down and abandoning module VisualStudioSourceCodeAccess (91)
[2015.05.19-20.57.37:572][575]LogModuleManager: Shutting down and abandoning module UObjectPlugin (90)
[2015.05.19-20.57.37:572][575]LogModuleManager: Shutting down and abandoning module SubversionSourceControl (89)
[2015.05.19-20.57.37:572][575]LogModuleManager: Shutting down and abandoning module PerforceSourceControl (88)
[2015.05.19-20.57.37:572][575]LogModuleManager: Shutting down and abandoning module SourceControl (87)
[2015.05.19-20.57.37:572][575]LogModuleManager: Shutting down and abandoning module GitSourceControl (86)
[2015.05.19-20.57.37:572][575]LogModuleManager: Shutting down and abandoning module BlankPlugin (85)
[2015.05.19-20.57.37:572][575]LogModuleManager: Shutting down and abandoning module PaperTiledImporter (84)
[2015.05.19-20.57.37:572][575]LogModuleManager: Shutting down and abandoning module PaperJsonImporter (83)
[2015.05.19-20.57.37:572][575]LogModuleManager: Shutting down and abandoning module ContentBrowser (82)
[2015.05.19-20.57.37:575][575]LogModuleManager: Shutting down and abandoning module Paper2DEditor (81)
[2015.05.19-20.57.37:575][575]LogModuleManager: Shutting down and abandoning module ScriptPlugin (80)
[2015.05.19-20.57.37:575][575]LogModuleManager: Shutting down and abandoning module UdpMessaging (79)
[2015.05.19-20.57.37:676][575]LogModuleManager: Shutting down and abandoning module Paper2D (78)
[2015.05.19-20.57.37:676][575]LogModuleManager: Shutting down and abandoning module WindowsMoviePlayer (77)
[2015.05.19-20.57.37:683][575]LogModuleManager: Shutting down and abandoning module Media (76)
[2015.05.19-20.57.37:683][575]LogModuleManager: Shutting down and abandoning module WmfMedia (75)
[2015.05.19-20.57.37:683][575]LogModuleManager: Shutting down and abandoning module OnlineBlueprintSupport (74)
[2015.05.19-20.57.37:683][575]LogModuleManager: Shutting down and abandoning module PropertyEditor (73)
[2015.05.19-20.57.37:684][575]LogModuleManager: Shutting down and abandoning module BehaviorTreeEditor (72)
[2015.05.19-20.57.37:684][575]LogModuleManager: Shutting down and abandoning module FunctionalTesting (71)
[2015.05.19-20.57.37:684][575]LogModuleManager: Shutting down and abandoning module CollisionAnalyzer (70)
[2015.05.19-20.57.37:684][575]LogModuleManager: Shutting down and abandoning module WorkspaceMenuStructure (69)
[2015.05.19-20.57.37:684][575]LogModuleManager: Shutting down and abandoning module MessageLog (68)
[2015.05.19-20.57.37:684][575]LogModuleManager: Shutting down and abandoning module Sequencer (67)
[2015.05.19-20.57.37:684][575]LogModuleManager: Shutting down and abandoning module AssetTools (66)
[2015.05.19-20.57.37:684][575]LogModuleManager: Shutting down and abandoning module UMGEditor (65)
[2015.05.19-20.57.37:684][575]LogModuleManager: Shutting down and abandoning module UMG (64)
[2015.05.19-20.57.37:684][575]LogModuleManager: Shutting down and abandoning module Slate (63)
[2015.05.19-20.57.37:684][575]LogModuleManager: Shutting down and abandoning module EditorStyle (62)
[2015.05.19-20.57.37:695][575]LogModuleManager: Shutting down and abandoning module SessionServices (61)
[2015.05.19-20.57.37:695][575]LogModuleManager: Shutting down and abandoning module SourceCodeAccess (60)
[2015.05.19-20.57.37:695][575]LogModuleManager: Shutting down and abandoning module HeadMountedDisplay (59)
[2015.05.19-20.57.37:695][575]LogModuleManager: Shutting down and abandoning module XAudio2 (58)
[2015.05.19-20.57.37:695][575]LogModuleManager: Shutting down and abandoning module Networking (56)
[2015.05.19-20.57.37:695][575]LogModuleManager: Shutting down and abandoning module Core (55)
[2015.05.19-20.57.37:695][575]LogModuleManager: Shutting down and abandoning module KismetCompiler (54)
[2015.05.19-20.57.37:696][575]LogModuleManager: Shutting down and abandoning module PhysXFormats (53)
[2015.05.19-20.57.37:696][575]LogModuleManager: Shutting down and abandoning module MeshUtilities (52)
[2015.05.19-20.57.37:696][575]LogModuleManager: Shutting down and abandoning module DerivedDataCache (51)
[2015.05.19-20.57.37:743][575]LogDerivedDataCache: Shutdown
[2015.05.19-20.57.37:743][575]LogModuleManager: Shutting down and abandoning module ShaderFormatOpenGL (50)
[2015.05.19-20.57.37:743][575]LogModuleManager: Shutting down and abandoning module ShaderFormatD3D (49)
[2015.05.19-20.57.37:743][575]LogModuleManager: Shutting down and abandoning module MetalShaderFormat (48)
[2015.05.19-20.57.37:743][575]LogModuleManager: Shutting down and abandoning module TextureFormatUncompressed (47)
[2015.05.19-20.57.37:743][575]LogModuleManager: Shutting down and abandoning module TextureFormatPVR (46)
[2015.05.19-20.57.37:743][575]LogModuleManager: Shutting down and abandoning module TextureFormatIntelISPCTexComp (45)
[2015.05.19-20.57.37:743][575]LogModuleManager: Shutting down and abandoning module TextureFormatDXT (44)
[2015.05.19-20.57.37:743][575]LogModuleManager: Shutting down and abandoning module ImageWrapper (43)
[2015.05.19-20.57.37:743][575]LogModuleManager: Shutting down and abandoning module TextureFormatASTC (42)
[2015.05.19-20.57.37:743][575]LogModuleManager: Shutting down and abandoning module TextureFormatAndroid (41)
[2015.05.19-20.57.37:743][575]LogModuleManager: Shutting down and abandoning module AudioFormatOpus (40)
[2015.05.19-20.57.37:743][575]LogModuleManager: Shutting down and abandoning module AudioFormatOgg (39)
[2015.05.19-20.57.37:743][575]LogModuleManager: Shutting down and abandoning module AudioFormatADPCM (38)
[2015.05.19-20.57.37:743][575]LogModuleManager: Shutting down and abandoning module LinuxTargetPlatform (37)
[2015.05.19-20.57.37:744][575]LogModuleManager: Shutting down and abandoning module LinuxServerTargetPlatform (36)
[2015.05.19-20.57.37:744][575]LogModuleManager: Shutting down and abandoning module LinuxNoEditorTargetPlatform (35)
[2015.05.19-20.57.37:744][575]LogModuleManager: Shutting down and abandoning module Messaging (34)
[2015.05.19-20.57.37:744][575]LogModuleManager: Shutting down and abandoning module IOSTargetPlatform (33)
[2015.05.19-20.57.37:744][575]LogModuleManager: Shutting down and abandoning module HTML5TargetPlatform (32)
[2015.05.19-20.57.37:744][575]LogModuleManager: Shutting down and abandoning module Android_PVRTCTargetPlatform (31)
[2015.05.19-20.57.37:744][575]LogModuleManager: Shutting down and abandoning module Android_ETC2TargetPlatform (30)
[2015.05.19-20.57.37:744][575]LogModuleManager: Shutting down and abandoning module Android_ETC1TargetPlatform (29)
[2015.05.19-20.57.37:744][575]LogModuleManager: Shutting down and abandoning module Android_ES31TargetPlatform (28)
[2015.05.19-20.57.37:744][575]LogModuleManager: Shutting down and abandoning module Android_DXTTargetPlatform (27)
[2015.05.19-20.57.37:744][575]LogModuleManager: Shutting down and abandoning module Android_ATCTargetPlatform (26)
[2015.05.19-20.57.37:744][575]LogModuleManager: Shutting down and abandoning module AndroidTargetPlatform (25)
[2015.05.19-20.57.37:744][575]LogModuleManager: Shutting down and abandoning module WindowsTargetPlatform (24)
[2015.05.19-20.57.37:744][575]LogModuleManager: Shutting down and abandoning module WindowsServerTargetPlatform (23)
[2015.05.19-20.57.37:744][575]LogModuleManager: Shutting down and abandoning module WindowsNoEditorTargetPlatform (22)
[2015.05.19-20.57.37:744][575]LogModuleManager: Shutting down and abandoning module WindowsClientTargetPlatform (21)
[2015.05.19-20.57.37:744][575]LogModuleManager: Shutting down and abandoning module TargetPlatform (20)
[2015.05.19-20.57.37:744][575]LogModuleManager: Shutting down and abandoning module InputCore (19)
[2015.05.19-20.57.37:744][575]LogModuleManager: Shutting down and abandoning module Settings (18)
[2015.05.19-20.57.37:744][575]LogModuleManager: Shutting down and abandoning module OnlineSubsystem (16)
[2015.05.19-20.57.37:744][575]LogModuleManager: Shutting down and abandoning module OculusRift (15)
[2015.05.19-20.57.37:745][575]LogModuleManager: Shutting down and abandoning module ExampleDeviceProfileSelector (14)
[2015.05.19-20.57.37:745][575]LogModuleManager: Shutting down and abandoning module TextureCompressor (13)
[2015.05.19-20.57.37:745][575]LogModuleManager: Shutting down and abandoning module ShaderCore (12)
[2015.05.19-20.57.37:745][575]LogModuleManager: Shutting down and abandoning module Landscape (11)
[2015.05.19-20.57.37:745][575]LogModuleManager: Shutting down and abandoning module SlateRHIRenderer (10)
[2015.05.19-20.57.37:756][575]LogModuleManager: Shutting down and abandoning module OpenGLDrv (9)
[2015.05.19-20.57.37:756][575]LogModuleManager: Shutting down and abandoning module D3D11RHI (8)
[2015.05.19-20.57.37:756][575]LogModuleManager: Shutting down and abandoning module Renderer (7)
[2015.05.19-20.57.37:756][575]LogModuleManager: Shutting down and abandoning module Engine (6)
[2015.05.19-20.57.37:756][575]LogModuleManager: Shutting down and abandoning module CoreUObject (5)
[2015.05.19-20.57.37:757][575]LogModuleManager: Shutting down and abandoning module NetworkFile (4)
[2015.05.19-20.57.37:757][575]LogModuleManager: Shutting down and abandoning module StreamingFile (3)
[2015.05.19-20.57.37:757][575]LogModuleManager: Shutting down and abandoning module SandboxFile (2)
[2015.05.19-20.57.37:757][575]LogModuleManager: Shutting down and abandoning module PakFile (1)
[2015.05.19-20.57.37:758][575]LogExit: Exiting.
[2015.05.19-20.57.37:772][575]Log file closed, 05/19/15 16:57:37
