Log file open, 05/07/15 18:36:47
LogInit:Display: Running engine for game: Shooter
LogInit: Version: 4.7.6-2513093+++depot+UE4-Releases+4.7
LogInit: API Version: 2455222
LogInit: Compiled (64-bit): Apr 15 2015 12:09:54
LogInit: Compiled with Visual C++: 18.00.21005.01
LogInit: Build Configuration: Development
LogInit: Branch Name: ++depot+UE4-Releases+4.7
LogInit: Command line: 
LogInit: Base directory: D:/Epic Games/4.7/Engine/Binaries/Win64/
LogInit: Rocket: 1
[2015.05.07-22.36.47:055][  0]LogTaskGraph: Started task graph with 3 named threads and 6 total threads.
[2015.05.07-22.36.47:109][  0]LogOnline:Warning: No default platform service specified for OnlineSubsystem
[2015.05.07-22.36.47:120][  0]LogInit: Presizing for 0 objects not considered by GC, pre-allocating 0 bytes.
[2015.05.07-22.36.47:128][  0]LogInit: Object subsystem initialized
[2015.05.07-22.36.47:129][  0]LogConsoleResponse:Warning: Skipping Unknown console variable: 'TranslucentSortAxis = (X=0.000000,Y=-1.000000,Z=0.000000)'
[2015.05.07-22.36.47:129][  0]LogConsoleResponse:Warning:   Found in ini file 'C:/Users/guillaume/Documents/Unreal Projects/Shooter/Saved/Config/Windows/Engine.ini', in section '[/Script/Engine.RendererSettings]'
[2015.05.07-22.36.47:129][  0]LogConsoleResponse:Warning: Skipping Unknown console variable: 'UIScaleRule = ShortestSide'
[2015.05.07-22.36.47:129][  0]LogConsoleResponse:Warning:   Found in ini file 'C:/Users/guillaume/Documents/Unreal Projects/Shooter/Saved/Config/Windows/Engine.ini', in section '[/Script/Engine.RendererSettings]'
[2015.05.07-22.36.47:129][  0]LogConsoleResponse:Warning: Skipping Unknown console variable: 'UIScaleCurve = (EditorCurveData=(Keys=),ExternalCurve=None)'
[2015.05.07-22.36.47:129][  0]LogConsoleResponse:Warning:   Found in ini file 'C:/Users/guillaume/Documents/Unreal Projects/Shooter/Saved/Config/Windows/Engine.ini', in section '[/Script/Engine.RendererSettings]'
[2015.05.07-22.36.47:130][  0]LogInit: Selected Device Profile: [Windows]
[2015.05.07-22.36.47:130][  0]LogInit: Applying CVar settings loaded from the selected device profile: [Windows]
[2015.05.07-22.36.47:135][  0]LogInit: Computer: MSI-GUILLAUME
[2015.05.07-22.36.47:135][  0]LogInit: User: guillaume
[2015.05.07-22.36.47:135][  0]LogInit: CPU Page size=4096, Cores=4
[2015.05.07-22.36.47:135][  0]LogInit: High frequency timer resolution =2.435777 MHz
[2015.05.07-22.36.47:135][  0]LogMemory: Memory total: Physical=16.0GB (16GB approx) Virtual=131072.0GB
[2015.05.07-22.36.47:135][  0]LogMemory: Platform Memory Stats for Windows
[2015.05.07-22.36.47:135][  0]LogMemory: Process Physical Memory: 46.83 MB used, 46.83 MB peak
[2015.05.07-22.36.47:135][  0]LogMemory: Process Virtual Memory: 27.33 MB used, 27.33 MB peak
[2015.05.07-22.36.47:135][  0]LogMemory: Physical Memory: 4581.18 MB used, 16336.83 MB total
[2015.05.07-22.36.47:135][  0]LogMemory: Virtual Memory: 303.29 MB used, 134217728.00 MB total
[2015.05.07-22.36.47:163][  0]LogD3D11RHI: Found D3D11 adapter 0: NVIDIA GeForce GTX 970M    (Feature Level 11_0)
[2015.05.07-22.36.47:163][  0]LogD3D11RHI: Adapter has 5980MB of dedicated video memory, 0MB of dedicated system memory, and 8168MB of shared system memory, 1 output[s]
[2015.05.07-22.36.47:164][  0]LogD3D11RHI: Found D3D11 adapter 1: Microsoft Basic Render Driver (Feature Level 11_0)
[2015.05.07-22.36.47:164][  0]LogD3D11RHI: Adapter has 0MB of dedicated video memory, 0MB of dedicated system memory, and 256MB of shared system memory, 0 output[s]
[2015.05.07-22.36.47:164][  0]LogD3D11RHI: Chosen D3D11 Adapter Id = 0
[2015.05.07-22.36.47:167][  0]LogRHI: Texture pool is 1361 MB (70% of 1945 MB)
[2015.05.07-22.36.47:180][  0]LogD3D11RHI: Async texture creation enabled
[2015.05.07-22.36.47:240][  0]LogTextLocalizationManager: The requested culture ('fr_CA') has no localization data; falling back to 'en' for localization and internationalization data.
[2015.05.07-22.36.47:313][  0]LogTextLocalizationManager:Warning: Loading localization resources contain conflicting entries for (Namespace:UICommands, Key:Save_ToolTip):
Resource: (D:/Epic Games/4.7/Engine/Content/Localization/Editor/en/Editor.locres) Hash: (-29098895) String: (Saves the current level to disk)
Resource: (D:/Epic Games/4.7/Engine/Content/Localization/Engine/en/Engine.locres) Hash: (-1280300587) String: (Save selected data to vlog file)
[2015.05.07-22.36.47:313][  0]LogTextLocalizationManager:Warning: Loading localization resources contain conflicting entries for (Namespace:ContentBrowser, Key:ImportAssetToolTip):
Resource: (D:/Epic Games/4.7/Engine/Content/Localization/Editor/en/Editor.locres) Hash: (-630476809) String: (Import to {0}...)
Resource: (D:/Epic Games/4.7/Engine/Content/Localization/Editor/en/Editor.locres) Hash: (1271782899) String: (Imports an asset from file to this folder.)
[2015.05.07-22.36.47:386][  0]LogContentStreaming: Texture pool size is 0.000000MB
[2015.05.07-22.36.49:281][  0]LogTargetPlatformManager:Display: Building Assets For Windows
[2015.05.07-22.36.49:713][  0]LogTargetPlatformManager:Display: Building Assets For Windows
[2015.05.07-22.36.49:758][  0]LogDerivedDataCache:Display: Max Cache Size: 512 MB
[2015.05.07-22.36.49:795][  0]LogDerivedDataCache: Loaded boot cache 0.04s 39MB C:/Users/guillaume/AppData/Local/UnrealEngine/4.7/DerivedDataCache/Boot.ddc.
[2015.05.07-22.36.49:795][  0]LogDerivedDataCache:Display: Loaded Boot cache: C:/Users/guillaume/AppData/Local/UnrealEngine/4.7/DerivedDataCache/Boot.ddc
[2015.05.07-22.36.49:795][  0]LogDerivedDataCache: FDerivedDataBackendGraph:  Pak pak cache file C:/Users/guillaume/Documents/Unreal Projects/Shooter/DerivedDataCache/DDC.ddp not found, will not use a pak cache.
[2015.05.07-22.36.49:795][  0]LogDerivedDataCache: Unable to find inner node Pak for hierarchical cache Hierarchy.
[2015.05.07-22.36.49:898][  0]LogDerivedDataCache:Display: Pak cache opened for reading ../../../Engine/DerivedDataCache/Compressed.ddp.
[2015.05.07-22.36.49:910][  0]LogDerivedDataCache: Using Local data cache path C:/Users/guillaume/AppData/Local/UnrealEngine/Common/DerivedDataCache: Writable
[2015.05.07-22.36.50:139][  0]LogMeshUtilities: No automatic mesh reduction module available
[2015.05.07-22.36.50:139][  0]LogMeshUtilities: No automatic mesh merging module available
[2015.05.07-22.36.50:479][  0]LogInit: WinSock: version 1.1 (2.2), MaxSocks=32767, MaxUdp=65467
[2015.05.07-22.36.50:532][  0]LogSlate:Warning: Failed to load font data from '../../../Engine/Content/Slate/Fonts/Roboto-Italic.ttf'
[2015.05.07-22.36.51:181][  0]UdpMessaging: Initializing bridge on interface 0.0.0.0:0 to multicast group 230.0.0.1:6666.
[2015.05.07-22.36.51:336][  0]SourceControl: Info Source control is disabled
[2015.05.07-22.36.51:336][  0]SourceControl: Info Source control is disabled
[2015.05.07-22.36.51:336][  0]SourceControl: Info Source control is disabled
[2015.05.07-22.36.51:341][  0]SourceControl: Info Source control is disabled
[2015.05.07-22.36.51:471][  0]LogObj: 24232 objects as part of root set at end of initial load.
[2015.05.07-22.36.51:471][  0]LogUObjectAllocator: 5137168 out of 0 bytes used by permanent object pool.
[2015.05.07-22.36.51:538][  0]LogEngine: Initializing Engine...
[2015.05.07-22.36.53:668][  0]LogInit: XAudio2 using 'Speakers (Realtek High Definition Audio)' : 2 channels at 48 kHz using 32 bits per sample (channel mask 0x3)
[2015.05.07-22.36.53:690][  0]LogInit: FAudioDevice initialized.
[2015.05.07-22.36.53:715][  0]LogAIModule: Creating AISystem for world NewWorld
[2015.05.07-22.36.53:734][  0]LogDerivedDataCache: Saved boot cache 0.02s 39MB C:/Users/guillaume/AppData/Local/UnrealEngine/4.7/DerivedDataCache/Boot.ddc.
[2015.05.07-22.36.53:737][  0]LogInit: Texture streaming: Enabled
[2015.05.07-22.36.53:805][  0]LogAnalytics: Creating configured Analytics provider AnalyticsET
[2015.05.07-22.36.53:805][  0]LogAnalytics: ET APIKey = Rocket.Release. APIServer = http://et2.epicgames.com/ET2/. AppVersion = 4.7.6-2513093+++depot+UE4-Releases+4.7
[2015.05.07-22.36.53:805][  0]LogAnalytics: ET APIKey = Rocket.Release. DataRouterUploadURL = https://datarouter-public-service-gamedev.ol.epicgames.net/datarouter/api/v1/public/data. AppVersion = 4.7.6-2513093+++depot+UE4-Releases+4.7
[2015.05.07-22.36.53:805][  0]LogAnalytics: SetUserId e3487cae44029761e470c8b4123de03d|c7a288572b714f9898c556981a74ab33|66f320fe-673b-44ee-aa7f-b0a8f0fff000
[2015.05.07-22.36.53:805][  0]LogAnalytics: AnalyticsET::StartSession [Rocket.Release]
[2015.05.07-22.36.53:824][  0]LogInit: Transaction tracking system initialized
[2015.05.07-22.36.53:942][  0]BlueprintLog: New page: Editor Load
[2015.05.07-22.36.53:969][  0]LogAssetRegistry: FAssetRegistry took 0.0113 seconds to start up
[2015.05.07-22.36.53:969][  0]LogDirectoryWatcher:Warning: Failed to begin reading directory changes for ../../../Engine/Plugins/Experimental/CharacterAI/Content/. Error: 0
[2015.05.07-22.36.54:448][  0]LogTargetPlatformManager:Display: Building Assets For Windows
[2015.05.07-22.36.54:767][  0]LogTargetPlatformManager:Display: Building Assets For Windows
[2015.05.07-22.36.54:977][  0]LogSlate:Warning: Failed to load font data from '../../../Engine/Content/Editor/Slate/Fonts/Roboto-Regular.ttf'
[2015.05.07-22.36.54:977][  0]LogSlate:Warning: Failed to load font data from '../../../Engine/Content/Editor/Slate/Fonts/Roboto-Bold.ttf'
[2015.05.07-22.36.55:015][  0]LogConsoleResponse:Display: 
[2015.05.07-22.36.55:120][  0]LogCook:Display: Done creating registry. It took  0.00s.
[2015.05.07-22.36.55:218][  0]SourceControl: Info Source control is disabled
[2015.05.07-22.36.55:218][  0]Cmd: MAP LOAD FILE="C:/Users/guillaume/Documents/Unreal Projects/Shooter/Content/FirstPersonBP/Maps/FirstPersonExampleMap.umap" TEMPLATE=0 SHOWPROGRESS=1 FEATURELEVEL=3
[2015.05.07-22.36.55:218][  0]LightingResults: New page: Lighting Build
[2015.05.07-22.36.55:226][  0]MapCheck: New page: Map Check
[2015.05.07-22.36.55:226][  0]LightingResults: New page: Lighting Build
[2015.05.07-22.36.55:235][  0]LogParticles: Destroying 0 GPU particle simulations for FXSystem 0x0000006FB7042980
[2015.05.07-22.36.55:247][  0]LogLinker:Warning: Asset '../../../Engine/Content/EngineMeshes/Humanoid.uasset' has been saved with empty engine version. The asset will be loaded but may be incompatible.
[2015.05.07-22.36.57:104][  0]LogEditorServer: Finished looking for orphan Actors (0.000 secs)
[2015.05.07-22.36.57:971][  0]LogAIModule: Creating AISystem for world FirstPersonExampleMap
[2015.05.07-22.36.57:972][  0]Cmd: MAP CHECKDEP
[2015.05.07-22.36.57:972][  0]MapCheck: New page: FirstPersonExampleMap - May 7, 2015, 2:36:57 PM
[2015.05.07-22.36.58:050][  0]MapCheck: Info Map check complete: 0 Error(s), 0 Warning(s), took 78.767ms to complete.
[2015.05.07-22.36.58:050][  0]LogFileHelpers: Loading map 'FirstPersonExampleMap' took 2.833
[2015.05.07-22.36.58:169][  0]LogCollectionManager: Loaded 0 collections in 0.000943 seconds
[2015.05.07-22.36.58:176][  0]LogContentBrowser: Native class hierarchy populated in 0.0073 seconds. Added 1696 classes and 261 folders.
[2015.05.07-22.36.58:198][  0]LogContentBrowser: Native class hierarchy updated for 'SceneOutliner' in 0.0011 seconds. Added 1 classes and 2 folders.
[2015.05.07-22.36.58:233][  0]LogCrashTracker: Crashtracker disabled due to settings.
[2015.05.07-22.36.58:234][  0]LogSlate:Warning: Failed to load font data from 'Veranda'
[2015.05.07-22.36.58:243][  0]LogUObjectGlobals:Warning: Failed to find object 'Class None.'
[2015.05.07-22.36.58:269][  0]LogLoad: Full Startup: 12.86 seconds (BP compile: 0.81 seconds)
[2015.05.07-22.36.58:313][  0]LogContentBrowser:Verbose: The content browser source was changed by the sources view to '/Game/FirstPersonBP/Blueprints'
[2015.05.07-22.36.58:431][  0]LogRenderer:Warning: Reallocating scene render targets to support 32x32 (Frame:2).
[2015.05.07-22.36.58:619][  0]LogRenderer:Warning: Reallocating scene render targets to support 1208x576 (Frame:9).
[2015.05.07-22.36.58:857][  5]LogAssetRegistry: Asset discovery search completed in 4.8989 seconds
[2015.05.07-22.37.05:387][371]LogSourceControl: RunCommandInternalRaw: 'git version'
[2015.05.07-22.37.05:425][371]LogSourceControl: RunCommandInternalRaw: ExecProcess ReturnCode=0 OutResults='git version 1.9.5.msysgit.1
'
[2015.05.07-22.37.07:005][462]SourceControl:Error: Error You should check out a working copy into your project directory.
[2015.05.07-22.37.07:005][462]SourceControl:Error: Error Project is not part of a Git working copy.
[2015.05.07-22.38.13:296][966]LogSourceControl: RunCommandInternalRaw: 'git version'
[2015.05.07-22.38.13:296][966]LogSourceControl: RunCommandInternalRaw: ExecProcess ReturnCode=5 OutResults=''
[2015.05.07-22.38.17:095][194]LogSourceControl: RunCommandInternalRaw: 'git version'
[2015.05.07-22.38.17:096][194]LogSourceControl: RunCommandInternalRaw: ExecProcess ReturnCode=5 OutResults=''
[2015.05.07-22.38.18:612][285]LogSourceControl: RunCommandInternalRaw: 'git version'
[2015.05.07-22.38.18:612][285]LogSourceControl: RunCommandInternalRaw: ExecProcess ReturnCode=2 OutResults=''
[2015.05.07-22.38.18:745][293]LogSourceControl: RunCommandInternalRaw: 'git version'
[2015.05.07-22.38.18:746][293]LogSourceControl: RunCommandInternalRaw: ExecProcess ReturnCode=2 OutResults=''
[2015.05.07-22.38.18:980][307]LogSourceControl: RunCommandInternalRaw: 'git version'
[2015.05.07-22.38.19:018][307]LogSourceControl: RunCommandInternalRaw: ExecProcess ReturnCode=0 OutResults='git version 1.9.5.msysgit.1
'
[2015.05.07-22.38.19:474][335]LogSourceControl: RunCommandInternalRaw: 'git version'
[2015.05.07-22.38.19:474][335]LogSourceControl: RunCommandInternalRaw: ExecProcess ReturnCode=2 OutResults=''
[2015.05.07-22.38.19:757][352]LogSourceControl: RunCommandInternalRaw: 'git version'
[2015.05.07-22.38.19:757][352]LogSourceControl: RunCommandInternalRaw: ExecProcess ReturnCode=2 OutResults=''
[2015.05.07-22.38.20:056][370]LogSourceControl: RunCommandInternalRaw: 'git version'
[2015.05.07-22.38.20:057][370]LogSourceControl: RunCommandInternalRaw: ExecProcess ReturnCode=2 OutResults=''
[2015.05.07-22.38.20:307][385]LogSourceControl: RunCommandInternalRaw: 'git version'
[2015.05.07-22.38.20:367][385]LogSourceControl: RunCommandInternalRaw: ExecProcess ReturnCode=0 OutResults='git version 1.9.5.msysgit.1
'
[2015.05.07-22.38.20:725][407]LogSourceControl: RunCommandInternalRaw: 'git version'
[2015.05.07-22.38.20:782][407]LogSourceControl: RunCommandInternalRaw: ExecProcess ReturnCode=0 OutResults='git version 1.9.5.msysgit.1
'
[2015.05.07-22.38.20:783][407]LogSourceControl: RunCommandInternalRaw: 'git version'
[2015.05.07-22.38.20:839][407]LogSourceControl: RunCommandInternalRaw: ExecProcess ReturnCode=0 OutResults='git version 1.9.5.msysgit.1
'
[2015.05.07-22.38.20:839][407]LogSourceControl: RunCommandInternalRaw: 'git version'
[2015.05.07-22.38.20:896][407]LogSourceControl: RunCommandInternalRaw: ExecProcess ReturnCode=0 OutResults='git version 1.9.5.msysgit.1
'
[2015.05.07-22.38.22:271][490]SourceControl:Error: Error You should check out a working copy into your project directory.
[2015.05.07-22.38.22:271][490]SourceControl:Error: Error Project is not part of a Git working copy.
[2015.05.07-22.38.24:366][603]LogSourceControl: RunCommandInternalRaw: 'git version'
[2015.05.07-22.38.24:366][603]LogSourceControl: RunCommandInternalRaw: ExecProcess ReturnCode=2 OutResults=''
[2015.05.07-22.38.24:865][633]LogSourceControl: RunCommandInternalRaw: 'git version'
[2015.05.07-22.38.24:865][633]LogSourceControl: RunCommandInternalRaw: ExecProcess ReturnCode=2 OutResults=''
[2015.05.07-22.38.24:899][635]LogSourceControl: RunCommandInternalRaw: 'git version'
[2015.05.07-22.38.24:899][635]LogSourceControl: RunCommandInternalRaw: ExecProcess ReturnCode=2 OutResults=''
[2015.05.07-22.38.24:932][637]LogSourceControl: RunCommandInternalRaw: 'git version'
[2015.05.07-22.38.24:971][637]LogSourceControl: RunCommandInternalRaw: ExecProcess ReturnCode=0 OutResults='git version 1.9.5.msysgit.1
'
[2015.05.07-22.38.25:110][646]LogSourceControl: RunCommandInternalRaw: 'git version'
[2015.05.07-22.38.25:110][646]LogSourceControl: RunCommandInternalRaw: ExecProcess ReturnCode=2 OutResults=''
[2015.05.07-22.38.25:344][660]LogSourceControl: RunCommandInternalRaw: 'git version'
[2015.05.07-22.38.25:344][660]LogSourceControl: RunCommandInternalRaw: ExecProcess ReturnCode=2 OutResults=''
[2015.05.07-22.38.25:661][679]LogSourceControl: RunCommandInternalRaw: 'git version'
[2015.05.07-22.38.25:661][679]LogSourceControl: RunCommandInternalRaw: ExecProcess ReturnCode=5 OutResults=''
[2015.05.07-22.38.25:927][695]LogSourceControl: RunCommandInternalRaw: 'git version'
[2015.05.07-22.38.25:928][695]LogSourceControl: RunCommandInternalRaw: ExecProcess ReturnCode=5 OutResults=''
[2015.05.07-22.38.25:928][695]LogSourceControl: RunCommandInternalRaw: 'git version'
[2015.05.07-22.38.25:928][695]LogSourceControl: RunCommandInternalRaw: ExecProcess ReturnCode=5 OutResults=''
[2015.05.07-22.38.26:027][701]SourceControl:Error: Error Failed to connect to source control. Check your settings and connection then try again.
[2015.05.07-22.38.26:871][739]SourceControl:Error: Error Failed to connect to source control. Check your settings and connection then try again.
[2015.05.07-22.38.29:657][890]SourceControl: Info Source control is disabled
[2015.05.07-22.38.31:590][  6]LogActorComponent: UnregisterComponent: (/Engine/Transient.CharMoveComp) Not registered. Aborting.
[2015.05.07-22.38.31:590][  6]LogActorComponent: UnregisterComponent: (/Engine/Transient.ProjectileMovementComponent_40__A6522401) Not registered. Aborting.
[2015.05.07-22.38.33:066][  7]Cmd: QUIT_EDITOR
[2015.05.07-22.38.33:251][  7]LogExit: Preparing to exit.
[2015.05.07-22.38.34:372][  7]LogExit: Editor shut down
[2015.05.07-22.38.34:373][  7]LogExit: Transaction tracking system shut down
[2015.05.07-22.38.34:373][  7]LogParticles: Destroying 0 GPU particle simulations for FXSystem 0x0000006FBB101800
[2015.05.07-22.38.34:374][  7]LogParticles: Destroying 0 GPU particle simulations for FXSystem 0x0000006FBBAA6D40
[2015.05.07-22.38.34:374][  7]LogParticles: Destroying 0 GPU particle simulations for FXSystem 0x0000006FDFF9C400
[2015.05.07-22.38.34:374][  7]LogParticles: Destroying 0 GPU particle simulations for FXSystem 0x0000006FDFB91260
[2015.05.07-22.38.34:452][  7]LogExit: Object subsystem successfully closed.
[2015.05.07-22.38.34:488][  7]LogModuleManager: Shutting down and abandoning module CrashTracker (177)
[2015.05.07-22.38.34:488][  7]LogModuleManager: Shutting down and abandoning module SuperSearch (176)
[2015.05.07-22.38.34:488][  7]LogModuleManager: Shutting down and abandoning module SceneOutliner (175)
[2015.05.07-22.38.34:488][  7]LogModuleManager: Shutting down and abandoning module EditorWidgets (174)
[2015.05.07-22.38.34:488][  7]LogModuleManager: Shutting down and abandoning module CollectionManager (173)
[2015.05.07-22.38.34:488][  7]LogModuleManager: Shutting down and abandoning module StatsViewer (172)
[2015.05.07-22.38.34:488][  7]LogModuleManager: Shutting down and abandoning module FoliageEdit (171)
[2015.05.07-22.38.34:488][  7]LogModuleManager: Shutting down and abandoning module LandscapeEditor (170)
[2015.05.07-22.38.34:488][  7]LogModuleManager: Shutting down and abandoning module MeshPaint (169)
[2015.05.07-22.38.34:488][  7]LogModuleManager: Shutting down and abandoning module ActorPickerMode (168)
[2015.05.07-22.38.34:488][  7]LogModuleManager: Shutting down and abandoning module GeometryMode (167)
[2015.05.07-22.38.34:488][  7]LogModuleManager: Shutting down and abandoning module TextureAlignMode (166)
[2015.05.07-22.38.34:488][  7]LogModuleManager: Shutting down and abandoning module BspMode (165)
[2015.05.07-22.38.34:488][  7]LogModuleManager: Shutting down and abandoning module PlacementMode (164)
[2015.05.07-22.38.34:488][  7]LogModuleManager: Shutting down and abandoning module AutomationWorker (163)
[2015.05.07-22.38.34:488][  7]LogModuleManager: Shutting down and abandoning module CharacterAI (162)
[2015.05.07-22.38.34:488][  7]LogModuleManager: Shutting down and abandoning module SmartSnapping (161)
[2015.05.07-22.38.34:488][  7]LogModuleManager: Shutting down and abandoning module ViewportSnapping (160)
[2015.05.07-22.38.34:488][  7]LogModuleManager: Shutting down and abandoning module LogVisualizer (159)
[2015.05.07-22.38.34:488][  7]LogModuleManager: Shutting down and abandoning module GameProjectGeneration (158)
[2015.05.07-22.38.34:488][  7]LogModuleManager: Shutting down and abandoning module IntroTutorials (157)
[2015.05.07-22.38.34:488][  7]LogModuleManager: Shutting down and abandoning module EditorLiveStreaming (156)
[2015.05.07-22.38.34:488][  7]LogModuleManager: Shutting down and abandoning module HardwareTargeting (155)
[2015.05.07-22.38.34:488][  7]LogModuleManager: Shutting down and abandoning module DeviceProfileEditor (154)
[2015.05.07-22.38.34:488][  7]LogModuleManager: Shutting down and abandoning module UndoHistory (153)
[2015.05.07-22.38.34:488][  7]LogModuleManager: Shutting down and abandoning module GameplayTagsEditor (152)
[2015.05.07-22.38.34:488][  7]LogModuleManager: Shutting down and abandoning module UserFeedback (151)
[2015.05.07-22.38.34:488][  7]LogModuleManager: Shutting down and abandoning module XmlParser (150)
[2015.05.07-22.38.34:488][  7]LogModuleManager: Shutting down and abandoning module Blutility (149)
[2015.05.07-22.38.34:488][  7]LogModuleManager: Shutting down and abandoning module IOSPlatformEditor (148)
[2015.05.07-22.38.34:488][  7]LogModuleManager: Shutting down and abandoning module IOSRuntimeSettings (147)
[2015.05.07-22.38.34:488][  7]LogModuleManager: Shutting down and abandoning module AndroidDeviceDetection (146)
[2015.05.07-22.38.34:893][  7]LogModuleManager: Shutting down and abandoning module AndroidPlatformEditor (145)
[2015.05.07-22.38.34:893][  7]LogModuleManager: Shutting down and abandoning module AndroidRuntimeSettings (144)
[2015.05.07-22.38.34:893][  7]LogModuleManager: Shutting down and abandoning module ProjectTargetPlatformEditor (143)
[2015.05.07-22.38.34:893][  7]LogModuleManager: Shutting down and abandoning module ProjectSettingsViewer (142)
[2015.05.07-22.38.34:893][  7]LogModuleManager: Shutting down and abandoning module InputBindingEditor (141)
[2015.05.07-22.38.34:893][  7]LogModuleManager: Shutting down and abandoning module EditorSettingsViewer (140)
[2015.05.07-22.38.34:893][  7]LogModuleManager: Shutting down and abandoning module SettingsEditor (139)
[2015.05.07-22.38.34:893][  7]LogModuleManager: Shutting down and abandoning module ProjectLauncher (138)
[2015.05.07-22.38.34:893][  7]LogModuleManager: Shutting down and abandoning module SessionFrontend (137)
[2015.05.07-22.38.34:893][  7]LogModuleManager: Shutting down and abandoning module ProfilerClient (136)
[2015.05.07-22.38.34:893][  7]LogModuleManager: Shutting down and abandoning module TargetDeviceServices (135)
[2015.05.07-22.38.34:893][  7]LogModuleManager: Shutting down and abandoning module DeviceManager (134)
[2015.05.07-22.38.34:893][  7]LogModuleManager: Shutting down and abandoning module AutomationController (133)
[2015.05.07-22.38.34:893][  7]LogModuleManager: Shutting down and abandoning module AutomationWindow (132)
[2015.05.07-22.38.34:893][  7]LogModuleManager: Shutting down and abandoning module Layers (131)
[2015.05.07-22.38.34:893][  7]LogModuleManager: Shutting down and abandoning module ComponentVisualizers (130)
[2015.05.07-22.38.34:893][  7]LogModuleManager: Shutting down and abandoning module DetailCustomizations (129)
[2015.05.07-22.38.34:893][  7]LogModuleManager: Shutting down and abandoning module PackagesDialog (128)
[2015.05.07-22.38.34:894][  7]LogModuleManager: Shutting down and abandoning module AssetRegistry (127)
[2015.05.07-22.38.34:956][  7]LogModuleManager: Shutting down and abandoning module Persona (126)
[2015.05.07-22.38.34:956][  7]LogModuleManager: Shutting down and abandoning module SlateReflector (125)
[2015.05.07-22.38.34:956][  7]LogModuleManager: Shutting down and abandoning module LevelEditor (124)
[2015.05.07-22.38.34:957][  7]LogModuleManager: Shutting down and abandoning module Kismet (123)
[2015.05.07-22.38.34:957][  7]LogModuleManager: Shutting down and abandoning module GraphEditor (122)
[2015.05.07-22.38.34:957][  7]LogModuleManager: Shutting down and abandoning module ClassViewer (121)
[2015.05.07-22.38.34:957][  7]LogModuleManager: Shutting down and abandoning module Toolbox (120)
[2015.05.07-22.38.34:957][  7]LogModuleManager: Shutting down and abandoning module ModuleUI (119)
[2015.05.07-22.38.34:957][  7]LogModuleManager: Shutting down and abandoning module MovieSceneTools (118)
[2015.05.07-22.38.34:957][  7]LogModuleManager: Shutting down and abandoning module OutputLog (117)
[2015.05.07-22.38.34:957][  7]LogModuleManager: Shutting down and abandoning module GammaUI (116)
[2015.05.07-22.38.34:957][  7]LogModuleManager: Shutting down and abandoning module Documentation (115)
[2015.05.07-22.38.34:957][  7]LogModuleManager: Shutting down and abandoning module GameLiveStreaming (114)
[2015.05.07-22.38.34:957][  7]LogModuleManager: Shutting down and abandoning module StreamingPauseRendering (113)
[2015.05.07-22.38.34:957][  7]LogModuleManager: Shutting down and abandoning module HTTP (112)
[2015.05.07-22.38.34:958][  7]LogModuleManager: Shutting down and abandoning module AnalyticsET (111)
[2015.05.07-22.38.34:958][  7]LogModuleManager: Shutting down and abandoning module Analytics (110)
[2015.05.07-22.38.34:958][  7]LogModuleManager: Shutting down and abandoning module AITestSuite (109)
[2015.05.07-22.38.34:958][  7]LogModuleManager: Shutting down and abandoning module GameplayDebugger (108)
[2015.05.07-22.38.34:958][  7]LogModuleManager: Shutting down and abandoning module AIModule (107)
[2015.05.07-22.38.34:958][  7]LogModuleManager: Shutting down and abandoning module ProfilerService (106)
[2015.05.07-22.38.35:062][  7]LogModuleManager: Shutting down and abandoning module TaskGraph (105)
[2015.05.07-22.38.35:062][  7]LogModuleManager: Shutting down and abandoning module SlateRemote (104)
[2015.05.07-22.38.35:062][  7]LogModuleManager: Shutting down and abandoning module ScriptEditorPlugin (103)
[2015.05.07-22.38.35:062][  7]LogModuleManager: Shutting down and abandoning module CustomMeshComponent (102)
[2015.05.07-22.38.35:062][  7]LogModuleManager: Shutting down and abandoning module CableComponent (101)
[2015.05.07-22.38.35:062][  7]LogModuleManager: Shutting down and abandoning module MessagingDebugger (100)
[2015.05.07-22.38.35:062][  7]LogModuleManager: Shutting down and abandoning module MediaPlayerEditor (99)
[2015.05.07-22.38.35:062][  7]LogModuleManager: Shutting down and abandoning module SpeedTreeImporter (98)
[2015.05.07-22.38.35:062][  7]LogModuleManager: Shutting down and abandoning module PluginsEditor (97)
[2015.05.07-22.38.35:062][  7]LogModuleManager: Shutting down and abandoning module MainFrame (96)
[2015.05.07-22.38.35:062][  7]LogModuleManager: Shutting down and abandoning module EpicSurvey (95)
[2015.05.07-22.38.35:062][  7]LogModuleManager: Shutting down and abandoning module DesktopPlatform (94)
[2015.05.07-22.38.35:062][  7]LogModuleManager: Shutting down and abandoning module DirectoryWatcher (93)
[2015.05.07-22.38.35:062][  7]LogModuleManager: Shutting down and abandoning module HotReload (92)
[2015.05.07-22.38.35:062][  7]LogModuleManager: Shutting down and abandoning module VisualStudioSourceCodeAccess (91)
[2015.05.07-22.38.35:062][  7]LogModuleManager: Shutting down and abandoning module UObjectPlugin (90)
[2015.05.07-22.38.35:062][  7]LogModuleManager: Shutting down and abandoning module SubversionSourceControl (89)
[2015.05.07-22.38.35:062][  7]LogModuleManager: Shutting down and abandoning module PerforceSourceControl (88)
[2015.05.07-22.38.35:062][  7]LogModuleManager: Shutting down and abandoning module SourceControl (87)
[2015.05.07-22.38.35:062][  7]LogModuleManager: Shutting down and abandoning module GitSourceControl (86)
[2015.05.07-22.38.35:062][  7]LogModuleManager: Shutting down and abandoning module BlankPlugin (85)
[2015.05.07-22.38.35:062][  7]LogModuleManager: Shutting down and abandoning module PaperTiledImporter (84)
[2015.05.07-22.38.35:062][  7]LogModuleManager: Shutting down and abandoning module PaperJsonImporter (83)
[2015.05.07-22.38.35:062][  7]LogModuleManager: Shutting down and abandoning module ContentBrowser (82)
[2015.05.07-22.38.35:063][  7]LogModuleManager: Shutting down and abandoning module Paper2DEditor (81)
[2015.05.07-22.38.35:063][  7]LogModuleManager: Shutting down and abandoning module ScriptPlugin (80)
[2015.05.07-22.38.35:063][  7]LogModuleManager: Shutting down and abandoning module UdpMessaging (79)
[2015.05.07-22.38.35:164][  7]LogModuleManager: Shutting down and abandoning module Paper2D (78)
[2015.05.07-22.38.35:164][  7]LogModuleManager: Shutting down and abandoning module WindowsMoviePlayer (77)
[2015.05.07-22.38.35:166][  7]LogModuleManager: Shutting down and abandoning module Media (76)
[2015.05.07-22.38.35:166][  7]LogModuleManager: Shutting down and abandoning module WmfMedia (75)
[2015.05.07-22.38.35:166][  7]LogModuleManager: Shutting down and abandoning module OnlineBlueprintSupport (74)
[2015.05.07-22.38.35:166][  7]LogModuleManager: Shutting down and abandoning module PropertyEditor (73)
[2015.05.07-22.38.35:166][  7]LogModuleManager: Shutting down and abandoning module BehaviorTreeEditor (72)
[2015.05.07-22.38.35:166][  7]LogModuleManager: Shutting down and abandoning module FunctionalTesting (71)
[2015.05.07-22.38.35:166][  7]LogModuleManager: Shutting down and abandoning module CollisionAnalyzer (70)
[2015.05.07-22.38.35:166][  7]LogModuleManager: Shutting down and abandoning module WorkspaceMenuStructure (69)
[2015.05.07-22.38.35:166][  7]LogModuleManager: Shutting down and abandoning module MessageLog (68)
[2015.05.07-22.38.35:166][  7]LogModuleManager: Shutting down and abandoning module Sequencer (67)
[2015.05.07-22.38.35:166][  7]LogModuleManager: Shutting down and abandoning module AssetTools (66)
[2015.05.07-22.38.35:166][  7]LogModuleManager: Shutting down and abandoning module UMGEditor (65)
[2015.05.07-22.38.35:166][  7]LogModuleManager: Shutting down and abandoning module UMG (64)
[2015.05.07-22.38.35:166][  7]LogModuleManager: Shutting down and abandoning module Slate (63)
[2015.05.07-22.38.35:166][  7]LogModuleManager: Shutting down and abandoning module EditorStyle (62)
[2015.05.07-22.38.35:169][  7]LogModuleManager: Shutting down and abandoning module SessionServices (61)
[2015.05.07-22.38.35:169][  7]LogModuleManager: Shutting down and abandoning module SourceCodeAccess (60)
[2015.05.07-22.38.35:169][  7]LogModuleManager: Shutting down and abandoning module HeadMountedDisplay (59)
[2015.05.07-22.38.35:169][  7]LogModuleManager: Shutting down and abandoning module XAudio2 (58)
[2015.05.07-22.38.35:169][  7]LogModuleManager: Shutting down and abandoning module Networking (56)
[2015.05.07-22.38.35:169][  7]LogModuleManager: Shutting down and abandoning module Core (55)
[2015.05.07-22.38.35:169][  7]LogModuleManager: Shutting down and abandoning module KismetCompiler (54)
[2015.05.07-22.38.35:169][  7]LogModuleManager: Shutting down and abandoning module PhysXFormats (53)
[2015.05.07-22.38.35:169][  7]LogModuleManager: Shutting down and abandoning module MeshUtilities (52)
[2015.05.07-22.38.35:169][  7]LogModuleManager: Shutting down and abandoning module DerivedDataCache (51)
[2015.05.07-22.38.35:480][  7]LogDerivedDataCache: Shutdown
[2015.05.07-22.38.35:480][  7]LogModuleManager: Shutting down and abandoning module ShaderFormatOpenGL (50)
[2015.05.07-22.38.35:480][  7]LogModuleManager: Shutting down and abandoning module ShaderFormatD3D (49)
[2015.05.07-22.38.35:480][  7]LogModuleManager: Shutting down and abandoning module MetalShaderFormat (48)
[2015.05.07-22.38.35:480][  7]LogModuleManager: Shutting down and abandoning module TextureFormatUncompressed (47)
[2015.05.07-22.38.35:480][  7]LogModuleManager: Shutting down and abandoning module TextureFormatPVR (46)
[2015.05.07-22.38.35:480][  7]LogModuleManager: Shutting down and abandoning module TextureFormatIntelISPCTexComp (45)
[2015.05.07-22.38.35:480][  7]LogModuleManager: Shutting down and abandoning module TextureFormatDXT (44)
[2015.05.07-22.38.35:480][  7]LogModuleManager: Shutting down and abandoning module ImageWrapper (43)
[2015.05.07-22.38.35:480][  7]LogModuleManager: Shutting down and abandoning module TextureFormatASTC (42)
[2015.05.07-22.38.35:480][  7]LogModuleManager: Shutting down and abandoning module TextureFormatAndroid (41)
[2015.05.07-22.38.35:480][  7]LogModuleManager: Shutting down and abandoning module AudioFormatOpus (40)
[2015.05.07-22.38.35:480][  7]LogModuleManager: Shutting down and abandoning module AudioFormatOgg (39)
[2015.05.07-22.38.35:480][  7]LogModuleManager: Shutting down and abandoning module AudioFormatADPCM (38)
[2015.05.07-22.38.35:480][  7]LogModuleManager: Shutting down and abandoning module LinuxTargetPlatform (37)
[2015.05.07-22.38.35:480][  7]LogModuleManager: Shutting down and abandoning module LinuxServerTargetPlatform (36)
[2015.05.07-22.38.35:480][  7]LogModuleManager: Shutting down and abandoning module LinuxNoEditorTargetPlatform (35)
[2015.05.07-22.38.35:480][  7]LogModuleManager: Shutting down and abandoning module Messaging (34)
[2015.05.07-22.38.35:480][  7]LogModuleManager: Shutting down and abandoning module IOSTargetPlatform (33)
[2015.05.07-22.38.35:480][  7]LogModuleManager: Shutting down and abandoning module HTML5TargetPlatform (32)
[2015.05.07-22.38.35:480][  7]LogModuleManager: Shutting down and abandoning module Android_PVRTCTargetPlatform (31)
[2015.05.07-22.38.35:480][  7]LogModuleManager: Shutting down and abandoning module Android_ETC2TargetPlatform (30)
[2015.05.07-22.38.35:480][  7]LogModuleManager: Shutting down and abandoning module Android_ETC1TargetPlatform (29)
[2015.05.07-22.38.35:480][  7]LogModuleManager: Shutting down and abandoning module Android_ES31TargetPlatform (28)
[2015.05.07-22.38.35:480][  7]LogModuleManager: Shutting down and abandoning module Android_DXTTargetPlatform (27)
[2015.05.07-22.38.35:480][  7]LogModuleManager: Shutting down and abandoning module Android_ATCTargetPlatform (26)
[2015.05.07-22.38.35:480][  7]LogModuleManager: Shutting down and abandoning module AndroidTargetPlatform (25)
[2015.05.07-22.38.35:480][  7]LogModuleManager: Shutting down and abandoning module WindowsTargetPlatform (24)
[2015.05.07-22.38.35:480][  7]LogModuleManager: Shutting down and abandoning module WindowsServerTargetPlatform (23)
[2015.05.07-22.38.35:480][  7]LogModuleManager: Shutting down and abandoning module WindowsNoEditorTargetPlatform (22)
[2015.05.07-22.38.35:480][  7]LogModuleManager: Shutting down and abandoning module WindowsClientTargetPlatform (21)
[2015.05.07-22.38.35:480][  7]LogModuleManager: Shutting down and abandoning module TargetPlatform (20)
[2015.05.07-22.38.35:480][  7]LogModuleManager: Shutting down and abandoning module InputCore (19)
[2015.05.07-22.38.35:480][  7]LogModuleManager: Shutting down and abandoning module Settings (18)
[2015.05.07-22.38.35:480][  7]LogModuleManager: Shutting down and abandoning module OnlineSubsystem (16)
[2015.05.07-22.38.35:480][  7]LogModuleManager: Shutting down and abandoning module OculusRift (15)
[2015.05.07-22.38.35:480][  7]LogModuleManager: Shutting down and abandoning module ExampleDeviceProfileSelector (14)
[2015.05.07-22.38.35:480][  7]LogModuleManager: Shutting down and abandoning module TextureCompressor (13)
[2015.05.07-22.38.35:480][  7]LogModuleManager: Shutting down and abandoning module ShaderCore (12)
[2015.05.07-22.38.35:480][  7]LogModuleManager: Shutting down and abandoning module Landscape (11)
[2015.05.07-22.38.35:480][  7]LogModuleManager: Shutting down and abandoning module SlateRHIRenderer (10)
[2015.05.07-22.38.35:481][  7]LogModuleManager: Shutting down and abandoning module OpenGLDrv (9)
[2015.05.07-22.38.35:481][  7]LogModuleManager: Shutting down and abandoning module D3D11RHI (8)
[2015.05.07-22.38.35:481][  7]LogModuleManager: Shutting down and abandoning module Renderer (7)
[2015.05.07-22.38.35:481][  7]LogModuleManager: Shutting down and abandoning module Engine (6)
[2015.05.07-22.38.35:481][  7]LogModuleManager: Shutting down and abandoning module CoreUObject (5)
[2015.05.07-22.38.35:481][  7]LogModuleManager: Shutting down and abandoning module NetworkFile (4)
[2015.05.07-22.38.35:481][  7]LogModuleManager: Shutting down and abandoning module StreamingFile (3)
[2015.05.07-22.38.35:481][  7]LogModuleManager: Shutting down and abandoning module SandboxFile (2)
[2015.05.07-22.38.35:481][  7]LogModuleManager: Shutting down and abandoning module PakFile (1)
[2015.05.07-22.38.35:482][  7]LogExit: Exiting.
[2015.05.07-22.38.35:485][  7]Log file closed, 05/07/15 18:38:35
