Log file open, 06/02/15 09:31:02
LogInit:Display: Running engine for game: Shooter
LogInit: Version: 4.7.6-2513093+++depot+UE4-Releases+4.7
LogInit: API Version: 2455222
LogInit: Compiled (64-bit): Apr 15 2015 12:09:54
LogInit: Compiled with Visual C++: 18.00.21005.01
LogInit: Build Configuration: Development
LogInit: Branch Name: ++depot+UE4-Releases+4.7
LogInit: Command line: 
LogInit: Base directory: D:/Epic Games/4.7/Engine/Binaries/Win64/
LogInit: Rocket: 1
[2015.06.02-13.31.02:598][  0]LogTaskGraph: Started task graph with 3 named threads and 6 total threads.
[2015.06.02-13.31.02:679][  0]LogOnline:Warning: No default platform service specified for OnlineSubsystem
[2015.06.02-13.31.02:697][  0]LogInit: Presizing for 0 objects not considered by GC, pre-allocating 0 bytes.
[2015.06.02-13.31.02:712][  0]LogInit: Object subsystem initialized
[2015.06.02-13.31.02:715][  0]LogConsoleResponse:Warning: Skipping Unknown console variable: 'TranslucentSortAxis = (X=0.000000,Y=-1.000000,Z=0.000000)'
[2015.06.02-13.31.02:715][  0]LogConsoleResponse:Warning:   Found in ini file 'C:/Users/guillaume/Documents/Unreal Projects/Shooter/Saved/Config/Windows/Engine.ini', in section '[/Script/Engine.RendererSettings]'
[2015.06.02-13.31.02:715][  0]LogConsoleResponse:Warning: Skipping Unknown console variable: 'UIScaleRule = ShortestSide'
[2015.06.02-13.31.02:715][  0]LogConsoleResponse:Warning:   Found in ini file 'C:/Users/guillaume/Documents/Unreal Projects/Shooter/Saved/Config/Windows/Engine.ini', in section '[/Script/Engine.RendererSettings]'
[2015.06.02-13.31.02:715][  0]LogConsoleResponse:Warning: Skipping Unknown console variable: 'UIScaleCurve = (EditorCurveData=(Keys=),ExternalCurve=None)'
[2015.06.02-13.31.02:715][  0]LogConsoleResponse:Warning:   Found in ini file 'C:/Users/guillaume/Documents/Unreal Projects/Shooter/Saved/Config/Windows/Engine.ini', in section '[/Script/Engine.RendererSettings]'
[2015.06.02-13.31.02:715][  0]LogInit: Selected Device Profile: [Windows]
[2015.06.02-13.31.02:715][  0]LogInit: Applying CVar settings loaded from the selected device profile: [Windows]
[2015.06.02-13.31.02:721][  0]LogInit: Computer: MSI-GUILLAUME
[2015.06.02-13.31.02:721][  0]LogInit: User: guillaume
[2015.06.02-13.31.02:721][  0]LogInit: CPU Page size=4096, Cores=4
[2015.06.02-13.31.02:721][  0]LogInit: High frequency timer resolution =2.435773 MHz
[2015.06.02-13.31.02:721][  0]LogMemory: Memory total: Physical=16.0GB (16GB approx) Virtual=131072.0GB
[2015.06.02-13.31.02:722][  0]LogMemory: Platform Memory Stats for Windows
[2015.06.02-13.31.02:722][  0]LogMemory: Process Physical Memory: 46.98 MB used, 46.98 MB peak
[2015.06.02-13.31.02:722][  0]LogMemory: Process Virtual Memory: 30.46 MB used, 30.46 MB peak
[2015.06.02-13.31.02:722][  0]LogMemory: Physical Memory: 3377.52 MB used, 16336.83 MB total
[2015.06.02-13.31.02:722][  0]LogMemory: Virtual Memory: 303.74 MB used, 134217728.00 MB total
[2015.06.02-13.31.02:755][  0]LogD3D11RHI: Found D3D11 adapter 0: NVIDIA GeForce GTX 970M    (Feature Level 11_0)
[2015.06.02-13.31.02:755][  0]LogD3D11RHI: Adapter has 5980MB of dedicated video memory, 0MB of dedicated system memory, and 8168MB of shared system memory, 1 output[s]
[2015.06.02-13.31.02:756][  0]LogD3D11RHI: Found D3D11 adapter 1: Microsoft Basic Render Driver (Feature Level 11_0)
[2015.06.02-13.31.02:756][  0]LogD3D11RHI: Adapter has 0MB of dedicated video memory, 0MB of dedicated system memory, and 256MB of shared system memory, 0 output[s]
[2015.06.02-13.31.02:756][  0]LogD3D11RHI: Chosen D3D11 Adapter Id = 0
[2015.06.02-13.31.02:760][  0]LogRHI: Texture pool is 1361 MB (70% of 1945 MB)
[2015.06.02-13.31.02:771][  0]LogD3D11RHI: Async texture creation enabled
[2015.06.02-13.31.02:831][  0]LogTextLocalizationManager: The requested culture ('fr_CA') has no localization data; falling back to 'en' for localization and internationalization data.
[2015.06.02-13.31.02:933][  0]LogTextLocalizationManager:Warning: Loading localization resources contain conflicting entries for (Namespace:UICommands, Key:Save_ToolTip):
Resource: (D:/Epic Games/4.7/Engine/Content/Localization/Editor/en/Editor.locres) Hash: (-29098895) String: (Saves the current level to disk)
Resource: (D:/Epic Games/4.7/Engine/Content/Localization/Engine/en/Engine.locres) Hash: (-1280300587) String: (Save selected data to vlog file)
[2015.06.02-13.31.02:933][  0]LogTextLocalizationManager:Warning: Loading localization resources contain conflicting entries for (Namespace:ContentBrowser, Key:ImportAssetToolTip):
Resource: (D:/Epic Games/4.7/Engine/Content/Localization/Editor/en/Editor.locres) Hash: (-630476809) String: (Import to {0}...)
Resource: (D:/Epic Games/4.7/Engine/Content/Localization/Editor/en/Editor.locres) Hash: (1271782899) String: (Imports an asset from file to this folder.)
[2015.06.02-13.31.03:026][  0]LogContentStreaming: Texture pool size is 0.000000MB
[2015.06.02-13.31.05:066][  0]LogTargetPlatformManager:Display: Building Assets For Windows
[2015.06.02-13.31.05:497][  0]LogTargetPlatformManager:Display: Building Assets For Windows
[2015.06.02-13.31.05:543][  0]LogDerivedDataCache:Display: Max Cache Size: 512 MB
[2015.06.02-13.31.05:579][  0]LogDerivedDataCache: Loaded boot cache 0.04s 39MB C:/Users/guillaume/AppData/Local/UnrealEngine/4.7/DerivedDataCache/Boot.ddc.
[2015.06.02-13.31.05:579][  0]LogDerivedDataCache:Display: Loaded Boot cache: C:/Users/guillaume/AppData/Local/UnrealEngine/4.7/DerivedDataCache/Boot.ddc
[2015.06.02-13.31.05:579][  0]LogDerivedDataCache: FDerivedDataBackendGraph:  Pak pak cache file C:/Users/guillaume/Documents/Unreal Projects/Shooter/DerivedDataCache/DDC.ddp not found, will not use a pak cache.
[2015.06.02-13.31.05:579][  0]LogDerivedDataCache: Unable to find inner node Pak for hierarchical cache Hierarchy.
[2015.06.02-13.31.05:678][  0]LogDerivedDataCache:Display: Pak cache opened for reading ../../../Engine/DerivedDataCache/Compressed.ddp.
[2015.06.02-13.31.05:691][  0]LogDerivedDataCache: Using Local data cache path C:/Users/guillaume/AppData/Local/UnrealEngine/Common/DerivedDataCache: Writable
[2015.06.02-13.31.05:930][  0]LogMeshUtilities: No automatic mesh reduction module available
[2015.06.02-13.31.05:930][  0]LogMeshUtilities: No automatic mesh merging module available
[2015.06.02-13.31.06:280][  0]LogInit: WinSock: version 1.1 (2.2), MaxSocks=32767, MaxUdp=65467
[2015.06.02-13.31.06:340][  0]LogSlate:Warning: Failed to load font data from '../../../Engine/Content/Slate/Fonts/Roboto-Italic.ttf'
[2015.06.02-13.31.07:002][  0]UdpMessaging: Initializing bridge on interface 0.0.0.0:0 to multicast group 230.0.0.1:6666.
[2015.06.02-13.31.07:194][  0]SourceControl: Info Source control is disabled
[2015.06.02-13.31.07:194][  0]SourceControl: Info Source control is disabled
[2015.06.02-13.31.07:194][  0]SourceControl: Info Source control is disabled
[2015.06.02-13.31.07:200][  0]LogSourceControl: RunCommandInternalRaw: 'git version'
[2015.06.02-13.31.07:238][  0]LogSourceControl: RunCommandInternalRaw: ExecProcess ReturnCode=0 OutResults='git version 1.9.5.msysgit.1
'
[2015.06.02-13.31.07:367][  0]LogObj: 24232 objects as part of root set at end of initial load.
[2015.06.02-13.31.07:367][  0]LogUObjectAllocator: 5137176 out of 0 bytes used by permanent object pool.
[2015.06.02-13.31.07:435][  0]LogEngine: Initializing Engine...
[2015.06.02-13.31.09:575][  0]LogInit: XAudio2 using 'Speakers (Realtek High Definition Audio)' : 2 channels at 48 kHz using 32 bits per sample (channel mask 0x3)
[2015.06.02-13.31.09:596][  0]LogInit: FAudioDevice initialized.
[2015.06.02-13.31.09:623][  0]LogAIModule: Creating AISystem for world NewWorld
[2015.06.02-13.31.09:641][  0]LogDerivedDataCache: Saved boot cache 0.02s 39MB C:/Users/guillaume/AppData/Local/UnrealEngine/4.7/DerivedDataCache/Boot.ddc.
[2015.06.02-13.31.09:644][  0]LogInit: Texture streaming: Enabled
[2015.06.02-13.31.09:714][  0]LogAnalytics: Creating configured Analytics provider AnalyticsET
[2015.06.02-13.31.09:714][  0]LogAnalytics: ET APIKey = Rocket.Release. APIServer = http://et2.epicgames.com/ET2/. AppVersion = 4.7.6-2513093+++depot+UE4-Releases+4.7
[2015.06.02-13.31.09:714][  0]LogAnalytics: ET APIKey = Rocket.Release. DataRouterUploadURL = https://datarouter-public-service-gamedev.ol.epicgames.net/datarouter/api/v1/public/data. AppVersion = 4.7.6-2513093+++depot+UE4-Releases+4.7
[2015.06.02-13.31.09:714][  0]LogAnalytics: SetUserId e3487cae44029761e470c8b4123de03d|c7a288572b714f9898c556981a74ab33|66f320fe-673b-44ee-aa7f-b0a8f0fff000
[2015.06.02-13.31.09:714][  0]LogAnalytics: AnalyticsET::StartSession [Rocket.Release]
[2015.06.02-13.31.09:733][  0]LogInit: Transaction tracking system initialized
[2015.06.02-13.31.09:853][  0]BlueprintLog: New page: Editor Load
[2015.06.02-13.31.09:881][  0]LogAssetRegistry: FAssetRegistry took 0.0111 seconds to start up
[2015.06.02-13.31.09:881][  0]LogDirectoryWatcher:Warning: Failed to begin reading directory changes for ../../../Engine/Plugins/Experimental/CharacterAI/Content/. Error: 0
[2015.06.02-13.31.10:336][  0]LogTargetPlatformManager:Display: Building Assets For Windows
[2015.06.02-13.31.10:750][  0]LogTargetPlatformManager:Display: Building Assets For Windows
[2015.06.02-13.31.10:993][  0]LogSlate:Warning: Failed to load font data from '../../../Engine/Content/Editor/Slate/Fonts/Roboto-Regular.ttf'
[2015.06.02-13.31.10:993][  0]LogSlate:Warning: Failed to load font data from '../../../Engine/Content/Editor/Slate/Fonts/Roboto-Bold.ttf'
[2015.06.02-13.31.11:031][  0]LogConsoleResponse:Display: 
[2015.06.02-13.31.11:132][  0]LogCook:Display: Done creating registry. It took  0.00s.
[2015.06.02-13.31.11:232][  0]LogSourceControl: RunCommandInternalRaw: 'git version'
[2015.06.02-13.31.11:268][  0]LogSourceControl: RunCommandInternalRaw: ExecProcess ReturnCode=0 OutResults='git version 1.9.5.msysgit.1
'
[2015.06.02-13.31.11:268][  0]Cmd: MAP LOAD FILE="C:/Users/guillaume/Documents/Unreal Projects/Shooter/Content/FirstPersonBP/Maps/FirstPersonExampleMap.umap" TEMPLATE=0 SHOWPROGRESS=1 FEATURELEVEL=3
[2015.06.02-13.31.11:269][  0]LightingResults: New page: Lighting Build
[2015.06.02-13.31.11:278][  0]MapCheck: New page: Map Check
[2015.06.02-13.31.11:278][  0]LightingResults: New page: Lighting Build
[2015.06.02-13.31.11:284][  0]LogParticles: Destroying 0 GPU particle simulations for FXSystem 0x000000E0250D2980
[2015.06.02-13.31.11:297][  0]LogLinker:Warning: Asset '../../../Engine/Content/EngineMeshes/Humanoid.uasset' has been saved with empty engine version. The asset will be loaded but may be incompatible.
[2015.06.02-13.31.13:772][  0]LogEditorServer: Finished looking for orphan Actors (0.000 secs)
[2015.06.02-13.31.14:710][  0]LogAIModule: Creating AISystem for world FirstPersonExampleMap
[2015.06.02-13.31.14:711][  0]Cmd: MAP CHECKDEP
[2015.06.02-13.31.14:711][  0]MapCheck: New page: FirstPersonExampleMap - Jun 2, 2015, 5:31:14 AM
[2015.06.02-13.31.14:788][  0]MapCheck: Info Map check complete: 0 Error(s), 0 Warning(s), took 76.874ms to complete.
[2015.06.02-13.31.14:788][  0]LogFileHelpers: Loading map 'FirstPersonExampleMap' took 3.519
[2015.06.02-13.31.14:920][  0]LogSourceControl: RunCommandInternalRaw: 'git status'
[2015.06.02-13.31.14:920][  0]LogCollectionManager: Loaded 0 collections in 0.001571 seconds
[2015.06.02-13.31.14:929][  0]LogContentBrowser: Native class hierarchy populated in 0.0082 seconds. Added 1696 classes and 261 folders.
[2015.06.02-13.31.14:953][  0]LogSourceControl: RunCommandInternalRaw: ExecProcess ReturnCode=0 OutResults='On branch Guillaume
Your branch is up-to-date with 'GitHubShooter/Guillaume'.

Changes to be committed:
  (use "git reset HEAD <file>..." to unstage)

	new file:   Content/FirstPersonBP/Blueprints/AI/Kamikaze/BasicAIBlackboard.uasset
	new file:   Content/FirstPersonBP/Blueprints/AI/Kamikaze/BasicAICharacter.uasset
	new file:   Content/FirstPersonBP/Blueprints/AI/Kamikaze/BasicAIController.uasset
	new file:   Content/FirstPersonBP/Blueprints/AI/Kamikaze/BasicBehaviorTree.uasset
	new file:   Content/FirstPersonBP/Blueprints/AI/Kamikaze/BasicTask.uasset
	new file:   Content/FirstPersonBP/Blueprints/AI/Kamikaze/FindPlayer.uasset

Changes not staged for commit:
  (use "git add/rm <file>..." to update what will be committed)
  (use "git checkout -- <file>..." to discard changes in working directory)

	modified:   Content/FirstPersonBP/Blueprints/AI/Kamikaze/BasicAICharacter.uasset
	modified:   Content/FirstPersonBP/Blueprints/AI/Kamikaze/BasicAIController.uasset
	modified:   Content/FirstPersonBP/Blueprints/AI/Kamikaze/BasicBehaviorTree.uasset
	modified:   Content/FirstPersonBP/Blueprints/AI/Kamikaze/FindPlayer.uasset
	modified:   Content/FirstPersonBP/Maps/FirstPersonExampleMap.umap
	modified:   Intermediate/CachedAssetRegistry.bin
	modified:   Saved/AutoScreenshot.png
	deleted:    Saved/Backup/FirstPersonExampleMap_2015-05-23-11-41-27.umap
	modified:   Saved/Config/Windows/Editor.ini
	modified:   Saved/Config/Windows/EditorLayout.ini
	modified:   Saved/Config/Windows/EditorUserSettings.ini
	deleted:    Saved/Logs/Shooter-backup-2015.05.19-13.48.28.log
	deleted:    Saved/Logs/Shooter-backup-2015.05.19-16.15.40.log
	deleted:    Saved/Logs/Shooter-backup-2015.05.20-09.09.26.log
	deleted:    Saved/Logs/Shooter-backup-2015.05.23-10.16.03.log
	deleted:    Saved/Logs/Shooter-backup-2015.05.23-11.24.25.log
	deleted:    Saved/Logs/Shooter-backup-2015.05.23-12.02.12.log
	deleted:    Saved/Logs/Shooter-backup-2015.05.23-21.52.18.log
	deleted:    Saved/Logs/Shooter-backup-2015.05.24-12.05.32.log
	modified:   Saved/Logs/Shooter.log

Untracked files:
  (use "git add <file>..." to include in what will be committed)

	Content/FirstPersonBP/Audio/Metal_Gear_Solid_-_Snake_death_scream_sound_effect.uasset
	Content/FirstPersonBP/Blueprints/BasicAIBlackboard.uasset
	Content/FirstPersonBP/Blueprints/BasicAICharacter.uasset
	Content/FirstPersonBP/Blueprints/BasicAIController.uasset
	Content/FirstPersonBP/Blueprints/BasicBehaviorTree.uasset
	Content/FirstPersonBP/Blueprints/BasicTask.uasset
	Content/FirstPersonBP/Character/KillerDrone.uasset
	Content/FirstPersonBP/Character/KillerDrone_PhysicsAsset.uasset
	Content/FirstPersonBP/Character/KillerDrone_Skeleton.uasset
	Content/FirstPersonBP/Textures/KillerDrone_UV_.uasset
	Saved/Backup/BasicAICharacter_2015-06-02-09-29-45.uasset
	Saved/Backup/BasicAIController_2015-06-02-09-29-45.uasset
	Saved/Backup/BasicBehaviorTree_2015-06-02-09-29-30.uasset
	Saved/Backup/FindPlayer_2015-06-02-09-29-45.uasset
	Saved/Backup/FirstPersonExampleMap_2015-06-02-09-25-29.umap
	Saved/Logs/Dump1910700336.dmp
	Saved/Logs/Shooter-backup-2015.06.02-09.15.33.log
	Saved/Logs/Shooter-backup-2015.06.02-09.26.43.log
	Saved/Logs/Shooter-backup-2015.06.02-09.31.02.log

'
[2015.06.02-13.31.14:953][  0]LogSourceControl: RunCommandInternalRaw: 'git symbolic-ref --short HEAD'
[2015.06.02-13.31.14:953][  0]LogContentBrowser: Native class hierarchy updated for 'SceneOutliner' in 0.0012 seconds. Added 1 classes and 2 folders.
[2015.06.02-13.31.14:997][  0]LogSourceControl: RunCommandInternalRaw: ExecProcess ReturnCode=0 OutResults='Guillaume
'
[2015.06.02-13.31.14:997][  0]LogCrashTracker: Crashtracker disabled due to settings.
[2015.06.02-13.31.14:998][  0]LogSlate:Warning: Failed to load font data from 'Veranda'
[2015.06.02-13.31.15:001][  0]LogUObjectGlobals:Warning: Failed to find object 'Class None.'
[2015.06.02-13.31.15:026][  0]LogLoad: Full Startup: 14.08 seconds (BP compile: 1.14 seconds)
[2015.06.02-13.31.15:054][  0]LogContentBrowser:Verbose: The content browser source was changed by the sources view to '/Game/FirstPersonBP/Meshes'
[2015.06.02-13.31.15:104][  0]SourceControl: Info Guillaume
[2015.06.02-13.31.15:166][  0]LogRenderer:Warning: Reallocating scene render targets to support 32x32 (Frame:2).
[2015.06.02-13.31.15:373][  0]LogRenderer:Warning: Reallocating scene render targets to support 1208x576 (Frame:15).
[2015.06.02-13.31.15:571][  4]LogAssetRegistry: Asset discovery search completed in 5.7011 seconds
[2015.06.02-13.31.16:263][ 71]LogSourceControl: RunCommandInternalRaw: 'git status --porcelain --ignored "C:/Users/guillaume/Documents/Unreal Projects/Shooter/Content/FirstPersonBP/Meshes/CheckpointCubeMaterial.uasset" "C:/Users/guillaume/Documents/Unreal Projects/Shooter/Content/FirstPersonBP/Meshes/CheckpointCubeMaterial_Activated.uasset" "C:/Users/guillaume/Documents/Unreal Projects/Shooter/Content/FirstPersonBP/Meshes/CubeMaterial.uasset" "C:/Users/guillaume/Documents/Unreal Projects/Shooter/Content/FirstPersonBP/Meshes/CubeMesh.uasset" "C:/Users/guillaume/Documents/Unreal Projects/Shooter/Content/FirstPersonBP/Meshes/DamageCubeMaterial.uasset" "C:/Users/guillaume/Documents/Unreal Projects/Shooter/Content/FirstPersonBP/Meshes/FirstPerson_ProjectileMesh.uasset" "C:/Users/guillaume/Documents/Unreal Projects/Shooter/Content/FirstPersonBP/Meshes/FirstPersonCube_Rounded.uasset" "C:/Users/guillaume/Documents/Unreal Projects/Shooter/Content/FirstPersonBP/Meshes/HealthCubeMaterial.uasset" "C:/Users/guillaume/Documents/Unreal Projects/Shooter/Content/FirstPersonBP/Meshes/HookCubeMaterial.uasset" "C:/Users/guillaume/Documents/Unreal Projects/Shooter/Content/FirstPersonBP/Meshes/Material_1.uasset" "C:/Users/guillaume/Documents/Unreal Projects/Shooter/Content/FirstPersonBP/Meshes/SimpleHealthPack.uasset"'
[2015.06.02-13.31.16:322][ 78]LogSourceControl: RunCommandInternalRaw: ExecProcess ReturnCode=0 OutResults=''
[2015.06.02-13.31.20:325][550]LogSourceControl: RunCommandInternalRaw: 'git status --porcelain --ignored "C:/Users/guillaume/Documents/Unreal Projects/Shooter/Content/FirstPersonBP/Meshes/Material_2.uasset"'
[2015.06.02-13.31.20:375][556]LogSourceControl: RunCommandInternalRaw: ExecProcess ReturnCode=0 OutResults=''
[2015.06.02-13.31.24:723][944]LogContentBrowser:Verbose: The content browser source was changed by the sources view to '/Game/FirstPersonBP/Blueprints/AI/Kamikaze'
[2015.06.02-13.31.25:478][ 29]LogContentBrowser:Verbose: The content browser source was changed by the sources view to '/Game/FirstPersonBP/Blueprints'
[2015.06.02-13.31.26:487][ 94]LogSourceControl: RunCommandInternalRaw: 'git status --porcelain --ignored "C:/Users/guillaume/Documents/Unreal Projects/Shooter/Content/FirstPersonBP/Blueprints/AmmoBox.uasset" "C:/Users/guillaume/Documents/Unreal Projects/Shooter/Content/FirstPersonBP/Blueprints/BasicAIBlackboard.uasset" "C:/Users/guillaume/Documents/Unreal Projects/Shooter/Content/FirstPersonBP/Blueprints/BasicAICharacter.uasset" "C:/Users/guillaume/Documents/Unreal Projects/Shooter/Content/FirstPersonBP/Blueprints/BasicAIController.uasset" "C:/Users/guillaume/Documents/Unreal Projects/Shooter/Content/FirstPersonBP/Blueprints/BasicBehaviorTree.uasset" "C:/Users/guillaume/Documents/Unreal Projects/Shooter/Content/FirstPersonBP/Blueprints/BasicTask.uasset" "C:/Users/guillaume/Documents/Unreal Projects/Shooter/Content/FirstPersonBP/Blueprints/CheckpointCube_Blueprint.uasset" "C:/Users/guillaume/Documents/Unreal Projects/Shooter/Content/FirstPersonBP/Blueprints/DamageCube_Blueprint.uasset" "C:/Users/guillaume/Documents/Unreal Projects/Shooter/Content/FirstPersonBP/Blueprints/FirstPersonCharacter.uasset" "C:/Users/guillaume/Documents/Unreal Projects/Shooter/Content/FirstPersonBP/Blueprints/FirstPersonGameMode.uasset" "C:/Users/guillaume/Documents/Unreal Projects/Shooter/Content/FirstPersonBP/Blueprints/FirstPersonHUD.uasset" "C:/Users/guillaume/Documents/Unreal Projects/Shooter/Content/FirstPersonBP/Blueprints/FirstPersonProjectile.uasset" "C:/Users/guillaume/Documents/Unreal Projects/Shooter/Content/FirstPersonBP/Blueprints/HealthBox.uasset" "C:/Users/guillaume/Documents/Unreal Projects/Shooter/Content/FirstPersonBP/Blueprints/HealthCube.uasset" "C:/Users/guillaume/Documents/Unreal Projects/Shooter/Content/FirstPersonBP/Blueprints/HookCube.uasset" "C:/Users/guillaume/Documents/Unreal Projects/Shooter/Content/FirstPersonBP/Blueprints/HookWall.uasset" "C:/Users/guillaume/Documents/Unreal Projects/Shooter/Content/FirstPersonBP/Blueprints/Killzone_Blueprint.uasset" "C:/Users/guillaume/Documents/Unreal Projects/Shooter/Content/FirstPersonBP/Blueprints/MyShake.uasset" "C:/Users/guillaume/Documents/Unreal Projects/Shooter/Content/FirstPersonBP/Blueprints/WidgetHUD.uasset"'
[2015.06.02-13.31.26:544][ 98]LogSourceControl: RunCommandInternalRaw: ExecProcess ReturnCode=0 OutResults='?? Content/FirstPersonBP/Blueprints/BasicAIBlackboard.uasset
?? Content/FirstPersonBP/Blueprints/BasicAICharacter.uasset
?? Content/FirstPersonBP/Blueprints/BasicAIController.uasset
?? Content/FirstPersonBP/Blueprints/BasicBehaviorTree.uasset
?? Content/FirstPersonBP/Blueprints/BasicTask.uasset
'
[2015.06.02-13.31.42:438][640]LogActorComponent: UnregisterComponent: (/Engine/Transient.ProjectileMovementComponent_40__A6522401) Not registered. Aborting.
[2015.06.02-13.31.42:438][640]LogActorComponent: UnregisterComponent: (/Engine/Transient.CharMoveComp) Not registered. Aborting.
[2015.06.02-13.31.42:438][640]LogActorComponent: UnregisterComponent: (/Engine/Transient.CharacterMovementComponent_0) Not registered. Aborting.
[2015.06.02-13.31.51:903][640]LogObjectTools:Warning: ForceReplaceReferences replaced references for a transient object 'DEADCLASS_BasicAIController_C_2' or package '/Engine/Transient'.
[2015.06.02-13.31.51:903][640]LogObjectTools:Warning: ForceReplaceReferences replaced references for a transient object 'DEADCLASS_BasicTask_C_4' or package '/Engine/Transient'.
[2015.06.02-13.31.51:903][640]LogObjectTools:Warning: ForceReplaceReferences replaced references for a transient object 'DEADCLASS_BasicTask_C_5' or package '/Engine/Transient'.
[2015.06.02-13.31.51:905][640]LogObjectTools:Warning: ForceReplaceReferences replaced references for a transient object 'DEADCLASS_BasicAIController_C_3' or package '/Engine/Transient'.
[2015.06.02-13.31.51:905][640]LogObjectTools:Warning: ForceReplaceReferences replaced references for a transient object 'ExecuteUbergraph_BasicAIController' or package '/Engine/Transient'.
[2015.06.02-13.31.51:905][640]LogObjectTools:Warning: ForceReplaceReferences replaced references for a transient object 'DEADCLASS_BasicAICharacter_C_0' or package '/Engine/Transient'.
[2015.06.02-13.31.51:905][640]LogObjectTools:Warning: ForceReplaceReferences replaced references for a transient object 'DEADCLASS_BasicAICharacter_C_1' or package '/Engine/Transient'.
[2015.06.02-13.31.51:905][640]LogObjectTools:Warning: ForceReplaceReferences replaced references for a transient object 'REINST_SKEL_BasicTask_C_195' or package '/Engine/Transient'.
[2015.06.02-13.31.51:905][640]LogObjectTools:Warning: ForceReplaceReferences replaced references for a transient object 'REINST_BasicTask_C_194' or package '/Engine/Transient'.
[2015.06.02-13.31.51:905][640]LogObjectTools:Warning: ForceReplaceReferences replaced references for a transient object 'REINST_SKEL_BasicAIController_C_193' or package '/Engine/Transient'.
[2015.06.02-13.31.51:905][640]LogObjectTools:Warning: ForceReplaceReferences replaced references for a transient object 'REINST_BasicAIController_C_192' or package '/Engine/Transient'.
[2015.06.02-13.31.51:905][640]LogObjectTools:Warning: ForceReplaceReferences replaced references for a transient object 'REINST_SKEL_BasicAICharacter_C_191' or package '/Engine/Transient'.
[2015.06.02-13.31.51:906][640]LogObjectTools:Warning: ForceReplaceReferences replaced references for a transient object 'Default__REINST_BasicAICharacter_C_190' or package '/Engine/Transient'.
[2015.06.02-13.31.51:906][640]LogObjectTools:Warning: ForceReplaceReferences replaced references for a transient object 'Default__DEADCLASS_BasicAICharacter_C_0' or package '/Engine/Transient'.
[2015.06.02-13.31.51:906][640]LogObjectTools:Warning: ForceReplaceReferences replaced references for a transient object 'REINST_BasicAICharacter_C_190' or package '/Engine/Transient'.
[2015.06.02-13.31.52:146][640]LogSourceControl: RunCommandInternalRaw: 'git status --porcelain --ignored "C:/Users/guillaume/Documents/Unreal Projects/Shooter/Content/FirstPersonBP/Blueprints/BasicTask.uasset"'
[2015.06.02-13.31.52:206][640]LogSourceControl: RunCommandInternalRaw: ExecProcess ReturnCode=0 OutResults='?? Content/FirstPersonBP/Blueprints/BasicTask.uasset
'
[2015.06.02-13.31.52:301][640]LogSourceControl: RunCommandInternalRaw: 'git status --porcelain --ignored "C:/Users/guillaume/Documents/Unreal Projects/Shooter/Content/FirstPersonBP/Blueprints/BasicAIController.uasset"'
[2015.06.02-13.31.52:359][640]LogSourceControl: RunCommandInternalRaw: ExecProcess ReturnCode=0 OutResults='?? Content/FirstPersonBP/Blueprints/BasicAIController.uasset
'
[2015.06.02-13.31.52:413][640]LogSourceControl: RunCommandInternalRaw: 'git status --porcelain --ignored "C:/Users/guillaume/Documents/Unreal Projects/Shooter/Content/FirstPersonBP/Blueprints/BasicAICharacter.uasset"'
[2015.06.02-13.31.52:471][640]LogSourceControl: RunCommandInternalRaw: ExecProcess ReturnCode=0 OutResults='?? Content/FirstPersonBP/Blueprints/BasicAICharacter.uasset
'
[2015.06.02-13.31.52:705][641]LogSourceControl: RunCommandInternalRaw: 'git status --porcelain --ignored "C:/Users/guillaume/Documents/Unreal Projects/Shooter/Content/FirstPersonBP/Blueprints/AI/Kamikaze/FindPlayer.uasset" "C:/Users/guillaume/Documents/Unreal Projects/Shooter/Content/FirstPersonBP/Blueprints/AI/Kamikaze/BasicBehaviorTree.uasset" "C:/Users/guillaume/Documents/Unreal Projects/Shooter/Content/FirstPersonBP/Blueprints/AI/Kamikaze/BasicAIController.uasset" "C:/Users/guillaume/Documents/Unreal Projects/Shooter/Content/FirstPersonBP/Blueprints/AI/Kamikaze/BasicAICharacter.uasset"'
[2015.06.02-13.31.52:754][643]LogSourceControl: RunCommandInternalRaw: ExecProcess ReturnCode=0 OutResults='AM Content/FirstPersonBP/Blueprints/AI/Kamikaze/BasicAICharacter.uasset
AM Content/FirstPersonBP/Blueprints/AI/Kamikaze/BasicAIController.uasset
AM Content/FirstPersonBP/Blueprints/AI/Kamikaze/BasicBehaviorTree.uasset
AM Content/FirstPersonBP/Blueprints/AI/Kamikaze/FindPlayer.uasset
'
[2015.06.02-13.31.55:687][841]LogContentBrowser:Verbose: The content browser source was changed by the sources view to '/Game/FirstPersonBP/Blueprints/AI'
[2015.06.02-13.31.56:624][951]LogContentBrowser:Verbose: The content browser source was changed by the sources view to '/Game/FirstPersonBP/Blueprints/AI/Kamikaze'
[2015.06.02-13.31.57:638][ 71]LogSourceControl: RunCommandInternalRaw: 'git status --porcelain --ignored "C:/Users/guillaume/Documents/Unreal Projects/Shooter/Content/FirstPersonBP/Blueprints/AI/Kamikaze/BasicAIBlackboard.uasset" "C:/Users/guillaume/Documents/Unreal Projects/Shooter/Content/FirstPersonBP/Blueprints/AI/Kamikaze/BasicAICharacter.uasset" "C:/Users/guillaume/Documents/Unreal Projects/Shooter/Content/FirstPersonBP/Blueprints/AI/Kamikaze/BasicAIController.uasset" "C:/Users/guillaume/Documents/Unreal Projects/Shooter/Content/FirstPersonBP/Blueprints/AI/Kamikaze/BasicBehaviorTree.uasset" "C:/Users/guillaume/Documents/Unreal Projects/Shooter/Content/FirstPersonBP/Blueprints/AI/Kamikaze/BasicTask.uasset" "C:/Users/guillaume/Documents/Unreal Projects/Shooter/Content/FirstPersonBP/Blueprints/AI/Kamikaze/FindPlayer.uasset"'
[2015.06.02-13.31.57:696][ 78]LogSourceControl: RunCommandInternalRaw: ExecProcess ReturnCode=0 OutResults='A  Content/FirstPersonBP/Blueprints/AI/Kamikaze/BasicAIBlackboard.uasset
AM Content/FirstPersonBP/Blueprints/AI/Kamikaze/BasicAICharacter.uasset
AM Content/FirstPersonBP/Blueprints/AI/Kamikaze/BasicAIController.uasset
AM Content/FirstPersonBP/Blueprints/AI/Kamikaze/BasicBehaviorTree.uasset
A  Content/FirstPersonBP/Blueprints/AI/Kamikaze/BasicTask.uasset
AM Content/FirstPersonBP/Blueprints/AI/Kamikaze/FindPlayer.uasset
'
[2015.06.02-13.31.58:920][222]BlueprintLog: New page: Pre-PIE auto-recompile
[2015.06.02-13.31.58:920][222]LogPlayLevel: [PIE] Compiling FirstPersonExampleMap before PIE...
[2015.06.02-13.31.58:949][222]LogActorComponent: UnregisterComponent: (/Engine/Transient.CharMoveComp) Not registered. Aborting.
[2015.06.02-13.31.58:949][222]LogActorComponent: UnregisterComponent: (/Engine/Transient.ProjectileMovementComponent_40__A6522401) Not registered. Aborting.
[2015.06.02-13.31.58:960][222]LogPlayLevel: PIE:  Blueprint regeneration took 40 ms (1 blueprints)
[2015.06.02-13.31.58:960][222]PIE: New page: PIE session: FirstPersonExampleMap (Jun 2, 2015, 5:31:58 AM)
[2015.06.02-13.31.58:987][222]LogBlueprint:Warning: FMemberReference::ResolveMember (K2_GetActorLocation) bSelfContext == true, but no scope supplied!
[2015.06.02-13.31.58:987][222]LogBlueprint:Warning: FMemberReference::ResolveMember (K2_GetActorLocation) bSelfContext == true, but no scope supplied!
[2015.06.02-13.31.58:990][222]LogPlayLevel: PIE: StaticDuplicateObject took: (0.029078s)
[2015.06.02-13.31.58:991][222]LogPlayLevel: PIE: World Init took: (0.001124s)
[2015.06.02-13.31.58:991][222]LogPlayLevel: PIE: Created PIE world by copying editor world from /Game/FirstPersonBP/Maps/FirstPersonExampleMap.FirstPersonExampleMap to /Game/FirstPersonBP/Maps/UEDPIE_0_FirstPersonExampleMap.FirstPersonExampleMap (0.030691s)
[2015.06.02-13.31.59:113][222]LogWorld: Game class is 'FirstPersonGameMode_C'
[2015.06.02-13.31.59:115][222]LogAIModule: Creating AISystem for world FirstPersonExampleMap
[2015.06.02-13.31.59:124][222]LogWorld: Bringing World /Game/FirstPersonBP/Maps/UEDPIE_0_FirstPersonExampleMap.FirstPersonExampleMap up for play (max tick rate 0) at 2015.06.02-09.31.59
[2015.06.02-13.31.59:125][222]LogWorld: Bringing up level for play took: 0.008751
[2015.06.02-13.31.59:127][222]PIE: Info Play in editor start time for /Game/FirstPersonBP/Maps/UEDPIE_0_FirstPersonExampleMap -0.557
[2015.06.02-13.32.03:075][681]LogParticles: Destroying 0 GPU particle simulations for FXSystem 0x000000E01D25A660
[2015.06.02-13.32.12:622][745]LogLinker:Warning: Can't find file '/Game/FirstPersonBP/Blueprints/BasicTask'
[2015.06.02-13.32.12:623][745]LogLinker:Warning: Can't find file for asset '/Game/FirstPersonBP/Blueprints/BasicTask' while loading NULL.
[2015.06.02-13.32.12:623][745]LogLinker:Warning: Can't find file '/Game/FirstPersonBP/Blueprints/BasicTask'
[2015.06.02-13.32.12:623][745]LoadErrors: Info Failed to load /Game/FirstPersonBP/Blueprints/BasicTask.BasicTask_C Referenced by BTComposite_Selector_0
[2015.06.02-13.32.12:623][745]LogLinker:Warning: Can't find file for asset '/Game/FirstPersonBP/Blueprints/BasicTask' while loading NULL.
[2015.06.02-13.32.12:624][745]LogLinker:Warning: Can't find file '/Game/FirstPersonBP/Blueprints/BasicTask'
[2015.06.02-13.32.12:624][745]LogLinker:Warning: Can't find file for asset '/Game/FirstPersonBP/Blueprints/BasicTask' while loading NULL.
[2015.06.02-13.32.12:624][745]LogLinker:Warning: Can't find file '/Game/FirstPersonBP/Blueprints/BasicTask'
[2015.06.02-13.32.12:624][745]LoadErrors: Info Failed to load /Game/FirstPersonBP/Blueprints/BasicTask.BasicTask_C Referenced by BehaviorTreeGraphNode_Task_10
[2015.06.02-13.32.12:624][745]LogLinker:Warning: Can't find file for asset '/Game/FirstPersonBP/Blueprints/BasicTask' while loading NULL.
[2015.06.02-13.32.25:871][282]LogLinker:Warning: Can't find file '/Game/FirstPersonBP/Blueprints/BasicAIController'
[2015.06.02-13.32.25:871][282]LogLinker:Warning: Can't find file for asset '/Game/FirstPersonBP/Blueprints/BasicAIController' while loading C:/Users/guillaume/Documents/Unreal Projects/Shooter/Content/FirstPersonBP/Blueprints/AI/Kamikaze/BasicAICharacter.uasset.
[2015.06.02-13.32.25:871][282]LoadErrors:Error: Error /Game/FirstPersonBP/Blueprints/AI/Kamikaze/BasicAICharacter : Can't find file for asset. /Game/FirstPersonBP/Blueprints/BasicAIController
[2015.06.02-13.32.25:875][282]LogLinker:Warning: Can't find file '/Game/FirstPersonBP/Blueprints/BasicAIController'
[2015.06.02-13.32.25:875][282]LogLinker:Warning: Can't find file for asset '/Game/FirstPersonBP/Blueprints/BasicAIController' while loading C:/Users/guillaume/Documents/Unreal Projects/Shooter/Content/FirstPersonBP/Blueprints/AI/Kamikaze/BasicAICharacter.uasset.
[2015.06.02-13.32.25:877][282]LogLinker:Warning: Can't find file '/Game/FirstPersonBP/Blueprints/BasicAIController'
[2015.06.02-13.32.25:877][282]LogLinker:Warning: Can't find file for asset '/Game/FirstPersonBP/Blueprints/BasicAIController' while loading NULL.
[2015.06.02-13.32.25:877][282]LogLinker:Warning: Can't find file '/Game/FirstPersonBP/Blueprints/BasicAIController'
[2015.06.02-13.32.25:877][282]LogLinker:Warning: Can't find file for asset '/Game/FirstPersonBP/Blueprints/BasicAIController' while loading NULL.
[2015.06.02-13.32.25:878][282]LogLinker:Warning: Can't find file '/Game/FirstPersonBP/Blueprints/BasicAIController'
[2015.06.02-13.32.25:878][282]LogLinker:Warning: Can't find file for asset '/Game/FirstPersonBP/Blueprints/BasicAIController' while loading NULL.
[2015.06.02-13.32.30:001][718]BlueprintLog: New page: Pre-PIE auto-recompile
[2015.06.02-13.32.30:001][718]LogPlayLevel: [PIE] Compiling FirstPersonExampleMap before PIE...
[2015.06.02-13.32.30:032][718]LogActorComponent: UnregisterComponent: (/Engine/Transient.CharMoveComp) Not registered. Aborting.
[2015.06.02-13.32.30:049][718]LogPlayLevel: PIE:  Blueprint regeneration took 47 ms (1 blueprints)
[2015.06.02-13.32.30:049][718]PIE: New page: PIE session: FirstPersonExampleMap (Jun 2, 2015, 5:32:30 AM)
[2015.06.02-13.32.30:077][718]LogBlueprint:Warning: FMemberReference::ResolveMember (K2_GetActorLocation) bSelfContext == true, but no scope supplied!
[2015.06.02-13.32.30:077][718]LogBlueprint:Warning: FMemberReference::ResolveMember (K2_GetActorLocation) bSelfContext == true, but no scope supplied!
[2015.06.02-13.32.30:080][718]LogPlayLevel: PIE: StaticDuplicateObject took: (0.030659s)
[2015.06.02-13.32.30:081][718]LogPlayLevel: PIE: World Init took: (0.001399s)
[2015.06.02-13.32.30:081][718]LogPlayLevel: PIE: Created PIE world by copying editor world from /Game/FirstPersonBP/Maps/FirstPersonExampleMap.FirstPersonExampleMap to /Game/FirstPersonBP/Maps/UEDPIE_0_FirstPersonExampleMap.FirstPersonExampleMap (0.032286s)
[2015.06.02-13.32.30:132][718]LogWorld: Game class is 'FirstPersonGameMode_C'
[2015.06.02-13.32.30:134][718]LogAIModule: Creating AISystem for world FirstPersonExampleMap
[2015.06.02-13.32.30:143][718]LogWorld: Bringing World /Game/FirstPersonBP/Maps/UEDPIE_0_FirstPersonExampleMap.FirstPersonExampleMap up for play (max tick rate 0) at 2015.06.02-09.32.30
[2015.06.02-13.32.30:144][718]LogWorld: Bringing up level for play took: 0.009592
[2015.06.02-13.32.30:146][718]PIE: Info Play in editor start time for /Game/FirstPersonBP/Maps/UEDPIE_0_FirstPersonExampleMap 0.461
[2015.06.02-13.32.36:895][524]LogBlueprintUserMessages: SNAAAAAAAAAAKE !!!!!!
[2015.06.02-13.32.37:660][606]LogParticles: Destroying 0 GPU particle simulations for FXSystem 0x000000E01BFC2F20
[2015.06.02-13.32.45:864][555]BlueprintLog: New page: Pre-PIE auto-recompile
[2015.06.02-13.32.45:864][555]LogPlayLevel: [PIE] Compiling FirstPersonExampleMap before PIE...
[2015.06.02-13.32.45:906][555]LogPlayLevel: PIE:  Blueprint regeneration took 41 ms (1 blueprints)
[2015.06.02-13.32.45:906][555]PIE: New page: PIE session: FirstPersonExampleMap (Jun 2, 2015, 5:32:45 AM)
[2015.06.02-13.32.45:934][555]LogBlueprint:Warning: FMemberReference::ResolveMember (K2_GetActorLocation) bSelfContext == true, but no scope supplied!
[2015.06.02-13.32.45:934][555]LogBlueprint:Warning: FMemberReference::ResolveMember (K2_GetActorLocation) bSelfContext == true, but no scope supplied!
[2015.06.02-13.32.45:937][555]LogPlayLevel: PIE: StaticDuplicateObject took: (0.030355s)
[2015.06.02-13.32.45:938][555]LogPlayLevel: PIE: World Init took: (0.000773s)
[2015.06.02-13.32.45:938][555]LogPlayLevel: PIE: Created PIE world by copying editor world from /Game/FirstPersonBP/Maps/FirstPersonExampleMap.FirstPersonExampleMap to /Game/FirstPersonBP/Maps/UEDPIE_0_FirstPersonExampleMap.FirstPersonExampleMap (0.031360s)
[2015.06.02-13.32.45:988][555]LogWorld: Game class is 'FirstPersonGameMode_C'
[2015.06.02-13.32.45:990][555]LogAIModule: Creating AISystem for world FirstPersonExampleMap
[2015.06.02-13.32.45:999][555]LogWorld: Bringing World /Game/FirstPersonBP/Maps/UEDPIE_0_FirstPersonExampleMap.FirstPersonExampleMap up for play (max tick rate 0) at 2015.06.02-09.32.45
[2015.06.02-13.32.46:000][555]LogWorld: Bringing up level for play took: 0.009496
[2015.06.02-13.32.46:002][555]PIE: Info Play in editor start time for /Game/FirstPersonBP/Maps/UEDPIE_0_FirstPersonExampleMap 0.317
[2015.06.02-13.32.52:883][368]LogParticles: Destroying 0 GPU particle simulations for FXSystem 0x000000E01C5AB880
[2015.06.02-13.32.56:225][736]LogContentBrowser:Verbose: The content browser source was changed by the sources view to '/Game/FirstPersonBP/Blueprints/AI'
[2015.06.02-13.32.57:414][878]LogContentBrowser:Verbose: The content browser source was changed by the sources view to '/Game/FirstPersonBP/Audio'
[2015.06.02-13.32.57:880][932]LogContentBrowser:Verbose: The content browser source was changed by the sources view to '/Game/FirstPersonBP/Blueprints'
[2015.06.02-13.32.58:897][999]LogSourceControl: RunCommandInternalRaw: 'git status --porcelain --ignored "C:/Users/guillaume/Documents/Unreal Projects/Shooter/Content/FirstPersonBP/Blueprints/AmmoBox.uasset" "C:/Users/guillaume/Documents/Unreal Projects/Shooter/Content/FirstPersonBP/Blueprints/BasicAIBlackboard.uasset" "C:/Users/guillaume/Documents/Unreal Projects/Shooter/Content/FirstPersonBP/Blueprints/BasicBehaviorTree.uasset" "C:/Users/guillaume/Documents/Unreal Projects/Shooter/Content/FirstPersonBP/Blueprints/CheckpointCube_Blueprint.uasset" "C:/Users/guillaume/Documents/Unreal Projects/Shooter/Content/FirstPersonBP/Blueprints/DamageCube_Blueprint.uasset" "C:/Users/guillaume/Documents/Unreal Projects/Shooter/Content/FirstPersonBP/Blueprints/FirstPersonCharacter.uasset" "C:/Users/guillaume/Documents/Unreal Projects/Shooter/Content/FirstPersonBP/Blueprints/FirstPersonGameMode.uasset" "C:/Users/guillaume/Documents/Unreal Projects/Shooter/Content/FirstPersonBP/Blueprints/FirstPersonHUD.uasset" "C:/Users/guillaume/Documents/Unreal Projects/Shooter/Content/FirstPersonBP/Blueprints/FirstPersonProjectile.uasset" "C:/Users/guillaume/Documents/Unreal Projects/Shooter/Content/FirstPersonBP/Blueprints/HealthBox.uasset" "C:/Users/guillaume/Documents/Unreal Projects/Shooter/Content/FirstPersonBP/Blueprints/HealthCube.uasset" "C:/Users/guillaume/Documents/Unreal Projects/Shooter/Content/FirstPersonBP/Blueprints/HookCube.uasset" "C:/Users/guillaume/Documents/Unreal Projects/Shooter/Content/FirstPersonBP/Blueprints/HookWall.uasset" "C:/Users/guillaume/Documents/Unreal Projects/Shooter/Content/FirstPersonBP/Blueprints/Killzone_Blueprint.uasset" "C:/Users/guillaume/Documents/Unreal Projects/Shooter/Content/FirstPersonBP/Blueprints/MyShake.uasset" "C:/Users/guillaume/Documents/Unreal Projects/Shooter/Content/FirstPersonBP/Blueprints/WidgetHUD.uasset"'
[2015.06.02-13.32.58:955][  3]LogSourceControl: RunCommandInternalRaw: ExecProcess ReturnCode=0 OutResults='?? Content/FirstPersonBP/Blueprints/BasicAIBlackboard.uasset
?? Content/FirstPersonBP/Blueprints/BasicBehaviorTree.uasset
'
[2015.06.02-13.33.31:112][698]BlueprintLog: New page: Pre-PIE auto-recompile
[2015.06.02-13.33.31:112][698]LogPlayLevel: [PIE] Compiling FirstPersonExampleMap before PIE...
[2015.06.02-13.33.31:143][698]LogActorComponent: UnregisterComponent: (/Engine/Transient.CharMoveComp) Not registered. Aborting.
[2015.06.02-13.33.31:143][698]LogActorComponent: UnregisterComponent: (/Engine/Transient.ProjectileMovementComponent_40__A6522401) Not registered. Aborting.
[2015.06.02-13.33.31:143][698]LogActorComponent: UnregisterComponent: (/Engine/Transient.CharacterMovementComponent_1) Not registered. Aborting.
[2015.06.02-13.33.31:155][698]LogPlayLevel: PIE:  Blueprint regeneration took 42 ms (1 blueprints)
[2015.06.02-13.33.31:155][698]PIE: New page: PIE session: FirstPersonExampleMap (Jun 2, 2015, 5:33:31 AM)
[2015.06.02-13.33.31:184][698]LogBlueprint:Warning: FMemberReference::ResolveMember (K2_GetActorLocation) bSelfContext == true, but no scope supplied!
[2015.06.02-13.33.31:184][698]LogBlueprint:Warning: FMemberReference::ResolveMember (K2_GetActorLocation) bSelfContext == true, but no scope supplied!
[2015.06.02-13.33.31:187][698]LogPlayLevel: PIE: StaticDuplicateObject took: (0.031399s)
[2015.06.02-13.33.31:188][698]LogPlayLevel: PIE: World Init took: (0.000644s)
[2015.06.02-13.33.31:188][698]LogPlayLevel: PIE: Created PIE world by copying editor world from /Game/FirstPersonBP/Maps/FirstPersonExampleMap.FirstPersonExampleMap to /Game/FirstPersonBP/Maps/UEDPIE_0_FirstPersonExampleMap.FirstPersonExampleMap (0.032280s)
[2015.06.02-13.33.31:237][698]LogWorld: Game class is 'FirstPersonGameMode_C'
[2015.06.02-13.33.31:240][698]LogAIModule: Creating AISystem for world FirstPersonExampleMap
[2015.06.02-13.33.31:261][698]LogWorld:Warning: *** WARNING - PATHS MAY NOT BE VALID ***
[2015.06.02-13.33.31:261][698]LogWorld: Bringing World /Game/FirstPersonBP/Maps/UEDPIE_0_FirstPersonExampleMap.FirstPersonExampleMap up for play (max tick rate 0) at 2015.06.02-09.33.31
[2015.06.02-13.33.31:263][698]LogWorld: Bringing up level for play took: 0.021504
[2015.06.02-13.33.31:267][698]PIE: Info Play in editor start time for /Game/FirstPersonBP/Maps/UEDPIE_0_FirstPersonExampleMap -0.418
[2015.06.02-13.33.36:301][283]LogParticles: Destroying 0 GPU particle simulations for FXSystem 0x000000E01C5A9800
[2015.06.02-13.33.38:596][551]LogEditorViewport: Clicking on Actor (LMB): BasicAICharacter_C (BasicAICharacter)
[2015.06.02-13.33.38:922][582]LogEditorViewport: Clicking on Actor (LMB): BasicAICharacter_C (BasicAICharacter)
[2015.06.02-13.33.42:816][ 30]BlueprintLog: New page: Pre-PIE auto-recompile
[2015.06.02-13.33.42:816][ 30]LogPlayLevel: [PIE] Compiling FirstPersonExampleMap before PIE...
[2015.06.02-13.33.42:857][ 30]LogPlayLevel: PIE:  Blueprint regeneration took 41 ms (1 blueprints)
[2015.06.02-13.33.42:857][ 30]PIE: New page: PIE session: FirstPersonExampleMap (Jun 2, 2015, 5:33:42 AM)
[2015.06.02-13.33.42:886][ 30]LogBlueprint:Warning: FMemberReference::ResolveMember (K2_GetActorLocation) bSelfContext == true, but no scope supplied!
[2015.06.02-13.33.42:886][ 30]LogBlueprint:Warning: FMemberReference::ResolveMember (K2_GetActorLocation) bSelfContext == true, but no scope supplied!
[2015.06.02-13.33.42:889][ 30]LogPlayLevel: PIE: StaticDuplicateObject took: (0.031337s)
[2015.06.02-13.33.42:890][ 30]LogPlayLevel: PIE: World Init took: (0.000953s)
[2015.06.02-13.33.42:890][ 30]LogPlayLevel: PIE: Created PIE world by copying editor world from /Game/FirstPersonBP/Maps/FirstPersonExampleMap.FirstPersonExampleMap to /Game/FirstPersonBP/Maps/UEDPIE_0_FirstPersonExampleMap.FirstPersonExampleMap (0.032515s)
[2015.06.02-13.33.42:937][ 30]LogWorld: Game class is 'FirstPersonGameMode_C'
[2015.06.02-13.33.42:939][ 30]LogAIModule: Creating AISystem for world FirstPersonExampleMap
[2015.06.02-13.33.42:949][ 30]LogWorld:Warning: *** WARNING - PATHS MAY NOT BE VALID ***
[2015.06.02-13.33.42:949][ 30]LogWorld: Bringing World /Game/FirstPersonBP/Maps/UEDPIE_0_FirstPersonExampleMap.FirstPersonExampleMap up for play (max tick rate 0) at 2015.06.02-09.33.42
[2015.06.02-13.33.42:949][ 30]LogWorld: Bringing up level for play took: 0.009935
[2015.06.02-13.33.42:951][ 30]PIE: Info Play in editor start time for /Game/FirstPersonBP/Maps/UEDPIE_0_FirstPersonExampleMap -0.733
[2015.06.02-13.33.47:443][547]LogParticles: Destroying 0 GPU particle simulations for FXSystem 0x000000E01CAC27A0
[2015.06.02-13.33.55:891][220]LogActorComponent: UnregisterComponent: (/Engine/Transient.ProjectileMovementComponent_40__A6522401) Not registered. Aborting.
[2015.06.02-13.33.55:891][220]LogActorComponent: UnregisterComponent: (/Engine/Transient.CharMoveComp) Not registered. Aborting.
[2015.06.02-13.33.57:804][221]LogSourceControl: RunCommandInternalRaw: 'git status --porcelain --ignored "C:/Users/guillaume/Documents/Unreal Projects/Shooter/Content/FirstPersonBP/Blueprints/AI/Kamikaze/BasicAIController.uasset" "C:/Users/guillaume/Documents/Unreal Projects/Shooter/Content/FirstPersonBP/Blueprints/AI/Kamikaze/BasicBehaviorTree.uasset"'
[2015.06.02-13.33.57:854][223]LogSourceControl: RunCommandInternalRaw: ExecProcess ReturnCode=0 OutResults='AM Content/FirstPersonBP/Blueprints/AI/Kamikaze/BasicAIController.uasset
AM Content/FirstPersonBP/Blueprints/AI/Kamikaze/BasicBehaviorTree.uasset
'
[2015.06.02-13.33.59:146][308]LogContentBrowser:Verbose: The content browser source was changed by the sources view to '/Game/FirstPersonBP/Blueprints/AI/Kamikaze'
[2015.06.02-13.34.00:153][409]LogSourceControl: RunCommandInternalRaw: 'git status --porcelain --ignored "C:/Users/guillaume/Documents/Unreal Projects/Shooter/Content/FirstPersonBP/Blueprints/AI/Kamikaze/BasicAIBlackboard.uasset" "C:/Users/guillaume/Documents/Unreal Projects/Shooter/Content/FirstPersonBP/Blueprints/AI/Kamikaze/BasicAICharacter.uasset" "C:/Users/guillaume/Documents/Unreal Projects/Shooter/Content/FirstPersonBP/Blueprints/AI/Kamikaze/BasicAIController.uasset" "C:/Users/guillaume/Documents/Unreal Projects/Shooter/Content/FirstPersonBP/Blueprints/AI/Kamikaze/BasicBehaviorTree.uasset" "C:/Users/guillaume/Documents/Unreal Projects/Shooter/Content/FirstPersonBP/Blueprints/AI/Kamikaze/BasicTask.uasset" "C:/Users/guillaume/Documents/Unreal Projects/Shooter/Content/FirstPersonBP/Blueprints/AI/Kamikaze/FindPlayer.uasset"'
[2015.06.02-13.34.00:208][415]LogSourceControl: RunCommandInternalRaw: ExecProcess ReturnCode=0 OutResults='A  Content/FirstPersonBP/Blueprints/AI/Kamikaze/BasicAIBlackboard.uasset
AM Content/FirstPersonBP/Blueprints/AI/Kamikaze/BasicAICharacter.uasset
AM Content/FirstPersonBP/Blueprints/AI/Kamikaze/BasicAIController.uasset
AM Content/FirstPersonBP/Blueprints/AI/Kamikaze/BasicBehaviorTree.uasset
A  Content/FirstPersonBP/Blueprints/AI/Kamikaze/BasicTask.uasset
AM Content/FirstPersonBP/Blueprints/AI/Kamikaze/FindPlayer.uasset
'
[2015.06.02-13.34.24:655][263]LogActorComponent: UnregisterComponent: (/Engine/Transient.CharMoveComp) Not registered. Aborting.
[2015.06.02-13.34.24:655][263]LogActorComponent: UnregisterComponent: (/Engine/Transient.ProjectileMovementComponent_40__A6522401) Not registered. Aborting.
[2015.06.02-13.34.24:655][263]LogActorComponent: UnregisterComponent: (/Engine/Transient.CharacterMovementComponent_2) Not registered. Aborting.
[2015.06.02-13.34.29:746][264]Cmd: QUIT_EDITOR
[2015.06.02-13.34.29:965][264]LogExit: Preparing to exit.
[2015.06.02-13.34.30:211][264]LogExit: Editor shut down
[2015.06.02-13.34.30:211][264]LogExit: Transaction tracking system shut down
[2015.06.02-13.34.30:214][264]LogParticles: Destroying 0 GPU particle simulations for FXSystem 0x000000E026D1CA40
[2015.06.02-13.34.30:215][264]LogParticles: Destroying 0 GPU particle simulations for FXSystem 0x000000E04D42C4A0
[2015.06.02-13.34.30:215][264]LogParticles: Destroying 0 GPU particle simulations for FXSystem 0x000000E028D68720
[2015.06.02-13.34.30:215][264]LogParticles: Destroying 0 GPU particle simulations for FXSystem 0x000000E04E7BD080
[2015.06.02-13.34.30:215][264]LogParticles: Destroying 0 GPU particle simulations for FXSystem 0x000000E04E7BCC20
[2015.06.02-13.34.30:215][264]LogParticles: Destroying 0 GPU particle simulations for FXSystem 0x000000E01C0F16C0
[2015.06.02-13.34.30:324][264]LogExit: Object subsystem successfully closed.
[2015.06.02-13.34.30:361][264]LogModuleManager: Shutting down and abandoning module CrashTracker (177)
[2015.06.02-13.34.30:361][264]LogModuleManager: Shutting down and abandoning module SuperSearch (176)
[2015.06.02-13.34.30:361][264]LogModuleManager: Shutting down and abandoning module SceneOutliner (175)
[2015.06.02-13.34.30:361][264]LogModuleManager: Shutting down and abandoning module EditorWidgets (174)
[2015.06.02-13.34.30:361][264]LogModuleManager: Shutting down and abandoning module CollectionManager (173)
[2015.06.02-13.34.30:361][264]LogModuleManager: Shutting down and abandoning module StatsViewer (172)
[2015.06.02-13.34.30:361][264]LogModuleManager: Shutting down and abandoning module FoliageEdit (171)
[2015.06.02-13.34.30:361][264]LogModuleManager: Shutting down and abandoning module LandscapeEditor (170)
[2015.06.02-13.34.30:361][264]LogModuleManager: Shutting down and abandoning module MeshPaint (169)
[2015.06.02-13.34.30:361][264]LogModuleManager: Shutting down and abandoning module ActorPickerMode (168)
[2015.06.02-13.34.30:361][264]LogModuleManager: Shutting down and abandoning module GeometryMode (167)
[2015.06.02-13.34.30:361][264]LogModuleManager: Shutting down and abandoning module TextureAlignMode (166)
[2015.06.02-13.34.30:361][264]LogModuleManager: Shutting down and abandoning module BspMode (165)
[2015.06.02-13.34.30:361][264]LogModuleManager: Shutting down and abandoning module PlacementMode (164)
[2015.06.02-13.34.30:361][264]LogModuleManager: Shutting down and abandoning module AutomationWorker (163)
[2015.06.02-13.34.30:361][264]LogModuleManager: Shutting down and abandoning module CharacterAI (162)
[2015.06.02-13.34.30:361][264]LogModuleManager: Shutting down and abandoning module SmartSnapping (161)
[2015.06.02-13.34.30:361][264]LogModuleManager: Shutting down and abandoning module ViewportSnapping (160)
[2015.06.02-13.34.30:361][264]LogModuleManager: Shutting down and abandoning module LogVisualizer (159)
[2015.06.02-13.34.30:361][264]LogModuleManager: Shutting down and abandoning module GameProjectGeneration (158)
[2015.06.02-13.34.30:361][264]LogModuleManager: Shutting down and abandoning module IntroTutorials (157)
[2015.06.02-13.34.30:361][264]LogModuleManager: Shutting down and abandoning module EditorLiveStreaming (156)
[2015.06.02-13.34.30:361][264]LogModuleManager: Shutting down and abandoning module HardwareTargeting (155)
[2015.06.02-13.34.30:361][264]LogModuleManager: Shutting down and abandoning module DeviceProfileEditor (154)
[2015.06.02-13.34.30:362][264]LogModuleManager: Shutting down and abandoning module UndoHistory (153)
[2015.06.02-13.34.30:362][264]LogModuleManager: Shutting down and abandoning module GameplayTagsEditor (152)
[2015.06.02-13.34.30:362][264]LogModuleManager: Shutting down and abandoning module UserFeedback (151)
[2015.06.02-13.34.30:362][264]LogModuleManager: Shutting down and abandoning module XmlParser (150)
[2015.06.02-13.34.30:362][264]LogModuleManager: Shutting down and abandoning module Blutility (149)
[2015.06.02-13.34.30:362][264]LogModuleManager: Shutting down and abandoning module IOSPlatformEditor (148)
[2015.06.02-13.34.30:362][264]LogModuleManager: Shutting down and abandoning module IOSRuntimeSettings (147)
[2015.06.02-13.34.30:362][264]LogModuleManager: Shutting down and abandoning module AndroidDeviceDetection (146)
[2015.06.02-13.34.30:940][264]LogModuleManager: Shutting down and abandoning module AndroidPlatformEditor (145)
[2015.06.02-13.34.30:940][264]LogModuleManager: Shutting down and abandoning module AndroidRuntimeSettings (144)
[2015.06.02-13.34.30:940][264]LogModuleManager: Shutting down and abandoning module ProjectTargetPlatformEditor (143)
[2015.06.02-13.34.30:940][264]LogModuleManager: Shutting down and abandoning module ProjectSettingsViewer (142)
[2015.06.02-13.34.30:940][264]LogModuleManager: Shutting down and abandoning module InputBindingEditor (141)
[2015.06.02-13.34.30:940][264]LogModuleManager: Shutting down and abandoning module EditorSettingsViewer (140)
[2015.06.02-13.34.30:940][264]LogModuleManager: Shutting down and abandoning module SettingsEditor (139)
[2015.06.02-13.34.30:940][264]LogModuleManager: Shutting down and abandoning module ProjectLauncher (138)
[2015.06.02-13.34.30:940][264]LogModuleManager: Shutting down and abandoning module SessionFrontend (137)
[2015.06.02-13.34.30:940][264]LogModuleManager: Shutting down and abandoning module ProfilerClient (136)
[2015.06.02-13.34.30:940][264]LogModuleManager: Shutting down and abandoning module TargetDeviceServices (135)
[2015.06.02-13.34.30:940][264]LogModuleManager: Shutting down and abandoning module DeviceManager (134)
[2015.06.02-13.34.30:940][264]LogModuleManager: Shutting down and abandoning module AutomationController (133)
[2015.06.02-13.34.30:940][264]LogModuleManager: Shutting down and abandoning module AutomationWindow (132)
[2015.06.02-13.34.30:940][264]LogModuleManager: Shutting down and abandoning module Layers (131)
[2015.06.02-13.34.30:940][264]LogModuleManager: Shutting down and abandoning module ComponentVisualizers (130)
[2015.06.02-13.34.30:940][264]LogModuleManager: Shutting down and abandoning module DetailCustomizations (129)
[2015.06.02-13.34.30:940][264]LogModuleManager: Shutting down and abandoning module PackagesDialog (128)
[2015.06.02-13.34.30:941][264]LogModuleManager: Shutting down and abandoning module AssetRegistry (127)
[2015.06.02-13.34.31:038][264]LogModuleManager: Shutting down and abandoning module Persona (126)
[2015.06.02-13.34.31:038][264]LogModuleManager: Shutting down and abandoning module SlateReflector (125)
[2015.06.02-13.34.31:038][264]LogModuleManager: Shutting down and abandoning module LevelEditor (124)
[2015.06.02-13.34.31:039][264]LogModuleManager: Shutting down and abandoning module Kismet (123)
[2015.06.02-13.34.31:039][264]LogModuleManager: Shutting down and abandoning module GraphEditor (122)
[2015.06.02-13.34.31:039][264]LogModuleManager: Shutting down and abandoning module ClassViewer (121)
[2015.06.02-13.34.31:039][264]LogModuleManager: Shutting down and abandoning module Toolbox (120)
[2015.06.02-13.34.31:039][264]LogModuleManager: Shutting down and abandoning module ModuleUI (119)
[2015.06.02-13.34.31:040][264]LogModuleManager: Shutting down and abandoning module MovieSceneTools (118)
[2015.06.02-13.34.31:040][264]LogModuleManager: Shutting down and abandoning module OutputLog (117)
[2015.06.02-13.34.31:040][264]LogModuleManager: Shutting down and abandoning module GammaUI (116)
[2015.06.02-13.34.31:040][264]LogModuleManager: Shutting down and abandoning module Documentation (115)
[2015.06.02-13.34.31:040][264]LogModuleManager: Shutting down and abandoning module GameLiveStreaming (114)
[2015.06.02-13.34.31:040][264]LogModuleManager: Shutting down and abandoning module StreamingPauseRendering (113)
[2015.06.02-13.34.31:040][264]LogModuleManager: Shutting down and abandoning module HTTP (112)
[2015.06.02-13.34.31:040][264]LogModuleManager: Shutting down and abandoning module AnalyticsET (111)
[2015.06.02-13.34.31:040][264]LogModuleManager: Shutting down and abandoning module Analytics (110)
[2015.06.02-13.34.31:040][264]LogModuleManager: Shutting down and abandoning module AITestSuite (109)
[2015.06.02-13.34.31:040][264]LogModuleManager: Shutting down and abandoning module GameplayDebugger (108)
[2015.06.02-13.34.31:040][264]LogModuleManager: Shutting down and abandoning module AIModule (107)
[2015.06.02-13.34.31:040][264]LogModuleManager: Shutting down and abandoning module ProfilerService (106)
[2015.06.02-13.34.31:161][264]LogModuleManager: Shutting down and abandoning module TaskGraph (105)
[2015.06.02-13.34.31:161][264]LogModuleManager: Shutting down and abandoning module SlateRemote (104)
[2015.06.02-13.34.31:161][264]LogModuleManager: Shutting down and abandoning module ScriptEditorPlugin (103)
[2015.06.02-13.34.31:161][264]LogModuleManager: Shutting down and abandoning module CustomMeshComponent (102)
[2015.06.02-13.34.31:161][264]LogModuleManager: Shutting down and abandoning module CableComponent (101)
[2015.06.02-13.34.31:161][264]LogModuleManager: Shutting down and abandoning module MessagingDebugger (100)
[2015.06.02-13.34.31:161][264]LogModuleManager: Shutting down and abandoning module MediaPlayerEditor (99)
[2015.06.02-13.34.31:161][264]LogModuleManager: Shutting down and abandoning module SpeedTreeImporter (98)
[2015.06.02-13.34.31:161][264]LogModuleManager: Shutting down and abandoning module PluginsEditor (97)
[2015.06.02-13.34.31:161][264]LogModuleManager: Shutting down and abandoning module MainFrame (96)
[2015.06.02-13.34.31:161][264]LogModuleManager: Shutting down and abandoning module EpicSurvey (95)
[2015.06.02-13.34.31:161][264]LogModuleManager: Shutting down and abandoning module DesktopPlatform (94)
[2015.06.02-13.34.31:161][264]LogModuleManager: Shutting down and abandoning module DirectoryWatcher (93)
[2015.06.02-13.34.31:161][264]LogModuleManager: Shutting down and abandoning module HotReload (92)
[2015.06.02-13.34.31:161][264]LogModuleManager: Shutting down and abandoning module VisualStudioSourceCodeAccess (91)
[2015.06.02-13.34.31:161][264]LogModuleManager: Shutting down and abandoning module UObjectPlugin (90)
[2015.06.02-13.34.31:161][264]LogModuleManager: Shutting down and abandoning module SubversionSourceControl (89)
[2015.06.02-13.34.31:161][264]LogModuleManager: Shutting down and abandoning module PerforceSourceControl (88)
[2015.06.02-13.34.31:161][264]LogModuleManager: Shutting down and abandoning module SourceControl (87)
[2015.06.02-13.34.31:161][264]LogModuleManager: Shutting down and abandoning module GitSourceControl (86)
[2015.06.02-13.34.31:161][264]LogModuleManager: Shutting down and abandoning module BlankPlugin (85)
[2015.06.02-13.34.31:161][264]LogModuleManager: Shutting down and abandoning module PaperTiledImporter (84)
[2015.06.02-13.34.31:161][264]LogModuleManager: Shutting down and abandoning module PaperJsonImporter (83)
[2015.06.02-13.34.31:161][264]LogModuleManager: Shutting down and abandoning module ContentBrowser (82)
[2015.06.02-13.34.31:162][264]LogModuleManager: Shutting down and abandoning module Paper2DEditor (81)
[2015.06.02-13.34.31:162][264]LogModuleManager: Shutting down and abandoning module ScriptPlugin (80)
[2015.06.02-13.34.31:162][264]LogModuleManager: Shutting down and abandoning module UdpMessaging (79)
[2015.06.02-13.34.31:263][264]LogModuleManager: Shutting down and abandoning module Paper2D (78)
[2015.06.02-13.34.31:263][264]LogModuleManager: Shutting down and abandoning module WindowsMoviePlayer (77)
[2015.06.02-13.34.31:264][264]LogModuleManager: Shutting down and abandoning module Media (76)
[2015.06.02-13.34.31:264][264]LogModuleManager: Shutting down and abandoning module WmfMedia (75)
[2015.06.02-13.34.31:264][264]LogModuleManager: Shutting down and abandoning module OnlineBlueprintSupport (74)
[2015.06.02-13.34.31:264][264]LogModuleManager: Shutting down and abandoning module PropertyEditor (73)
[2015.06.02-13.34.31:264][264]LogModuleManager: Shutting down and abandoning module BehaviorTreeEditor (72)
[2015.06.02-13.34.31:264][264]LogModuleManager: Shutting down and abandoning module FunctionalTesting (71)
[2015.06.02-13.34.31:264][264]LogModuleManager: Shutting down and abandoning module CollisionAnalyzer (70)
[2015.06.02-13.34.31:264][264]LogModuleManager: Shutting down and abandoning module WorkspaceMenuStructure (69)
[2015.06.02-13.34.31:264][264]LogModuleManager: Shutting down and abandoning module MessageLog (68)
[2015.06.02-13.34.31:264][264]LogModuleManager: Shutting down and abandoning module Sequencer (67)
[2015.06.02-13.34.31:264][264]LogModuleManager: Shutting down and abandoning module AssetTools (66)
[2015.06.02-13.34.31:264][264]LogModuleManager: Shutting down and abandoning module UMGEditor (65)
[2015.06.02-13.34.31:264][264]LogModuleManager: Shutting down and abandoning module UMG (64)
[2015.06.02-13.34.31:264][264]LogModuleManager: Shutting down and abandoning module Slate (63)
[2015.06.02-13.34.31:264][264]LogModuleManager: Shutting down and abandoning module EditorStyle (62)
[2015.06.02-13.34.31:267][264]LogModuleManager: Shutting down and abandoning module SessionServices (61)
[2015.06.02-13.34.31:267][264]LogModuleManager: Shutting down and abandoning module SourceCodeAccess (60)
[2015.06.02-13.34.31:267][264]LogModuleManager: Shutting down and abandoning module HeadMountedDisplay (59)
[2015.06.02-13.34.31:267][264]LogModuleManager: Shutting down and abandoning module XAudio2 (58)
[2015.06.02-13.34.31:267][264]LogModuleManager: Shutting down and abandoning module Networking (56)
[2015.06.02-13.34.31:267][264]LogModuleManager: Shutting down and abandoning module Core (55)
[2015.06.02-13.34.31:267][264]LogModuleManager: Shutting down and abandoning module KismetCompiler (54)
[2015.06.02-13.34.31:267][264]LogModuleManager: Shutting down and abandoning module PhysXFormats (53)
[2015.06.02-13.34.31:267][264]LogModuleManager: Shutting down and abandoning module MeshUtilities (52)
[2015.06.02-13.34.31:267][264]LogModuleManager: Shutting down and abandoning module DerivedDataCache (51)
[2015.06.02-13.34.31:319][264]LogDerivedDataCache: Shutdown
[2015.06.02-13.34.31:319][264]LogModuleManager: Shutting down and abandoning module ShaderFormatOpenGL (50)
[2015.06.02-13.34.31:319][264]LogModuleManager: Shutting down and abandoning module ShaderFormatD3D (49)
[2015.06.02-13.34.31:319][264]LogModuleManager: Shutting down and abandoning module MetalShaderFormat (48)
[2015.06.02-13.34.31:319][264]LogModuleManager: Shutting down and abandoning module TextureFormatUncompressed (47)
[2015.06.02-13.34.31:319][264]LogModuleManager: Shutting down and abandoning module TextureFormatPVR (46)
[2015.06.02-13.34.31:319][264]LogModuleManager: Shutting down and abandoning module TextureFormatIntelISPCTexComp (45)
[2015.06.02-13.34.31:319][264]LogModuleManager: Shutting down and abandoning module TextureFormatDXT (44)
[2015.06.02-13.34.31:319][264]LogModuleManager: Shutting down and abandoning module ImageWrapper (43)
[2015.06.02-13.34.31:319][264]LogModuleManager: Shutting down and abandoning module TextureFormatASTC (42)
[2015.06.02-13.34.31:319][264]LogModuleManager: Shutting down and abandoning module TextureFormatAndroid (41)
[2015.06.02-13.34.31:319][264]LogModuleManager: Shutting down and abandoning module AudioFormatOpus (40)
[2015.06.02-13.34.31:319][264]LogModuleManager: Shutting down and abandoning module AudioFormatOgg (39)
[2015.06.02-13.34.31:319][264]LogModuleManager: Shutting down and abandoning module AudioFormatADPCM (38)
[2015.06.02-13.34.31:319][264]LogModuleManager: Shutting down and abandoning module LinuxTargetPlatform (37)
[2015.06.02-13.34.31:319][264]LogModuleManager: Shutting down and abandoning module LinuxServerTargetPlatform (36)
[2015.06.02-13.34.31:319][264]LogModuleManager: Shutting down and abandoning module LinuxNoEditorTargetPlatform (35)
[2015.06.02-13.34.31:319][264]LogModuleManager: Shutting down and abandoning module Messaging (34)
[2015.06.02-13.34.31:319][264]LogModuleManager: Shutting down and abandoning module IOSTargetPlatform (33)
[2015.06.02-13.34.31:319][264]LogModuleManager: Shutting down and abandoning module HTML5TargetPlatform (32)
[2015.06.02-13.34.31:319][264]LogModuleManager: Shutting down and abandoning module Android_PVRTCTargetPlatform (31)
[2015.06.02-13.34.31:319][264]LogModuleManager: Shutting down and abandoning module Android_ETC2TargetPlatform (30)
[2015.06.02-13.34.31:319][264]LogModuleManager: Shutting down and abandoning module Android_ETC1TargetPlatform (29)
[2015.06.02-13.34.31:319][264]LogModuleManager: Shutting down and abandoning module Android_ES31TargetPlatform (28)
[2015.06.02-13.34.31:319][264]LogModuleManager: Shutting down and abandoning module Android_DXTTargetPlatform (27)
[2015.06.02-13.34.31:319][264]LogModuleManager: Shutting down and abandoning module Android_ATCTargetPlatform (26)
[2015.06.02-13.34.31:319][264]LogModuleManager: Shutting down and abandoning module AndroidTargetPlatform (25)
[2015.06.02-13.34.31:319][264]LogModuleManager: Shutting down and abandoning module WindowsTargetPlatform (24)
[2015.06.02-13.34.31:319][264]LogModuleManager: Shutting down and abandoning module WindowsServerTargetPlatform (23)
[2015.06.02-13.34.31:319][264]LogModuleManager: Shutting down and abandoning module WindowsNoEditorTargetPlatform (22)
[2015.06.02-13.34.31:319][264]LogModuleManager: Shutting down and abandoning module WindowsClientTargetPlatform (21)
[2015.06.02-13.34.31:319][264]LogModuleManager: Shutting down and abandoning module TargetPlatform (20)
[2015.06.02-13.34.31:319][264]LogModuleManager: Shutting down and abandoning module InputCore (19)
[2015.06.02-13.34.31:319][264]LogModuleManager: Shutting down and abandoning module Settings (18)
[2015.06.02-13.34.31:319][264]LogModuleManager: Shutting down and abandoning module OnlineSubsystem (16)
[2015.06.02-13.34.31:319][264]LogModuleManager: Shutting down and abandoning module OculusRift (15)
[2015.06.02-13.34.31:319][264]LogModuleManager: Shutting down and abandoning module ExampleDeviceProfileSelector (14)
[2015.06.02-13.34.31:319][264]LogModuleManager: Shutting down and abandoning module TextureCompressor (13)
[2015.06.02-13.34.31:319][264]LogModuleManager: Shutting down and abandoning module ShaderCore (12)
[2015.06.02-13.34.31:319][264]LogModuleManager: Shutting down and abandoning module Landscape (11)
[2015.06.02-13.34.31:319][264]LogModuleManager: Shutting down and abandoning module SlateRHIRenderer (10)
[2015.06.02-13.34.31:321][264]LogModuleManager: Shutting down and abandoning module OpenGLDrv (9)
[2015.06.02-13.34.31:321][264]LogModuleManager: Shutting down and abandoning module D3D11RHI (8)
[2015.06.02-13.34.31:321][264]LogModuleManager: Shutting down and abandoning module Renderer (7)
[2015.06.02-13.34.31:321][264]LogModuleManager: Shutting down and abandoning module Engine (6)
[2015.06.02-13.34.31:321][264]LogModuleManager: Shutting down and abandoning module CoreUObject (5)
[2015.06.02-13.34.31:321][264]LogModuleManager: Shutting down and abandoning module NetworkFile (4)
[2015.06.02-13.34.31:321][264]LogModuleManager: Shutting down and abandoning module StreamingFile (3)
[2015.06.02-13.34.31:321][264]LogModuleManager: Shutting down and abandoning module SandboxFile (2)
[2015.06.02-13.34.31:321][264]LogModuleManager: Shutting down and abandoning module PakFile (1)
[2015.06.02-13.34.31:321][264]LogExit: Exiting.
[2015.06.02-13.34.31:326][264]Log file closed, 06/02/15 09:34:31
