Log file open, 05/20/15 09:09:26
LogInit:Display: Running engine for game: Shooter
LogInit: Version: 4.7.6-2513093+++depot+UE4-Releases+4.7
LogInit: API Version: 2455222
LogInit: Compiled (64-bit): Apr 15 2015 12:09:54
LogInit: Compiled with Visual C++: 18.00.21005.01
LogInit: Build Configuration: Development
LogInit: Branch Name: ++depot+UE4-Releases+4.7
LogInit: Command line: 
LogInit: Base directory: D:/Epic Games/4.7/Engine/Binaries/Win64/
LogInit: Rocket: 1
[2015.05.20-13.09.26:339][  0]LogTaskGraph: Started task graph with 3 named threads and 6 total threads.
[2015.05.20-13.09.26:393][  0]LogOnline:Warning: No default platform service specified for OnlineSubsystem
[2015.05.20-13.09.26:403][  0]LogInit: Presizing for 0 objects not considered by GC, pre-allocating 0 bytes.
[2015.05.20-13.09.26:412][  0]LogInit: Object subsystem initialized
[2015.05.20-13.09.26:413][  0]LogConsoleResponse:Warning: Skipping Unknown console variable: 'TranslucentSortAxis = (X=0.000000,Y=-1.000000,Z=0.000000)'
[2015.05.20-13.09.26:413][  0]LogConsoleResponse:Warning:   Found in ini file 'C:/Users/guillaume/Documents/Unreal Projects/Shooter/Saved/Config/Windows/Engine.ini', in section '[/Script/Engine.RendererSettings]'
[2015.05.20-13.09.26:413][  0]LogConsoleResponse:Warning: Skipping Unknown console variable: 'UIScaleRule = ShortestSide'
[2015.05.20-13.09.26:413][  0]LogConsoleResponse:Warning:   Found in ini file 'C:/Users/guillaume/Documents/Unreal Projects/Shooter/Saved/Config/Windows/Engine.ini', in section '[/Script/Engine.RendererSettings]'
[2015.05.20-13.09.26:413][  0]LogConsoleResponse:Warning: Skipping Unknown console variable: 'UIScaleCurve = (EditorCurveData=(Keys=),ExternalCurve=None)'
[2015.05.20-13.09.26:413][  0]LogConsoleResponse:Warning:   Found in ini file 'C:/Users/guillaume/Documents/Unreal Projects/Shooter/Saved/Config/Windows/Engine.ini', in section '[/Script/Engine.RendererSettings]'
[2015.05.20-13.09.26:414][  0]LogInit: Selected Device Profile: [Windows]
[2015.05.20-13.09.26:414][  0]LogInit: Applying CVar settings loaded from the selected device profile: [Windows]
[2015.05.20-13.09.26:419][  0]LogInit: Computer: MSI-GUILLAUME
[2015.05.20-13.09.26:419][  0]LogInit: User: guillaume
[2015.05.20-13.09.26:419][  0]LogInit: CPU Page size=4096, Cores=4
[2015.05.20-13.09.26:419][  0]LogInit: High frequency timer resolution =2.435773 MHz
[2015.05.20-13.09.26:419][  0]LogMemory: Memory total: Physical=16.0GB (16GB approx) Virtual=131072.0GB
[2015.05.20-13.09.26:419][  0]LogMemory: Platform Memory Stats for Windows
[2015.05.20-13.09.26:419][  0]LogMemory: Process Physical Memory: 46.89 MB used, 46.89 MB peak
[2015.05.20-13.09.26:419][  0]LogMemory: Process Virtual Memory: 29.47 MB used, 29.48 MB peak
[2015.05.20-13.09.26:419][  0]LogMemory: Physical Memory: 3227.10 MB used, 16336.83 MB total
[2015.05.20-13.09.26:419][  0]LogMemory: Virtual Memory: 302.72 MB used, 134217728.00 MB total
[2015.05.20-13.09.26:445][  0]LogD3D11RHI: Found D3D11 adapter 0: NVIDIA GeForce GTX 970M    (Feature Level 11_0)
[2015.05.20-13.09.26:445][  0]LogD3D11RHI: Adapter has 5980MB of dedicated video memory, 0MB of dedicated system memory, and 8168MB of shared system memory, 1 output[s]
[2015.05.20-13.09.26:446][  0]LogD3D11RHI: Found D3D11 adapter 1: Microsoft Basic Render Driver (Feature Level 11_0)
[2015.05.20-13.09.26:446][  0]LogD3D11RHI: Adapter has 0MB of dedicated video memory, 0MB of dedicated system memory, and 256MB of shared system memory, 0 output[s]
[2015.05.20-13.09.26:446][  0]LogD3D11RHI: Chosen D3D11 Adapter Id = 0
[2015.05.20-13.09.26:450][  0]LogRHI: Texture pool is 1361 MB (70% of 1945 MB)
[2015.05.20-13.09.26:462][  0]LogD3D11RHI: Async texture creation enabled
[2015.05.20-13.09.26:565][  0]LogTextLocalizationManager: The requested culture ('fr_CA') has no localization data; falling back to 'en' for localization and internationalization data.
[2015.05.20-13.09.26:691][  0]LogTextLocalizationManager:Warning: Loading localization resources contain conflicting entries for (Namespace:UICommands, Key:Save_ToolTip):
Resource: (D:/Epic Games/4.7/Engine/Content/Localization/Editor/en/Editor.locres) Hash: (-29098895) String: (Saves the current level to disk)
Resource: (D:/Epic Games/4.7/Engine/Content/Localization/Engine/en/Engine.locres) Hash: (-1280300587) String: (Save selected data to vlog file)
[2015.05.20-13.09.26:691][  0]LogTextLocalizationManager:Warning: Loading localization resources contain conflicting entries for (Namespace:ContentBrowser, Key:ImportAssetToolTip):
Resource: (D:/Epic Games/4.7/Engine/Content/Localization/Editor/en/Editor.locres) Hash: (-630476809) String: (Import to {0}...)
Resource: (D:/Epic Games/4.7/Engine/Content/Localization/Editor/en/Editor.locres) Hash: (1271782899) String: (Imports an asset from file to this folder.)
[2015.05.20-13.09.26:764][  0]LogContentStreaming: Texture pool size is 0.000000MB
[2015.05.20-13.09.28:666][  0]LogTargetPlatformManager:Display: Building Assets For Windows
[2015.05.20-13.09.29:108][  0]LogTargetPlatformManager:Display: Building Assets For Windows
[2015.05.20-13.09.29:155][  0]LogDerivedDataCache:Display: Max Cache Size: 512 MB
[2015.05.20-13.09.29:190][  0]LogDerivedDataCache: Loaded boot cache 0.03s 39MB C:/Users/guillaume/AppData/Local/UnrealEngine/4.7/DerivedDataCache/Boot.ddc.
[2015.05.20-13.09.29:190][  0]LogDerivedDataCache:Display: Loaded Boot cache: C:/Users/guillaume/AppData/Local/UnrealEngine/4.7/DerivedDataCache/Boot.ddc
[2015.05.20-13.09.29:190][  0]LogDerivedDataCache: FDerivedDataBackendGraph:  Pak pak cache file C:/Users/guillaume/Documents/Unreal Projects/Shooter/DerivedDataCache/DDC.ddp not found, will not use a pak cache.
[2015.05.20-13.09.29:190][  0]LogDerivedDataCache: Unable to find inner node Pak for hierarchical cache Hierarchy.
[2015.05.20-13.09.29:293][  0]LogDerivedDataCache:Display: Pak cache opened for reading ../../../Engine/DerivedDataCache/Compressed.ddp.
[2015.05.20-13.09.29:305][  0]LogDerivedDataCache: Using Local data cache path C:/Users/guillaume/AppData/Local/UnrealEngine/Common/DerivedDataCache: Writable
[2015.05.20-13.09.29:538][  0]LogMeshUtilities: No automatic mesh reduction module available
[2015.05.20-13.09.29:538][  0]LogMeshUtilities: No automatic mesh merging module available
[2015.05.20-13.09.29:938][  0]LogInit: WinSock: version 1.1 (2.2), MaxSocks=32767, MaxUdp=65467
[2015.05.20-13.09.29:993][  0]LogSlate:Warning: Failed to load font data from '../../../Engine/Content/Slate/Fonts/Roboto-Italic.ttf'
[2015.05.20-13.09.30:640][  0]UdpMessaging: Initializing bridge on interface 0.0.0.0:0 to multicast group 230.0.0.1:6666.
[2015.05.20-13.09.30:846][  0]SourceControl: Info Source control is disabled
[2015.05.20-13.09.30:846][  0]SourceControl: Info Source control is disabled
[2015.05.20-13.09.30:846][  0]SourceControl: Info Source control is disabled
[2015.05.20-13.09.30:852][  0]SourceControl: Info Source control is disabled
[2015.05.20-13.09.30:983][  0]LogObj: 24232 objects as part of root set at end of initial load.
[2015.05.20-13.09.30:983][  0]LogUObjectAllocator: 5137176 out of 0 bytes used by permanent object pool.
[2015.05.20-13.09.31:055][  0]LogEngine: Initializing Engine...
[2015.05.20-13.09.33:198][  0]LogInit: XAudio2 using 'Speakers (Realtek High Definition Audio)' : 2 channels at 48 kHz using 32 bits per sample (channel mask 0x3)
[2015.05.20-13.09.33:206][  0]LogInit: FAudioDevice initialized.
[2015.05.20-13.09.33:233][  0]LogAIModule: Creating AISystem for world NewWorld
[2015.05.20-13.09.33:259][  0]LogDerivedDataCache: Saved boot cache 0.03s 39MB C:/Users/guillaume/AppData/Local/UnrealEngine/4.7/DerivedDataCache/Boot.ddc.
[2015.05.20-13.09.33:264][  0]LogInit: Texture streaming: Enabled
[2015.05.20-13.09.33:342][  0]LogAnalytics: Creating configured Analytics provider AnalyticsET
[2015.05.20-13.09.33:342][  0]LogAnalytics: ET APIKey = Rocket.Release. APIServer = http://et2.epicgames.com/ET2/. AppVersion = 4.7.6-2513093+++depot+UE4-Releases+4.7
[2015.05.20-13.09.33:342][  0]LogAnalytics: ET APIKey = Rocket.Release. DataRouterUploadURL = https://datarouter-public-service-gamedev.ol.epicgames.net/datarouter/api/v1/public/data. AppVersion = 4.7.6-2513093+++depot+UE4-Releases+4.7
[2015.05.20-13.09.33:342][  0]LogAnalytics: SetUserId e3487cae44029761e470c8b4123de03d|c7a288572b714f9898c556981a74ab33|66f320fe-673b-44ee-aa7f-b0a8f0fff000
[2015.05.20-13.09.33:342][  0]LogAnalytics: AnalyticsET::StartSession [Rocket.Release]
[2015.05.20-13.09.33:359][  0]LogInit: Transaction tracking system initialized
[2015.05.20-13.09.33:485][  0]BlueprintLog: New page: Editor Load
[2015.05.20-13.09.33:512][  0]LogAssetRegistry: FAssetRegistry took 0.0103 seconds to start up
[2015.05.20-13.09.33:512][  0]LogDirectoryWatcher:Warning: Failed to begin reading directory changes for ../../../Engine/Plugins/Experimental/CharacterAI/Content/. Error: 0
[2015.05.20-13.09.33:970][  0]LogTargetPlatformManager:Display: Building Assets For Windows
[2015.05.20-13.09.34:281][  0]LogTargetPlatformManager:Display: Building Assets For Windows
[2015.05.20-13.09.34:499][  0]LogSlate:Warning: Failed to load font data from '../../../Engine/Content/Editor/Slate/Fonts/Roboto-Regular.ttf'
[2015.05.20-13.09.34:499][  0]LogSlate:Warning: Failed to load font data from '../../../Engine/Content/Editor/Slate/Fonts/Roboto-Bold.ttf'
[2015.05.20-13.09.34:537][  0]LogConsoleResponse:Display: 
[2015.05.20-13.09.34:699][  0]LogCook:Display: Done creating registry. It took  0.00s.
[2015.05.20-13.09.34:839][  0]SourceControl: Info Source control is disabled
[2015.05.20-13.09.34:839][  0]Cmd: MAP LOAD FILE="C:/Users/guillaume/Documents/Unreal Projects/Shooter/Content/FirstPersonBP/Maps/FirstPersonExampleMap.umap" TEMPLATE=0 SHOWPROGRESS=1 FEATURELEVEL=3
[2015.05.20-13.09.34:841][  0]LightingResults: New page: Lighting Build
[2015.05.20-13.09.34:849][  0]MapCheck: New page: Map Check
[2015.05.20-13.09.34:849][  0]LightingResults: New page: Lighting Build
[2015.05.20-13.09.34:858][  0]LogParticles: Destroying 0 GPU particle simulations for FXSystem 0x0000003320492980
[2015.05.20-13.09.34:885][  0]LogLinker:Warning: Asset '../../../Engine/Content/EngineMeshes/Humanoid.uasset' has been saved with empty engine version. The asset will be loaded but may be incompatible.
[2015.05.20-13.09.37:477][  0]LogEditorServer: Finished looking for orphan Actors (0.000 secs)
[2015.05.20-13.09.38:360][  0]LogAIModule: Creating AISystem for world FirstPersonExampleMap
[2015.05.20-13.09.38:399][  0]Cmd: MAP CHECKDEP
[2015.05.20-13.09.38:399][  0]MapCheck: New page: FirstPersonExampleMap - May 20, 2015, 5:09:38 AM
[2015.05.20-13.09.38:469][  0]MapCheck: Info Map check complete: 0 Error(s), 0 Warning(s), took 69.918ms to complete.
[2015.05.20-13.09.38:469][  0]LogFileHelpers: Loading map 'FirstPersonExampleMap' took 3.630
[2015.05.20-13.09.38:903][  0]LogCollectionManager: Loaded 0 collections in 0.001491 seconds
[2015.05.20-13.09.38:926][  0]LogContentBrowser: Native class hierarchy populated in 0.0229 seconds. Added 1696 classes and 261 folders.
[2015.05.20-13.09.39:098][  0]LogContentBrowser: Native class hierarchy updated for 'SceneOutliner' in 0.0013 seconds. Added 1 classes and 2 folders.
[2015.05.20-13.09.39:463][  0]LogCrashTracker: Crashtracker disabled due to settings.
[2015.05.20-13.09.39:494][  0]LogSlate:Warning: Failed to load font data from 'Veranda'
[2015.05.20-13.09.39:501][  0]LogUObjectGlobals:Warning: Failed to find object 'Class None.'
[2015.05.20-13.09.39:548][  0]LogLoad: Full Startup: 14.92 seconds (BP compile: 0.93 seconds)
[2015.05.20-13.09.39:599][  0]LogContentBrowser:Verbose: The content browser source was changed by the sources view to '/Game/FirstPersonBP/Blueprints'
[2015.05.20-13.09.39:962][  0]LogRenderer:Warning: Reallocating scene render targets to support 32x32 (Frame:2).
[2015.05.20-13.09.40:354][  0]LogRenderer:Warning: Reallocating scene render targets to support 1208x576 (Frame:3).
[2015.05.20-13.09.40:960][  5]LogAssetRegistry: Asset discovery search completed in 7.4598 seconds
[2015.05.20-13.11.36:159][ 54]LogActorComponent: UnregisterComponent: (/Engine/Transient.CharMoveComp) Not registered. Aborting.
[2015.05.20-13.11.36:159][ 54]LogActorComponent: UnregisterComponent: (/Engine/Transient.ProjectileMovementComponent_40__A6522401) Not registered. Aborting.
[2015.05.20-13.16.10:316][684]LogEditorTransaction: Undo Add Node
[2015.05.20-13.17.27:760][949]LogActorComponent: UnregisterComponent: (/Engine/Transient.CharacterMovementComponent_0) Not registered. Aborting.
[2015.05.20-13.20.13:775][265]LogSavePackage: Save=1977.008545ms
[2015.05.20-13.20.13:775][265]LogSavePackage: Moving 'C:/Users/guillaume/Documents/Unreal Projects/Shooter/Saved/FirstPersonExampleMap_Auto1F38B01B5451EBA75F6FFB4AF31A8F41E.tmp' to 'C:/Users/guillaume/Documents/Unreal Projects/Shooter/Saved/Autosaves/Game/FirstPersonBP/Maps/FirstPersonExampleMap_Auto1.umap'
[2015.05.20-13.20.13:782][265]LogFileHelpers: Editor autosave (incl. sublevels) for '/Game/FirstPersonBP/Maps/FirstPersonExampleMap' took 2.469
[2015.05.20-13.20.13:782][265]LogFileHelpers: Editor autosave (incl. sublevels) for all levels took 2.469
[2015.05.20-13.20.13:820][265]OBJ SavePackage: Generating thumbnails for [1] asset(s) in package [/Game/FirstPersonBP/Blueprints/FirstPersonCharacter] ([1] browsable assets)...
[2015.05.20-13.20.14:140][265]OBJ SavePackage:     Rendered thumbnail for [Blueprint /Game/FirstPersonBP/Blueprints/FirstPersonCharacter.FirstPersonCharacter]
[2015.05.20-13.20.14:140][265]OBJ SavePackage: Finished generating thumbnails for package [/Game/FirstPersonBP/Blueprints/FirstPersonCharacter]
[2015.05.20-13.20.15:230][265]LogSavePackage: Save=1020.298706ms
[2015.05.20-13.20.15:232][265]LogSavePackage: Moving 'C:/Users/guillaume/Documents/Unreal Projects/Shooter/Saved/FirstPersonCharacter_Auto1A7ED82E24C7D9C328B9847A0E25CF03C.tmp' to 'C:/Users/guillaume/Documents/Unreal Projects/Shooter/Saved/Autosaves/Game/FirstPersonBP/Blueprints/FirstPersonCharacter_Auto1.uasset'
[2015.05.20-13.20.15:250][265]LogFileHelpers: Auto-saving content packages took 1.469
[2015.05.20-13.21.24:036][974]LogUObjectGlobals:Warning: Failed to find object 'Object None.'
[2015.05.20-13.26.58:368][261]LogActorComponent: UnregisterComponent: (/Engine/Transient.CharMoveComp) Not registered. Aborting.
[2015.05.20-13.27.00:718][261]LogSavePackage: Save=1745.745239ms
[2015.05.20-13.27.00:718][261]LogSavePackage: Moving 'C:/Users/guillaume/Documents/Unreal Projects/Shooter/Saved/FirstPersonExampleMap470065F143FFDC0996F6E88A10AB575F.tmp' to 'C:/Users/guillaume/Documents/Unreal Projects/Shooter/Content/FirstPersonBP/Maps/FirstPersonExampleMap.umap'
[2015.05.20-13.27.01:076][261]LogFileHelpers: Saving map 'FirstPersonExampleMap' took 2.260
[2015.05.20-13.27.01:888][261]LogSavePackage: Save=739.580383ms
[2015.05.20-13.27.01:888][261]LogSavePackage: Moving 'C:/Users/guillaume/Documents/Unreal Projects/Shooter/Saved/FirstPersonCharacterF5ACC1E64FFBE6ADBA426AB1D208CFCD.tmp' to 'C:/Users/guillaume/Documents/Unreal Projects/Shooter/Content/FirstPersonBP/Blueprints/FirstPersonCharacter.uasset'
[2015.05.20-13.27.07:519][503]LogLinker:Warning: Can't find file '/Game/CubeMaterial/HookCube'
[2015.05.20-13.27.07:520][503]LogLinker:Warning: Can't find file for asset '/Game/CubeMaterial/HookCube' while loading C:/Users/guillaume/Documents/Unreal Projects/Shooter/Content/FirstPersonBP/Blueprints/HookCube.uasset.
[2015.05.20-13.27.07:520][503]LoadErrors:Error: Error /Game/FirstPersonBP/Blueprints/HookCube : Can't find file for asset. /Game/CubeMaterial/HookCube
[2015.05.20-13.27.07:521][503]LogLinker:Warning: Can't find file '/Game/CubeMaterial/HookCube'
[2015.05.20-13.27.07:521][503]LogLinker:Warning: Can't find file for asset '/Game/CubeMaterial/HookCube' while loading C:/Users/guillaume/Documents/Unreal Projects/Shooter/Content/FirstPersonBP/Blueprints/HookCube.uasset.
[2015.05.20-13.27.07:526][503]LogLinker:Warning: Can't find file '/Game/CubeMaterial/HookCube'
[2015.05.20-13.27.07:527][503]LogLinker:Warning: Can't find file for asset '/Game/CubeMaterial/HookCube' while loading NULL.
[2015.05.20-13.27.07:527][503]LogLinker:Warning: Can't find file '/Game/CubeMaterial/HookCube'
[2015.05.20-13.27.07:528][503]LogLinker:Warning: Can't find file for asset '/Game/CubeMaterial/HookCube' while loading NULL.
[2015.05.20-13.27.07:531][503]LogLinker:Warning: Can't find file '/Game/CubeMaterial/HookCube'
[2015.05.20-13.27.07:532][503]LoadErrors: Info Failed to load /Game/CubeMaterial/HookCube.HookCube Referenced by Default__HookCube_C
[2015.05.20-13.27.07:532][503]LogLinker:Warning: Can't find file for asset '/Game/CubeMaterial/HookCube' while loading NULL.
[2015.05.20-13.27.41:662][259]LogContentBrowser:Verbose: The content browser source was changed by the sources view to '/Game/FirstPersonBP/Meshes'
[2015.05.20-13.27.42:126][273]LogContentBrowser:Verbose: The content browser source was changed by the sources view to '/Game/FirstPersonBP/Textures'
[2015.05.20-13.28.04:148][489]LogContentBrowser:Verbose: The content browser source was changed by the sources view to '/Game/FirstPersonBP/Textures'
[2015.05.20-13.28.15:009][ 83]LogMaterial: Missing cached shader map for material HookCubeMaterial, compiling. 
[2015.05.20-13.28.15:138][ 83]LogActorComponent: UnregisterComponent: (/Engine/Transient.SkeletalMeshComponent_4) Not registered. Aborting.
[2015.05.20-13.28.15:284][ 83]LogActorComponent: UnregisterComponent: (/Engine/Transient.SkeletalMeshComponent_4) Not registered. Aborting.
[2015.05.20-13.28.15:284][ 83]LogActorComponent: RegisterComponentWithWorld: (/Engine/Transient.MaterialEditorMeshComponent_0) Already registered. Aborting.
[2015.05.20-13.28.15:292][ 83]LogMaterial: Missing cached shader map for material HookCubeMaterial, compiling. 
[2015.05.20-13.28.15:304][ 83]LogMaterial: 0.000094 seconds spent updating 1 materials, 1 interfaces, 0 instances, 0 with static permutations.
[2015.05.20-13.28.17:024][174]MaterialEditorStats: Info Base pass shader with only dynamic lighting: 29 instructions
[2015.05.20-13.28.17:024][174]MaterialEditorStats: Info Vertex shader: 31 instructions
[2015.05.20-13.28.17:024][174]MaterialEditorStats: Info Texture samplers: 0/16
[2015.05.20-13.28.59:111][542]LogMaterial: Missing cached shader map for material HookCubeMaterial, compiling. 
[2015.05.20-13.28.59:118][542]LogMaterial: 0.000061 seconds spent updating 1 materials, 1 interfaces, 0 instances, 0 with static permutations.
[2015.05.20-13.28.59:119][542]LogMaterial: Missing cached shader map for material FMatExpressionPreview MaterialExpressionConstant3Vector_0, compiling. 
[2015.05.20-13.28.59:124][542]LogMaterial: Missing cached shader map for material HookCubeMaterial, compiling. 
[2015.05.20-13.28.59:133][542]LogMaterial: 0.000070 seconds spent updating 1 materials, 1 interfaces, 0 instances, 0 with static permutations.
[2015.05.20-13.28.59:157][542]LogMaterial: Missing cached shader map for material FMatExpressionPreview MaterialExpressionConstant3Vector_0, compiling. 
[2015.05.20-13.29.00:457][616]MaterialEditorStats: Info Base pass shader with only dynamic lighting: 29 instructions
[2015.05.20-13.29.00:457][616]MaterialEditorStats: Info Vertex shader: 31 instructions
[2015.05.20-13.29.00:457][616]MaterialEditorStats: Info Texture samplers: 0/16
[2015.05.20-13.29.12:381][313]LogMaterial: Missing cached shader map for material HookCubeMaterial, compiling. 
[2015.05.20-13.29.12:387][313]LogMaterial: 0.000145 seconds spent updating 1 materials, 1 interfaces, 0 instances, 0 with static permutations.
[2015.05.20-13.29.12:410][313]LogMaterial: Missing cached shader map for material FMatExpressionPreview MaterialExpressionConstant3Vector_0, compiling. 
[2015.05.20-13.29.12:898][342]MaterialEditorStats: Info Base pass shader with only dynamic lighting: 29 instructions
[2015.05.20-13.29.12:898][342]MaterialEditorStats: Info Vertex shader: 31 instructions
[2015.05.20-13.29.12:898][342]MaterialEditorStats: Info Texture samplers: 0/16
[2015.05.20-13.29.16:281][545]LogActorComponent: UnregisterComponent: (/Engine/Transient.CharMoveComp) Not registered. Aborting.
[2015.05.20-13.29.16:282][545]LogActorComponent: UnregisterComponent: (/Engine/Transient.ProjectileMovementComponent_40__A6522401) Not registered. Aborting.
[2015.05.20-13.29.18:377][545]LogSavePackage: Save=1810.208496ms
[2015.05.20-13.29.18:377][545]LogSavePackage: Moving 'C:/Users/guillaume/Documents/Unreal Projects/Shooter/Saved/FirstPersonExampleMap1D286E1843678B5403D547A0C606206E.tmp' to 'C:/Users/guillaume/Documents/Unreal Projects/Shooter/Content/FirstPersonBP/Maps/FirstPersonExampleMap.umap'
[2015.05.20-13.29.18:409][545]LogFileHelpers: Saving map 'FirstPersonExampleMap' took 2.005
[2015.05.20-13.29.18:476][545]Cmd: OBJ SAVEPACKAGE PACKAGE="/Game/FirstPersonBP/Textures/HookCubeMaterial" FILE="C:/Users/guillaume/Documents/Unreal Projects/Shooter/Content/FirstPersonBP/Textures/HookCubeMaterial.uasset" SILENT=true
[2015.05.20-13.29.18:778][545]LogSavePackage: Save=300.186829ms
[2015.05.20-13.29.18:778][545]LogSavePackage: Moving 'C:/Users/guillaume/Documents/Unreal Projects/Shooter/Saved/HookCubeMaterialAA530514467E5A985D10798CFF55A319.tmp' to 'C:/Users/guillaume/Documents/Unreal Projects/Shooter/Content/FirstPersonBP/Textures/HookCubeMaterial.uasset'
[2015.05.20-13.29.28:674][575]LogMaterial: Missing cached shader map for material HookCubeMaterial, compiling. 
[2015.05.20-13.29.28:690][575]LogMaterial: 0.000073 seconds spent updating 1 materials, 1 interfaces, 0 instances, 0 with static permutations.
[2015.05.20-13.29.28:767][575]LogMaterial: Missing cached shader map for material HookCubeMaterial, compiling. 
[2015.05.20-13.29.28:782][575]LogMaterial: Missing cached shader map for material HookCubeMaterial, compiling. 
[2015.05.20-13.29.28:791][575]LogMaterial: 0.002368 seconds spent updating 1 materials, 1 interfaces, 0 instances, 0 with static permutations.
[2015.05.20-13.29.47:287][518]LogEditorViewport: Clicking on Actor (LMB): HookCube_C (HookCube)
[2015.05.20-13.29.47:826][548]LogEditorViewport: Clicking on Actor (LMB): HookCube_C (HookCube)
[2015.05.20-13.30.02:237][245]LogParticles: Destroying 0 GPU particle simulations for FXSystem 0x0000003319A9BA60
[2015.05.20-13.39.24:382][403]LogSavePackage: Save=1709.997192ms
[2015.05.20-13.39.24:382][403]LogSavePackage: Moving 'C:/Users/guillaume/Documents/Unreal Projects/Shooter/Saved/FirstPersonExampleMap_Auto2231AE62E42F2EE5982F437982759C270.tmp' to 'C:/Users/guillaume/Documents/Unreal Projects/Shooter/Saved/Autosaves/Game/FirstPersonBP/Maps/FirstPersonExampleMap_Auto2.umap'
[2015.05.20-13.39.24:388][403]LogFileHelpers: Editor autosave (incl. sublevels) for '/Game/FirstPersonBP/Maps/FirstPersonExampleMap' took 1.853
[2015.05.20-13.39.24:388][403]LogFileHelpers: Editor autosave (incl. sublevels) for all levels took 1.853
[2015.05.20-13.39.24:425][403]OBJ SavePackage: Generating thumbnails for [1] asset(s) in package [/Game/FirstPersonBP/Blueprints/FirstPersonCharacter] ([1] browsable assets)...
[2015.05.20-13.39.24:445][403]OBJ SavePackage:     Rendered thumbnail for [Blueprint /Game/FirstPersonBP/Blueprints/FirstPersonCharacter.FirstPersonCharacter]
[2015.05.20-13.39.24:445][403]OBJ SavePackage: Finished generating thumbnails for package [/Game/FirstPersonBP/Blueprints/FirstPersonCharacter]
[2015.05.20-13.39.25:429][403]LogSavePackage: Save=974.872864ms
[2015.05.20-13.39.25:430][403]LogSavePackage: Moving 'C:/Users/guillaume/Documents/Unreal Projects/Shooter/Saved/FirstPersonCharacter_Auto226541A9E42756FD53D7225A9A302F16B.tmp' to 'C:/Users/guillaume/Documents/Unreal Projects/Shooter/Saved/Autosaves/Game/FirstPersonBP/Blueprints/FirstPersonCharacter_Auto2.uasset'
[2015.05.20-13.39.25:483][403]OBJ SavePackage: Generating thumbnails for [1] asset(s) in package [/Game/FirstPersonBP/Blueprints/HookCube] ([1] browsable assets)...
[2015.05.20-13.39.25:563][403]OBJ SavePackage:     Rendered thumbnail for [Blueprint /Game/FirstPersonBP/Blueprints/HookCube.HookCube]
[2015.05.20-13.39.25:563][403]OBJ SavePackage: Finished generating thumbnails for package [/Game/FirstPersonBP/Blueprints/HookCube]
[2015.05.20-13.39.26:130][403]LogSavePackage: Save=553.798706ms
[2015.05.20-13.39.26:131][403]LogSavePackage: Moving 'C:/Users/guillaume/Documents/Unreal Projects/Shooter/Saved/HookCube_Auto216A1F265442578EA6BF9B68D1773DBEC.tmp' to 'C:/Users/guillaume/Documents/Unreal Projects/Shooter/Saved/Autosaves/Game/FirstPersonBP/Blueprints/HookCube_Auto2.uasset'
[2015.05.20-13.39.26:238][403]OBJ SavePackage: Generating thumbnails for [1] asset(s) in package [/Game/FirstPersonBP/Textures/HookCubeMaterial] ([1] browsable assets)...
[2015.05.20-13.39.26:308][403]OBJ SavePackage:     Rendered thumbnail for [Material /Game/FirstPersonBP/Textures/HookCubeMaterial.HookCubeMaterial]
[2015.05.20-13.39.26:308][403]OBJ SavePackage: Finished generating thumbnails for package [/Game/FirstPersonBP/Textures/HookCubeMaterial]
[2015.05.20-13.39.26:861][403]LogSavePackage: Save=540.285156ms
[2015.05.20-13.39.26:862][403]LogSavePackage: Moving 'C:/Users/guillaume/Documents/Unreal Projects/Shooter/Saved/HookCubeMaterial_Auto230D1812648C3685398894FA54A05F9E3.tmp' to 'C:/Users/guillaume/Documents/Unreal Projects/Shooter/Saved/Autosaves/Game/FirstPersonBP/Textures/HookCubeMaterial_Auto2.uasset'
[2015.05.20-13.39.26:897][403]LogFileHelpers: Auto-saving content packages took 2.509
[2015.05.20-13.42.11:584][222]LogActorComponent: UnregisterComponent: (/Engine/Transient.CharMoveComp) Not registered. Aborting.
[2015.05.20-13.44.58:001][135]BlueprintLog: New page: Compile FirstPersonCharacter
[2015.05.20-13.44.58:201][135]LogBlueprint:Warning: [compiler] Warning  Sequence  has no valid output
[2015.05.20-13.44.58:343][135]LogBlueprint:Warning: [compiler] Warning [2133.71] Compile of FirstPersonCharacter successful, but with 1 Warning(s) [in 341 ms]
[2015.05.20-13.44.58:343][135]BlueprintEditorCompileResults:Warning: Warning  Sequence  has no valid output
[2015.05.20-13.44.58:343][135]BlueprintEditorCompileResults:Warning: Warning [2133.71] Compile of FirstPersonCharacter successful, but with 1 Warning(s) [in 341 ms]
[2015.05.20-13.45.03:961][729]LogContentBrowser:Verbose: The content browser source was changed by the sources view to 'None'
[2015.05.20-13.45.03:961][729]LogContentBrowser:Verbose: The content browser source was changed by the sources view to '/Game/FirstPersonBP/Blueprints'
[2015.05.20-13.46.16:076][689]BlueprintLog: New page: Compile FirstPersonCharacter
[2015.05.20-13.46.16:341][689]LogActorComponent: UnregisterComponent: (/Engine/Transient.CharMoveComp) Not registered. Aborting.
[2015.05.20-13.46.16:342][689]LogActorComponent: UnregisterComponent: (/Engine/Transient.ProjectileMovementComponent_40__A6522401) Not registered. Aborting.
[2015.05.20-13.46.16:386][689]BlueprintEditorCompileResults: Info [2211.75] Compile of FirstPersonCharacter successful! [in 309 ms]
[2015.05.20-13.46.17:517][811]BlueprintLog: New page: Pre-PIE auto-recompile
[2015.05.20-13.46.17:521][811]LogPlayLevel: [PIE] Compiling AmmoBox before PIE...
[2015.05.20-13.46.17:589][811]LogPlayLevel: [PIE] Compiling HealthBox before PIE...
[2015.05.20-13.46.17:653][811]LogPlayLevel: [PIE] Compiling FirstPersonExampleMap before PIE...
[2015.05.20-13.46.17:706][811]LogPlayLevel: [PIE] Compiling WidgetHUD before PIE...
[2015.05.20-13.46.18:138][811]LogPlayLevel: [PIE] Compiling FirstPersonCharacter before PIE...
[2015.05.20-13.46.18:454][811]LogPlayLevel: PIE:  Blueprint regeneration took 936 ms (5 blueprints)
[2015.05.20-13.46.18:454][811]PIE: New page: PIE session: FirstPersonExampleMap (May 20, 2015, 5:46:18 AM)
[2015.05.20-13.46.18:503][811]LogBlueprint:Warning: FMemberReference::ResolveMember (K2_GetActorLocation) bSelfContext == true, but no scope supplied!
[2015.05.20-13.46.18:503][811]LogBlueprint:Warning: FMemberReference::ResolveMember (K2_GetActorLocation) bSelfContext == true, but no scope supplied!
[2015.05.20-13.46.18:506][811]LogPlayLevel: PIE: StaticDuplicateObject took: (0.050732s)
[2015.05.20-13.46.18:507][811]LogPlayLevel: PIE: World Init took: (0.000810s)
[2015.05.20-13.46.18:507][811]LogPlayLevel: PIE: Created PIE world by copying editor world from /Game/FirstPersonBP/Maps/FirstPersonExampleMap.FirstPersonExampleMap to /Game/FirstPersonBP/Maps/UEDPIE_0_FirstPersonExampleMap.FirstPersonExampleMap (0.051901s)
[2015.05.20-13.46.18:847][811]LogWorld: Game class is 'FirstPersonGameMode_C'
[2015.05.20-13.46.18:914][811]LogAIModule: Creating AISystem for world FirstPersonExampleMap
[2015.05.20-13.46.18:942][811]LogWorld: Bringing World /Game/FirstPersonBP/Maps/UEDPIE_0_FirstPersonExampleMap.FirstPersonExampleMap up for play (max tick rate 0) at 2015.05.20-09.46.18
[2015.05.20-13.46.18:955][811]LogWorld: Bringing up level for play took: 0.038616
[2015.05.20-13.46.19:115][811]PIE: Info Play in editor start time for /Game/FirstPersonBP/Maps/UEDPIE_0_FirstPersonExampleMap 0.926
[2015.05.20-13.46.19:474][811]LogRenderer:Warning: Reallocating scene render targets to support 1296x760 (Frame:10753).
[2015.05.20-13.46.46:236][264]LogParticles: Destroying 0 GPU particle simulations for FXSystem 0x0000003370731F80
[2015.05.20-13.47.05:789][188]BlueprintLog: New page: Pre-PIE auto-recompile
[2015.05.20-13.47.05:792][188]LogPlayLevel: [PIE] Compiling AmmoBox before PIE...
[2015.05.20-13.47.05:855][188]LogPlayLevel: [PIE] Compiling HealthBox before PIE...
[2015.05.20-13.47.05:919][188]LogPlayLevel: [PIE] Compiling FirstPersonExampleMap before PIE...
[2015.05.20-13.47.05:974][188]LogPlayLevel: [PIE] Compiling WidgetHUD before PIE...
[2015.05.20-13.47.06:072][188]LogActorComponent: UnregisterComponent: (/Engine/Transient.CharMoveComp) Not registered. Aborting.
[2015.05.20-13.47.06:085][188]LogPlayLevel: [PIE] Compiling FirstPersonCharacter before PIE...
[2015.05.20-13.47.06:443][188]LogPlayLevel: [PIE] Compiling FirstPersonHUD before PIE...
[2015.05.20-13.47.06:547][188]LogPlayLevel: PIE:  Blueprint regeneration took 758 ms (6 blueprints)
[2015.05.20-13.47.06:547][188]PIE: New page: PIE session: FirstPersonExampleMap (May 20, 2015, 5:47:06 AM)
[2015.05.20-13.47.06:574][188]LogBlueprint:Warning: FMemberReference::ResolveMember (K2_GetActorLocation) bSelfContext == true, but no scope supplied!
[2015.05.20-13.47.06:574][188]LogBlueprint:Warning: FMemberReference::ResolveMember (K2_GetActorLocation) bSelfContext == true, but no scope supplied!
[2015.05.20-13.47.06:577][188]LogPlayLevel: PIE: StaticDuplicateObject took: (0.029227s)
[2015.05.20-13.47.06:577][188]LogPlayLevel: PIE: World Init took: (0.000600s)
[2015.05.20-13.47.06:578][188]LogPlayLevel: PIE: Created PIE world by copying editor world from /Game/FirstPersonBP/Maps/FirstPersonExampleMap.FirstPersonExampleMap to /Game/FirstPersonBP/Maps/UEDPIE_0_FirstPersonExampleMap.FirstPersonExampleMap (0.030017s)
[2015.05.20-13.47.06:628][188]LogWorld: Game class is 'FirstPersonGameMode_C'
[2015.05.20-13.47.06:630][188]LogAIModule: Creating AISystem for world FirstPersonExampleMap
[2015.05.20-13.47.06:638][188]LogWorld: Bringing World /Game/FirstPersonBP/Maps/UEDPIE_0_FirstPersonExampleMap.FirstPersonExampleMap up for play (max tick rate 0) at 2015.05.20-09.47.06
[2015.05.20-13.47.06:638][188]LogWorld: Bringing up level for play took: 0.007901
[2015.05.20-13.47.06:648][188]PIE: Info Play in editor start time for /Game/FirstPersonBP/Maps/UEDPIE_0_FirstPersonExampleMap 0.458
[2015.05.20-13.47.29:568][299]LogParticles: Destroying 0 GPU particle simulations for FXSystem 0x000000335E2A1940
[2015.05.20-13.47.53:311][791]BlueprintLog: New page: Pre-PIE auto-recompile
[2015.05.20-13.47.53:352][791]LogPlayLevel: [PIE] Compiling FirstPersonCharacter before PIE...
[2015.05.20-13.47.53:682][791]LogPlayLevel: [PIE] Compiling AmmoBox before PIE...
[2015.05.20-13.47.53:748][791]LogPlayLevel: [PIE] Compiling HealthBox before PIE...
[2015.05.20-13.47.53:815][791]LogPlayLevel: [PIE] Compiling FirstPersonExampleMap before PIE...
[2015.05.20-13.47.53:873][791]LogPlayLevel: [PIE] Compiling WidgetHUD before PIE...
[2015.05.20-13.47.53:948][791]LogPlayLevel: [PIE] Compiling FirstPersonHUD before PIE...
[2015.05.20-13.47.54:057][791]LogPlayLevel: PIE:  Blueprint regeneration took 746 ms (6 blueprints)
[2015.05.20-13.47.54:058][791]PIE: New page: PIE session: FirstPersonExampleMap (May 20, 2015, 5:47:54 AM)
[2015.05.20-13.47.54:086][791]LogBlueprint:Warning: FMemberReference::ResolveMember (K2_GetActorLocation) bSelfContext == true, but no scope supplied!
[2015.05.20-13.47.54:086][791]LogBlueprint:Warning: FMemberReference::ResolveMember (K2_GetActorLocation) bSelfContext == true, but no scope supplied!
[2015.05.20-13.47.54:089][791]LogPlayLevel: PIE: StaticDuplicateObject took: (0.031409s)
[2015.05.20-13.47.54:090][791]LogPlayLevel: PIE: World Init took: (0.000794s)
[2015.05.20-13.47.54:090][791]LogPlayLevel: PIE: Created PIE world by copying editor world from /Game/FirstPersonBP/Maps/FirstPersonExampleMap.FirstPersonExampleMap to /Game/FirstPersonBP/Maps/UEDPIE_0_FirstPersonExampleMap.FirstPersonExampleMap (0.032388s)
[2015.05.20-13.47.54:139][791]LogWorld: Game class is 'FirstPersonGameMode_C'
[2015.05.20-13.47.54:141][791]LogAIModule: Creating AISystem for world FirstPersonExampleMap
[2015.05.20-13.47.54:150][791]LogWorld: Bringing World /Game/FirstPersonBP/Maps/UEDPIE_0_FirstPersonExampleMap.FirstPersonExampleMap up for play (max tick rate 0) at 2015.05.20-09.47.54
[2015.05.20-13.47.54:150][791]LogWorld: Bringing up level for play took: 0.008598
[2015.05.20-13.47.54:161][791]PIE: Info Play in editor start time for /Game/FirstPersonBP/Maps/UEDPIE_0_FirstPersonExampleMap -0.029
[2015.05.20-13.47.54:359][791]LogConnectionDrawingPolicy:Warning: Looks like a wire-trace was not injected before the jump from 'Create WidgetHUD_C Widget' to 'Set WidgetHUDVariable'.
[2015.05.20-13.47.54:439][792]LogConnectionDrawingPolicy:Warning: Looks like a wire-trace was not injected before the jump from 'Create WidgetHUD_C Widget' to 'Set WidgetHUDVariable'.
[2015.05.20-13.47.54:507][793]LogConnectionDrawingPolicy:Warning: Looks like a wire-trace was not injected before the jump from 'Create WidgetHUD_C Widget' to 'Set WidgetHUDVariable'.
[2015.05.20-13.47.54:528][794]LogConnectionDrawingPolicy:Warning: Looks like a wire-trace was not injected before the jump from 'Create WidgetHUD_C Widget' to 'Set WidgetHUDVariable'.
[2015.05.20-13.47.54:546][795]LogConnectionDrawingPolicy:Warning: Looks like a wire-trace was not injected before the jump from 'Create WidgetHUD_C Widget' to 'Set WidgetHUDVariable'.
[2015.05.20-13.47.54:565][796]LogConnectionDrawingPolicy:Warning: Looks like a wire-trace was not injected before the jump from 'Create WidgetHUD_C Widget' to 'Set WidgetHUDVariable'.
[2015.05.20-13.47.54:595][797]LogConnectionDrawingPolicy:Warning: Looks like a wire-trace was not injected before the jump from 'Create WidgetHUD_C Widget' to 'Set WidgetHUDVariable'.
[2015.05.20-13.47.54:619][798]LogConnectionDrawingPolicy:Warning: Looks like a wire-trace was not injected before the jump from 'Create WidgetHUD_C Widget' to 'Set WidgetHUDVariable'.
[2015.05.20-13.47.54:646][799]LogConnectionDrawingPolicy:Warning: Looks like a wire-trace was not injected before the jump from 'Create WidgetHUD_C Widget' to 'Set WidgetHUDVariable'.
[2015.05.20-13.47.54:666][800]LogConnectionDrawingPolicy:Warning: Looks like a wire-trace was not injected before the jump from 'Create WidgetHUD_C Widget' to 'Set WidgetHUDVariable'.
[2015.05.20-13.47.54:682][801]LogConnectionDrawingPolicy:Warning: Looks like a wire-trace was not injected before the jump from 'Create WidgetHUD_C Widget' to 'Set WidgetHUDVariable'.
[2015.05.20-13.47.54:696][802]LogConnectionDrawingPolicy:Warning: Looks like a wire-trace was not injected before the jump from 'Create WidgetHUD_C Widget' to 'Set WidgetHUDVariable'.
[2015.05.20-13.47.54:706][803]LogConnectionDrawingPolicy:Warning: Looks like a wire-trace was not injected before the jump from 'Create WidgetHUD_C Widget' to 'Set WidgetHUDVariable'.
[2015.05.20-13.47.54:716][804]LogConnectionDrawingPolicy:Warning: Looks like a wire-trace was not injected before the jump from 'Create WidgetHUD_C Widget' to 'Set WidgetHUDVariable'.
[2015.05.20-13.47.54:726][805]LogConnectionDrawingPolicy:Warning: Looks like a wire-trace was not injected before the jump from 'Create WidgetHUD_C Widget' to 'Set WidgetHUDVariable'.
[2015.05.20-13.47.54:735][806]LogConnectionDrawingPolicy:Warning: Looks like a wire-trace was not injected before the jump from 'Create WidgetHUD_C Widget' to 'Set WidgetHUDVariable'.
[2015.05.20-13.47.54:744][807]LogConnectionDrawingPolicy:Warning: Looks like a wire-trace was not injected before the jump from 'Create WidgetHUD_C Widget' to 'Set WidgetHUDVariable'.
[2015.05.20-13.48.19:349][ 98]LogParticles: Destroying 0 GPU particle simulations for FXSystem 0x000000336CFF4680
[2015.05.20-13.48.31:335][766]LogSavePackage: Save=1708.657593ms
[2015.05.20-13.48.31:335][766]LogSavePackage: Moving 'C:/Users/guillaume/Documents/Unreal Projects/Shooter/Saved/FirstPersonExampleMap9E8E324842CDB5F6D61413B4F1EAD452.tmp' to 'C:/Users/guillaume/Documents/Unreal Projects/Shooter/Content/FirstPersonBP/Maps/FirstPersonExampleMap.umap'
[2015.05.20-13.48.31:362][766]LogFileHelpers: Saving map 'FirstPersonExampleMap' took 1.935
[2015.05.20-13.48.32:189][766]LogSavePackage: Save=789.756653ms
[2015.05.20-13.48.32:189][766]LogSavePackage: Moving 'C:/Users/guillaume/Documents/Unreal Projects/Shooter/Saved/FirstPersonCharacter1D96DCBC466325D662C4AFAEDF5FE5C4.tmp' to 'C:/Users/guillaume/Documents/Unreal Projects/Shooter/Content/FirstPersonBP/Blueprints/FirstPersonCharacter.uasset'
[2015.05.20-13.48.32:200][766]Cmd: OBJ SAVEPACKAGE PACKAGE="/Game/FirstPersonBP/Blueprints/HookCube" FILE="C:/Users/guillaume/Documents/Unreal Projects/Shooter/Content/FirstPersonBP/Blueprints/HookCube.uasset" SILENT=true
[2015.05.20-13.48.32:218][766]LogSavePackage: Save=13.022149ms
[2015.05.20-13.48.32:218][766]LogSavePackage: Moving 'C:/Users/guillaume/Documents/Unreal Projects/Shooter/Saved/HookCube667B9CBF40338ECC8E133E98126B930A.tmp' to 'C:/Users/guillaume/Documents/Unreal Projects/Shooter/Content/FirstPersonBP/Blueprints/HookCube.uasset'
[2015.05.20-13.48.32:226][766]Cmd: OBJ SAVEPACKAGE PACKAGE="/Game/FirstPersonBP/Textures/HookCubeMaterial" FILE="C:/Users/guillaume/Documents/Unreal Projects/Shooter/Content/FirstPersonBP/Textures/HookCubeMaterial.uasset" SILENT=true
[2015.05.20-13.48.32:234][766]LogSavePackage: Save=3.543844ms
[2015.05.20-13.48.32:234][766]LogSavePackage: Moving 'C:/Users/guillaume/Documents/Unreal Projects/Shooter/Saved/HookCubeMaterial8B715B304459595E496A0386BE76AD6B.tmp' to 'C:/Users/guillaume/Documents/Unreal Projects/Shooter/Content/FirstPersonBP/Textures/HookCubeMaterial.uasset'
[2015.05.20-13.49.02:956][738]LogActorComponent: UnregisterComponent: (/Engine/Transient.CharMoveComp) Not registered. Aborting.
[2015.05.20-13.51.13:444][618]LogSavePackage: Save=1700.917114ms
[2015.05.20-13.51.13:444][618]LogSavePackage: Moving 'C:/Users/guillaume/Documents/Unreal Projects/Shooter/Saved/FirstPersonExampleMap666DAB9E4B54737FAF6CF7BC535A3C66.tmp' to 'C:/Users/guillaume/Documents/Unreal Projects/Shooter/Content/FirstPersonBP/Maps/FirstPersonExampleMap.umap'
[2015.05.20-13.51.13:465][618]LogFileHelpers: Saving map 'FirstPersonExampleMap' took 1.863
[2015.05.20-13.51.14:215][618]LogSavePackage: Save=714.963196ms
[2015.05.20-13.51.14:215][618]LogSavePackage: Moving 'C:/Users/guillaume/Documents/Unreal Projects/Shooter/Saved/FirstPersonCharacter81CCCBDE434387CF51FDA5A61F942D0E.tmp' to 'C:/Users/guillaume/Documents/Unreal Projects/Shooter/Content/FirstPersonBP/Blueprints/FirstPersonCharacter.uasset'
[2015.05.20-13.51.25:971][  7]BlueprintLog: New page: Pre-PIE auto-recompile
[2015.05.20-13.51.25:980][  7]LogActorComponent: UnregisterComponent: (/Engine/Transient.CharMoveComp) Not registered. Aborting.
[2015.05.20-13.51.25:982][  7]LogPlayLevel: [PIE] Compiling FirstPersonCharacter before PIE...
[2015.05.20-13.51.26:271][  7]LogPlayLevel: [PIE] Compiling FirstPersonExampleMap before PIE...
[2015.05.20-13.51.26:320][  7]LogPlayLevel: [PIE] Compiling AmmoBox before PIE...
[2015.05.20-13.51.26:378][  7]LogPlayLevel: [PIE] Compiling HealthBox before PIE...
[2015.05.20-13.51.26:436][  7]LogPlayLevel: [PIE] Compiling FirstPersonHUD before PIE...
[2015.05.20-13.51.26:507][  7]LogPlayLevel: [PIE] Compiling WidgetHUD before PIE...
[2015.05.20-13.51.26:609][  7]LogPlayLevel: PIE:  Blueprint regeneration took 638 ms (6 blueprints)
[2015.05.20-13.51.26:609][  7]PIE: New page: PIE session: FirstPersonExampleMap (May 20, 2015, 5:51:26 AM)
[2015.05.20-13.51.26:670][  7]LogBlueprint:Warning: FMemberReference::ResolveMember (K2_GetActorLocation) bSelfContext == true, but no scope supplied!
[2015.05.20-13.51.26:670][  7]LogBlueprint:Warning: FMemberReference::ResolveMember (K2_GetActorLocation) bSelfContext == true, but no scope supplied!
[2015.05.20-13.51.26:674][  7]LogPlayLevel: PIE: StaticDuplicateObject took: (0.064372s)
[2015.05.20-13.51.26:676][  7]LogPlayLevel: PIE: World Init took: (0.001320s)
[2015.05.20-13.51.26:676][  7]LogPlayLevel: PIE: Created PIE world by copying editor world from /Game/FirstPersonBP/Maps/FirstPersonExampleMap.FirstPersonExampleMap to /Game/FirstPersonBP/Maps/UEDPIE_0_FirstPersonExampleMap.FirstPersonExampleMap (0.065990s)
[2015.05.20-13.51.26:743][  7]LogWorld: Game class is 'FirstPersonGameMode_C'
[2015.05.20-13.51.26:746][  7]LogAIModule: Creating AISystem for world FirstPersonExampleMap
[2015.05.20-13.51.26:757][  7]LogWorld: Bringing World /Game/FirstPersonBP/Maps/UEDPIE_0_FirstPersonExampleMap.FirstPersonExampleMap up for play (max tick rate 0) at 2015.05.20-09.51.26
[2015.05.20-13.51.26:758][  7]LogWorld: Bringing up level for play took: 0.012100
[2015.05.20-13.51.26:775][  7]PIE: Info Play in editor start time for /Game/FirstPersonBP/Maps/UEDPIE_0_FirstPersonExampleMap 0.585
[2015.05.20-13.51.26:991][  7]LogConnectionDrawingPolicy:Warning: Looks like a wire-trace was not injected before the jump from 'Create WidgetHUD_C Widget' to 'Set WidgetHUDVariable'.
[2015.05.20-13.51.27:046][  8]LogConnectionDrawingPolicy:Warning: Looks like a wire-trace was not injected before the jump from 'Create WidgetHUD_C Widget' to 'Set WidgetHUDVariable'.
[2015.05.20-13.51.27:077][  9]LogConnectionDrawingPolicy:Warning: Looks like a wire-trace was not injected before the jump from 'Create WidgetHUD_C Widget' to 'Set WidgetHUDVariable'.
[2015.05.20-13.51.27:092][ 10]LogConnectionDrawingPolicy:Warning: Looks like a wire-trace was not injected before the jump from 'Create WidgetHUD_C Widget' to 'Set WidgetHUDVariable'.
[2015.05.20-13.51.27:126][ 11]LogConnectionDrawingPolicy:Warning: Looks like a wire-trace was not injected before the jump from 'Create WidgetHUD_C Widget' to 'Set WidgetHUDVariable'.
[2015.05.20-13.51.27:158][ 12]LogConnectionDrawingPolicy:Warning: Looks like a wire-trace was not injected before the jump from 'Create WidgetHUD_C Widget' to 'Set WidgetHUDVariable'.
[2015.05.20-13.51.27:190][ 13]LogConnectionDrawingPolicy:Warning: Looks like a wire-trace was not injected before the jump from 'Create WidgetHUD_C Widget' to 'Set WidgetHUDVariable'.
[2015.05.20-13.51.27:237][ 14]LogConnectionDrawingPolicy:Warning: Looks like a wire-trace was not injected before the jump from 'Create WidgetHUD_C Widget' to 'Set WidgetHUDVariable'.
[2015.05.20-13.51.27:261][ 15]LogConnectionDrawingPolicy:Warning: Looks like a wire-trace was not injected before the jump from 'Create WidgetHUD_C Widget' to 'Set WidgetHUDVariable'.
[2015.05.20-13.51.27:279][ 16]LogConnectionDrawingPolicy:Warning: Looks like a wire-trace was not injected before the jump from 'Create WidgetHUD_C Widget' to 'Set WidgetHUDVariable'.
[2015.05.20-13.51.27:292][ 17]LogConnectionDrawingPolicy:Warning: Looks like a wire-trace was not injected before the jump from 'Create WidgetHUD_C Widget' to 'Set WidgetHUDVariable'.
[2015.05.20-13.51.27:304][ 18]LogConnectionDrawingPolicy:Warning: Looks like a wire-trace was not injected before the jump from 'Create WidgetHUD_C Widget' to 'Set WidgetHUDVariable'.
[2015.05.20-13.51.27:318][ 19]LogConnectionDrawingPolicy:Warning: Looks like a wire-trace was not injected before the jump from 'Create WidgetHUD_C Widget' to 'Set WidgetHUDVariable'.
[2015.05.20-13.51.27:333][ 20]LogConnectionDrawingPolicy:Warning: Looks like a wire-trace was not injected before the jump from 'Create WidgetHUD_C Widget' to 'Set WidgetHUDVariable'.
[2015.05.20-13.51.27:343][ 21]LogConnectionDrawingPolicy:Warning: Looks like a wire-trace was not injected before the jump from 'Create WidgetHUD_C Widget' to 'Set WidgetHUDVariable'.
[2015.05.20-13.51.27:354][ 22]LogConnectionDrawingPolicy:Warning: Looks like a wire-trace was not injected before the jump from 'Create WidgetHUD_C Widget' to 'Set WidgetHUDVariable'.
[2015.05.20-13.51.27:364][ 23]LogConnectionDrawingPolicy:Warning: Looks like a wire-trace was not injected before the jump from 'Create WidgetHUD_C Widget' to 'Set WidgetHUDVariable'.
[2015.05.20-13.51.58:494][576]LogParticles: Destroying 0 GPU particle simulations for FXSystem 0x000000336A08F420
[2015.05.20-13.52.06:184][172]LogActorComponent: UnregisterComponent: (/Engine/Transient.CharMoveComp) Not registered. Aborting.
[2015.05.20-13.52.08:089][172]LogSavePackage: Save=1712.508057ms
[2015.05.20-13.52.08:089][172]LogSavePackage: Moving 'C:/Users/guillaume/Documents/Unreal Projects/Shooter/Saved/FirstPersonExampleMapEDCC50644BAD8BAA844E20948B4E20C0.tmp' to 'C:/Users/guillaume/Documents/Unreal Projects/Shooter/Content/FirstPersonBP/Maps/FirstPersonExampleMap.umap'
[2015.05.20-13.52.08:109][172]LogFileHelpers: Saving map 'FirstPersonExampleMap' took 1.863
[2015.05.20-13.52.28:335][669]LogEditorViewport: Clicking on Actor (LMB): PainCausingVolume (PainCausingVolume)
[2015.05.20-13.52.29:523][740]LogEditorViewport: Clicking on Actor (LMB): StaticMeshActor (Floor2)
[2015.05.20-13.52.32:136][895]LogEditorViewport: Clicking on Actor (LMB): BP_Sky_Sphere_C (SkySphereBlueprint)
[2015.05.20-13.53.57:467][780]LoadErrors:Error: Error Failed import for FloatProperty
[2015.05.20-13.53.57:471][780]LogLinker:Warning: Can't find file '/Game/CubeMaterial/HealthCubeMaterial'
[2015.05.20-13.53.57:472][780]LogLinker:Warning: Can't find file for asset '/Game/CubeMaterial/HealthCubeMaterial' while loading C:/Users/guillaume/Documents/Unreal Projects/Shooter/Content/FirstPersonBP/Blueprints/HealthCube.uasset.
[2015.05.20-13.53.57:472][780]LoadErrors:Error: Error /Game/FirstPersonBP/Blueprints/HealthCube : Can't find file for asset. /Game/CubeMaterial/HealthCubeMaterial
[2015.05.20-13.53.57:472][780]LogLinker:Warning: Can't find file '/Game/CubeMaterial/HealthCubeMaterial'
[2015.05.20-13.53.57:473][780]LogLinker:Warning: Can't find file for asset '/Game/CubeMaterial/HealthCubeMaterial' while loading C:/Users/guillaume/Documents/Unreal Projects/Shooter/Content/FirstPersonBP/Blueprints/HealthCube.uasset.
[2015.05.20-13.53.57:480][780]LogLinker:Warning: Can't find file '/Game/CubeMaterial/HealthCubeMaterial'
[2015.05.20-13.53.57:480][780]LogLinker:Warning: Can't find file for asset '/Game/CubeMaterial/HealthCubeMaterial' while loading NULL.
[2015.05.20-13.53.57:481][780]LogLinker:Warning: Can't find file '/Game/CubeMaterial/HealthCubeMaterial'
[2015.05.20-13.53.57:481][780]LogLinker:Warning: Can't find file for asset '/Game/CubeMaterial/HealthCubeMaterial' while loading NULL.
[2015.05.20-13.53.57:484][780]LogLinker:Warning: Can't find file '/Game/CubeMaterial/HealthCubeMaterial'
[2015.05.20-13.53.57:484][780]LoadErrors: Info Failed to load /Game/CubeMaterial/HealthCubeMaterial.HealthCubeMaterial Referenced by Default__HealthCube_Regen_C
[2015.05.20-13.53.57:485][780]LogLinker:Warning: Can't find file for asset '/Game/CubeMaterial/HealthCubeMaterial' while loading NULL.
[2015.05.20-13.53.57:581][780]LogBlueprint:Warning: [HealthCube_Regen] CreatePinForVariable: 'HealthRegen' variable not found. Base class was probably changed.
[2015.05.20-13.53.57:665][780]LogBlueprint:Warning: [compiler] Warning Could not find a variable named "HealthRegen" in 'FirstPersonCharacter_C'.
Make sure 'FirstPersonCharacter_C' has been compiled for  Get HealthRegen 
[2015.05.20-13.53.57:673][780]LogBlueprint:Error: [compiler] Error The property associated with  Health Regen  could not be found
[2015.05.20-13.53.57:703][780]LogBlueprint:Warning: [compiler] Warning [2673.07] Compile of HealthCube_Regen failed. 1 Fatal Issue(s) 1 Warning(s) [in 88 ms]
[2015.05.20-13.53.57:703][780]LogBlueprint:Warning: [compiler] Warning [2673.07] Compile of HealthCube_Regen failed. 1 Fatal Issue(s) 2 Warning(s) [in 0 ms]
[2015.05.20-13.53.57:704][780]LogBlueprint:Warning: [compiler] Warning [2673.07] Compile of HealthCube_Regen failed. 1 Fatal Issue(s) 3 Warning(s) [in 0 ms]
[2015.05.20-13.53.57:704][780]LogBlueprint:Warning: [compiler] Warning [2673.07] Compile of HealthCube_Regen failed. 1 Fatal Issue(s) 4 Warning(s) [in 0 ms]
[2015.05.20-13.53.57:706][780]LogBlueprint:Warning: [HealthCube_Regen] CreatePinForVariable: 'HealthRegen' variable not found. Base class was probably changed.
[2015.05.20-13.54.02:562][110]Cmd: CAMERA ALIGN ACTIVEVIEWPORTONLY
[2015.05.20-13.54.06:860][351]LogContentBrowser:Verbose: The content browser source was changed by the sources view to '/Game/FirstPersonBP/Maps'
[2015.05.20-13.54.07:501][374]LogContentBrowser:Verbose: The content browser source was changed by the sources view to '/Game/FirstPersonBP/Meshes'
[2015.05.20-13.54.08:005][391]LogContentBrowser:Verbose: The content browser source was changed by the sources view to '/Game/FirstPersonBP/Textures'
[2015.05.20-13.54.09:599][469]LogContentBrowser:Verbose: The content browser source was changed by the sources view to '/Game/FirstPersonBP/Meshes'
[2015.05.20-13.54.18:583][816]LogContentBrowser:Verbose: The content browser source was changed by the sources view to '/Game/FirstPersonBP/Textures'
[2015.05.20-13.54.20:706][919]LogContentBrowser:Verbose: The content browser source was changed by the sources view to '/Game/FirstPersonBP/Meshes'
[2015.05.20-13.54.22:012][967]LogContentBrowser:Verbose: The content browser source was changed by the sources view to '/Game/FirstPersonBP/Textures'
[2015.05.20-13.54.26:534][152]LogContentBrowser:Verbose: The content browser source was changed by the sources view to '/Game/FirstPersonBP/Meshes'
[2015.05.20-13.54.34:873][507]LogContentBrowser:Verbose: The content browser source was changed by the sources view to '/Game/FirstPersonBP/Meshes'
[2015.05.20-13.54.43:426][296]LogContentBrowser:Verbose: The content browser source was changed by the sources view to 'None'
[2015.05.20-13.54.43:426][296]LogContentBrowser:Verbose: The content browser source was changed by the sources view to '/Game/FirstPersonBP/Material'
[2015.05.20-13.54.44:975][411]LogContentBrowser:Verbose: The content browser source was changed by the sources view to '/Game/FirstPersonBP/Meshes'
[2015.05.20-13.54.59:171][906]LogContentBrowser:Verbose: The content browser source was changed by the sources view to '/Game/FirstPersonBP/Material'
[2015.05.20-13.55.03:618][307]LogContentBrowser:Verbose: The content browser source was changed by the sources view to '/Game/FirstPersonBP/Textures'
[2015.05.20-13.55.07:418][639]LogContentBrowser:Verbose: The content browser source was changed by the sources view to '/Game/FirstPersonBP/Meshes'
[2015.05.20-13.55.08:512][680]LogContentBrowser:Verbose: The content browser source was changed by the sources view to '/Game/FirstPersonBP/Textures'
[2015.05.20-13.55.11:544][878]Cmd: OBJ SAVEPACKAGE PACKAGE="/Game/FirstPersonBP/Meshes/HookCubeMaterial" FILE="C:/Users/guillaume/Documents/Unreal Projects/Shooter/Content/FirstPersonBP/Meshes/HookCubeMaterial.uasset" SILENT=true
[2015.05.20-13.55.11:977][878]LogSavePackage: Save=431.190826ms
[2015.05.20-13.55.11:977][878]LogSavePackage: Moving 'C:/Users/guillaume/Documents/Unreal Projects/Shooter/Saved/HookCubeMaterial3AE8D3D2463DB20605579C88E07A63F7.tmp' to 'C:/Users/guillaume/Documents/Unreal Projects/Shooter/Content/FirstPersonBP/Meshes/HookCubeMaterial.uasset'
[2015.05.20-13.55.12:035][878]LogActorComponent: UnregisterComponent: (/Engine/Transient.ProjectileMovementComponent_40__A6522401) Not registered. Aborting.
[2015.05.20-13.55.12:035][878]LogActorComponent: UnregisterComponent: (/Engine/Transient.CharMoveComp) Not registered. Aborting.
[2015.05.20-13.55.12:400][878]Cmd: OBJ SAVEPACKAGE PACKAGE="/Game/FirstPersonBP/Blueprints/HookCube" FILE="C:/Users/guillaume/Documents/Unreal Projects/Shooter/Content/FirstPersonBP/Blueprints/HookCube.uasset" SILENT=true
[2015.05.20-13.55.12:446][878]LogSavePackage: Save=32.413120ms
[2015.05.20-13.55.12:446][878]LogSavePackage: Moving 'C:/Users/guillaume/Documents/Unreal Projects/Shooter/Saved/HookCube3CC0659D45A164C08981238E6FC22E4A.tmp' to 'C:/Users/guillaume/Documents/Unreal Projects/Shooter/Content/FirstPersonBP/Blueprints/HookCube.uasset'
[2015.05.20-13.55.13:147][923]LogContentBrowser:Verbose: The content browser source was changed by the sources view to '/Game/FirstPersonBP/Meshes'
[2015.05.20-13.55.25:946][786]LogContentBrowser:Verbose: The content browser source was changed by the sources view to '/Game/FirstPersonBP/Meshes'
[2015.05.20-13.55.36:721][212]LogMaterial: Missing cached shader map for material HealthCubeMaterial, compiling. 
[2015.05.20-13.55.36:798][212]LogActorComponent: UnregisterComponent: (/Engine/Transient.SkeletalMeshComponent_8) Not registered. Aborting.
[2015.05.20-13.55.36:981][212]LogActorComponent: UnregisterComponent: (/Engine/Transient.SkeletalMeshComponent_8) Not registered. Aborting.
[2015.05.20-13.55.36:981][212]LogActorComponent: RegisterComponentWithWorld: (/Engine/Transient.MaterialEditorMeshComponent_1) Already registered. Aborting.
[2015.05.20-13.55.36:981][212]LogActorComponent: UnregisterComponent: (/Engine/Transient.SkeletalMeshComponent_8) Not registered. Aborting.
[2015.05.20-13.55.36:981][212]LogActorComponent: RegisterComponentWithWorld: (/Engine/Transient.MaterialEditorMeshComponent_1) Already registered. Aborting.
[2015.05.20-13.55.36:989][212]LogMaterial: Missing cached shader map for material HealthCubeMaterial, compiling. 
[2015.05.20-13.55.37:006][212]LogMaterial: 0.000184 seconds spent updating 1 materials, 1 interfaces, 0 instances, 0 with static permutations.
[2015.05.20-13.55.38:424][317]MaterialEditorStats: Info Base pass shader with only dynamic lighting: 29 instructions
[2015.05.20-13.55.38:424][317]MaterialEditorStats: Info Vertex shader: 31 instructions
[2015.05.20-13.55.38:424][317]MaterialEditorStats: Info Texture samplers: 0/16
[2015.05.20-13.55.42:030][702]LogMaterial: Missing cached shader map for material HealthCubeMaterial, compiling. 
[2015.05.20-13.55.42:035][702]LogMaterial: 0.000119 seconds spent updating 1 materials, 1 interfaces, 0 instances, 0 with static permutations.
[2015.05.20-13.55.42:557][758]MaterialEditorStats: Info Base pass shader with only dynamic lighting: 29 instructions
[2015.05.20-13.55.42:557][758]MaterialEditorStats: Info Vertex shader: 31 instructions
[2015.05.20-13.55.42:557][758]MaterialEditorStats: Info Texture samplers: 0/16
[2015.05.20-13.55.44:241][938]LogMaterial: Missing cached shader map for material HealthCubeMaterial, compiling. 
[2015.05.20-13.55.44:253][938]LogMaterial: 0.000088 seconds spent updating 1 materials, 1 interfaces, 0 instances, 0 with static permutations.
[2015.05.20-13.55.44:791][995]MaterialEditorStats: Info Base pass shader with only dynamic lighting: 29 instructions
[2015.05.20-13.55.44:791][995]MaterialEditorStats: Info Vertex shader: 31 instructions
[2015.05.20-13.55.44:791][995]MaterialEditorStats: Info Texture samplers: 0/16
[2015.05.20-13.55.48:171][381]LogMaterial: Missing cached shader map for material HealthCubeMaterial, compiling. 
[2015.05.20-13.55.48:175][381]LogMaterial: 0.000040 seconds spent updating 1 materials, 1 interfaces, 0 instances, 0 with static permutations.
[2015.05.20-13.55.48:176][381]LogMaterial: Missing cached shader map for material FMatExpressionPreview MaterialExpressionConstant3Vector_1, compiling. 
[2015.05.20-13.55.48:700][440]MaterialEditorStats: Info Base pass shader with only dynamic lighting: 29 instructions
[2015.05.20-13.55.48:700][440]MaterialEditorStats: Info Vertex shader: 31 instructions
[2015.05.20-13.55.48:700][440]MaterialEditorStats: Info Texture samplers: 0/16
[2015.05.20-13.55.53:489][792]LogMaterial: Missing cached shader map for material HealthCubeMaterial, compiling. 
[2015.05.20-13.55.53:494][792]LogMaterial: 0.000151 seconds spent updating 1 materials, 1 interfaces, 0 instances, 0 with static permutations.
[2015.05.20-13.55.53:519][792]LogMaterial: Missing cached shader map for material FMatExpressionPreview MaterialExpressionConstant3Vector_1, compiling. 
[2015.05.20-13.55.54:023][850]MaterialEditorStats: Info Base pass shader with only dynamic lighting: 29 instructions
[2015.05.20-13.55.54:023][850]MaterialEditorStats: Info Vertex shader: 31 instructions
[2015.05.20-13.55.54:023][850]MaterialEditorStats: Info Texture samplers: 0/16
[2015.05.20-13.55.57:267][122]LogMaterial: Missing cached shader map for material HealthCubeMaterial, compiling. 
[2015.05.20-13.55.57:273][122]LogMaterial: 0.000073 seconds spent updating 1 materials, 1 interfaces, 0 instances, 0 with static permutations.
[2015.05.20-13.55.57:299][122]LogMaterial: Missing cached shader map for material FMatExpressionPreview MaterialExpressionConstant3Vector_1, compiling. 
[2015.05.20-13.55.57:810][181]MaterialEditorStats: Info Base pass shader with only dynamic lighting: 29 instructions
[2015.05.20-13.55.57:810][181]MaterialEditorStats: Info Vertex shader: 31 instructions
[2015.05.20-13.55.57:810][181]MaterialEditorStats: Info Texture samplers: 0/16
[2015.05.20-13.55.59:846][308]LogActorComponent: UnregisterComponent: (/Engine/Transient.CharMoveComp) Not registered. Aborting.
[2015.05.20-13.56.02:081][308]LogSavePackage: Save=1858.690430ms
[2015.05.20-13.56.02:081][308]LogSavePackage: Moving 'C:/Users/guillaume/Documents/Unreal Projects/Shooter/Saved/FirstPersonExampleMap20E967BE49C35A1D20ACD6BBD6582897.tmp' to 'C:/Users/guillaume/Documents/Unreal Projects/Shooter/Content/FirstPersonBP/Maps/FirstPersonExampleMap.umap'
[2015.05.20-13.56.02:106][308]LogFileHelpers: Saving map 'FirstPersonExampleMap' took 2.107
[2015.05.20-13.56.02:126][308]Cmd: OBJ SAVEPACKAGE PACKAGE="/Game/FirstPersonBP/Meshes/HealthCubeMaterial" FILE="C:/Users/guillaume/Documents/Unreal Projects/Shooter/Content/FirstPersonBP/Meshes/HealthCubeMaterial.uasset" SILENT=true
[2015.05.20-13.56.02:408][308]LogSavePackage: Save=281.111176ms
[2015.05.20-13.56.02:408][308]LogSavePackage: Moving 'C:/Users/guillaume/Documents/Unreal Projects/Shooter/Saved/HealthCubeMaterialDAC1C29343E2D0146B403E84AE7C2C44.tmp' to 'C:/Users/guillaume/Documents/Unreal Projects/Shooter/Content/FirstPersonBP/Meshes/HealthCubeMaterial.uasset'
[2015.05.20-13.56.12:078][770]LogMaterial: Missing cached shader map for material HealthCubeMaterial, compiling. 
[2015.05.20-13.56.12:093][770]LogMaterial: 0.000136 seconds spent updating 1 materials, 1 interfaces, 0 instances, 0 with static permutations.
[2015.05.20-13.56.12:155][770]LogMaterial: Missing cached shader map for material HealthCubeMaterial, compiling. 
[2015.05.20-13.56.12:172][770]LogMaterial: Missing cached shader map for material HealthCubeMaterial, compiling. 
[2015.05.20-13.56.12:181][770]LogMaterial: 0.003082 seconds spent updating 1 materials, 1 interfaces, 0 instances, 0 with static permutations.
[2015.05.20-13.56.19:153][192]LogActorComponent: UnregisterComponent: (/Engine/Transient.CharMoveComp) Not registered. Aborting.
[2015.05.20-13.56.19:190][192]LogParticles: Destroying 0 GPU particle simulations for FXSystem 0x0000003354FBF880
[2015.05.20-13.56.21:319][192]LogSavePackage: Save=1757.591553ms
[2015.05.20-13.56.21:319][192]LogSavePackage: Moving 'C:/Users/guillaume/Documents/Unreal Projects/Shooter/Saved/FirstPersonExampleMap6F2EF3FA4DAF6E426D1A1985E6CF128E.tmp' to 'C:/Users/guillaume/Documents/Unreal Projects/Shooter/Content/FirstPersonBP/Maps/FirstPersonExampleMap.umap'
[2015.05.20-13.56.21:345][192]LogFileHelpers: Saving map 'FirstPersonExampleMap' took 2.044
[2015.05.20-13.56.21:365][192]Cmd: OBJ SAVEPACKAGE PACKAGE="/Game/FirstPersonBP/Meshes/HealthCubeMaterial" FILE="C:/Users/guillaume/Documents/Unreal Projects/Shooter/Content/FirstPersonBP/Meshes/HealthCubeMaterial.uasset" SILENT=true
[2015.05.20-13.56.21:724][192]LogSavePackage: Save=354.540833ms
[2015.05.20-13.56.21:724][192]LogSavePackage: Moving 'C:/Users/guillaume/Documents/Unreal Projects/Shooter/Saved/HealthCubeMaterial347E422D45FF170CC9EA85BFB29F1C5B.tmp' to 'C:/Users/guillaume/Documents/Unreal Projects/Shooter/Content/FirstPersonBP/Meshes/HealthCubeMaterial.uasset'
[2015.05.20-13.56.23:925][412]LogBlueprint:Warning: [compiler] Warning Could not find a variable named "HealthRegen" in 'FirstPersonCharacter_C'.
Make sure 'FirstPersonCharacter_C' has been compiled for  Get HealthRegen 
[2015.05.20-13.56.23:927][412]LogBlueprint:Error: [compiler] Error The property associated with  Health Regen  could not be found
[2015.05.20-13.56.24:066][412]LogBlueprint:Warning: [compiler] Warning [2819.43] Compile of HealthCube_Regen failed. 1 Fatal Issue(s) 1 Warning(s) [in 163 ms]
[2015.05.20-13.56.24:066][412]LogBlueprint:Warning: [compiler] Warning [2819.43] Compile of HealthCube_Regen failed. 1 Fatal Issue(s) 2 Warning(s) [in 0 ms]
[2015.05.20-13.56.24:066][412]LogBlueprint:Warning: [compiler] Warning [2819.43] Compile of HealthCube_Regen failed. 1 Fatal Issue(s) 3 Warning(s) [in 0 ms]
[2015.05.20-13.56.24:086][412]LogBlueprint:Warning: [compiler] Warning [2819.45] Compile of HealthCube_Regen failed. 1 Fatal Issue(s) 4 Warning(s) [in 19 ms]
[2015.05.20-13.56.24:089][412]LogBlueprint:Warning: [compiler] Warning [2819.46] Compile of HealthCube_Regen failed. 1 Fatal Issue(s) 5 Warning(s) [in 2 ms]
[2015.05.20-13.56.24:089][412]LogBlueprint:Warning: [compiler] Warning [2819.46] Compile of HealthCube_Regen failed. 1 Fatal Issue(s) 6 Warning(s) [in 0 ms]
[2015.05.20-13.56.24:089][412]LogBlueprint:Warning: [compiler] Warning [2819.46] Compile of HealthCube_Regen failed. 1 Fatal Issue(s) 7 Warning(s) [in 0 ms]
[2015.05.20-13.56.25:635][476]BlueprintLog: New page: Pre-PIE auto-recompile
[2015.05.20-13.56.25:680][476]LogPlayLevel: [PIE] Compiling FirstPersonCharacter before PIE...
[2015.05.20-13.56.25:973][476]LogBlueprint:Warning: [HealthCube_Regen] CreatePinForVariable: 'HealthRegen' variable not found. Base class was probably changed.
[2015.05.20-13.56.26:080][476]LogPlayLevel: [PIE] Compiling FirstPersonExampleMap before PIE...
[2015.05.20-13.56.26:126][476]LogPlayLevel: [PIE] Compiling AmmoBox before PIE...
[2015.05.20-13.56.26:182][476]LogPlayLevel: [PIE] Compiling HealthBox before PIE...
[2015.05.20-13.56.26:240][476]LogPlayLevel: [PIE] Compiling FirstPersonHUD before PIE...
[2015.05.20-13.56.26:307][476]LogPlayLevel: [PIE] Compiling HealthCube_Regen before PIE...
[2015.05.20-13.56.26:327][476]LogBlueprint:Warning: [compiler] Warning Could not find a variable named "HealthRegen" in 'FirstPersonCharacter_C'.
Make sure 'FirstPersonCharacter_C' has been compiled for  Get HealthRegen 
[2015.05.20-13.56.26:329][476]LogBlueprint:Error: [compiler] Error The property associated with  Health Regen  could not be found
[2015.05.20-13.56.26:481][476]LogBlueprint:Warning: [compiler] Warning [2821.85] Compile of HealthCube_Regen failed. 1 Fatal Issue(s) 1 Warning(s) [in 170 ms]
[2015.05.20-13.56.26:481][476]LogBlueprint:Warning: [compiler] Warning [2821.85] Compile of HealthCube_Regen failed. 1 Fatal Issue(s) 2 Warning(s) [in 0 ms]
[2015.05.20-13.56.26:481][476]LogBlueprint:Warning: [compiler] Warning [2821.85] Compile of HealthCube_Regen failed. 1 Fatal Issue(s) 3 Warning(s) [in 0 ms]
[2015.05.20-13.56.26:485][476]LogBlueprint:Warning: [compiler] Warning [2821.85] Compile of HealthCube_Regen failed. 1 Fatal Issue(s) 4 Warning(s) [in 3 ms]
[2015.05.20-13.56.26:485][476]LogBlueprint:Warning: [compiler] Warning [2821.85] Compile of HealthCube_Regen failed. 1 Fatal Issue(s) 5 Warning(s) [in 0 ms]
[2015.05.20-13.56.26:485][476]LogBlueprint:Warning: [compiler] Warning [2821.85] Compile of HealthCube_Regen failed. 1 Fatal Issue(s) 6 Warning(s) [in 0 ms]
[2015.05.20-13.56.26:488][476]LogPlayLevel: [PIE] Compiling WidgetHUD before PIE...
[2015.05.20-13.56.26:580][476]LogPlayLevel: PIE:  Blueprint regeneration took 944 ms (7 blueprints)
[2015.05.20-13.56.34:491][521]LogMaterial: Missing cached shader map for material HealthCubeMaterial, compiling. 
[2015.05.20-13.56.34:565][521]LogActorComponent: UnregisterComponent: (/Engine/Transient.SkeletalMeshComponent_9) Not registered. Aborting.
[2015.05.20-13.56.34:691][521]LogActorComponent: UnregisterComponent: (/Engine/Transient.SkeletalMeshComponent_9) Not registered. Aborting.
[2015.05.20-13.56.34:691][521]LogActorComponent: RegisterComponentWithWorld: (/Engine/Transient.MaterialEditorMeshComponent_2) Already registered. Aborting.
[2015.05.20-13.56.34:692][521]LogActorComponent: UnregisterComponent: (/Engine/Transient.SkeletalMeshComponent_9) Not registered. Aborting.
[2015.05.20-13.56.34:692][521]LogActorComponent: RegisterComponentWithWorld: (/Engine/Transient.MaterialEditorMeshComponent_2) Already registered. Aborting.
[2015.05.20-13.56.34:696][521]LogMaterial: Missing cached shader map for material HealthCubeMaterial, compiling. 
[2015.05.20-13.56.34:705][521]LogMaterial: 0.000038 seconds spent updating 1 materials, 1 interfaces, 0 instances, 0 with static permutations.
[2015.05.20-13.56.34:733][521]LogMaterial: Missing cached shader map for material FMatExpressionPreview MaterialExpressionConstant3Vector_1, compiling. 
[2015.05.20-13.56.35:598][613]MaterialEditorStats: Info Base pass shader with only dynamic lighting: 29 instructions
[2015.05.20-13.56.35:598][613]MaterialEditorStats: Info Vertex shader: 31 instructions
[2015.05.20-13.56.35:598][613]MaterialEditorStats: Info Texture samplers: 0/16
[2015.05.20-13.56.44:654][ 46]LogContentBrowser:Verbose: The content browser source was changed by the sources view to '/Game/FirstPersonBP/Blueprints'
[2015.05.20-13.57.12:272][ 66]LogActorComponent: UnregisterComponent: (/Engine/Transient.CharMoveComp) Not registered. Aborting.
[2015.05.20-13.57.12:272][ 66]LogActorComponent: UnregisterComponent: (/Engine/Transient.ProjectileMovementComponent_40__A6522401) Not registered. Aborting.
[2015.05.20-13.57.26:330][869]BlueprintLog: New page: Pre-PIE auto-recompile
[2015.05.20-13.57.26:380][869]LogPlayLevel: [PIE] Compiling FirstPersonCharacter before PIE...
[2015.05.20-13.57.26:718][869]LogPlayLevel: [PIE] Compiling AmmoBox before PIE...
[2015.05.20-13.57.26:781][869]LogPlayLevel: [PIE] Compiling HealthBox before PIE...
[2015.05.20-13.57.26:843][869]LogPlayLevel: [PIE] Compiling FirstPersonHUD before PIE...
[2015.05.20-13.57.26:917][869]LogPlayLevel: [PIE] Compiling HealthCube_Regen before PIE...
[2015.05.20-13.57.27:007][869]LogPlayLevel: [PIE] Compiling FirstPersonExampleMap before PIE...
[2015.05.20-13.57.27:059][869]LogPlayLevel: [PIE] Compiling WidgetHUD before PIE...
[2015.05.20-13.57.27:151][869]LogParticles: Destroying 0 GPU particle simulations for FXSystem 0x0000003367D63600
[2015.05.20-13.57.27:161][869]LogPlayLevel: PIE:  Blueprint regeneration took 831 ms (7 blueprints)
[2015.05.20-13.57.27:161][869]PIE: New page: PIE session: FirstPersonExampleMap (May 20, 2015, 5:57:27 AM)
[2015.05.20-13.57.27:208][869]LogBlueprint:Warning: FMemberReference::ResolveMember (K2_GetActorLocation) bSelfContext == true, but no scope supplied!
[2015.05.20-13.57.27:208][869]LogBlueprint:Warning: FMemberReference::ResolveMember (K2_GetActorLocation) bSelfContext == true, but no scope supplied!
[2015.05.20-13.57.27:218][869]LogPlayLevel: PIE: StaticDuplicateObject took: (0.056478s)
[2015.05.20-13.57.27:220][869]LogPlayLevel: PIE: World Init took: (0.002554s)
[2015.05.20-13.57.27:221][869]LogPlayLevel: PIE: Created PIE world by copying editor world from /Game/FirstPersonBP/Maps/FirstPersonExampleMap.FirstPersonExampleMap to /Game/FirstPersonBP/Maps/UEDPIE_0_FirstPersonExampleMap.FirstPersonExampleMap (0.059650s)
[2015.05.20-13.57.27:322][869]LogWorld: Game class is 'FirstPersonGameMode_C'
[2015.05.20-13.57.27:326][869]LogAIModule: Creating AISystem for world FirstPersonExampleMap
[2015.05.20-13.57.27:347][869]LogWorld: Bringing World /Game/FirstPersonBP/Maps/UEDPIE_0_FirstPersonExampleMap.FirstPersonExampleMap up for play (max tick rate 0) at 2015.05.20-09.57.27
[2015.05.20-13.57.27:349][869]LogWorld: Bringing up level for play took: 0.021126
[2015.05.20-13.57.27:371][869]PIE: Info Play in editor start time for /Game/FirstPersonBP/Maps/UEDPIE_0_FirstPersonExampleMap 1.181
[2015.05.20-13.57.27:599][869]LogConnectionDrawingPolicy:Warning: Looks like a wire-trace was not injected before the jump from 'Create WidgetHUD_C Widget' to 'Set WidgetHUDVariable'.
[2015.05.20-13.57.27:710][870]LogConnectionDrawingPolicy:Warning: Looks like a wire-trace was not injected before the jump from 'Create WidgetHUD_C Widget' to 'Set WidgetHUDVariable'.
[2015.05.20-13.57.27:758][871]LogConnectionDrawingPolicy:Warning: Looks like a wire-trace was not injected before the jump from 'Create WidgetHUD_C Widget' to 'Set WidgetHUDVariable'.
[2015.05.20-13.57.27:787][872]LogConnectionDrawingPolicy:Warning: Looks like a wire-trace was not injected before the jump from 'Create WidgetHUD_C Widget' to 'Set WidgetHUDVariable'.
[2015.05.20-13.57.27:810][873]LogConnectionDrawingPolicy:Warning: Looks like a wire-trace was not injected before the jump from 'Create WidgetHUD_C Widget' to 'Set WidgetHUDVariable'.
[2015.05.20-13.57.27:825][874]LogConnectionDrawingPolicy:Warning: Looks like a wire-trace was not injected before the jump from 'Create WidgetHUD_C Widget' to 'Set WidgetHUDVariable'.
[2015.05.20-13.57.27:843][875]LogConnectionDrawingPolicy:Warning: Looks like a wire-trace was not injected before the jump from 'Create WidgetHUD_C Widget' to 'Set WidgetHUDVariable'.
[2015.05.20-13.57.27:874][876]LogConnectionDrawingPolicy:Warning: Looks like a wire-trace was not injected before the jump from 'Create WidgetHUD_C Widget' to 'Set WidgetHUDVariable'.
[2015.05.20-13.57.27:902][877]LogConnectionDrawingPolicy:Warning: Looks like a wire-trace was not injected before the jump from 'Create WidgetHUD_C Widget' to 'Set WidgetHUDVariable'.
[2015.05.20-13.57.27:921][878]LogConnectionDrawingPolicy:Warning: Looks like a wire-trace was not injected before the jump from 'Create WidgetHUD_C Widget' to 'Set WidgetHUDVariable'.
[2015.05.20-13.57.27:943][879]LogConnectionDrawingPolicy:Warning: Looks like a wire-trace was not injected before the jump from 'Create WidgetHUD_C Widget' to 'Set WidgetHUDVariable'.
[2015.05.20-13.57.27:964][880]LogConnectionDrawingPolicy:Warning: Looks like a wire-trace was not injected before the jump from 'Create WidgetHUD_C Widget' to 'Set WidgetHUDVariable'.
[2015.05.20-13.57.27:980][881]LogConnectionDrawingPolicy:Warning: Looks like a wire-trace was not injected before the jump from 'Create WidgetHUD_C Widget' to 'Set WidgetHUDVariable'.
[2015.05.20-13.57.28:008][882]LogConnectionDrawingPolicy:Warning: Looks like a wire-trace was not injected before the jump from 'Create WidgetHUD_C Widget' to 'Set WidgetHUDVariable'.
[2015.05.20-13.57.28:032][883]LogConnectionDrawingPolicy:Warning: Looks like a wire-trace was not injected before the jump from 'Create WidgetHUD_C Widget' to 'Set WidgetHUDVariable'.
[2015.05.20-13.57.48:453][986]LogParticles: Destroying 0 GPU particle simulations for FXSystem 0x000000334EA37880
[2015.05.20-13.57.53:555][427]BlueprintLog: New page: Pre-PIE auto-recompile
[2015.05.20-13.57.53:596][427]LogPlayLevel: [PIE] Compiling FirstPersonCharacter before PIE...
[2015.05.20-13.57.53:903][427]LogPlayLevel: [PIE] Compiling FirstPersonExampleMap before PIE...
[2015.05.20-13.57.53:987][427]LogPlayLevel: [PIE] Compiling AmmoBox before PIE...
[2015.05.20-13.57.54:063][427]LogPlayLevel: [PIE] Compiling HealthBox before PIE...
[2015.05.20-13.57.54:126][427]LogPlayLevel: [PIE] Compiling FirstPersonHUD before PIE...
[2015.05.20-13.57.54:200][427]LogPlayLevel: [PIE] Compiling HealthCube_Regen before PIE...
[2015.05.20-13.57.54:286][427]LogPlayLevel: [PIE] Compiling WidgetHUD before PIE...
[2015.05.20-13.57.54:392][427]LogPlayLevel: PIE:  Blueprint regeneration took 837 ms (7 blueprints)
[2015.05.20-13.57.54:393][427]PIE: New page: PIE session: FirstPersonExampleMap (May 20, 2015, 5:57:54 AM)
[2015.05.20-13.57.54:420][427]LogBlueprint:Warning: FMemberReference::ResolveMember (K2_GetActorLocation) bSelfContext == true, but no scope supplied!
[2015.05.20-13.57.54:420][427]LogBlueprint:Warning: FMemberReference::ResolveMember (K2_GetActorLocation) bSelfContext == true, but no scope supplied!
[2015.05.20-13.57.54:422][427]LogPlayLevel: PIE: StaticDuplicateObject took: (0.029322s)
[2015.05.20-13.57.54:423][427]LogPlayLevel: PIE: World Init took: (0.000577s)
[2015.05.20-13.57.54:423][427]LogPlayLevel: PIE: Created PIE world by copying editor world from /Game/FirstPersonBP/Maps/FirstPersonExampleMap.FirstPersonExampleMap to /Game/FirstPersonBP/Maps/UEDPIE_0_FirstPersonExampleMap.FirstPersonExampleMap (0.030162s)
[2015.05.20-13.57.54:472][427]LogWorld: Game class is 'FirstPersonGameMode_C'
[2015.05.20-13.57.54:474][427]LogAIModule: Creating AISystem for world FirstPersonExampleMap
[2015.05.20-13.57.54:482][427]LogWorld: Bringing World /Game/FirstPersonBP/Maps/UEDPIE_0_FirstPersonExampleMap.FirstPersonExampleMap up for play (max tick rate 0) at 2015.05.20-09.57.54
[2015.05.20-13.57.54:483][427]LogWorld: Bringing up level for play took: 0.008443
[2015.05.20-13.57.54:497][427]PIE: Info Play in editor start time for /Game/FirstPersonBP/Maps/UEDPIE_0_FirstPersonExampleMap 0.308
[2015.05.20-13.57.54:714][427]LogConnectionDrawingPolicy:Warning: Looks like a wire-trace was not injected before the jump from 'Create WidgetHUD_C Widget' to 'Set WidgetHUDVariable'.
[2015.05.20-13.57.54:780][428]LogConnectionDrawingPolicy:Warning: Looks like a wire-trace was not injected before the jump from 'Create WidgetHUD_C Widget' to 'Set WidgetHUDVariable'.
[2015.05.20-13.57.54:815][429]LogConnectionDrawingPolicy:Warning: Looks like a wire-trace was not injected before the jump from 'Create WidgetHUD_C Widget' to 'Set WidgetHUDVariable'.
[2015.05.20-13.57.54:848][430]LogConnectionDrawingPolicy:Warning: Looks like a wire-trace was not injected before the jump from 'Create WidgetHUD_C Widget' to 'Set WidgetHUDVariable'.
[2015.05.20-13.57.54:869][431]LogConnectionDrawingPolicy:Warning: Looks like a wire-trace was not injected before the jump from 'Create WidgetHUD_C Widget' to 'Set WidgetHUDVariable'.
[2015.05.20-13.57.54:889][432]LogConnectionDrawingPolicy:Warning: Looks like a wire-trace was not injected before the jump from 'Create WidgetHUD_C Widget' to 'Set WidgetHUDVariable'.
[2015.05.20-13.57.54:911][433]LogConnectionDrawingPolicy:Warning: Looks like a wire-trace was not injected before the jump from 'Create WidgetHUD_C Widget' to 'Set WidgetHUDVariable'.
[2015.05.20-13.57.54:934][434]LogConnectionDrawingPolicy:Warning: Looks like a wire-trace was not injected before the jump from 'Create WidgetHUD_C Widget' to 'Set WidgetHUDVariable'.
[2015.05.20-13.57.54:958][435]LogConnectionDrawingPolicy:Warning: Looks like a wire-trace was not injected before the jump from 'Create WidgetHUD_C Widget' to 'Set WidgetHUDVariable'.
[2015.05.20-13.57.54:973][436]LogConnectionDrawingPolicy:Warning: Looks like a wire-trace was not injected before the jump from 'Create WidgetHUD_C Widget' to 'Set WidgetHUDVariable'.
[2015.05.20-13.57.54:987][437]LogConnectionDrawingPolicy:Warning: Looks like a wire-trace was not injected before the jump from 'Create WidgetHUD_C Widget' to 'Set WidgetHUDVariable'.
[2015.05.20-13.57.55:001][438]LogConnectionDrawingPolicy:Warning: Looks like a wire-trace was not injected before the jump from 'Create WidgetHUD_C Widget' to 'Set WidgetHUDVariable'.
[2015.05.20-13.57.55:015][439]LogConnectionDrawingPolicy:Warning: Looks like a wire-trace was not injected before the jump from 'Create WidgetHUD_C Widget' to 'Set WidgetHUDVariable'.
[2015.05.20-13.57.55:026][440]LogConnectionDrawingPolicy:Warning: Looks like a wire-trace was not injected before the jump from 'Create WidgetHUD_C Widget' to 'Set WidgetHUDVariable'.
[2015.05.20-13.57.55:039][441]LogConnectionDrawingPolicy:Warning: Looks like a wire-trace was not injected before the jump from 'Create WidgetHUD_C Widget' to 'Set WidgetHUDVariable'.
[2015.05.20-13.57.55:051][442]LogConnectionDrawingPolicy:Warning: Looks like a wire-trace was not injected before the jump from 'Create WidgetHUD_C Widget' to 'Set WidgetHUDVariable'.
[2015.05.20-13.58.11:884][344]LogParticles: Destroying 0 GPU particle simulations for FXSystem 0x0000003371F6A520
[2015.05.20-13.58.15:616][471]LogSavePackage: Save=1849.795532ms
[2015.05.20-13.58.15:616][471]LogSavePackage: Moving 'C:/Users/guillaume/Documents/Unreal Projects/Shooter/Saved/FirstPersonExampleMap3933DED4428FC197EB162698BF72B346.tmp' to 'C:/Users/guillaume/Documents/Unreal Projects/Shooter/Content/FirstPersonBP/Maps/FirstPersonExampleMap.umap'
[2015.05.20-13.58.15:640][471]LogFileHelpers: Saving map 'FirstPersonExampleMap' took 2.009
[2015.05.20-13.58.16:490][471]LogSavePackage: Save=823.201904ms
[2015.05.20-13.58.16:490][471]LogSavePackage: Moving 'C:/Users/guillaume/Documents/Unreal Projects/Shooter/Saved/FirstPersonCharacter343DA6C14D6664C3FAC0168392179DC9.tmp' to 'C:/Users/guillaume/Documents/Unreal Projects/Shooter/Content/FirstPersonBP/Blueprints/FirstPersonCharacter.uasset'
[2015.05.20-13.58.16:514][471]Cmd: OBJ SAVEPACKAGE PACKAGE="/Game/FirstPersonBP/Blueprints/HealthCube" FILE="C:/Users/guillaume/Documents/Unreal Projects/Shooter/Content/FirstPersonBP/Blueprints/HealthCube.uasset" SILENT=true
[2015.05.20-13.58.16:899][471]LogSavePackage: Save=379.837524ms
[2015.05.20-13.58.16:899][471]LogSavePackage: Moving 'C:/Users/guillaume/Documents/Unreal Projects/Shooter/Saved/HealthCube9C761F34433A95D7B5AFAC9A495F441A.tmp' to 'C:/Users/guillaume/Documents/Unreal Projects/Shooter/Content/FirstPersonBP/Blueprints/HealthCube.uasset'
[2015.05.20-13.59.13:179][173]BlueprintLog: New page: Pre-PIE auto-recompile
[2015.05.20-13.59.13:187][173]LogActorComponent: UnregisterComponent: (/Engine/Transient.CharMoveComp) Not registered. Aborting.
[2015.05.20-13.59.13:221][173]LogPlayLevel: [PIE] Compiling FirstPersonCharacter before PIE...
[2015.05.20-13.59.13:541][173]LogPlayLevel: [PIE] Compiling FirstPersonExampleMap before PIE...
[2015.05.20-13.59.13:591][173]LogPlayLevel: [PIE] Compiling AmmoBox before PIE...
[2015.05.20-13.59.13:651][173]LogPlayLevel: [PIE] Compiling HealthBox before PIE...
[2015.05.20-13.59.13:752][173]LogPlayLevel: [PIE] Compiling FirstPersonHUD before PIE...
[2015.05.20-13.59.13:838][173]LogPlayLevel: [PIE] Compiling HealthCube_Regen before PIE...
[2015.05.20-13.59.13:922][173]LogPlayLevel: [PIE] Compiling WidgetHUD before PIE...
[2015.05.20-13.59.14:028][173]LogPlayLevel: PIE:  Blueprint regeneration took 848 ms (7 blueprints)
[2015.05.20-13.59.14:028][173]PIE: New page: PIE session: FirstPersonExampleMap (May 20, 2015, 5:59:14 AM)
[2015.05.20-13.59.14:056][173]LogBlueprint:Warning: FMemberReference::ResolveMember (K2_GetActorLocation) bSelfContext == true, but no scope supplied!
[2015.05.20-13.59.14:056][173]LogBlueprint:Warning: FMemberReference::ResolveMember (K2_GetActorLocation) bSelfContext == true, but no scope supplied!
[2015.05.20-13.59.14:059][173]LogPlayLevel: PIE: StaticDuplicateObject took: (0.030560s)
[2015.05.20-13.59.14:059][173]LogPlayLevel: PIE: World Init took: (0.000692s)
[2015.05.20-13.59.14:060][173]LogPlayLevel: PIE: Created PIE world by copying editor world from /Game/FirstPersonBP/Maps/FirstPersonExampleMap.FirstPersonExampleMap to /Game/FirstPersonBP/Maps/UEDPIE_0_FirstPersonExampleMap.FirstPersonExampleMap (0.031427s)
[2015.05.20-13.59.14:112][173]LogWorld: Game class is 'FirstPersonGameMode_C'
[2015.05.20-13.59.14:114][173]LogAIModule: Creating AISystem for world FirstPersonExampleMap
[2015.05.20-13.59.14:122][173]LogWorld: Bringing World /Game/FirstPersonBP/Maps/UEDPIE_0_FirstPersonExampleMap.FirstPersonExampleMap up for play (max tick rate 0) at 2015.05.20-09.59.14
[2015.05.20-13.59.14:123][173]LogWorld: Bringing up level for play took: 0.008067
[2015.05.20-13.59.14:135][173]PIE: Info Play in editor start time for /Game/FirstPersonBP/Maps/UEDPIE_0_FirstPersonExampleMap 1.946
[2015.05.20-13.59.14:353][173]LogConnectionDrawingPolicy:Warning: Looks like a wire-trace was not injected before the jump from 'Create WidgetHUD_C Widget' to 'Set WidgetHUDVariable'.
[2015.05.20-13.59.14:408][174]LogConnectionDrawingPolicy:Warning: Looks like a wire-trace was not injected before the jump from 'Create WidgetHUD_C Widget' to 'Set WidgetHUDVariable'.
[2015.05.20-13.59.14:430][175]LogConnectionDrawingPolicy:Warning: Looks like a wire-trace was not injected before the jump from 'Create WidgetHUD_C Widget' to 'Set WidgetHUDVariable'.
[2015.05.20-13.59.14:442][176]LogConnectionDrawingPolicy:Warning: Looks like a wire-trace was not injected before the jump from 'Create WidgetHUD_C Widget' to 'Set WidgetHUDVariable'.
[2015.05.20-13.59.14:453][177]LogConnectionDrawingPolicy:Warning: Looks like a wire-trace was not injected before the jump from 'Create WidgetHUD_C Widget' to 'Set WidgetHUDVariable'.
[2015.05.20-13.59.14:463][178]LogConnectionDrawingPolicy:Warning: Looks like a wire-trace was not injected before the jump from 'Create WidgetHUD_C Widget' to 'Set WidgetHUDVariable'.
[2015.05.20-13.59.14:474][179]LogConnectionDrawingPolicy:Warning: Looks like a wire-trace was not injected before the jump from 'Create WidgetHUD_C Widget' to 'Set WidgetHUDVariable'.
[2015.05.20-13.59.14:488][180]LogConnectionDrawingPolicy:Warning: Looks like a wire-trace was not injected before the jump from 'Create WidgetHUD_C Widget' to 'Set WidgetHUDVariable'.
[2015.05.20-13.59.14:508][181]LogConnectionDrawingPolicy:Warning: Looks like a wire-trace was not injected before the jump from 'Create WidgetHUD_C Widget' to 'Set WidgetHUDVariable'.
[2015.05.20-13.59.14:526][182]LogConnectionDrawingPolicy:Warning: Looks like a wire-trace was not injected before the jump from 'Create WidgetHUD_C Widget' to 'Set WidgetHUDVariable'.
[2015.05.20-13.59.14:540][183]LogConnectionDrawingPolicy:Warning: Looks like a wire-trace was not injected before the jump from 'Create WidgetHUD_C Widget' to 'Set WidgetHUDVariable'.
[2015.05.20-13.59.14:553][184]LogConnectionDrawingPolicy:Warning: Looks like a wire-trace was not injected before the jump from 'Create WidgetHUD_C Widget' to 'Set WidgetHUDVariable'.
[2015.05.20-13.59.14:567][185]LogConnectionDrawingPolicy:Warning: Looks like a wire-trace was not injected before the jump from 'Create WidgetHUD_C Widget' to 'Set WidgetHUDVariable'.
[2015.05.20-13.59.14:577][186]LogConnectionDrawingPolicy:Warning: Looks like a wire-trace was not injected before the jump from 'Create WidgetHUD_C Widget' to 'Set WidgetHUDVariable'.
[2015.05.20-13.59.14:588][187]LogConnectionDrawingPolicy:Warning: Looks like a wire-trace was not injected before the jump from 'Create WidgetHUD_C Widget' to 'Set WidgetHUDVariable'.
[2015.05.20-13.59.14:599][188]LogConnectionDrawingPolicy:Warning: Looks like a wire-trace was not injected before the jump from 'Create WidgetHUD_C Widget' to 'Set WidgetHUDVariable'.
[2015.05.20-13.59.50:325][948]LogParticles: Destroying 0 GPU particle simulations for FXSystem 0x000000336B8DEFC0
[2015.05.20-13.59.52:620][959]LogSavePackage: Save=1742.030151ms
[2015.05.20-13.59.52:620][959]LogSavePackage: Moving 'C:/Users/guillaume/Documents/Unreal Projects/Shooter/Saved/FirstPersonExampleMap429CA32A4136010483B53BBD56C4F230.tmp' to 'C:/Users/guillaume/Documents/Unreal Projects/Shooter/Content/FirstPersonBP/Maps/FirstPersonExampleMap.umap'
[2015.05.20-13.59.52:654][959]LogFileHelpers: Saving map 'FirstPersonExampleMap' took 1.941
[2015.05.20-13.59.53:398][959]LogSavePackage: Save=717.879272ms
[2015.05.20-13.59.53:398][959]LogSavePackage: Moving 'C:/Users/guillaume/Documents/Unreal Projects/Shooter/Saved/FirstPersonCharacterAF67DE744171B0D4CA838A97415A7E04.tmp' to 'C:/Users/guillaume/Documents/Unreal Projects/Shooter/Content/FirstPersonBP/Blueprints/FirstPersonCharacter.uasset'
[2015.05.20-14.00.24:288][125]LogActorComponent: UnregisterComponent: (/Engine/Transient.CharMoveComp) Not registered. Aborting.
[2015.05.20-14.00.24:974][125]LogSavePackage: Save=549.839844ms
[2015.05.20-14.00.24:974][125]LogSavePackage: Moving 'C:/Users/guillaume/Documents/Unreal Projects/Shooter/Saved/FirstPersonCharacterE31C5D434C255104F7576C817B337144.tmp' to 'C:/Users/guillaume/Documents/Unreal Projects/Shooter/Content/FirstPersonBP/Blueprints/FirstPersonCharacter.uasset'
[2015.05.20-14.07.15:744][143]LogSourceControl: RunCommandInternalRaw: 'git version'
[2015.05.20-14.07.15:744][143]LogSourceControl: RunCommandInternalRaw: ExecProcess ReturnCode=5 OutResults=''
[2015.05.20-14.07.28:096][440]SourceControl:Error: Error Failed to connect to source control. Check your settings and connection then try again.
[2015.05.20-14.08.35:805][492]LogSourceControl: RunCommandInternalRaw: 'git version'
[2015.05.20-14.08.35:805][492]LogSourceControl: RunCommandInternalRaw: ExecProcess ReturnCode=5 OutResults=''
[2015.05.20-14.08.35:805][492]LogSourceControl: RunCommandInternalRaw: 'git version'
[2015.05.20-14.08.35:805][492]LogSourceControl: RunCommandInternalRaw: ExecProcess ReturnCode=5 OutResults=''
[2015.05.20-14.08.49:130][312]SourceControl:Error: Error Failed to connect to source control. Check your settings and connection then try again.
[2015.05.20-14.09.03:427][128]SourceControl:Error: Error Failed to connect to source control. Check your settings and connection then try again.
[2015.05.20-14.09.04:784][184]SourceControl:Error: Error Failed to connect to source control. Check your settings and connection then try again.
[2015.05.20-14.09.50:810][619]LogActorComponent: UnregisterComponent: (/Engine/Transient.CharMoveComp) Not registered. Aborting.
[2015.05.20-14.09.50:811][619]LogActorComponent: UnregisterComponent: (/Engine/Transient.ProjectileMovementComponent_40__A6522401) Not registered. Aborting.
[2015.05.20-14.09.50:863][619]LogFileHelpers: Editor autosave (incl. sublevels) for '/Game/FirstPersonBP/Maps/FirstPersonExampleMap' took 0.053
[2015.05.20-14.11.09:909][916]LogSourceControl: RunCommandInternalRaw: 'git version'
[2015.05.20-14.11.09:909][916]LogSourceControl: RunCommandInternalRaw: ExecProcess ReturnCode=5 OutResults=''
[2015.05.20-14.11.09:944][918]LogSourceControl: RunCommandInternalRaw: 'git version'
[2015.05.20-14.11.09:944][918]LogSourceControl: RunCommandInternalRaw: ExecProcess ReturnCode=5 OutResults=''
[2015.05.20-14.11.11:181][978]LogSourceControl: RunCommandInternalRaw: 'git version'
[2015.05.20-14.11.11:181][978]LogSourceControl: RunCommandInternalRaw: ExecProcess ReturnCode=5 OutResults=''
[2015.05.20-14.11.12:612][ 51]LogSourceControl: RunCommandInternalRaw: 'git version'
[2015.05.20-14.11.12:613][ 51]LogSourceControl: RunCommandInternalRaw: ExecProcess ReturnCode=2 OutResults=''
[2015.05.20-14.11.12:721][ 56]LogSourceControl: RunCommandInternalRaw: 'git version'
[2015.05.20-14.11.12:721][ 56]LogSourceControl: RunCommandInternalRaw: ExecProcess ReturnCode=2 OutResults=''
[2015.05.20-14.11.12:892][ 65]LogSourceControl: RunCommandInternalRaw: 'git version'
[2015.05.20-14.11.12:967][ 65]LogSourceControl: RunCommandInternalRaw: ExecProcess ReturnCode=0 OutResults='git version 1.9.5.msysgit.1
'
[2015.05.20-14.11.13:346][ 89]LogSourceControl: RunCommandInternalRaw: 'git version'
[2015.05.20-14.11.13:347][ 89]LogSourceControl: RunCommandInternalRaw: ExecProcess ReturnCode=2 OutResults=''
[2015.05.20-14.11.13:547][ 98]LogSourceControl: RunCommandInternalRaw: 'git version'
[2015.05.20-14.11.13:548][ 98]LogSourceControl: RunCommandInternalRaw: ExecProcess ReturnCode=2 OutResults=''
[2015.05.20-14.11.14:144][125]LogSourceControl: RunCommandInternalRaw: 'git version'
[2015.05.20-14.11.14:145][125]LogSourceControl: RunCommandInternalRaw: ExecProcess ReturnCode=2 OutResults=''
[2015.05.20-14.11.14:336][132]LogSourceControl: RunCommandInternalRaw: 'git version'
[2015.05.20-14.11.14:425][132]LogSourceControl: RunCommandInternalRaw: ExecProcess ReturnCode=0 OutResults='git version 1.9.5.msysgit.1
'
[2015.05.20-14.11.15:346][195]LogSourceControl: RunCommandInternalRaw: 'git version'
[2015.05.20-14.11.15:408][195]LogSourceControl: RunCommandInternalRaw: ExecProcess ReturnCode=0 OutResults='git version 1.9.5.msysgit.1
'
[2015.05.20-14.11.15:408][195]LogSourceControl: RunCommandInternalRaw: 'git version'
[2015.05.20-14.11.15:472][195]LogSourceControl: RunCommandInternalRaw: ExecProcess ReturnCode=0 OutResults='git version 1.9.5.msysgit.1
'
[2015.05.20-14.11.15:486][196]SourceControl:Error: Error You should check out a working copy into your project directory.
[2015.05.20-14.11.15:486][196]SourceControl:Error: Error Project is not part of a 