Log file open, 05/11/15 20:49:03
LogInit:Display: Running engine for game: Shooter
LogInit: Version: 4.7.6-2513093+++depot+UE4-Releases+4.7
LogInit: API Version: 2455222
LogInit: Compiled (64-bit): Apr 15 2015 12:09:54
LogInit: Compiled with Visual C++: 18.00.21005.01
LogInit: Build Configuration: Development
LogInit: Branch Name: ++depot+UE4-Releases+4.7
LogInit: Command line: 
LogInit: Base directory: D:/Epic Games/4.7/Engine/Binaries/Win64/
LogInit: Rocket: 1
[2015.05.12-00.49.03:222][  0]LogTaskGraph: Started task graph with 3 named threads and 6 total threads.
[2015.05.12-00.49.03:275][  0]LogOnline:Warning: No default platform service specified for OnlineSubsystem
[2015.05.12-00.49.03:286][  0]LogInit: Presizing for 0 objects not considered by GC, pre-allocating 0 bytes.
[2015.05.12-00.49.03:294][  0]LogInit: Object subsystem initialized
[2015.05.12-00.49.03:295][  0]LogConsoleResponse:Warning: Skipping Unknown console variable: 'TranslucentSortAxis = (X=0.000000,Y=-1.000000,Z=0.000000)'
[2015.05.12-00.49.03:295][  0]LogConsoleResponse:Warning:   Found in ini file 'C:/Users/guillaume/Documents/Unreal Projects/Shooter/Saved/Config/Windows/Engine.ini', in section '[/Script/Engine.RendererSettings]'
[2015.05.12-00.49.03:296][  0]LogConsoleResponse:Warning: Skipping Unknown console variable: 'UIScaleRule = ShortestSide'
[2015.05.12-00.49.03:296][  0]LogConsoleResponse:Warning:   Found in ini file 'C:/Users/guillaume/Documents/Unreal Projects/Shooter/Saved/Config/Windows/Engine.ini', in section '[/Script/Engine.RendererSettings]'
[2015.05.12-00.49.03:296][  0]LogConsoleResponse:Warning: Skipping Unknown console variable: 'UIScaleCurve = (EditorCurveData=(Keys=),ExternalCurve=None)'
[2015.05.12-00.49.03:296][  0]LogConsoleResponse:Warning:   Found in ini file 'C:/Users/guillaume/Documents/Unreal Projects/Shooter/Saved/Config/Windows/Engine.ini', in section '[/Script/Engine.RendererSettings]'
[2015.05.12-00.49.03:296][  0]LogInit: Selected Device Profile: [Windows]
[2015.05.12-00.49.03:296][  0]LogInit: Applying CVar settings loaded from the selected device profile: [Windows]
[2015.05.12-00.49.03:304][  0]LogInit: Computer: MSI-GUILLAUME
[2015.05.12-00.49.03:304][  0]LogInit: User: guillaume
[2015.05.12-00.49.03:304][  0]LogInit: CPU Page size=4096, Cores=4
[2015.05.12-00.49.03:304][  0]LogInit: High frequency timer resolution =2.435777 MHz
[2015.05.12-00.49.03:304][  0]LogMemory: Memory total: Physical=16.0GB (16GB approx) Virtual=131072.0GB
[2015.05.12-00.49.03:304][  0]LogMemory: Platform Memory Stats for Windows
[2015.05.12-00.49.03:304][  0]LogMemory: Process Physical Memory: 46.80 MB used, 46.80 MB peak
[2015.05.12-00.49.03:304][  0]LogMemory: Process Virtual Memory: 27.32 MB used, 27.32 MB peak
[2015.05.12-00.49.03:304][  0]LogMemory: Physical Memory: 4125.62 MB used, 16336.83 MB total
[2015.05.12-00.49.03:304][  0]LogMemory: Virtual Memory: 303.29 MB used, 134217728.00 MB total
[2015.05.12-00.49.03:332][  0]LogD3D11RHI: Found D3D11 adapter 0: NVIDIA GeForce GTX 970M    (Feature Level 11_0)
[2015.05.12-00.49.03:332][  0]LogD3D11RHI: Adapter has 5980MB of dedicated video memory, 0MB of dedicated system memory, and 8168MB of shared system memory, 1 output[s]
[2015.05.12-00.49.03:333][  0]LogD3D11RHI: Found D3D11 adapter 1: Microsoft Basic Render Driver (Feature Level 11_0)
[2015.05.12-00.49.03:334][  0]LogD3D11RHI: Adapter has 0MB of dedicated video memory, 0MB of dedicated system memory, and 256MB of shared system memory, 0 output[s]
[2015.05.12-00.49.03:334][  0]LogD3D11RHI: Chosen D3D11 Adapter Id = 0
[2015.05.12-00.49.03:337][  0]LogRHI: Texture pool is 1361 MB (70% of 1945 MB)
[2015.05.12-00.49.03:349][  0]LogD3D11RHI: Async texture creation enabled
[2015.05.12-00.49.03:408][  0]LogTextLocalizationManager: The requested culture ('fr_CA') has no localization data; falling back to 'en' for localization and internationalization data.
[2015.05.12-00.49.03:484][  0]LogTextLocalizationManager:Warning: Loading localization resources contain conflicting entries for (Namespace:UICommands, Key:Save_ToolTip):
Resource: (D:/Epic Games/4.7/Engine/Content/Localization/Editor/en/Editor.locres) Hash: (-29098895) String: (Saves the current level to disk)
Resource: (D:/Epic Games/4.7/Engine/Content/Localization/Engine/en/Engine.locres) Hash: (-1280300587) String: (Save selected data to vlog file)
[2015.05.12-00.49.03:484][  0]LogTextLocalizationManager:Warning: Loading localization resources contain conflicting entries for (Namespace:ContentBrowser, Key:ImportAssetToolTip):
Resource: (D:/Epic Games/4.7/Engine/Content/Localization/Editor/en/Editor.locres) Hash: (-630476809) String: (Import to {0}...)
Resource: (D:/Epic Games/4.7/Engine/Content/Localization/Editor/en/Editor.locres) Hash: (1271782899) String: (Imports an asset from file to this folder.)
[2015.05.12-00.49.03:560][  0]LogContentStreaming: Texture pool size is 0.000000MB
[2015.05.12-00.49.05:491][  0]LogTargetPlatformManager:Display: Building Assets For Windows
[2015.05.12-00.49.05:938][  0]LogTargetPlatformManager:Display: Building Assets For Windows
[2015.05.12-00.49.05:986][  0]LogDerivedDataCache:Display: Max Cache Size: 512 MB
[2015.05.12-00.49.06:025][  0]LogDerivedDataCache: Loaded boot cache 0.04s 39MB C:/Users/guillaume/AppData/Local/UnrealEngine/4.7/DerivedDataCache/Boot.ddc.
[2015.05.12-00.49.06:025][  0]LogDerivedDataCache:Display: Loaded Boot cache: C:/Users/guillaume/AppData/Local/UnrealEngine/4.7/DerivedDataCache/Boot.ddc
[2015.05.12-00.49.06:025][  0]LogDerivedDataCache: FDerivedDataBackendGraph:  Pak pak cache file C:/Users/guillaume/Documents/Unreal Projects/Shooter/DerivedDataCache/DDC.ddp not found, will not use a pak cache.
[2015.05.12-00.49.06:025][  0]LogDerivedDataCache: Unable to find inner node Pak for hierarchical cache Hierarchy.
[2015.05.12-00.49.06:129][  0]LogDerivedDataCache:Display: Pak cache opened for reading ../../../Engine/DerivedDataCache/Compressed.ddp.
[2015.05.12-00.49.06:142][  0]LogDerivedDataCache: Using Local data cache path C:/Users/guillaume/AppData/Local/UnrealEngine/Common/DerivedDataCache: Writable
[2015.05.12-00.49.06:381][  0]LogMeshUtilities: No automatic mesh reduction module available
[2015.05.12-00.49.06:381][  0]LogMeshUtilities: No automatic mesh merging module available
[2015.05.12-00.49.06:763][  0]LogInit: WinSock: version 1.1 (2.2), MaxSocks=32767, MaxUdp=65467
[2015.05.12-00.49.06:819][  0]LogSlate:Warning: Failed to load font data from '../../../Engine/Content/Slate/Fonts/Roboto-Italic.ttf'
[2015.05.12-00.49.07:488][  0]UdpMessaging: Initializing bridge on interface 0.0.0.0:0 to multicast group 230.0.0.1:6666.
[2015.05.12-00.49.07:674][  0]SourceControl: Info Source control is disabled
[2015.05.12-00.49.07:674][  0]SourceControl: Info Source control is disabled
[2015.05.12-00.49.07:674][  0]SourceControl: Info Source control is disabled
[2015.05.12-00.49.07:680][  0]SourceControl: Info Source control is disabled
[2015.05.12-00.49.07:817][  0]LogObj: 24232 objects as part of root set at end of initial load.
[2015.05.12-00.49.07:817][  0]LogUObjectAllocator: 5137176 out of 0 bytes used by permanent object pool.
[2015.05.12-00.49.07:886][  0]LogEngine: Initializing Engine...
[2015.05.12-00.49.10:021][  0]LogInit: XAudio2 using 'Speakers (Realtek High Definition Audio)' : 2 channels at 48 kHz using 32 bits per sample (channel mask 0x3)
[2015.05.12-00.49.10:029][  0]LogInit: FAudioDevice initialized.
[2015.05.12-00.49.10:055][  0]LogAIModule: Creating AISystem for world NewWorld
[2015.05.12-00.49.10:075][  0]LogDerivedDataCache: Saved boot cache 0.02s 39MB C:/Users/guillaume/AppData/Local/UnrealEngine/4.7/DerivedDataCache/Boot.ddc.
[2015.05.12-00.49.10:078][  0]LogInit: Texture streaming: Enabled
[2015.05.12-00.49.10:148][  0]LogAnalytics: Creating configured Analytics provider AnalyticsET
[2015.05.12-00.49.10:148][  0]LogAnalytics: ET APIKey = Rocket.Release. APIServer = http://et2.epicgames.com/ET2/. AppVersion = 4.7.6-2513093+++depot+UE4-Releases+4.7
[2015.05.12-00.49.10:148][  0]LogAnalytics: ET APIKey = Rocket.Release. DataRouterUploadURL = https://datarouter-public-service-gamedev.ol.epicgames.net/datarouter/api/v1/public/data. AppVersion = 4.7.6-2513093+++depot+UE4-Releases+4.7
[2015.05.12-00.49.10:148][  0]LogAnalytics: SetUserId e3487cae44029761e470c8b4123de03d|c7a288572b714f9898c556981a74ab33|66f320fe-673b-44ee-aa7f-b0a8f0fff000
[2015.05.12-00.49.10:148][  0]LogAnalytics: AnalyticsET::StartSession [Rocket.Release]
[2015.05.12-00.49.10:168][  0]LogInit: Transaction tracking system initialized
[2015.05.12-00.49.10:288][  0]BlueprintLog: New page: Editor Load
[2015.05.12-00.49.10:316][  0]LogAssetRegistry: FAssetRegistry took 0.0112 seconds to start up
[2015.05.12-00.49.10:316][  0]LogDirectoryWatcher:Warning: Failed to begin reading directory changes for ../../../Engine/Plugins/Experimental/CharacterAI/Content/. Error: 0
[2015.05.12-00.49.10:770][  0]LogTargetPlatformManager:Display: Building Assets For Windows
[2015.05.12-00.49.11:102][  0]LogTargetPlatformManager:Display: Building Assets For Windows
[2015.05.12-00.49.11:319][  0]LogSlate:Warning: Failed to load font data from '../../../Engine/Content/Editor/Slate/Fonts/Roboto-Regular.ttf'
[2015.05.12-00.49.11:319][  0]LogSlate:Warning: Failed to load font data from '../../../Engine/Content/Editor/Slate/Fonts/Roboto-Bold.ttf'
[2015.05.12-00.49.11:358][  0]LogConsoleResponse:Display: 
[2015.05.12-00.49.11:508][  0]LogCook:Display: Done creating registry. It took  0.00s.
[2015.05.12-00.49.11:607][  0]SourceControl: Info Source control is disabled
[2015.05.12-00.49.11:607][  0]Cmd: MAP LOAD FILE="C:/Users/guillaume/Documents/Unreal Projects/Shooter/Content/FirstPersonBP/Maps/FirstPersonExampleMap.umap" TEMPLATE=0 SHOWPROGRESS=1 FEATURELEVEL=3
[2015.05.12-00.49.11:609][  0]LightingResults: New page: Lighting Build
[2015.05.12-00.49.11:618][  0]MapCheck: New page: Map Check
[2015.05.12-00.49.11:618][  0]LightingResults: New page: Lighting Build
[2015.05.12-00.49.11:625][  0]LogParticles: Destroying 0 GPU particle simulations for FXSystem 0x000000A807442980
[2015.05.12-00.49.11:661][  0]LogLinker:Warning: Asset '../../../Engine/Content/EngineMeshes/Humanoid.uasset' has been saved with empty engine version. The asset will be loaded but may be incompatible.
[2015.05.12-00.49.14:757][  0]LogEditorServer: Finished looking for orphan Actors (0.000 secs)
[2015.05.12-00.49.15:661][  0]LogAIModule: Creating AISystem for world FirstPersonExampleMap
[2015.05.12-00.49.15:700][  0]Cmd: MAP CHECKDEP
[2015.05.12-00.49.15:700][  0]MapCheck: New page: FirstPersonExampleMap - May 11, 2015, 4:49:15 PM
[2015.05.12-00.49.15:799][  0]MapCheck: Info Map check complete: 0 Error(s), 0 Warning(s), took 98.936ms to complete.
[2015.05.12-00.49.15:799][  0]LogFileHelpers: Loading map 'FirstPersonExampleMap' took 4.192
[2015.05.12-00.49.16:905][  0]LogCollectionManager: Loaded 0 collections in 0.002453 seconds
[2015.05.12-00.49.16:989][  0]LogContentBrowser: Native class hierarchy populated in 0.0707 seconds. Added 1696 classes and 261 folders.
[2015.05.12-00.49.17:305][  0]LogContentBrowser: Native class hierarchy updated for 'SceneOutliner' in 0.0013 seconds. Added 1 classes and 2 folders.
[2015.05.12-00.49.18:191][  0]LogCrashTracker: Crashtracker disabled due to settings.
[2015.05.12-00.49.18:254][  0]LogSlate:Warning: Failed to load font data from 'Veranda'
[2015.05.12-00.49.18:262][  0]LogUObjectGlobals:Warning: Failed to find object 'Class None.'
[2015.05.12-00.49.18:310][  0]LogLoad: Full Startup: 16.77 seconds (BP compile: 1.07 seconds)
[2015.05.12-00.49.18:383][  0]LogContentBrowser:Verbose: The content browser source was changed by the sources view to '/Game/FirstPersonBP/Blueprints'
[2015.05.12-00.49.19:027][  0]LogRenderer:Warning: Reallocating scene render targets to support 32x32 (Frame:2).
[2015.05.12-00.49.19:535][  0]LogRenderer:Warning: Reallocating scene render targets to support 1208x576 (Frame:3).
[2015.05.12-00.49.20:074][  4]LogAssetRegistry: Asset discovery search completed in 9.7692 seconds
[2015.05.12-00.51.14:688][438]BlueprintLog: New page: Pre-PIE auto-recompile
[2015.05.12-00.51.14:969][438]LogActorComponent: UnregisterComponent: (/Engine/Transient.CharMoveComp) Not registered. Aborting.
[2015.05.12-00.51.14:969][438]LogActorComponent: UnregisterComponent: (/Engine/Transient.ProjectileMovementComponent_40__A6522401) Not registered. Aborting.
[2015.05.12-00.51.15:015][438]LogPlayLevel: [PIE] Compiling FirstPersonCharacter before PIE...
[2015.05.12-00.51.15:313][438]LogPlayLevel: [PIE] Compiling AmmoBox before PIE...
[2015.05.12-00.51.15:375][438]LogPlayLevel: [PIE] Compiling HealthBox before PIE...
[2015.05.12-00.51.15:438][438]LogPlayLevel: [PIE] Compiling WidgetHUD before PIE...
[2015.05.12-00.51.15:566][438]LogPlayLevel: PIE:  Blueprint regeneration took 878 ms (4 blueprints)
[2015.05.12-00.51.15:566][438]PIE: New page: PIE session: FirstPersonExampleMap (May 11, 2015, 4:51:15 PM)
[2015.05.12-00.51.15:588][438]LogPlayLevel: PIE: StaticDuplicateObject took: (0.021152s)
[2015.05.12-00.51.15:588][438]LogPlayLevel: PIE: World Init took: (0.000818s)
[2015.05.12-00.51.15:589][438]LogPlayLevel: PIE: Created PIE world by copying editor world from /Game/FirstPersonBP/Maps/FirstPersonExampleMap.FirstPersonExampleMap to /Game/FirstPersonBP/Maps/UEDPIE_0_FirstPersonExampleMap.FirstPersonExampleMap (0.022241s)
[2015.05.12-00.51.15:835][438]LogWorld: Game class is 'FirstPersonGameMode_C'
[2015.05.12-00.51.15:909][438]LogAIModule: Creating AISystem for world FirstPersonExampleMap
[2015.05.12-00.51.15:917][438]LogWorld: Bringing World /Game/FirstPersonBP/Maps/UEDPIE_0_FirstPersonExampleMap.FirstPersonExampleMap up for play (max tick rate 60) at 2015.05.11-20.51.15
[2015.05.12-00.51.15:927][438]LogWorld: Bringing up level for play took: 0.017285
[2015.05.12-00.51.16:036][438]PIE: Info Play in editor start time for /Game/FirstPersonBP/Maps/UEDPIE_0_FirstPersonExampleMap 1.692
[2015.05.12-00.51.16:329][438]LogRenderer:Warning: Reallocating scene render targets to support 1296x760 (Frame:751).
[2015.05.12-00.51.16:329][438]LogConnectionDrawingPolicy:Warning: Looks like a wire-trace was not injected before the jump from 'Create WidgetHUD_C Widget' to 'Set WidgetHUDVariable'.
[2015.05.12-00.51.16:404][439]LogConnectionDrawingPolicy:Warning: Looks like a wire-trace was not injected before the jump from 'Create WidgetHUD_C Widget' to 'Set WidgetHUDVariable'.
[2015.05.12-00.51.16:470][440]LogConnectionDrawingPolicy:Warning: Looks like a wire-trace was not injected before the jump from 'Create WidgetHUD_C Widget' to 'Set WidgetHUDVariable'.
[2015.05.12-00.51.16:506][441]LogConnectionDrawingPolicy:Warning: Looks like a wire-trace was not injected before the jump from 'Create WidgetHUD_C Widget' to 'Set WidgetHUDVariable'.
[2015.05.12-00.51.16:533][442]LogConnectionDrawingPolicy:Warning: Looks like a wire-trace was not injected before the jump from 'Create WidgetHUD_C Widget' to 'Set WidgetHUDVariable'.
[2015.05.12-00.51.16:569][443]LogConnectionDrawingPolicy:Warning: Looks like a wire-trace was not injected before the jump from 'Create WidgetHUD_C Widget' to 'Set WidgetHUDVariable'.
[2015.05.12-00.51.16:605][444]LogConnectionDrawingPolicy:Warning: Looks like a wire-trace was not injected before the jump from 'Create WidgetHUD_C Widget' to 'Set WidgetHUDVariable'.
[2015.05.12-00.51.16:647][445]LogConnectionDrawingPolicy:Warning: Looks like a wire-trace was not injected before the jump from 'Create WidgetHUD_C Widget' to 'Set WidgetHUDVariable'.
[2015.05.12-00.51.16:689][446]LogConnectionDrawingPolicy:Warning: Looks like a wire-trace was not injected before the jump from 'Create WidgetHUD_C Widget' to 'Set WidgetHUDVariable'.
[2015.05.12-00.51.16:709][447]LogConnectionDrawingPolicy:Warning: Looks like a wire-trace was not injected before the jump from 'Create WidgetHUD_C Widget' to 'Set WidgetHUDVariable'.
[2015.05.12-00.51.16:728][448]LogConnectionDrawingPolicy:Warning: Looks like a wire-trace was not injected before the jump from 'Create WidgetHUD_C Widget' to 'Set WidgetHUDVariable'.
[2015.05.12-00.51.16:746][449]LogConnectionDrawingPolicy:Warning: Looks like a wire-trace was not injected before the jump from 'Create WidgetHUD_C Widget' to 'Set WidgetHUDVariable'.
[2015.05.12-00.51.16:766][450]LogConnectionDrawingPolicy:Warning: Looks like a wire-trace was not injected before the jump from 'Create WidgetHUD_C Widget' to 'Set WidgetHUDVariable'.
[2015.05.12-00.51.16:783][451]LogConnectionDrawingPolicy:Warning: Looks like a wire-trace was not injected before the jump from 'Create WidgetHUD_C Widget' to 'Set WidgetHUDVariable'.
[2015.05.12-00.51.16:800][452]LogConnectionDrawingPolicy:Warning: Looks like a wire-trace was not injected before the jump from 'Create WidgetHUD_C Widget' to 'Set WidgetHUDVariable'.
[2015.05.12-00.51.16:815][453]LogConnectionDrawingPolicy:Warning: Looks like a wire-trace was not injected before the jump from 'Create WidgetHUD_C Widget' to 'Set WidgetHUDVariable'.
[2015.05.12-00.51.16:832][454]LogConnectionDrawingPolicy:Warning: Looks like a wire-trace was not injected before the jump from 'Create WidgetHUD_C Widget' to 'Set WidgetHUDVariable'.
[2015.05.12-00.51.16:847][455]LogConnectionDrawingPolicy:Warning: Looks like a wire-trace was not injected before the jump from 'Create WidgetHUD_C Widget' to 'Set WidgetHUDVariable'.
[2015.05.12-00.51.16:865][456]LogConnectionDrawingPolicy:Warning: Looks like a wire-trace was not injected before the jump from 'Create WidgetHUD_C Widget' to 'Set WidgetHUDVariable'.
[2015.05.12-00.51.23:869][844]LogParticles: Destroying 0 GPU particle simulations for FXSystem 0x000000A802E3C180
[2015.05.12-00.51.26:898][904]LogSavePackage: Save=1740.190552ms
[2015.05.12-00.51.26:898][904]LogSavePackage: Moving 'C:/Users/guillaume/Documents/Unreal Projects/Shooter/Saved/FirstPersonExampleMap674FF61D40FE6ED11D40A2B505371581.tmp' to 'C:/Users/guillaume/Documents/Unreal Projects/Shooter/Content/FirstPersonBP/Maps/FirstPersonExampleMap.umap'
[2015.05.12-00.51.26:921][904]LogFileHelpers: Saving map 'FirstPersonExampleMap' took 1.906
[2015.05.12-00.51.27:681][904]LogSavePackage: Save=723.946838ms
[2015.05.12-00.51.27:681][904]LogSavePackage: Moving 'C:/Users/guillaume/Documents/Unreal Projects/Shooter/Saved/FirstPersonCharacter99767F8A42A03E2B3CD31E8CECFA950F.tmp' to 'C:/Users/guillaume/Documents/Unreal Projects/Shooter/Content/FirstPersonBP/Blueprints/FirstPersonCharacter.uasset'
[2015.05.12-00.55.45:128][964]LogActorComponent: UnregisterComponent: (/Engine/Transient.CharMoveComp) Not registered. Aborting.
[2015.05.12-00.55.45:975][965]Cmd: QUIT_EDITOR
[2015.05.12-00.55.46:166][965]LogExit: Preparing to exit.
[2015.05.12-00.55.46:810][965]LogExit: Editor shut down
[2015.05.12-00.55.46:811][965]LogExit: Transaction tracking system shut down
[2015.05.12-00.55.46:812][965]LogParticles: Destroying 0 GPU particle simulations for FXSystem 0x000000A880C8D760
[2015.05.12-00.55.46:812][965]LogParticles: Destroying 0 GPU particle simulations for FXSystem 0x000000A8315BDF80
[2015.05.12-00.55.46:812][965]LogParticles: Destroying 0 GPU particle simulations for FXSystem 0x000000A82ED4F560
[2015.05.12-00.55.46:812][965]LogParticles: Destroying 0 GPU particle simulations for FXSystem 0x000000A82ED4C680
[2015.05.12-00.55.46:812][965]LogParticles: Destroying 0 GPU particle simulations for FXSystem 0x000000A835DEC9A0
[2015.05.12-00.55.46:938][965]LogExit: Object subsystem successfully closed.
[2015.05.12-00.55.46:978][965]LogModuleManager: Shutting down and abandoning module CrashTracker (177)
[2015.05.12-00.55.46:978][965]LogModuleManager: Shutting down and abandoning module SuperSearch (176)
[2015.05.12-00.55.46:978][965]LogModuleManager: Shutting down and abandoning module SceneOutliner (175)
[2015.05.12-00.55.47:015][965]LogModuleManager: Shutting down and abandoning module EditorWidgets (174)
[2015.05.12-00.55.47:015][965]LogModuleManager: Shutting down and abandoning module CollectionManager (173)
[2015.05.12-00.55.47:015][965]LogModuleManager: Shutting down and abandoning module StatsViewer (172)
[2015.05.12-00.55.47:015][965]LogModuleManager: Shutting down and abandoning module FoliageEdit (171)
[2015.05.12-00.55.47:015][965]LogModuleManager: Shutting down and abandoning module LandscapeEditor (170)
[2015.05.12-00.55.47:015][965]LogModuleManager: Shutting down and abandoning module MeshPaint (169)
[2015.05.12-00.55.47:015][965]LogModuleManager: Shutting down and abandoning module ActorPickerMode (168)
[2015.05.12-00.55.47:015][965]LogModuleManager: Shutting down and abandoning module GeometryMode (167)
[2015.05.12-00.55.47:015][965]LogModuleManager: Shutting down and abandoning module TextureAlignMode (166)
[2015.05.12-00.55.47:015][965]LogModuleManager: Shutting down and abandoning module BspMode (165)
[2015.05.12-00.55.47:015][965]LogModuleManager: Shutting down and abandoning module PlacementMode (164)
[2015.05.12-00.55.47:016][965]LogModuleManager: Shutting down and abandoning module AutomationWorker (163)
[2015.05.12-00.55.47:016][965]LogModuleManager: Shutting down and abandoning module CharacterAI (162)
[2015.05.12-00.55.47:016][965]LogModuleManager: Shutting down and abandoning module SmartSnapping (161)
[2015.05.12-00.55.47:016][965]LogModuleManager: Shutting down and abandoning module ViewportSnapping (160)
[2015.05.12-00.55.47:016][965]LogModuleManager: Shutting down and abandoning module LogVisualizer (159)
[2015.05.12-00.55.47:016][965]LogModuleManager: Shutting down and abandoning module GameProjectGeneration (158)
[2015.05.12-00.55.47:016][965]LogModuleManager: Shutting down and abandoning module IntroTutorials (157)
[2015.05.12-00.55.47:016][965]LogModuleManager: Shutting down and abandoning module EditorLiveStreaming (156)
[2015.05.12-00.55.47:016][965]LogModuleManager: Shutting down and abandoning module HardwareTargeting (155)
[2015.05.12-00.55.47:016][965]LogModuleManager: Shutting down and abandoning module DeviceProfileEditor (154)
[2015.05.12-00.55.47:016][965]LogModuleManager: Shutting down and abandoning module UndoHistory (153)
[2015.05.12-00.55.47:016][965]LogModuleManager: Shutting down and abandoning module GameplayTagsEditor (152)
[2015.05.12-00.55.47:016][965]LogModuleManager: Shutting down and abandoning module UserFeedback (151)
[2015.05.12-00.55.47:016][965]LogModuleManager: Shutting down and abandoning module XmlParser (150)
[2015.05.12-00.55.47:016][965]LogModuleManager: Shutting down and abandoning module Blutility (149)
[2015.05.12-00.55.47:016][965]LogModuleManager: Shutting down and abandoning module IOSPlatformEditor (148)
[2015.05.12-00.55.47:016][965]LogModuleManager: Shutting down and abandoning module IOSRuntimeSettings (147)
[2015.05.12-00.55.47:016][965]LogModuleManager: Shutting down and abandoning module AndroidDeviceDetection (146)
[2015.05.12-00.55.47:405][965]LogModuleManager: Shutting down and abandoning module AndroidPlatformEditor (145)
[2015.05.12-00.55.47:405][965]LogModuleManager: Shutting down and abandoning module AndroidRuntimeSettings (144)
[2015.05.12-00.55.47:405][965]LogModuleManager: Shutting down and abandoning module ProjectTargetPlatformEditor (143)
[2015.05.12-00.55.47:405][965]LogModuleManager: Shutting down and abandoning module ProjectSettingsViewer (142)
[2015.05.12-00.55.47:406][965]LogModuleManager: Shutting down and abandoning module InputBindingEditor (141)
[2015.05.12-00.55.47:406][965]LogModuleManager: Shutting down and abandoning module EditorSettingsViewer (140)
[2015.05.12-00.55.47:406][965]LogModuleManager: Shutting down and abandoning module SettingsEditor (139)
[2015.05.12-00.55.47:406][965]LogModuleManager: Shutting down and abandoning module ProjectLauncher (138)
[2015.05.12-00.55.47:406][965]LogModuleManager: Shutting down and abandoning module SessionFrontend (137)
[2015.05.12-00.55.47:406][965]LogModuleManager: Shutting down and abandoning module ProfilerClient (136)
[2015.05.12-00.55.47:406][965]LogModuleManager: Shutting down and abandoning module TargetDeviceServices (135)
[2015.05.12-00.55.47:406][965]LogModuleManager: Shutting down and abandoning module DeviceManager (134)
[2015.05.12-00.55.47:407][965]LogModuleManager: Shutting down and abandoning module AutomationController (133)
[2015.05.12-00.55.47:407][965]LogModuleManager: Shutting down and abandoning module AutomationWindow (132)
[2015.05.12-00.55.47:407][965]LogModuleManager: Shutting down and abandoning module Layers (131)
[2015.05.12-00.55.47:407][965]LogModuleManager: Shutting down and abandoning module ComponentVisualizers (130)
[2015.05.12-00.55.47:407][965]LogModuleManager: Shutting down and abandoning module DetailCustomizations (129)
[2015.05.12-00.55.47:407][965]LogModuleManager: Shutting down and abandoning module PackagesDialog (128)
[2015.05.12-00.55.47:408][965]LogModuleManager: Shutting down and abandoning module AssetRegistry (127)
[2015.05.12-00.55.47:490][965]LogModuleManager: Shutting down and abandoning module Persona (126)
[2015.05.12-00.55.47:490][965]LogModuleManager: Shutting down and abandoning module SlateReflector (125)
[2015.05.12-00.55.47:490][965]LogModuleManager: Shutting down and abandoning module LevelEditor (124)
[2015.05.12-00.55.47:491][965]LogModuleManager: Shutting down and abandoning module Kismet (123)
[2015.05.12-00.55.47:491][965]LogModuleManager: Shutting down and abandoning module GraphEditor (122)
[2015.05.12-00.55.47:491][965]LogModuleManager: Shutting down and abandoning module ClassViewer (121)
[2015.05.12-00.55.47:491][965]LogModuleManager: Shutting down and abandoning module Toolbox (120)
[2015.05.12-00.55.47:491][965]LogModuleManager: Shutting down and abandoning module ModuleUI (119)
[2015.05.12-00.55.47:491][965]LogModuleManager: Shutting down and abandoning module MovieSceneTools (118)
[2015.05.12-00.55.47:491][965]LogModuleManager: Shutting down and abandoning module OutputLog (117)
[2015.05.12-00.55.47:491][965]LogModuleManager: Shutting down and abandoning module GammaUI (116)
[2015.05.12-00.55.47:491][965]LogModuleManager: Shutting down and abandoning module Documentation (115)
[2015.05.12-00.55.47:491][965]LogModuleManager: Shutting down and abandoning module GameLiveStreaming (114)
[2015.05.12-00.55.47:491][965]LogModuleManager: Shutting down and abandoning module StreamingPauseRendering (113)
[2015.05.12-00.55.47:491][965]LogModuleManager: Shutting down and abandoning module HTTP (112)
[2015.05.12-00.55.47:491][965]LogModuleManager: Shutting down and abandoning module AnalyticsET (111)
[2015.05.12-00.55.47:491][965]LogModuleManager: Shutting down and abandoning module Analytics (110)
[2015.05.12-00.55.47:491][965]LogModuleManager: Shutting down and abandoning module AITestSuite (109)
[2015.05.12-00.55.47:491][965]LogModuleManager: Shutting down and abandoning module GameplayDebugger (108)
[2015.05.12-00.55.47:491][965]LogModuleManager: Shutting down and abandoning module AIModule (107)
[2015.05.12-00.55.47:491][965]LogModuleManager: Shutting down and abandoning module ProfilerService (106)
[2015.05.12-00.55.47:509][965]LogModuleManager: Shutting down and abandoning module TaskGraph (105)
[2015.05.12-00.55.47:509][965]LogModuleManager: Shutting down and abandoning module SlateRemote (104)
[2015.05.12-00.55.47:509][965]LogModuleManager: Shutting down and abandoning module ScriptEditorPlugin (103)
[2015.05.12-00.55.47:509][965]LogModuleManager: Shutting down and abandoning module CustomMeshComponent (102)
[2015.05.12-00.55.47:509][965]LogModuleManager: Shutting down and abandoning module CableComponent (101)
[2015.05.12-00.55.47:509][965]LogModuleManager: Shutting down and abandoning module MessagingDebugger (100)
[2015.05.12-00.55.47:509][965]LogModuleManager: Shutting down and abandoning module MediaPlayerEditor (99)
[2015.05.12-00.55.47:509][965]LogModuleManager: Shutting down and abandoning module SpeedTreeImporter (98)
[2015.05.12-00.55.47:509][965]LogModuleManager: Shutting down and abandoning module PluginsEditor (97)
[2015.05.12-00.55.47:509][965]LogModuleManager: Shutting down and abandoning module MainFrame (96)
[2015.05.12-00.55.47:509][965]LogModuleManager: Shutting down and abandoning module EpicSurvey (95)
[2015.05.12-00.55.47:509][965]LogModuleManager: Shutting down and abandoning module DesktopPlatform (94)
[2015.05.12-00.55.47:509][965]LogModuleManager: Shutting down and abandoning module DirectoryWatcher (93)
[2015.05.12-00.55.47:509][965]LogModuleManager: Shutting down and abandoning module HotReload (92)
[2015.05.12-00.55.47:510][965]LogModuleManager: Shutting down and abandoning module VisualStudioSourceCodeAccess (91)
[2015.05.12-00.55.47:510][965]LogModuleManager: Shutting down and abandoning module UObjectPlugin (90)
[2015.05.12-00.55.47:510][965]LogModuleManager: Shutting down and abandoning module SubversionSourceControl (89)
[2015.05.12-00.55.47:510][965]LogModuleManager: Shutting down and abandoning module PerforceSourceControl (88)
[2015.05.12-00.55.47:510][965]LogModuleManager: Shutting down and abandoning module SourceControl (87)
[2015.05.12-00.55.47:510][965]LogModuleManager: Shutting down and abandoning module GitSourceControl (86)
[2015.05.12-00.55.47:510][965]LogModuleManager: Shutting down and abandoning module BlankPlugin (85)
[2015.05.12-00.55.47:510][965]LogModuleManager: Shutting down and abandoning module PaperTiledImporter (84)
[2015.05.12-00.55.47:510][965]LogModuleManager: Shutting down and abandoning module PaperJsonImporter (83)
[2015.05.12-00.55.47:510][965]LogModuleManager: Shutting down and abandoning module ContentBrowser (82)
[2015.05.12-00.55.47:510][965]LogModuleManager: Shutting down and abandoning module Paper2DEditor (81)
[2015.05.12-00.55.47:510][965]LogModuleManager: Shutting down and abandoning module ScriptPlugin (80)
[2015.05.12-00.55.47:510][965]LogModuleManager: Shutting down and abandoning module UdpMessaging (79)
[2015.05.12-00.55.47:611][965]LogModuleManager: Shutting down and abandoning module Paper2D (78)
[2015.05.12-00.55.47:611][965]LogModuleManager: Shutting down and abandoning module WindowsMoviePlayer (77)
[2015.05.12-00.55.47:613][965]LogModuleManager: Shutting down and abandoning module Media (76)
[2015.05.12-00.55.47:613][965]LogModuleManager: Shutting down and abandoning module WmfMedia (75)
[2015.05.12-00.55.47:613][965]LogModuleManager: Shutting down and abandoning module OnlineBlueprintSupport (74)
[2015.05.12-00.55.47:613][965]LogModuleManager: Shutting down and abandoning module PropertyEditor (73)
[2015.05.12-00.55.47:613][965]LogModuleManager: Shutting down and abandoning module BehaviorTreeEditor (72)
[2015.05.12-00.55.47:613][965]LogModuleManager: Shutting down and abandoning module FunctionalTesting (71)
[2015.05.12-00.55.47:613][965]LogModuleManager: Shutting down and abandoning module CollisionAnalyzer (70)
[2015.05.12-00.55.47:613][965]LogModuleManager: Shutting down and abandoning module WorkspaceMenuStructure (69)
[2015.05.12-00.55.47:613][965]LogModuleManager: Shutting down and abandoning module MessageLog (68)
[2015.05.12-00.55.47:613][965]LogModuleManager: Shutting down and abandoning module Sequencer (67)
[2015.05.12-00.55.47:613][965]LogModuleManager: Shutting down and abandoning module AssetTools (66)
[2015.05.12-00.55.47:613][965]LogModuleManager: Shutting down and abandoning module UMGEditor (65)
[2015.05.12-00.55.47:613][965]LogModuleManager: Shutting down and abandoning module UMG (64)
[2015.05.12-00.55.47:613][965]LogModuleManager: Shutting down and abandoning module Slate (63)
[2015.05.12-00.55.47:613][965]LogModuleManager: Shutting down and abandoning module EditorStyle (62)
[2015.05.12-00.55.47:616][965]LogModuleManager: Shutting down and abandoning module SessionServices (61)
[2015.05.12-00.55.47:616][965]LogModuleManager: Shutting down and abandoning module SourceCodeAccess (60)
[2015.05.12-00.55.47:616][965]LogModuleManager: Shutting down and abandoning module HeadMountedDisplay (59)
[2015.05.12-00.55.47:616][965]LogModuleManager: Shutting down and abandoning module XAudio2 (58)
[2015.05.12-00.55.47:616][965]LogModuleManager: Shutting down and abandoning module Networking (56)
[2015.05.12-00.55.47:616][965]LogModuleManager: Shutting down and abandoning module Core (55)
[2015.05.12-00.55.47:616][965]LogModuleManager: Shutting down and abandoning module KismetCompiler (54)
[2015.05.12-00.55.47:616][965]LogModuleManager: Shutting down and abandoning module PhysXFormats (53)
[2015.05.12-00.55.47:616][965]LogModuleManager: Shutting down and abandoning module MeshUtilities (52)
[2015.05.12-00.55.47:616][965]LogModuleManager: Shutting down and abandoning module DerivedDataCache (51)
[2015.05.12-00.55.47:706][965]LogDerivedDataCache: Shutdown
[2015.05.12-00.55.47:706][965]LogModuleManager: Shutting down and abandoning module ShaderFormatOpenGL (50)
[2015.05.12-00.55.47:706][965]LogModuleManager: Shutting down and abandoning module ShaderFormatD3D (49)
[2015.05.12-00.55.47:706][965]LogModuleManager: Shutting down and abandoning module MetalShaderFormat (48)
[2015.05.12-00.55.47:706][965]LogModuleManager: Shutting down and abandoning module TextureFormatUncompressed (47)
[2015.05.12-00.55.47:706][965]LogModuleManager: Shutting down and abandoning module TextureFormatPVR (46)
[2015.05.12-00.55.47:706][965]LogModuleManager: Shutting down and abandoning module TextureFormatIntelISPCTexComp (45)
[2015.05.12-00.55.47:706][965]LogModuleManager: Shutting down and abandoning module TextureFormatDXT (44)
[2015.05.12-00.55.47:706][965]LogModuleManager: Shutting down and abandoning module ImageWrapper (43)
[2015.05.12-00.55.47:706][965]LogModuleManager: Shutting down and abandoning module TextureFormatASTC (42)
[2015.05.12-00.55.47:706][965]LogModuleManager: Shutting down and abandoning module TextureFormatAndroid (41)
[2015.05.12-00.55.47:706][965]LogModuleManager: Shutting down and abandoning module AudioFormatOpus (40)
[2015.05.12-00.55.47:706][965]LogModuleManager: Shutting down and abandoning module AudioFormatOgg (39)
[2015.05.12-00.55.47:706][965]LogModuleManager: Shutting down and abandoning module AudioFormatADPCM (38)
[2015.05.12-00.55.47:706][965]LogModuleManager: Shutting down and abandoning module LinuxTargetPlatform (37)
[2015.05.12-00.55.47:706][965]LogModuleManager: Shutting down and abandoning module LinuxServerTargetPlatform (36)
[2015.05.12-00.55.47:706][965]LogModuleManager: Shutting down and abandoning module LinuxNoEditorTargetPlatform (35)
[2015.05.12-00.55.47:706][965]LogModuleManager: Shutting down and abandoning module Messaging (34)
[2015.05.12-00.55.47:706][965]LogModuleManager: Shutting down and abandoning module IOSTargetPlatform (33)
[2015.05.12-00.55.47:706][965]LogModuleManager: Shutting down and abandoning module HTML5TargetPlatform (32)
[2015.05.12-00.55.47:706][965]LogModuleManager: Shutting down and abandoning module Android_PVRTCTargetPlatform (31)
[2015.05.12-00.55.47:706][965]LogModuleManager: Shutting down and abandoning module Android_ETC2TargetPlatform (30)
[2015.05.12-00.55.47:706][965]LogModuleManager: Shutting down and abandoning module Android_ETC1TargetPlatform (29)
[2015.05.12-00.55.47:706][965]LogModuleManager: Shutting down and abandoning module Android_ES31TargetPlatform (28)
[2015.05.12-00.55.47:706][965]LogModuleManager: Shutting down and abandoning module Android_DXTTargetPlatform (27)
[2015.05.12-00.55.47:706][965]LogModuleManager: Shutting down and abandoning module Android_ATCTargetPlatform (26)
[2015.05.12-00.55.47:706][965]LogModuleManager: Shutting down and abandoning module AndroidTargetPlatform (25)
[2015.05.12-00.55.47:706][965]LogModuleManager: Shutting down and abandoning module WindowsTargetPlatform (24)
[2015.05.12-00.55.47:706][965]LogModuleManager: Shutting down and abandoning module WindowsServerTargetPlatform (23)
[2015.05.12-00.55.47:706][965]LogModuleManager: Shutting down and abandoning module WindowsNoEditorTargetPlatform (22)
[2015.05.12-00.55.47:706][965]LogModuleManager: Shutting down and abandoning module WindowsClientTargetPlatform (21)
[2015.05.12-00.55.47:706][965]LogModuleManager: Shutting down and abandoning module TargetPlatform (20)
[2015.05.12-00.55.47:706][965]LogModuleManager: Shutting down and abandoning module InputCore (19)
[2015.05.12-00.55.47:706][965]LogModuleManager: Shutting down and abandoning module Settings (18)
[2015.05.12-00.55.47:706][965]LogModuleManager: Shutting down and abandoning module OnlineSubsystem (16)
[2015.05.12-00.55.47:707][965]LogModuleManager: Shutting down and abandoning module OculusRift (15)
[2015.05.12-00.55.47:707][965]LogModuleManager: Shutting down and abandoning module ExampleDeviceProfileSelector (14)
[2015.05.12-00.55.47:707][965]LogModuleManager: Shutting down and abandoning module TextureCompressor (13)
[2015.05.12-00.55.47:707][965]LogModuleManager: Shutting down and abandoning module ShaderCore (12)
[2015.05.12-00.55.47:707][965]LogModuleManager: Shutting down and abandoning module Landscape (11)
[2015.05.12-00.55.47:707][965]LogModuleManager: Shutting down and abandoning module SlateRHIRenderer (10)
[2015.05.12-00.55.47:714][965]LogModuleManager: Shutting down and abandoning module OpenGLDrv (9)
[2015.05.12-00.55.47:714][965]LogModuleManager: Shutting down and abandoning module D3D11RHI (8)
[2015.05.12-00.55.47:714][965]LogModuleManager: Shutting down and abandoning module Renderer (7)
[2015.05.12-00.55.47:714][965]LogModuleManager: Shutting down and abandoning module Engine (6)
[2015.05.12-00.55.47:714][965]LogModuleManager: Shutting down and abandoning module CoreUObject (5)
[2015.05.12-00.55.47:714][965]LogModuleManager: Shutting down and abandoning module NetworkFile (4)
[2015.05.12-00.55.47:714][965]LogModuleManager: Shutting down and abandoning module StreamingFile (3)
[2015.05.12-00.55.47:714][965]LogModuleManager: Shutting down and abandoning module SandboxFile (2)
[2015.05.12-00.55.47:714][965]LogModuleManager: Shutting down and abandoning module PakFile (1)
[2015.05.12-00.55.47:715][965]LogExit: Exiting.
[2015.05.12-00.55.47:725][965]Log file closed, 05/11/15 20:55:47
