Log file open, 06/02/15 11:51:49
LogInit:Display: Running engine for game: Shooter
LogInit: Version: 4.7.6-2513093+++depot+UE4-Releases+4.7
LogInit: API Version: 2455222
LogInit: Compiled (64-bit): Apr 15 2015 12:09:54
LogInit: Compiled with Visual C++: 18.00.21005.01
LogInit: Build Configuration: Development
LogInit: Branch Name: ++depot+UE4-Releases+4.7
LogInit: Command line: 
LogInit: Base directory: D:/Epic Games/4.7/Engine/Binaries/Win64/
LogInit: Rocket: 1
[2015.06.02-15.51.49:472][  0]LogTaskGraph: Started task graph with 3 named threads and 6 total threads.
[2015.06.02-15.51.49:546][  0]LogOnline:Warning: No default platform service specified for OnlineSubsystem
[2015.06.02-15.51.49:573][  0]LogInit: Presizing for 0 objects not considered by GC, pre-allocating 0 bytes.
[2015.06.02-15.51.49:584][  0]LogInit: Object subsystem initialized
[2015.06.02-15.51.49:586][  0]LogConsoleResponse:Warning: Skipping Unknown console variable: 'TranslucentSortAxis = (X=0.000000,Y=-1.000000,Z=0.000000)'
[2015.06.02-15.51.49:586][  0]LogConsoleResponse:Warning:   Found in ini file 'C:/Users/guillaume/Documents/Unreal Projects/Shooter/Saved/Config/Windows/Engine.ini', in section '[/Script/Engine.RendererSettings]'
[2015.06.02-15.51.49:586][  0]LogConsoleResponse:Warning: Skipping Unknown console variable: 'UIScaleRule = ShortestSide'
[2015.06.02-15.51.49:586][  0]LogConsoleResponse:Warning:   Found in ini file 'C:/Users/guillaume/Documents/Unreal Projects/Shooter/Saved/Config/Windows/Engine.ini', in section '[/Script/Engine.RendererSettings]'
[2015.06.02-15.51.49:586][  0]LogConsoleResponse:Warning: Skipping Unknown console variable: 'UIScaleCurve = (EditorCurveData=(Keys=),ExternalCurve=None)'
[2015.06.02-15.51.49:586][  0]LogConsoleResponse:Warning:   Found in ini file 'C:/Users/guillaume/Documents/Unreal Projects/Shooter/Saved/Config/Windows/Engine.ini', in section '[/Script/Engine.RendererSettings]'
[2015.06.02-15.51.49:586][  0]LogInit: Selected Device Profile: [Windows]
[2015.06.02-15.51.49:586][  0]LogInit: Applying CVar settings loaded from the selected device profile: [Windows]
[2015.06.02-15.51.49:593][  0]LogInit: Computer: MSI-GUILLAUME
[2015.06.02-15.51.49:593][  0]LogInit: User: guillaume
[2015.06.02-15.51.49:593][  0]LogInit: CPU Page size=4096, Cores=4
[2015.06.02-15.51.49:593][  0]LogInit: High frequency timer resolution =2.435773 MHz
[2015.06.02-15.51.49:593][  0]LogMemory: Memory total: Physical=16.0GB (16GB approx) Virtual=131072.0GB
[2015.06.02-15.51.49:593][  0]LogMemory: Platform Memory Stats for Windows
[2015.06.02-15.51.49:593][  0]LogMemory: Process Physical Memory: 46.96 MB used, 46.96 MB peak
[2015.06.02-15.51.49:593][  0]LogMemory: Process Virtual Memory: 27.40 MB used, 27.41 MB peak
[2015.06.02-15.51.49:593][  0]LogMemory: Physical Memory: 3470.97 MB used, 16336.83 MB total
[2015.06.02-15.51.49:593][  0]LogMemory: Virtual Memory: 300.68 MB used, 134217728.00 MB total
[2015.06.02-15.51.49:624][  0]LogD3D11RHI: Found D3D11 adapter 0: NVIDIA GeForce GTX 970M    (Feature Level 11_0)
[2015.06.02-15.51.49:624][  0]LogD3D11RHI: Adapter has 5980MB of dedicated video memory, 0MB of dedicated system memory, and 8168MB of shared system memory, 1 output[s]
[2015.06.02-15.51.49:625][  0]LogD3D11RHI: Found D3D11 adapter 1: Microsoft Basic Render Driver (Feature Level 11_0)
[2015.06.02-15.51.49:625][  0]LogD3D11RHI: Adapter has 0MB of dedicated video memory, 0MB of dedicated system memory, and 256MB of shared system memory, 0 output[s]
[2015.06.02-15.51.49:625][  0]LogD3D11RHI: Chosen D3D11 Adapter Id = 0
[2015.06.02-15.51.49:628][  0]LogRHI: Texture pool is 1361 MB (70% of 1945 MB)
[2015.06.02-15.51.49:639][  0]LogD3D11RHI: Async texture creation enabled
[2015.06.02-15.51.49:696][  0]LogTextLocalizationManager: The requested culture ('fr_CA') has no localization data; falling back to 'en' for localization and internationalization data.
[2015.06.02-15.51.49:770][  0]LogTextLocalizationManager:Warning: Loading localization resources contain conflicting entries for (Namespace:UICommands, Key:Save_ToolTip):
Resource: (D:/Epic Games/4.7/Engine/Content/Localization/Editor/en/Editor.locres) Hash: (-29098895) String: (Saves the current level to disk)
Resource: (D:/Epic Games/4.7/Engine/Content/Localization/Engine/en/Engine.locres) Hash: (-1280300587) String: (Save selected data to vlog file)
[2015.06.02-15.51.49:770][  0]LogTextLocalizationManager:Warning: Loading localization resources contain conflicting entries for (Namespace:ContentBrowser, Key:ImportAssetToolTip):
Resource: (D:/Epic Games/4.7/Engine/Content/Localization/Editor/en/Editor.locres) Hash: (-630476809) String: (Import to {0}...)
Resource: (D:/Epic Games/4.7/Engine/Content/Localization/Editor/en/Editor.locres) Hash: (1271782899) String: (Imports an asset from file to this folder.)
[2015.06.02-15.51.49:843][  0]LogContentStreaming: Texture pool size is 0.000000MB
[2015.06.02-15.51.51:739][  0]LogTargetPlatformManager:Display: Building Assets For Windows
[2015.06.02-15.51.52:170][  0]LogTargetPlatformManager:Display: Building Assets For Windows
[2015.06.02-15.51.52:216][  0]LogDerivedDataCache:Display: Max Cache Size: 512 MB
[2015.06.02-15.51.52:255][  0]LogDerivedDataCache: Loaded boot cache 0.04s 39MB C:/Users/guillaume/AppData/Local/UnrealEngine/4.7/DerivedDataCache/Boot.ddc.
[2015.06.02-15.51.52:255][  0]LogDerivedDataCache:Display: Loaded Boot cache: C:/Users/guillaume/AppData/Local/UnrealEngine/4.7/DerivedDataCache/Boot.ddc
[2015.06.02-15.51.52:255][  0]LogDerivedDataCache: FDerivedDataBackendGraph:  Pak pak cache file C:/Users/guillaume/Documents/Unreal Projects/Shooter/DerivedDataCache/DDC.ddp not found, will not use a pak cache.
[2015.06.02-15.51.52:255][  0]LogDerivedDataCache: Unable to find inner node Pak for hierarchical cache Hierarchy.
[2015.06.02-15.51.52:360][  0]LogDerivedDataCache:Display: Pak cache opened for reading ../../../Engine/DerivedDataCache/Compressed.ddp.
[2015.06.02-15.51.52:371][  0]LogDerivedDataCache: Using Local data cache path C:/Users/guillaume/AppData/Local/UnrealEngine/Common/DerivedDataCache: Writable
[2015.06.02-15.51.52:627][  0]LogMeshUtilities: No automatic mesh reduction module available
[2015.06.02-15.51.52:627][  0]LogMeshUtilities: No automatic mesh merging module available
[2015.06.02-15.51.52:938][  0]LogInit: WinSock: version 1.1 (2.2), MaxSocks=32767, MaxUdp=65467
[2015.06.02-15.51.52:994][  0]LogSlate:Warning: Failed to load font data from '../../../Engine/Content/Slate/Fonts/Roboto-Italic.ttf'
[2015.06.02-15.51.53:656][  0]UdpMessaging: Initializing bridge on interface 0.0.0.0:0 to multicast group 230.0.0.1:6666.
[2015.06.02-15.51.53:815][  0]SourceControl: Info Source control is disabled
[2015.06.02-15.51.53:815][  0]SourceControl: Info Source control is disabled
[2015.06.02-15.51.53:815][  0]SourceControl: Info Source control is disabled
[2015.06.02-15.51.53:821][  0]LogSourceControl: RunCommandInternalRaw: 'git version'
[2015.06.02-15.51.53:869][  0]LogSourceControl: RunCommandInternalRaw: ExecProcess ReturnCode=0 OutResults='git version 1.9.5.msysgit.1
'
[2015.06.02-15.51.54:003][  0]LogObj: 24232 objects as part of root set at end of initial load.
[2015.06.02-15.51.54:003][  0]LogUObjectAllocator: 5137168 out of 0 bytes used by permanent object pool.
[2015.06.02-15.51.54:070][  0]LogEngine: Initializing Engine...
[2015.06.02-15.51.56:260][  0]LogInit: XAudio2 using 'Speakers (Realtek High Definition Audio)' : 2 channels at 48 kHz using 32 bits per sample (channel mask 0x3)
[2015.06.02-15.51.56:268][  0]LogInit: FAudioDevice initialized.
[2015.06.02-15.51.56:294][  0]LogAIModule: Creating AISystem for world NewWorld
[2015.06.02-15.51.56:313][  0]LogDerivedDataCache: Saved boot cache 0.02s 39MB C:/Users/guillaume/AppData/Local/UnrealEngine/4.7/DerivedDataCache/Boot.ddc.
[2015.06.02-15.51.56:316][  0]LogInit: Texture streaming: Enabled
[2015.06.02-15.51.56:385][  0]LogAnalytics: Creating configured Analytics provider AnalyticsET
[2015.06.02-15.51.56:385][  0]LogAnalytics: ET APIKey = Rocket.Release. APIServer = http://et2.epicgames.com/ET2/. AppVersion = 4.7.6-2513093+++depot+UE4-Releases+4.7
[2015.06.02-15.51.56:385][  0]LogAnalytics: ET APIKey = Rocket.Release. DataRouterUploadURL = https://datarouter-public-service-gamedev.ol.epicgames.net/datarouter/api/v1/public/data. AppVersion = 4.7.6-2513093+++depot+UE4-Releases+4.7
[2015.06.02-15.51.56:385][  0]LogAnalytics: SetUserId e3487cae44029761e470c8b4123de03d|c7a288572b714f9898c556981a74ab33|66f320fe-673b-44ee-aa7f-b0a8f0fff000
[2015.06.02-15.51.56:385][  0]LogAnalytics: AnalyticsET::StartSession [Rocket.Release]
[2015.06.02-15.51.56:404][  0]LogInit: Transaction tracking system initialized
[2015.06.02-15.51.56:524][  0]BlueprintLog: New page: Editor Load
[2015.06.02-15.51.56:552][  0]LogAssetRegistry: FAssetRegistry took 0.0107 seconds to start up
[2015.06.02-15.51.56:552][  0]LogDirectoryWatcher:Warning: Failed to begin reading directory changes for ../../../Engine/Plugins/Experimental/CharacterAI/Content/. Error: 0
[2015.06.02-15.51.56:989][  0]LogTargetPlatformManager:Display: Building Assets For Windows
[2015.06.02-15.51.57:307][  0]LogTargetPlatformManager:Display: Building Assets For Windows
[2015.06.02-15.51.57:527][  0]LogSlate:Warning: Failed to load font data from '../../../Engine/Content/Editor/Slate/Fonts/Roboto-Regular.ttf'
[2015.06.02-15.51.57:527][  0]LogSlate:Warning: Failed to load font data from '../../../Engine/Content/Editor/Slate/Fonts/Roboto-Bold.ttf'
[2015.06.02-15.51.57:563][  0]LogConsoleResponse:Display: 
[2015.06.02-15.51.57:661][  0]LogCook:Display: Done creating registry. It took  0.00s.
[2015.06.02-15.51.57:762][  0]LogSourceControl: RunCommandInternalRaw: 'git version'
[2015.06.02-15.51.57:799][  0]LogSourceControl: RunCommandInternalRaw: ExecProcess ReturnCode=0 OutResults='git version 1.9.5.msysgit.1
'
[2015.06.02-15.51.57:799][  0]Cmd: MAP LOAD FILE="C:/Users/guillaume/Documents/Unreal Projects/Shooter/Content/FirstPersonBP/Maps/FirstPersonExampleMap.umap" TEMPLATE=0 SHOWPROGRESS=1 FEATURELEVEL=3
[2015.06.02-15.51.57:800][  0]LightingResults: New page: Lighting Build
[2015.06.02-15.51.57:809][  0]MapCheck: New page: Map Check
[2015.06.02-15.51.57:809][  0]LightingResults: New page: Lighting Build
[2015.06.02-15.51.57:815][  0]LogParticles: Destroying 0 GPU particle simulations for FXSystem 0x000000B29EA62980
[2015.06.02-15.51.57:880][  0]LogLinker:Warning: Asset '../../../Engine/Content/EngineMeshes/Humanoid.uasset' has been saved with empty engine version. The asset will be loaded but may be incompatible.
[2015.06.02-15.52.00:569][  0]LogEditorServer: Finished looking for orphan Actors (0.000 secs)
[2015.06.02-15.52.00:570][  0]LogAIModule: Creating AISystem for world FirstPersonExampleMap
[2015.06.02-15.52.00:570][  0]Cmd: MAP CHECKDEP
[2015.06.02-15.52.00:570][  0]MapCheck: New page: FirstPersonExampleMap - Jun 2, 2015, 7:52:00 AM
[2015.06.02-15.52.00:649][  0]MapCheck: Info Map check complete: 0 Error(s), 0 Warning(s), took 79.061ms to complete.
[2015.06.02-15.52.00:649][  0]LogFileHelpers: Loading map 'FirstPersonExampleMap' took 2.850
[2015.06.02-15.52.00:770][  0]LogSourceControl: RunCommandInternalRaw: 'git status'
[2015.06.02-15.52.00:770][  0]LogCollectionManager: Loaded 0 collections in 0.001094 seconds
[2015.06.02-15.52.00:777][  0]LogContentBrowser: Native class hierarchy populated in 0.0073 seconds. Added 1696 classes and 261 folders.
[2015.06.02-15.52.00:800][  0]LogContentBrowser: Native class hierarchy updated for 'SceneOutliner' in 0.0016 seconds. Added 1 classes and 2 folders.
[2015.06.02-15.52.00:845][  0]LogSourceControl: RunCommandInternalRaw: ExecProcess ReturnCode=0 OutResults='On branch Guillaume
Your branch is up-to-date with 'GitHubShooter/Guillaume'.

Changes not staged for commit:
  (use "git add/rm <file>..." to update what will be committed)
  (use "git checkout -- <file>..." to discard changes in working directory)

	modified:   Content/FirstPersonBP/Blueprints/CheckpointCube_Blueprint.uasset
	modified:   Content/FirstPersonBP/Blueprints/DamageCube_Blueprint.uasset
	modified:   Content/FirstPersonBP/Blueprints/FirstPersonCharacter.uasset
	modified:   Content/FirstPersonBP/Blueprints/WidgetHUD.uasset
	modified:   Content/FirstPersonBP/Maps/FirstPersonExampleMap.umap
	modified:   Content/FirstPersonBP/Maps/testScene.umap
	modified:   Intermediate/CachedAssetRegistry.bin
	modified:   Intermediate/ReimportCache/3688439234.bin
	modified:   Saved/AutoScreenshot.png
	modified:   Saved/Autosaves/Game/FirstPersonBP/Maps/FirstPersonExampleMap_Auto1.umap
	deleted:    Saved/Backup/CheckpointCube_Blueprint_2015-05-23-22-09-04.uasset
	deleted:    Saved/Backup/CheckpointCube_Blueprint_2015-05-23-22-27-00.uasset
	deleted:    Saved/Backup/DamageCube_Blueprint_2015-05-23-22-24-03.uasset
	deleted:    Saved/Backup/DamageCube_Blueprint_2015-05-23-22-39-44.uasset
	deleted:    Saved/Backup/DamageCube_Blueprint_2015-05-23-22-45-57.uasset
	deleted:    Saved/Backup/FirstPersonCharacter_2015-05-23-21-57-12.uasset
	deleted:    Saved/Backup/FirstPersonCharacter_2015-05-23-22-04-45.uasset
	deleted:    Saved/Backup/FirstPersonCharacter_2015-05-23-22-17-12.uasset
	deleted:    Saved/Backup/FirstPersonCharacter_2015-05-23-22-22-35.uasset
	deleted:    Saved/Backup/FirstPersonCharacter_2015-05-23-22-27-43.uasset
	deleted:    Saved/Backup/FirstPersonCharacter_2015-05-23-22-45-56.uasset
	deleted:    Saved/Backup/FirstPersonCharacter_2015-05-24-12-12-49.uasset
	deleted:    Saved/Backup/FirstPersonCharacter_2015-05-24-12-22-03.uasset
	deleted:    Saved/Backup/FirstPersonCharacter_2015-05-24-12-28-41.uasset
	deleted:    Saved/Backup/FirstPersonCharacter_2015-05-24-13-05-40.uasset
	deleted:    Saved/Backup/FirstPersonCharacter_2015-05-24-13-54-44.uasset
	deleted:    Saved/Backup/FirstPersonExampleMap_2015-05-23-11-41-27.umap
	deleted:    Saved/Backup/FirstPersonExampleMap_2015-05-23-12-32-20.umap
	deleted:    Saved/Backup/FirstPersonExampleMap_2015-05-23-12-38-42.umap
	deleted:    Saved/Backup/FirstPersonExampleMap_2015-05-23-12-46-33.umap
	deleted:    Saved/Backup/FirstPersonExampleMap_2015-05-23-12-57-28.umap
	deleted:    Saved/Backup/FirstPersonExampleMap_2015-05-23-13-09-09.umap
	deleted:    Saved/Backup/FirstPersonExampleMap_2015-05-23-21-57-10.umap
	deleted:    Saved/Backup/FirstPersonExampleMap_2015-05-23-22-05-04.umap
	deleted:    Saved/Backup/FirstPersonExampleMap_2015-05-23-22-21-20.umap
	deleted:    Saved/Backup/FirstPersonExampleMap_2015-05-24-12-06-04.umap
	deleted:    Saved/Backup/FirstPersonHUD_2015-05-23-11-18-45.uasset
	deleted:    Saved/Backup/FirstPersonHUD_2015-05-23-22-39-45.uasset
	deleted:    Saved/Backup/FirstPersonHUD_2015-05-23-22-45-57.uasset
	deleted:    Saved/Backup/HealthBox_2015-05-23-11-34-27.uasset
	deleted:    Saved/Backup/HookCube_2015-05-23-22-17-40.uasset
	deleted:    Saved/Backup/HookWall_2015-05-23-22-05-03.uasset
	deleted:    Saved/Backup/HookWall_2015-05-23-22-19-56.uasset
	deleted:    Saved/Backup/Killzone_Blueprint_2015-05-23-13-01-06.uasset
	deleted:    Saved/Backup/Killzone_Blueprint_2015-05-23-13-09-12.uasset
	deleted:    Saved/Backup/Killzone_Blueprint_2015-05-23-22-27-01.uasset
	deleted:    Saved/Backup/testScene_2015-05-23-22-04-45.umap
	deleted:    Saved/Backup/testScene_2015-05-23-22-10-23.umap
	deleted:    Saved/Backup/testScene_2015-05-23-22-17-12.umap
	deleted:    Saved/Backup/testScene_2015-05-23-22-24-03.umap
	deleted:    Saved/Backup/testScene_2015-05-23-22-39-44.umap
	deleted:    Saved/Backup/testScene_2015-05-23-22-45-56.umap
	deleted:    Saved/Backup/testScene_2015-05-24-12-12-48.umap
	deleted:    Saved/Backup/testScene_2015-05-24-12-17-58.umap
	deleted:    Saved/Backup/testScene_2015-05-24-12-23-18.umap
	deleted:    Saved/Backup/testScene_2015-05-24-12-28-41.umap
	deleted:    Saved/Backup/testScene_2015-05-24-13-04-01.umap
	deleted:    Saved/Backup/testScene_2015-05-24-13-50-26.umap
	deleted:    Saved/Backup/testScene_2015-05-24-13-58-12.umap
	modified:   Saved/Config/Windows/Editor.ini
	modified:   Saved/Config/Windows/EditorLayout.ini
	modified:   Saved/Config/Windows/EditorUserSettings.ini
	modified:   Saved/Config/WorldState/2733464406.json
	deleted:    Saved/Logs/Shooter-backup-2015.05.19-13.48.28.log
	deleted:    Saved/Logs/Shooter-backup-2015.05.19-16.15.40.log
	deleted:    Saved/Logs/Shooter-backup-2015.05.20-09.09.26.log
	deleted:    Saved/Logs/Shooter-backup-2015.05.23-10.16.03.log
	deleted:    Saved/Logs/Shooter-backup-2015.05.23-11.24.25.log
	deleted:    Saved/Logs/Shooter-backup-2015.05.23-12.02.12.log
	deleted:    Saved/Logs/Shooter-backup-2015.05.23-21.52.18.log
	deleted:    Saved/Logs/Shooter-backup-2015.05.24-12.05.32.log
	modified:   Saved/Logs/Shooter.log

Untracked files:
  (use "git add <file>..." to include in what will be committed)

	Content/FirstPersonBP/Audio/Metal_Gear_Solid_-_Snake_death_scream_sound_effect.uasset
	Content/FirstPersonBP/Blueprints/BasicAIBlackboard.uasset
	Content/FirstPersonBP/Blueprints/BasicAICharacter.uasset
	Content/FirstPersonBP/Blueprints/BasicAIController.uasset
	Content/FirstPersonBP/Blueprints/BasicBehaviorTree.uasset
	Content/FirstPersonBP/Blueprints/BasicTask.uasset
	Content/FirstPersonBP/Blueprints/FindPlayer.uasset
	Content/FirstPersonBP/Blueprints/SwitchCube_Blueprint.uasset
	Content/FirstPersonBP/Blueprints/turret-01.fbx
	Content/FirstPersonBP/Character/KillerDrone.uasset
	Content/FirstPersonBP/Character/KillerDrone_PhysicsAsset.uasset
	Content/FirstPersonBP/Character/KillerDrone_Skeleton.uasset
	Content/FirstPersonBP/Textures/KillerDrone_UV_.uasset
	Saved/Backup/BasicAICharacter_2015-06-02-11-21-30.uasset
	Saved/Backup/BasicAICharacter_2015-06-02-11-37-28.uasset
	Saved/Backup/BasicAIController_2015-06-02-11-21-30.uasset
	Saved/Backup/BasicAIController_2015-06-02-11-33-03.uasset
	Saved/Backup/BasicTask_2015-06-02-11-21-30.uasset
	Saved/Backup/BasicTask_2015-06-02-11-31-02.uasset
	Saved/Backup/BasicTask_2015-06-02-11-37-28.uasset
	Saved/Backup/CheckpointCube_Blueprint_2015-06-02-10-55-14.uasset
	Saved/Backup/CheckpointCube_Blueprint_2015-06-02-11-19-07.uasset
	Saved/Backup/CheckpointCube_Blueprint_2015-06-02-11-26-13.uasset
	Saved/Backup/DamageCube_Blueprint_2015-06-02-10-19-23.uasset
	Saved/Backup/Enemy_Turret_2015-06-02-11-48-36.uasset
	Saved/Backup/FindPlayer_2015-06-02-11-22-45.uasset
	Saved/Backup/FirstPersonCharacter_2015-06-02-11-19-06.uasset
	Saved/Backup/FirstPersonCharacter_2015-06-02-11-26-12.uasset
	Saved/Backup/FirstPersonExampleMap_2015-06-02-10-45-50.umap
	Saved/Backup/FirstPersonExampleMap_2015-06-02-10-51-33.umap
	Saved/Backup/FirstPersonExampleMap_2015-06-02-10-59-00.umap
	Saved/Backup/FirstPersonExampleMap_2015-06-02-11-10-37.umap
	Saved/Backup/FirstPersonExampleMap_2015-06-02-11-19-04.umap
	Saved/Backup/FirstPersonExampleMap_2015-06-02-11-24-04.umap
	Saved/Backup/FirstPersonExampleMap_2015-06-02-11-29-31.umap
	Saved/Backup/FirstPersonExampleMap_2015-06-02-11-35-16.umap
	Saved/Backup/FirstPersonExampleMap_2015-06-02-11-41-00.umap
	Saved/Backup/FirstPersonExampleMap_2015-06-02-11-47-17.umap
	Saved/Backup/SwitchCube_Blueprint_2015-06-02-10-49-31.uasset
	Saved/Backup/SwitchCube_Blueprint_2015-06-02-10-55-15.uasset
	Saved/Backup/SwitchCube_Blueprint_2015-06-02-11-01-13.uasset
	Saved/Backup/SwitchCube_Blueprint_2015-06-02-11-10-39.uasset
	Saved/Backup/SwitchCube_Blueprint_2015-06-02-11-19-07.uasset
	Saved/Backup/SwitchCube_Blueprint_2015-06-02-11-26-14.uasset
	Saved/Backup/WidgetHUD_2015-06-02-11-25-13.uasset
	Saved/Logs/Dump1910700336.dmp
	Saved/Logs/Shooter-backup-2015.06.02-09.15.33.log
	Saved/Logs/Shooter-backup-2015.06.02-09.26.43.log
	Saved/Logs/Shooter-backup-2015.06.02-09.31.02.log
	Saved/Logs/Shooter-backup-2015.06.02-09.34.57.log
	Saved/Logs/Shooter-backup-2015.06.02-09.39.01.log
	Saved/Logs/Shooter-backup-2015.06.02-11.44.11.log
	Saved/Logs/Shooter-backup-2015.06.02-11.51.49.log

no changes added to commit (use "git add" and/or "git commit -a")
'
[2015.06.02-15.52.00:845][  0]LogSourceControl: RunCommandInternalRaw: 'git symbolic-ref --short HEAD'
[2015.06.02-15.52.00:845][  0]LogCrashTracker: Crashtracker disabled due to settings.
[2015.06.02-15.52.00:846][  0]LogSlate:Warning: Failed to load font data from 'Veranda'
[2015.06.02-15.52.00:850][  0]LogUObjectGlobals:Warning: Failed to find object 'Class None.'
[2015.06.02-15.52.00:875][  0]LogSourceControl: RunCommandInternalRaw: ExecProcess ReturnCode=0 OutResults='Guillaume
'
[2015.06.02-15.52.00:875][  0]LogLoad: Full Startup: 13.07 seconds (BP compile: 1.27 seconds)
[2015.06.02-15.52.00:918][  0]LogContentBrowser:Verbose: The content browser source was changed by the sources view to '/Game/FirstPersonBP/Blueprints'
[2015.06.02-15.52.00:971][  0]SourceControl: Info Guillaume
[2015.06.02-15.52.01:032][  0]LogRenderer:Warning: Reallocating scene render targets to support 32x32 (Frame:2).
[2015.06.02-15.52.01:254][  0]LogRenderer:Warning: Reallocating scene render targets to support 1208x576 (Frame:14).
[2015.06.02-15.52.01:469][  4]LogAssetRegistry: Asset discovery search completed in 4.9277 seconds
[2015.06.02-15.52.02:163][ 44]LogSourceControl: RunCommandInternalRaw: 'git status --porcelain --ignored "C:/Users/guillaume/Documents/Unreal Projects/Shooter/Content/FirstPersonBP/Blueprints/AmmoBox.uasset" "C:/Users/guillaume/Documents/Unreal Projects/Shooter/Content/FirstPersonBP/Blueprints/BasicAIBlackboard.uasset" "C:/Users/guillaume/Documents/Unreal Projects/Shooter/Content/FirstPersonBP/Blueprints/BasicAICharacter.uasset" "C:/Users/guillaume/Documents/Unreal Projects/Shooter/Content/FirstPersonBP/Blueprints/BasicAIController.uasset" "C:/Users/guillaume/Documents/Unreal Projects/Shooter/Content/FirstPersonBP/Blueprints/BasicBehaviorTree.uasset" "C:/Users/guillaume/Documents/Unreal Projects/Shooter/Content/FirstPersonBP/Blueprints/BasicTask.uasset" "C:/Users/guillaume/Documents/Unreal Projects/Shooter/Content/FirstPersonBP/Blueprints/CheckpointCube_Blueprint.uasset" "C:/Users/guillaume/Documents/Unreal Projects/Shooter/Content/FirstPersonBP/Blueprints/DamageCube_Blueprint.uasset" "C:/Users/guillaume/Documents/Unreal Projects/Shooter/Content/FirstPersonBP/Blueprints/FindPlayer.uasset" "C:/Users/guillaume/Documents/Unreal Projects/Shooter/Content/FirstPersonBP/Blueprints/FirstPersonCharacter.uasset" "C:/Users/guillaume/Documents/Unreal Projects/Shooter/Content/FirstPersonBP/Blueprints/FirstPersonProjectile.uasset" "C:/Users/guillaume/Documents/Unreal Projects/Shooter/Content/FirstPersonBP/Blueprints/HealthBox.uasset" "C:/Users/guillaume/Documents/Unreal Projects/Shooter/Content/FirstPersonBP/Blueprints/HealthCube.uasset" "C:/Users/guillaume/Documents/Unreal Projects/Shooter/Content/FirstPersonBP/Blueprints/HookCube.uasset" "C:/Users/guillaume/Documents/Unreal Projects/Shooter/Content/FirstPersonBP/Blueprints/HookWall.uasset" "C:/Users/guillaume/Documents/Unreal Projects/Shooter/Content/FirstPersonBP/Blueprints/Killzone_Blueprint.uasset" "C:/Users/guillaume/Documents/Unreal Projects/Shooter/Content/FirstPersonBP/Blueprints/MyShake.uasset" "C:/Users/guillaume/Documents/Unreal Projects/Shooter/Content/FirstPersonBP/Blueprints/SwitchCube_Blueprint.uasset" "C:/Users/guillaume/Documents/Unreal Projects/Shooter/Content/FirstPersonBP/Blueprints/WidgetHUD.uasset"'
[2015.06.02-15.52.02:212][ 47]LogSourceControl: RunCommandInternalRaw: ExecProcess ReturnCode=0 OutResults=' M Content/FirstPersonBP/Blueprints/CheckpointCube_Blueprint.uasset
 M Content/FirstPersonBP/Blueprints/DamageCube_Blueprint.uasset
 M Content/FirstPersonBP/Blueprints/FirstPersonCharacter.uasset
 M Content/FirstPersonBP/Blueprints/WidgetHUD.uasset
?? Content/FirstPersonBP/Blueprints/BasicAIBlackboard.uasset
?? Content/FirstPersonBP/Blueprints/BasicAICharacter.uasset
?? Content/FirstPersonBP/Blueprints/BasicAIController.uasset
?? Content/FirstPersonBP/Blueprints/BasicBehaviorTree.uasset
?? Content/FirstPersonBP/Blueprints/BasicTask.uasset
?? Content/FirstPersonBP/Blueprints/FindPlayer.uasset
?? Content/FirstPersonBP/Blueprints/SwitchCube_Blueprint.uasset
'
[2015.06.02-15.52.06:184][284]LogSourceControl: RunCommandInternalRaw: 'git status --porcelain --ignored "C:/Users/guillaume/Documents/Unreal Projects/Shooter/Content/FirstPersonBP/Blueprints/FirstPersonGameMode.uasset" "C:/Users/guillaume/Documents/Unreal Projects/Shooter/Content/FirstPersonBP/Blueprints/FirstPersonHUD.uasset"'
[2015.06.02-15.52.06:234][287]LogSourceControl: RunCommandInternalRaw: ExecProcess ReturnCode=0 OutResults=''
[2015.06.02-15.55.30:512][534]LogActorComponent: UnregisterComponent: (/Engine/Transient.CharMoveComp) Not registered. Aborting.
[2015.06.02-15.55.30:512][534]LogActorComponent: UnregisterComponent: (/Engine/Transient.ProjectileMovementComponent_40__A6522401) Not registered. Aborting.
[2015.06.02-15.55.30:512][534]LogActorComponent: UnregisterComponent: (/Engine/Transient.CharacterMovementComponent_0) Not registered. Aborting.
[2015.06.02-15.55.30:583][534]LogSourceControl: RunCommandInternalRaw: 'git status --porcelain --ignored "C:/Users/guillaume/Documents/Unreal Projects/Shooter/Content/FirstPersonBP/Maps/FirstPersonExampleMap.umap"'
[2015.06.02-15.55.30:635][534]LogSourceControl: RunCommandInternalRaw: ExecProcess ReturnCode=0 OutResults=' M Content/FirstPersonBP/Maps/FirstPersonExampleMap.umap
'
[2015.06.02-15.55.33:385][534]LogSavePackage: Save=2574.779297ms
[2015.06.02-15.55.33:385][534]LogSavePackage: Moving 'C:/Users/guillaume/Documents/Unreal Projects/Shooter/Saved/FirstPersonExampleMap8F427CC543E3AA5C1A63D08FEF7791FB.tmp' to 'C:/Users/guillaume/Documents/Unreal Projects/Shooter/Content/FirstPersonBP/Maps/FirstPersonExampleMap.umap'
[2015.06.02-15.55.33:416][534]LogFileHelpers: Saving map 'FirstPersonExampleMap' took 2.719
[2015.06.02-15.55.33:436][535]LogSourceControl: RunCommandInternalRaw: 'git status --porcelain --ignored "C:/Users/guillaume/Documents/Unreal Projects/Shooter/Content/FirstPersonBP/Maps/FirstPersonExampleMap.umap"'
[2015.06.02-15.55.33:492][539]LogSourceControl: RunCommandInternalRaw: ExecProcess ReturnCode=0 OutResults=' M Content/FirstPersonBP/Maps/FirstPersonExampleMap.umap
'
[2015.06.02-15.57.12:761][243]LogSourceControl: RunCommandInternalRaw: 'git status --porcelain --ignored "C:/Users/guillaume/Documents/Unreal Projects/Shooter/Content/FirstPersonBP/Blueprints/Enemy_Turret.uasset" "C:/Users/guillaume/Documents/Unreal Projects/Shooter/Content/FirstPersonBP/Blueprints/Bullet.uasset"'
[2015.06.02-15.57.13:089][244]LogSourceControl: RunCommandInternalRaw: ExecProcess ReturnCode=0 OutResults='?? Content/FirstPersonBP/Blueprints/Bullet.uasset
?? Content/FirstPersonBP/Blueprints/Enemy_Turret.uasset
'
[2015.06.02-15.57.18:816][580]LogLinker:Warning: Can't find file '/Game/MyContent/Blueprint/Bullet'
[2015.06.02-15.57.18:817][580]LogLinker:Warning: Can't find file for asset '/Game/MyContent/Blueprint/Bullet' while loading C:/Users/guillaume/Documents/Unreal Projects/Shooter/Content/FirstPersonBP/Blueprints/Enemy_Turret.uasset.
[2015.06.02-15.57.18:817][580]LoadErrors:Error: Error /Game/FirstPersonBP/Blueprints/Enemy_Turret : Can't find file for asset. /Game/MyContent/Blueprint/Bullet
[2015.06.02-15.57.18:831][580]LogLinker:Warning: Can't find file '/Game/MyContent/Blueprint/Bullet'
[2015.06.02-15.57.18:831][580]LogLinker:Warning: Can't find file for asset '/Game/MyContent/Blueprint/Bullet' while loading C:/Users/guillaume/Documents/Unreal Projects/Shooter/Content/FirstPersonBP/Blueprints/Enemy_Turret.uasset.
[2015.06.02-15.57.18:831][580]LogLinker:Warning: Can't find file '/Game/MyContent/SM_BaseTurret'
[2015.06.02-15.57.18:831][580]LogLinker:Warning: Can't find file for asset '/Game/MyContent/SM_BaseTurret' while loading C:/Users/guillaume/Documents/Unreal Projects/Shooter/Content/FirstPersonBP/Blueprints/Enemy_Turret.uasset.
[2015.06.02-15.57.18:832][580]LoadErrors:Error: Error /Game/FirstPersonBP/Blueprints/Enemy_Turret : Can't find file for asset. /Game/MyContent/SM_BaseTurret
[2015.06.02-15.57.18:832][580]LogLinker:Warning: Can't find file '/Game/MyContent/turret-01'
[2015.06.02-15.57.18:832][580]LogLinker:Warning: Can't find file for asset '/Game/MyContent/turret-01' while loading C:/Users/guillaume/Documents/Unreal Projects/Shooter/Content/FirstPersonBP/Blueprints/Enemy_Turret.uasset.
[2015.06.02-15.57.18:832][580]LoadErrors:Error: Error /Game/FirstPersonBP/Blueprints/Enemy_Turret : Can't find file for asset. /Game/MyContent/turret-01
[2015.06.02-15.57.18:833][580]LogLinker:Warning: Can't find file '/Game/MyContent/SM_BaseTurret'
[2015.06.02-15.57.18:834][580]LogLinker:Warning: Can't find file for asset '/Game/MyContent/SM_BaseTurret' while loading C:/Users/guillaume/Documents/Unreal Projects/Shooter/Content/FirstPersonBP/Blueprints/Enemy_Turret.uasset.
[2015.06.02-15.57.18:834][580]LogLinker:Warning: Can't find file '/Game/MyContent/turret-01'
[2015.06.02-15.57.18:834][580]LogLinker:Warning: Can't find file for asset '/Game/MyContent/turret-01' while loading C:/Users/guillaume/Documents/Unreal Projects/Shooter/Content/FirstPersonBP/Blueprints/Enemy_Turret.uasset.
[2015.06.02-15.57.18:835][580]LogLinker:Warning: Can't find file '/Game/MyContent/Blueprint/Bullet'
[2015.06.02-15.57.18:835][580]LogLinker:Warning: Can't find file for asset '/Game/MyContent/Blueprint/Bullet' while loading NULL.
[2015.06.02-15.57.18:835][580]LogLinker:Warning: Can't find file '/Game/MyContent/Blueprint/Bullet'
[2015.06.02-15.57.18:836][580]LogLinker:Warning: Can't find file for asset '/Game/MyContent/Blueprint/Bullet' while loading NULL.
[2015.06.02-15.57.18:836][580]LogLinker:Warning: Can't find file '/Game/MyContent/Blueprint/Bullet'
[2015.06.02-15.57.18:836][580]LogLinker:Warning: Can't find file for asset '/Game/MyContent/Blueprint/Bullet' while loading NULL.
[2015.06.02-15.57.18:836][580]LogLinker:Warning: Can't find file '/Game/MyContent/SM_BaseTurret'
[2015.06.02-15.57.18:836][580]LogLinker:Warning: Can't find file for asset '/Game/MyContent/SM_BaseTurret' while loading NULL.
[2015.06.02-15.57.18:836][580]LogLinker:Warning: Can't find file '/Game/MyContent/turret-01'
[2015.06.02-15.57.18:837][580]LogLinker:Warning: Can't find file for asset '/Game/MyContent/turret-01' while loading NULL.
[2015.06.02-15.57.18:837][580]LogLinker:Warning: Can't find file '/Game/MyContent/SM_BaseTurret'
[2015.06.02-15.57.18:837][580]LogLinker:Warning: Can't find file for asset '/Game/MyContent/SM_BaseTurret' while loading NULL.
[2015.06.02-15.57.18:837][580]LogLinker:Warning: Can't find file '/Game/MyContent/turret-01'
[2015.06.02-15.57.18:838][580]LogLinker:Warning: Can't find file for asset '/Game/MyContent/turret-01' while loading NULL.
[2015.06.02-15.57.18:851][580]LogLinker:Warning: Can't find file '/Game/MyContent/Blueprint/Bullet'
[2015.06.02-15.57.18:852][580]LoadErrors: Info Failed to load /Game/MyContent/Blueprint/Bullet.Bullet_C Referenced by EdGraphPin_5602
[2015.06.02-15.57.18:852][580]LogLinker:Warning: Can't find file for asset '/Game/MyContent/Blueprint/Bullet' while loading NULL.
[2015.06.02-15.57.18:852][580]LogLinker:Warning: Can't find file '/Game/MyContent/Blueprint/Bullet'
[2015.06.02-15.57.18:852][580]LoadErrors: Info Failed to load /Game/MyContent/Blueprint/Bullet.Bullet_C Referenced by EdGraphPin_5605
[2015.06.02-15.57.18:852][580]LogLinker:Warning: Can't find file for asset '/Game/MyContent/Blueprint/Bullet' while loading NULL.
[2015.06.02-15.57.18:854][580]LogLinker:Warning: Can't find file '/Game/MyContent/SM_BaseTurret'
[2015.06.02-15.57.18:854][580]LoadErrors: Info Failed to load /Game/MyContent/SM_BaseTurret.SM_BaseTurret Referenced by StaticMeshComponent_35
[2015.06.02-15.57.18:854][580]LogLinker:Warning: Can't find file for asset '/Game/MyContent/SM_BaseTurret' while loading NULL.
[2015.06.02-15.57.18:854][580]LogLinker:Warning: Can't find file '/Game/MyContent/turret-01'
[2015.06.02-15.57.18:854][580]LoadErrors: Info Failed to load /Game/MyContent/turret-01.turret-01 Referenced by StaticMeshComponent_63
[2015.06.02-15.57.18:854][580]LogLinker:Warning: Can't find file for asset '/Game/MyContent/turret-01' while loading NULL.
[2015.06.02-15.57.18:913][580]LogBlueprint:Error: [compiler] Error Spawn node  SpawnActor NONE  must have a class specified.
[2015.06.02-15.57.18:927][580]LogBlueprint:Warning: [compiler] Warning [0331.13] Compile of Enemy_Turret failed. 1 Fatal Issue(s) 0 Warning(s) [in 28 ms]
[2015.06.02-15.57.18:927][580]LogBlueprint:Warning: [compiler] Warning [0331.13] Compile of Enemy_Turret failed. 1 Fatal Issue(s) 1 Warning(s) [in 0 ms]
[2015.06.02-15.57.18:927][580]LogBlueprint:Warning: [compiler] Warning [0331.13] Compile of Enemy_Turret failed. 1 Fatal Issue(s) 2 Warning(s) [in 0 ms]
[2015.06.02-15.57.18:927][580]LogBlueprint:Warning: [compiler] Warning [0331.13] Compile of Enemy_Turret failed. 1 Fatal Issue(s) 3 Warning(s) [in 0 ms]
[2015.06.02-15.57.33:881][394]LogSlate:Warning: Prevented a slow task dialog from being summoned while a context menu was open
[2015.06.02-15.57.36:203][527]BlueprintLog: New page: Compile Enemy_Turret
[2015.06.02-15.57.36:272][527]LogActorComponent: UnregisterComponent: (/Engine/Transient.ProjectileMovementComponent_40__A6522401) Not registered. Aborting.
[2015.06.02-15.57.36:272][527]LogActorComponent: UnregisterComponent: (/Engine/Transient.CharMoveComp) Not registered. Aborting.
[2015.06.02-15.57.36:273][527]LogActorComponent: UnregisterComponent: (/Engine/Transient.CharacterMovementComponent_1) Not registered. Aborting.
[2015.06.02-15.57.36:303][527]BlueprintEditorCompileResults: Info [0348.50] Compile of Enemy_Turret successful! [in 99 ms]
[2015.06.02-15.57.37:126][575]BlueprintLog: New page: Pre-PIE auto-recompile
[2015.06.02-15.57.37:129][575]LogPlayLevel: [PIE] Compiling FirstPersonExampleMap before PIE...
[2015.06.02-15.57.37:187][575]LogPlayLevel: PIE:  Blueprint regeneration took 61 ms (1 blueprints)
[2015.06.02-15.57.37:187][575]PIE: New page: PIE session: FirstPersonExampleMap (Jun 2, 2015, 7:57:37 AM)
[2015.06.02-15.57.37:217][575]LogBlueprint:Warning: FMemberReference::ResolveMember (K2_GetActorLocation) bSelfContext == true, but no scope supplied!
[2015.06.02-15.57.37:217][575]LogBlueprint:Warning: FMemberReference::ResolveMember (K2_GetActorLocation) bSelfContext == true, but no scope supplied!
[2015.06.02-15.57.37:220][575]LogPlayLevel: PIE: StaticDuplicateObject took: (0.032631s)
[2015.06.02-15.57.37:221][575]LogPlayLevel: PIE: World Init took: (0.000828s)
[2015.06.02-15.57.37:221][575]LogPlayLevel: PIE: Created PIE world by copying editor world from /Game/FirstPersonBP/Maps/FirstPersonExampleMap.FirstPersonExampleMap to /Game/FirstPersonBP/Maps/UEDPIE_0_FirstPersonExampleMap.FirstPersonExampleMap (0.033687s)
[2015.06.02-15.57.37:368][575]LogWorld: Game class is 'FirstPersonGameMode_C'
[2015.06.02-15.57.37:370][575]LogAIModule: Creating AISystem for world FirstPersonExampleMap
[2015.06.02-15.57.37:379][575]LogWorld:Warning: *** WARNING - PATHS MAY NOT BE VALID ***
[2015.06.02-15.57.37:379][575]LogWorld: Bringing World /Game/FirstPersonBP/Maps/UEDPIE_0_FirstPersonExampleMap.FirstPersonExampleMap up for play (max tick rate 60) at 2015.06.02-11.57.37
[2015.06.02-15.57.37:381][575]LogWorld: Bringing up level for play took: 0.010658
[2015.06.02-15.57.37:403][575]PIE: Info Play in editor start time for /Game/FirstPersonBP/Maps/UEDPIE_0_FirstPersonExampleMap -0.282
[2015.06.02-15.57.37:421][575]LogRenderer:Warning: Reallocating scene render targets to support 1296x760 (Frame:17067).
[2015.06.02-15.57.37:480][576]LogBlueprintUserMessages: X=-469.181 Y=438.402 Z=140.000
[2015.06.02-15.57.38:372][628]LogBlueprintUserMessages: X=-378.578 Y=890.751 Z=140.000
[2015.06.02-15.57.39:056][669]LogBlueprintUserMessages: X=-609.595 Y=270.634 Z=140.000
[2015.06.02-15.57.40:279][742]LogBlueprintUserMessages: X=-805.041 Y=637.218 Z=140.000
[2015.06.02-15.57.40:912][780]LogBlueprintUserMessages: X=-638.671 Y=515.069 Z=140.000
[2015.06.02-15.57.41:882][834]LogParticles: Destroying 0 GPU particle simulations for FXSystem 0x000000B2B0465D00
[2015.06.02-15.58.09:127][457]LogSourceControl: RunCommandInternalRaw: 'git status --porcelain --ignored "C:/Users/guillaume/Documents/Unreal Projects/Shooter/Content/FirstPersonBP/Meshes/CubeMesh.uasset" "C:/Users/guillaume/Documents/Unreal Projects/Shooter/Content/FirstPersonBP/Meshes/FirstPerson_ProjectileMesh.uasset" "C:/Users/guillaume/Documents/Unreal Projects/Shooter/Content/FirstPersonBP/Meshes/FirstPersonCube_Rounded.uasset"'
[2015.06.02-15.58.09:193][461]LogSourceControl: RunCommandInternalRaw: ExecProcess ReturnCode=0 OutResults=''
[2015.06.02-15.58.09:193][461]LogSourceControl: RunCommandInternalRaw: 'git status --porcelain --ignored "C:/Users/guillaume/Documents/Unreal Projects/Shooter/Content/StarterContent/Architecture/Floor_400x400.uasset" "C:/Users/guillaume/Documents/Unreal Projects/Shooter/Content/StarterContent/Architecture/Pillar_50x500.uasset"'
[2015.06.02-15.58.09:242][464]LogSourceControl: RunCommandInternalRaw: ExecProcess ReturnCode=0 OutResults=''
[2015.06.02-15.58.09:242][464]LogSourceControl: RunCommandInternalRaw: 'git status --porcelain --ignored "C:/Users/guillaume/Documents/Unreal Projects/Shooter/Content/StarterContent/Props/MaterialSphere.uasset"'
[2015.06.02-15.58.09:292][467]LogSourceControl: RunCommandInternalRaw: ExecProcess ReturnCode=0 OutResults=''
[2015.06.02-15.58.09:292][467]LogSourceControl: RunCommandInternalRaw: 'git status --porcelain --ignored "C:/Users/guillaume/Documents/Unreal Projects/Shooter/Content/StarterContent/Shapes/Shape_Cone.uasset" "C:/Users/guillaume/Documents/Unreal Projects/Shooter/Content/StarterContent/Shapes/Shape_Cube.uasset"'
[2015.06.02-15.58.09:343][470]LogSourceControl: RunCommandInternalRaw: ExecProcess ReturnCode=0 OutResults=''
[2015.06.02-15.58.18:675][ 27]LogSourceControl: RunCommandInternalRaw: 'git status --porcelain --ignored "C:/Users/guillaume/Documents/Unreal Projects/Shooter/Content/FirstPersonBP/Meshes/CubeMesh.uasset" "C:/Users/guillaume/Documents/Unreal Projects/Shooter/Content/FirstPersonBP/Meshes/FirstPerson_ProjectileMesh.uasset" "C:/Users/guillaume/Documents/Unreal Projects/Shooter/Content/FirstPersonBP/Meshes/FirstPersonCube_Rounded.uasset"'
[2015.06.02-15.58.18:725][ 30]LogSourceControl: RunCommandInternalRaw: ExecProcess ReturnCode=0 OutResults=''
[2015.06.02-15.58.18:725][ 30]LogSourceControl: RunCommandInternalRaw: 'git status --porcelain --ignored "C:/Users/guillaume/Documents/Unreal Projects/Shooter/Content/StarterContent/Architecture/Floor_400x400.uasset" "C:/Users/guillaume/Documents/Unreal Projects/Shooter/Content/StarterContent/Architecture/Pillar_50x500.uasset"'
[2015.06.02-15.58.18:775][ 33]LogSourceControl: RunCommandInternalRaw: ExecProcess ReturnCode=0 OutResults=''
[2015.06.02-15.58.18:775][ 33]LogSourceControl: RunCommandInternalRaw: 'git status --porcelain --ignored "C:/Users/guillaume/Documents/Unreal Projects/Shooter/Content/StarterContent/Props/MaterialSphere.uasset"'
[2015.06.02-15.58.18:819][ 35]LogSourceControl: RunCommandInternalRaw: ExecProcess ReturnCode=0 OutResults=''
[2015.06.02-15.58.18:819][ 35]LogSourceControl: RunCommandInternalRaw: 'git status --porcelain --ignored "C:/Users/guillaume/Documents/Unreal Projects/Shooter/Content/StarterContent/Shapes/Shape_Cone.uasset" "C:/Users/guillaume/Documents/Unreal Projects/Shooter/Content/StarterContent/Shapes/Shape_Cube.uasset"'
[2015.06.02-15.58.18:875][ 39]LogSourceControl: RunCommandInternalRaw: ExecProcess ReturnCode=0 OutResults=''
[2015.06.02-15.59.17:640][826]AssetReimport: New page: Outstanding source content changes 7:59:17 AM
[2015.06.02-15.59.22:297][840]LogActorComponent: UnregisterComponent: (/Engine/Transient.ProjectileMovementComponent_0) Not registered. Aborting.
[2015.06.02-15.59.22:297][840]LogActorComponent: UnregisterComponent: (/Engine/Transient.CharMoveComp) Not registered. Aborting.
[2015.06.02-15.59.22:297][840]LogActorComponent: UnregisterComponent: (/Engine/Transient.ProjectileMovementComponent_40__A6522401) Not registered. Aborting.
[2015.06.02-15.59.22:297][840]LogActorComponent: UnregisterComponent: (/Engine/Transient.CharacterMovementComponent_2) Not registered. Aborting.
[2015.06.02-15.59.29:769][840]LogSourceControl: RunCommandInternalRaw: 'git status --porcelain --ignored "C:/Users/guillaume/Documents/Unreal Projects/Shooter/Content/FirstPersonBP/Maps/FirstPersonExampleMap.umap"'
[2015.06.02-15.59.29:831][840]LogSourceControl: RunCommandInternalRaw: ExecProcess ReturnCode=0 OutResults=' M Content/FirstPersonBP/Maps/FirstPersonExampleMap.umap
'
[2015.06.02-15.59.31:692][840]LogSavePackage: Save=1698.165649ms
[2015.06.02-15.59.31:692][840]LogSavePackage: Moving 'C:/Users/guillaume/Documents/Unreal Projects/Shooter/Saved/FirstPersonExampleMap5EC0B3E14391987C07F6FC9E4FC838D3.tmp' to 'C:/Users/guillaume/Documents/Unreal Projects/Shooter/Content/FirstPersonBP/Maps/FirstPersonExampleMap.umap'
[2015.06.02-15.59.31:719][840]LogFileHelpers: Saving map 'FirstPersonExampleMap' took 1.837
[2015.06.02-15.59.32:191][841]LogSourceControl: RunCommandInternalRaw: 'git status --porcelain --ignored "C:/Users/guillaume/Documents/Unreal Projects/Shooter/Content/FirstPersonBP/Maps/FirstPersonExampleMap.umap"'
[2015.06.02-15.59.32:192][841]Cmd: QUIT_EDITOR
[2015.06.02-15.59.32:306][841]LogSourceControl: RunCommandInternalRaw: ExecProcess ReturnCode=0 OutResults=' M Content/FirstPersonBP/Maps/FirstPersonExampleMap.umap
'
[2015.06.02-15.59.32:397][841]LogExit: Preparing to exit.
[2015.06.02-15.59.32:978][841]LogExit: Editor shut down
[2015.06.02-15.59.32:979][841]LogExit: Transaction tracking system shut down
[2015.06.02-15.59.32:982][841]LogParticles: Destroying 0 GPU particle simulations for FXSystem 0x000000B295943880
[2015.06.02-15.59.32:982][841]LogParticles: Destroying 0 GPU particle simulations for FXSystem 0x000000B2A11CE840
[2015.06.02-15.59.32:982][841]LogParticles: Destroying 0 GPU particle simulations for FXSystem 0x000000B2A207ECA0
[2015.06.02-15.59.33:203][841]LogParticles: Destroying 0 GPU particle simulations for FXSystem 0x000000B2A5DEC220
[2015.06.02-15.59.33:203][841]LogParticles: Destroying 0 GPU particle simulations for FXSystem 0x000000B2A5B677E0
[2015.06.02-15.59.33:203][841]LogParticles: Destroying 0 GPU particle simulations for FXSystem 0x000000B2A5B67560
[2015.06.02-15.59.33:232][841]LogExit: Object subsystem successfully closed.
[2015.06.02-15.59.33:275][841]LogModuleManager: Shutting down and abandoning module CrashTracker (177)
[2015.06.02-15.59.33:275][841]LogModuleManager: Shutting down and abandoning module SuperSearch (176)
[2015.06.02-15.59.33:275][841]LogModuleManager: Shutting down and abandoning module SceneOutliner (175)
[2015.06.02-15.59.33:275][841]LogModuleManager: Shutting down and abandoning module EditorWidgets (174)
[2015.06.02-15.59.33:275][841]LogModuleManager: Shutting down and abandoning module CollectionManager (173)
[2015.06.02-15.59.33:275][841]LogModuleManager: Shutting down and abandoning module StatsViewer (172)
[2015.06.02-15.59.33:275][841]LogModuleManager: Shutting down and abandoning module FoliageEdit (171)
[2015.06.02-15.59.33:275][841]LogModuleManager: Shutting down and abandoning module LandscapeEditor (170)
[2015.06.02-15.59.33:275][841]LogModuleManager: Shutting down and abandoning module MeshPaint (169)
[2015.06.02-15.59.33:275][841]LogModuleManager: Shutting down and abandoning module ActorPickerMode (168)
[2015.06.02-15.59.33:275][841]LogModuleManager: Shutting down and abandoning module GeometryMode (167)
[2015.06.02-15.59.33:275][841]LogModuleManager: Shutting down and abandoning module TextureAlignMode (166)
[2015.06.02-15.59.33:275][841]LogModuleManager: Shutting down and abandoning module BspMode (165)
[2015.06.02-15.59.33:275][841]LogModuleManager: Shutting down and abandoning module PlacementMode (164)
[2015.06.02-15.59.33:275][841]LogModuleManager: Shutting down and abandoning module AutomationWorker (163)
[2015.06.02-15.59.33:275][841]LogModuleManager: Shutting down and abandoning module CharacterAI (162)
[2015.06.02-15.59.33:275][841]LogModuleManager: Shutting down and abandoning module SmartSnapping (161)
[2015.06.02-15.59.33:275][841]LogModuleManager: Shutting down and abandoning module ViewportSnapping (160)
[2015.06.02-15.59.33:275][841]LogModuleManager: Shutting down and abandoning module LogVisualizer (159)
[2015.06.02-15.59.33:275][841]LogModuleManager: Shutting down and abandoning module GameProjectGeneration (158)
[2015.06.02-15.59.33:275][841]LogModuleManager: Shutting down and abandoning module IntroTutorials (157)
[2015.06.02-15.59.33:276][841]LogModuleManager: Shutting down and abandoning module EditorLiveStreaming (156)
[2015.06.02-15.59.33:276][841]LogModuleManager: Shutting down and abandoning module HardwareTargeting (155)
[2015.06.02-15.59.33:276][841]LogModuleManager: Shutting down and abandoning module DeviceProfileEditor (154)
[2015.06.02-15.59.33:276][841]LogModuleManager: Shutting down and abandoning module UndoHistory (153)
[2015.06.02-15.59.33:276][841]LogModuleManager: Shutting down and abandoning module GameplayTagsEditor (152)
[2015.06.02-15.59.33:276][841]LogModuleManager: Shutting down and abandoning module UserFeedback (151)
[2015.06.02-15.59.33:276][841]LogModuleManager: Shutting down and abandoning module XmlParser (150)
[2015.06.02-15.59.33:276][841]LogModuleManager: Shutting down and abandoning module Blutility (149)
[2015.06.02-15.59.33:276][841]LogModuleManager: Shutting down and abandoning module IOSPlatformEditor (148)
[2015.06.02-15.59.33:276][841]LogModuleManager: Shutting down and abandoning module IOSRuntimeSettings (147)
[2015.06.02-15.59.33:276][841]LogModuleManager: Shutting down and abandoning module AndroidDeviceDetection (146)
[2015.06.02-15.59.33:594][841]LogModuleManager: Shutting down and abandoning module AndroidPlatformEditor (145)
[2015.06.02-15.59.33:594][841]LogModuleManager: Shutting down and abandoning module AndroidRuntimeSettings (144)
[2015.06.02-15.59.33:594][841]LogModuleManager: Shutting down and abandoning module ProjectTargetPlatformEditor (143)
[2015.06.02-15.59.33:594][841]LogModuleManager: Shutting down and abandoning module ProjectSettingsViewer (142)
[2015.06.02-15.59.33:594][841]LogModuleManager: Shutting down and abandoning module InputBindingEditor (141)
[2015.06.02-15.59.33:594][841]LogModuleManager: Shutting down and abandoning module EditorSettingsViewer (140)
[2015.06.02-15.59.33:595][841]LogModuleManager: Shutting down and abandoning module SettingsEditor (139)
[2015.06.02-15.59.33:595][841]LogModuleManager: Shutting down and abandoning module ProjectLauncher (138)
[2015.06.02-15.59.33:595][841]LogModuleManager: Shutting down and abandoning module SessionFrontend (137)
[2015.06.02-15.59.33:595][841]LogModuleManager: Shutting down and abandoning module ProfilerClient (136)
[2015.06.02-15.59.33:595][841]LogModuleManager: Shutting down and abandoning module TargetDeviceServices (135)
[2015.06.02-15.59.33:595][841]LogModuleManager: Shutting down and abandoning module DeviceManager (134)
[2015.06.02-15.59.33:595][841]LogModuleManager: Shutting down and abandoning module AutomationController (133)
[2015.06.02-15.59.33:595][841]LogModuleManager: Shutting down and abandoning module AutomationWindow (132)
[2015.06.02-15.59.33:595][841]LogModuleManager: Shutting down and abandoning module Layers (131)
[2015.06.02-15.59.33:595][841]LogModuleManager: Shutting down and abandoning module ComponentVisualizers (130)
[2015.06.02-15.59.33:595][841]LogModuleManager: Shutting down and abandoning module DetailCustomizations (129)
[2015.06.02-15.59.33:595][841]LogModuleManager: Shutting down and abandoning module PackagesDialog (128)
[2015.06.02-15.59.33:595][841]LogModuleManager: Shutting down and abandoning module AssetRegistry (127)
[2015.06.02-15.59.33:713][841]LogModuleManager: Shutting down and abandoning module Persona (126)
[2015.06.02-15.59.33:713][841]LogModuleManager: Shutting down and abandoning module SlateReflector (125)
[2015.06.02-15.59.33:713][841]LogModuleManager: Shutting down and abandoning module LevelEditor (124)
[2015.06.02-15.59.33:714][841]LogModuleManager: Shutting down and abandoning module Kismet (123)
[2015.06.02-15.59.33:714][841]LogModuleManager: Shutting down and abandoning module GraphEditor (122)
[2015.06.02-15.59.33:714][841]LogModuleManager: Shutting down and abandoning module ClassViewer (121)
[2015.06.02-15.59.33:714][841]LogModuleManager: Shutting down and abandoning module Toolbox (120)
[2015.06.02-15.59.33:714][841]LogModuleManager: Shutting down and abandoning module ModuleUI (119)
[2015.06.02-15.59.33:714][841]LogModuleManager: Shutting down and abandoning module MovieSceneTools (118)
[2015.06.02-15.59.33:714][841]LogModuleManager: Shutting down and abandoning module OutputLog (117)
[2015.06.02-15.59.33:714][841]LogModuleManager: Shutting down and abandoning module GammaUI (116)
[2015.06.02-15.59.33:714][841]LogModuleManager: Shutting down and abandoning module Documentation (115)
[2015.06.02-15.59.33:714][841]LogModuleManager: Shutting down and abandoning module GameLiveStreaming (114)
[2015.06.02-15.59.33:714][841]LogModuleManager: Shutting down and abandoning module StreamingPauseRendering (113)
[2015.06.02-15.59.33:714][841]LogModuleManager: Shutting down and abandoning module HTTP (112)
[2015.06.02-15.59.33:714][841]LogModuleManager: Shutting down and abandoning module AnalyticsET (111)
[2015.06.02-15.59.33:714][841]LogModuleManager: Shutting down and abandoning module Analytics (110)
[2015.06.02-15.59.33:714][841]LogModuleManager: Shutting down and abandoning module AITestSuite (109)
[2015.06.02-15.59.33:714][841]LogModuleManager: Shutting down and abandoning module GameplayDebugger (108)
[2015.06.02-15.59.33:714][841]LogModuleManager: Shutting down and abandoning module AIModule (107)
[2015.06.02-15.59.33:714][841]LogModuleManager: Shutting down and abandoning module ProfilerService (106)
[2015.06.02-15.59.33:871][841]LogModuleManager: Shutting down and abandoning module TaskGraph (105)
[2015.06.02-15.59.33:871][841]LogModuleManager: Shutting down and abandoning module SlateRemote (104)
[2015.06.02-15.59.33:871][841]LogModuleManager: Shutting down and abandoning module ScriptEditorPlugin (103)
[2015.06.02-15.59.33:871][841]LogModuleManager: Shutting down and abandoning module CustomMeshComponent (102)
[2015.06.02-15.59.33:871][841]LogModuleManager: Shutting down and abandoning module CableComponent (101)
[2015.06.02-15.59.33:871][841]LogModuleManager: Shutting down and abandoning module MessagingDebugger (100)
[2015.06.02-15.59.33:871][841]LogModuleManager: Shutting down and abandoning module MediaPlayerEditor (99)
[2015.06.02-15.59.33:871][841]LogModuleManager: Shutting down and abandoning module SpeedTreeImporter (98)
[2015.06.02-15.59.33:871][841]LogModuleManager: Shutting down and abandoning module PluginsEditor (97)
[2015.06.02-15.59.33:871][841]LogModuleManager: Shutting down and abandoning module MainFrame (96)
[2015.06.02-15.59.33:871][841]LogModuleManager: Shutting down and abandoning module EpicSurvey (95)
[2015.06.02-15.59.33:872][841]LogModuleManager: Shutting down and abandoning module DesktopPlatform (94)
[2015.06.02-15.59.33:872][841]LogModuleManager: Shutting down and abandoning module DirectoryWatcher (93)
[2015.06.02-15.59.33:873][841]LogModuleManager: Shutting down and abandoning module HotReload (92)
[2015.06.02-15.59.33:873][841]LogModuleManager: Shutting down and abandoning module VisualStudioSourceCodeAccess (91)
[2015.06.02-15.59.33:873][841]LogModuleManager: Shutting down and abandoning module UObjectPlugin (90)
[2015.06.02-15.59.33:873][841]LogModuleManager: Shutting down and abandoning module SubversionSourceControl (89)
[2015.06.02-15.59.33:873][841]LogModuleManager: Shutting down and abandoning module PerforceSourceControl (88)
[2015.06.02-15.59.33:873][841]LogModuleManager: Shutting down and abandoning module SourceControl (87)
[2015.06.02-15.59.33:873][841]LogModuleManager: Shutting down and abandoning module GitSourceControl (86)
[2015.06.02-15.59.33:873][841]LogModuleManager: Shutting down and abandoning module BlankPlugin (85)
[2015.06.02-15.59.33:873][841]LogModuleManager: Shutting down and abandoning module PaperTiledImporter (84)
[2015.06.02-15.59.33:873][841]LogModuleManager: Shutting down and abandoning module PaperJsonImporter (83)
[2015.06.02-15.59.33:873][841]LogModuleManager: Shutting down and abandoning module ContentBrowser (82)
[2015.06.02-15.59.33:875][841]LogModuleManager: Shutting down and abandoning module Paper2DEditor (81)
[2015.06.02-15.59.33:875][841]LogModuleManager: Shutting down and abandoning module ScriptPlugin (80)
[2015.06.02-15.59.33:875][841]LogModuleManager: Shutting down and abandoning module UdpMessaging (79)
[2015.06.02-15.59.33:976][841]LogModuleManager: Shutting down and abandoning module Paper2D (78)
[2015.06.02-15.59.33:976][841]LogModuleManager: Shutting down and abandoning module WindowsMoviePlayer (77)
[2015.06.02-15.59.33:979][841]LogModuleManager: Shutting down and abandoning module Media (76)
[2015.06.02-15.59.33:980][841]LogModuleManager: Shutting down and abandoning module WmfMedia (75)
[2015.06.02-15.59.33:980][841]LogModuleManager: Shutting down and abandoning module OnlineBlueprintSupport (74)
[2015.06.02-15.59.33:980][841]LogModuleManager: Shutting down and abandoning module PropertyEditor (73)
[2015.06.02-15.59.33:980][841]LogModuleManager: Shutting down and abandoning module BehaviorTreeEditor (72)
[2015.06.02-15.59.33:980][841]LogModuleManager: Shutting down and abandoning module FunctionalTesting (71)
[2015.06.02-15.59.33:980][841]LogModuleManager: Shutting down and abandoning module CollisionAnalyzer (70)
[2015.06.02-15.59.33:980][841]LogModuleManager: Shutting down and abandoning module WorkspaceMenuStructure (69)
[2015.06.02-15.59.33:980][841]LogModuleManager: Shutting down and abandoning module MessageLog (68)
[2015.06.02-15.59.33:980][841]LogModuleManager: Shutting down and abandoning module Sequencer (67)
[2015.06.02-15.59.33:981][841]LogModuleManager: Shutting down and abandoning module AssetTools (66)
[2015.06.02-15.59.33:981][841]LogModuleManager: Shutting down and abandoning module UMGEditor (65)
[2015.06.02-15.59.33:981][841]LogModuleManager: Shutting down and abandoning module UMG (64)
[2015.06.02-15.59.33:981][841]LogModuleManager: Shutting down and abandoning module Slate (63)
[2015.06.02-15.59.33:981][841]LogModuleManager: Shutting down and abandoning module EditorStyle (62)
[2015.06.02-15.59.33:992][841]LogModuleManager: Shutting down and abandoning module SessionServices (61)
[2015.06.02-15.59.33:992][841]LogModuleManager: Shutting down and abandoning module SourceCodeAccess (60)
[2015.06.02-15.59.33:992][841]LogModuleManager: Shutting down and abandoning module HeadMountedDisplay (59)
[2015.06.02-15.59.33:992][841]LogModuleManager: Shutting down and abandoning module XAudio2 (58)
[2015.06.02-15.59.33:992][841]LogModuleManager: Shutting down and abandoning module Networking (56)
[2015.06.02-15.59.33:992][841]LogModuleManager: Shutting down and abandoning module Core (55)
[2015.06.02-15.59.33:992][841]LogModuleManager: Shutting down and abandoning module KismetCompiler (54)
[2015.06.02-15.59.33:992][841]LogModuleManager: Shutting down and abandoning module PhysXFormats (53)
[2015.06.02-15.59.33:992][841]LogModuleManager: Shutting down and abandoning module MeshUtilities (52)
[2015.06.02-15.59.33:992][841]LogModuleManager: Shutting down and abandoning module DerivedDataCache (51)
[2015.06.02-15.59.34:001][841]LogDerivedDataCache: Shutdown
[2015.06.02-15.59.34:001][841]LogModuleManager: Shutting down and abandoning module ShaderFormatOpenGL (50)
[2015.06.02-15.59.34:001][841]LogModuleManager: Shutting down and abandoning module ShaderFormatD3D (49)
[2015.06.02-15.59.34:001][841]LogModuleManager: Shutting down and abandoning module MetalShaderFormat (48)
[2015.06.02-15.59.34:001][841]LogModuleManager: Shutting down and abandoning module TextureFormatUncompressed (47)
[2015.06.02-15.59.34:001][841]LogModuleManager: Shutting down and abandoning module TextureFormatPVR (46)
[2015.06.02-15.59.34:001][841]LogModuleManager: Shutting down and abandoning module TextureFormatIntelISPCTexComp (45)
[2015.06.02-15.59.34:001][841]LogModuleManager: Shutting down and abandoning module TextureFormatDXT (44)
[2015.06.02-15.59.34:001][841]LogModuleManager: Shutting down and abandoning module ImageWrapper (43)
[2015.06.02-15.59.34:001][841]LogModuleManager: Shutting down and abandoning module TextureFormatASTC (42)
[2015.06.02-15.59.34:001][841]LogModuleManager: Shutting down and abandoning module TextureFormatAndroid (41)
[2015.06.02-15.59.34:001][841]LogModuleManager: Shutting down and abandoning module AudioFormatOpus (40)
[2015.06.02-15.59.34:002][841]LogModuleManager: Shutting down and abandoning module AudioFormatOgg (39)
[2015.06.02-15.59.34:002][841]LogModuleManager: Shutting down and abandoning module AudioFormatADPCM (38)
[2015.06.02-15.59.34:002][841]LogModuleManager: Shutting down and abandoning module LinuxTargetPlatform (37)
[2015.06.02-15.59.34:002][841]LogModuleManager: Shutting down and abandoning module LinuxServerTargetPlatform (36)
[2015.06.02-15.59.34:002][841]LogModuleManager: Shutting down and abandoning module LinuxNoEditorTargetPlatform (35)
[2015.06.02-15.59.34:002][841]LogModuleManager: Shutting down and abandoning module Messaging (34)
[2015.06.02-15.59.34:002][841]LogModuleManager: Shutting down and abandoning module IOSTargetPlatform (33)
[2015.06.02-15.59.34:002][841]LogModuleManager: Shutting down and abandoning module HTML5TargetPlatform (32)
[2015.06.02-15.59.34:002][841]LogModuleManager: Shutting down and abandoning module Android_PVRTCTargetPlatform (31)
[2015.06.02-15.59.34:002][841]LogModuleManager: Shutting down and abandoning module Android_ETC2TargetPlatform (30)
[2015.06.02-15.59.34:002][841]LogModuleManager: Shutting down and abandoning module Android_ETC1TargetPlatform (29)
[2015.06.02-15.59.34:002][841]LogModuleManager: Shutting down and abandoning module Android_ES31TargetPlatform (28)
[2015.06.02-15.59.34:002][841]LogModuleManager: Shutting down and abandoning module Android_DXTTargetPlatform (27)
[2015.06.02-15.59.34:002][841]LogModuleManager: Shutting down and abandoning module Android_ATCTargetPlatform (26)
[2015.06.02-15.59.34:002][841]LogModuleManager: Shutting down and abandoning module AndroidTargetPlatform (25)
[2015.06.02-15.59.34:002][841]LogModuleManager: Shutting down and abandoning module WindowsTargetPlatform (24)
[2015.06.02-15.59.34:002][841]LogModuleManager: Shutting down and abandoning module WindowsServerTargetPlatform (23)
[2015.06.02-15.59.34:002][841]LogModuleManager: Shutting down and abandoning module WindowsNoEditorTargetPlatform (22)
[2015.06.02-15.59.34:002][841]LogModuleManager: Shutting down and abandoning module WindowsClientTargetPlatform (21)
[2015.06.02-15.59.34:002][841]LogModuleManager: Shutting down and abandoning module TargetPlatform (20)
[2015.06.02-15.59.34:002][841]LogModuleManager: Shutting down and abandoning module InputCore (19)
[2015.06.02-15.59.34:002][841]LogModuleManager: Shutting down and abandoning module Settings (18)
[2015.06.02-15.59.34:002][841]LogModuleManager: Shutting down and abandoning module OnlineSubsystem (16)
[2015.06.02-15.59.34:003][841]LogModuleManager: Shutting down and abandoning module OculusRift (15)
[2015.06.02-15.59.34:003][841]LogModuleManager: Shutting down and abandoning module ExampleDeviceProfileSelector (14)
[2015.06.02-15.59.34:003][841]LogModuleManager: Shutting down and abandoning module TextureCompressor (13)
[2015.06.02-15.59.34:003][841]LogModuleManager: Shutting down and abandoning module ShaderCore (12)
[2015.06.02-15.59.34:003][841]LogModuleManager: Shutting down and abandoning module Landscape (11)
[2015.06.02-15.59.34:003][841]LogModuleManager: Shutting down and abandoning module SlateRHIRenderer (10)
[2015.06.02-15.59.34:014][841]LogModuleManager: Shutting down and abandoning module OpenGLDrv (9)
[2015.06.02-15.59.34:014][841]LogModuleManager: Shutting down and abandoning module D3D11RHI (8)
[2015.06.02-15.59.34:014][841]LogModuleManager: Shutting down and abandoning module Renderer (7)
[2015.06.02-15.59.34:014][841]LogModuleManager: Shutting down and abandoning module Engine (6)
[2015.06.02-15.59.34:014][841]LogModuleManager: Shutting down and abandoning module CoreUObject (5)
[2015.06.02-15.59.34:014][841]LogModuleManager: Shutting down and abandoning module NetworkFile (4)
[2015.06.02-15.59.34:014][841]LogModuleManager: Shutting down and abandoning module StreamingFile (3)
[2015.06.02-15.59.34:014][841]LogModuleManager: Shutting down and abandoning module SandboxFile (2)
[2015.06.02-15.59.34:014][841]LogModuleManager: Shutting down and abandoning module PakFile (1)
[2015.06.02-15.59.34:016][841]LogExit: Exiting.
[2015.06.02-15.59.34:030][841]Log file closed, 06/02/15 11:59:34
